#
# There is insufficient memory for the Java Runtime Environment to continue.
# Native memory allocation (mmap) failed to map 52428800 bytes. Error detail: G1 virtual space
# Possible reasons:
#   The system is out of physical RAM or swap space
#   This process is running with CompressedOops enabled, and the Java Heap may be blocking the growth of the native heap
# Possible solutions:
#   Reduce memory load on the system
#   Increase physical memory or swap space
#   Check if swap backing store is full
#   Decrease Java heap size (-Xmx/-Xms)
#   Decrease number of Java threads
#   Decrease Java thread stack sizes (-Xss)
#   Set larger code cache with -XX:ReservedCodeCacheSize=
#   JVM is running with Zero Based Compressed Oops mode in which the Java heap is
#     placed in the first 32GB address space. The Java Heap base address is the
#     maximum limit for the native heap growth. Please use -XX:HeapBaseMinAddress
#     to set the Java Heap base and to place the Java Heap above 32GB virtual address.
# This output file may be truncated or incomplete.
#
#  Out of Memory Error (os_windows.cpp:3815), pid=12864, tid=14784
#
# JRE version: OpenJDK Runtime Environment (21.0.3) (build 21.0.3+-12282718-b509.11)
# Java VM: OpenJDK 64-Bit Server VM (21.0.3+-12282718-b509.11, mixed mode, tiered, compressed oops, compressed class ptrs, g1 gc, windows-amd64)
# No core dump will be written. Minidumps are not enabled by default on client versions of Windows
#

---------------  S U M M A R Y ------------

Command Line: --add-opens=java.base/java.util=ALL-UNNAMED --add-opens=java.base/java.lang=ALL-UNNAMED --add-opens=java.base/java.lang.invoke=ALL-UNNAMED --add-opens=java.prefs/java.util.prefs=ALL-UNNAMED --add-opens=java.base/java.nio.charset=ALL-UNNAMED --add-opens=java.base/java.net=ALL-UNNAMED --add-opens=java.base/java.util.concurrent.atomic=ALL-UNNAMED -Xmx4096m -Dfile.encoding=UTF-8 -Duser.country=ES -Duser.language=es -Duser.variant -javaagent:C:\Users\ofatt\.gradle\wrapper\dists\gradle-8.6-bin\afr5mpiioh2wthjmwnkmdsd5w\gradle-8.6\lib\agents\gradle-instrumentation-agent-8.6.jar org.gradle.launcher.daemon.bootstrap.GradleDaemon 8.6

Host: Intel(R) Celeron(R) CPU 4205U @ 1.80GHz, 2 cores, 3G,  Windows 11 , 64 bit Build 22621 (10.0.22621.4974)
Time: Mon Mar 24 19:13:57 2025 Hora estándar romance elapsed time: 69.167636 seconds (0d 0h 1m 9s)

---------------  T H R E A D  ---------------

Current thread (0x0000022ffe7d3d10):  VMThread "VM Thread"          [id=14784, stack(0x000000e771d00000,0x000000e771e00000) (1024K)]

Stack: [0x000000e771d00000,0x000000e771e00000]
Native frames: (J=compiled Java code, j=interpreted, Vv=VM code, C=native code)
V  [jvm.dll+0x6cafb9]
V  [jvm.dll+0x858523]
V  [jvm.dll+0x85aa7e]
V  [jvm.dll+0x85b163]
V  [jvm.dll+0x27d356]
V  [jvm.dll+0x6c7865]
V  [jvm.dll+0x6bbd3a]
V  [jvm.dll+0x35199b]
V  [jvm.dll+0x3595d6]
V  [jvm.dll+0x3aa826]
V  [jvm.dll+0x3aaaf8]
V  [jvm.dll+0x3240bc]
V  [jvm.dll+0x324147]
V  [jvm.dll+0x36a00c]
V  [jvm.dll+0x36879e]
V  [jvm.dll+0x3237c1]
V  [jvm.dll+0x367eb0]
V  [jvm.dll+0x860ac8]
V  [jvm.dll+0x861bc4]
V  [jvm.dll+0x862100]
V  [jvm.dll+0x862393]
V  [jvm.dll+0x800d78]
V  [jvm.dll+0x6c98cd]
C  [ucrtbase.dll+0x29333]
C  [KERNEL32.DLL+0x1259d]
C  [ntdll.dll+0x5af38]

VM_Operation (0x000000e772ff66e0): G1CollectForAllocation, mode: safepoint, requested by thread 0x0000022f88d15850


---------------  P R O C E S S  ---------------

Threads class SMR info:
_java_thread_list=0x0000022f899edb10, length=34, elements={
0x0000022fe7430ee0, 0x0000022ffe86e120, 0x0000022ffe9c7540, 0x0000022ffe9cb9f0,
0x0000022ffe9b1c60, 0x0000022ffe9b2e60, 0x0000022ffe9b58d0, 0x0000022ffe9b6e00,
0x0000022ffe9d3ea0, 0x0000022ffeb4bf00, 0x0000022ffed691c0, 0x0000022f889c9720,
0x0000022f88516d00, 0x0000022f890936f0, 0x0000022f8847e450, 0x0000022ffecd9810,
0x0000022ffee6ff70, 0x0000022f88d15850, 0x0000022f89068130, 0x0000022f890694e0,
0x0000022f89066060, 0x0000022f89067410, 0x0000022f890687c0, 0x0000022f890666f0,
0x0000022f89066d80, 0x0000022f8a76f2d0, 0x0000022f8a76d890, 0x0000022f8a76df20,
0x0000022f8a76e5b0, 0x0000022f8a76d200, 0x0000022f8a76ec40, 0x0000022f8a76f960,
0x0000022f8ae946d0, 0x0000022f8ae939b0
}

Java Threads: ( => current thread )
  0x0000022fe7430ee0 JavaThread "main"                              [_thread_blocked, id=1712, stack(0x000000e771600000,0x000000e771700000) (1024K)]
  0x0000022ffe86e120 JavaThread "Reference Handler"          daemon [_thread_blocked, id=14860, stack(0x000000e771e00000,0x000000e771f00000) (1024K)]
  0x0000022ffe9c7540 JavaThread "Finalizer"                  daemon [_thread_blocked, id=8280, stack(0x000000e771f00000,0x000000e772000000) (1024K)]
  0x0000022ffe9cb9f0 JavaThread "Signal Dispatcher"          daemon [_thread_blocked, id=11732, stack(0x000000e772000000,0x000000e772100000) (1024K)]
  0x0000022ffe9b1c60 JavaThread "Attach Listener"            daemon [_thread_blocked, id=12036, stack(0x000000e772100000,0x000000e772200000) (1024K)]
  0x0000022ffe9b2e60 JavaThread "Service Thread"             daemon [_thread_blocked, id=7592, stack(0x000000e772200000,0x000000e772300000) (1024K)]
  0x0000022ffe9b58d0 JavaThread "Monitor Deflation Thread"   daemon [_thread_blocked, id=13352, stack(0x000000e772300000,0x000000e772400000) (1024K)]
  0x0000022ffe9b6e00 JavaThread "C2 CompilerThread0"         daemon [_thread_blocked, id=7724, stack(0x000000e772400000,0x000000e772500000) (1024K)]
  0x0000022ffe9d3ea0 JavaThread "C1 CompilerThread0"         daemon [_thread_blocked, id=8460, stack(0x000000e772500000,0x000000e772600000) (1024K)]
  0x0000022ffeb4bf00 JavaThread "Common-Cleaner"             daemon [_thread_blocked, id=12536, stack(0x000000e772600000,0x000000e772700000) (1024K)]
  0x0000022ffed691c0 JavaThread "Notification Thread"        daemon [_thread_blocked, id=7028, stack(0x000000e772700000,0x000000e772800000) (1024K)]
  0x0000022f889c9720 JavaThread "Daemon health stats"               [_thread_blocked, id=12132, stack(0x000000e772900000,0x000000e772a00000) (1024K)]
  0x0000022f88516d00 JavaThread "Incoming local TCP Connector on port 62570"        [_thread_in_native, id=9128, stack(0x000000e772a00000,0x000000e772b00000) (1024K)]
  0x0000022f890936f0 JavaThread "Daemon periodic checks"            [_thread_blocked, id=14548, stack(0x000000e772b00000,0x000000e772c00000) (1024K)]
  0x0000022f8847e450 JavaThread "Daemon"                            [_thread_blocked, id=8496, stack(0x000000e772c00000,0x000000e772d00000) (1024K)]
  0x0000022ffecd9810 JavaThread "Handler for socket connection from /127.0.0.1:62570 to /127.0.0.1:62571"        [_thread_in_native, id=11912, stack(0x000000e772d00000,0x000000e772e00000) (1024K)]
  0x0000022ffee6ff70 JavaThread "Cancel handler"                    [_thread_blocked, id=3708, stack(0x000000e772e00000,0x000000e772f00000) (1024K)]
  0x0000022f88d15850 JavaThread "Daemon worker"                     [_thread_blocked, id=13556, stack(0x000000e772f00000,0x000000e773000000) (1024K)]
  0x0000022f89068130 JavaThread "Asynchronous log dispatcher for DefaultDaemonConnection: socket connection from /127.0.0.1:62570 to /127.0.0.1:62571"        [_thread_blocked, id=9760, stack(0x000000e773000000,0x000000e773100000) (1024K)]
  0x0000022f890694e0 JavaThread "Daemon client event forwarder"        [_thread_blocked, id=13700, stack(0x000000e773200000,0x000000e773300000) (1024K)]
  0x0000022f89066060 JavaThread "Cache worker for journal cache (C:\Users\ofatt\.gradle\caches\journal-1)"        [_thread_blocked, id=14120, stack(0x000000e773300000,0x000000e773400000) (1024K)]
  0x0000022f89067410 JavaThread "File lock request listener"        [_thread_in_native, id=7196, stack(0x000000e773400000,0x000000e773500000) (1024K)]
  0x0000022f890687c0 JavaThread "Cache worker for file hash cache (C:\Users\ofatt\.gradle\caches\8.6\fileHashes)"        [_thread_blocked, id=7776, stack(0x000000e773500000,0x000000e773600000) (1024K)]
  0x0000022f890666f0 JavaThread "File watcher server"        daemon [_thread_in_native, id=5808, stack(0x000000e773600000,0x000000e773700000) (1024K)]
  0x0000022f89066d80 JavaThread "File watcher consumer"      daemon [_thread_blocked, id=7880, stack(0x000000e773700000,0x000000e773800000) (1024K)]
  0x0000022f8a76f2d0 JavaThread "jar transforms"                    [_thread_blocked, id=8224, stack(0x000000e773800000,0x000000e773900000) (1024K)]
  0x0000022f8a76d890 JavaThread "jar transforms Thread 2"           [_thread_blocked, id=3712, stack(0x000000e773900000,0x000000e773a00000) (1024K)]
  0x0000022f8a76df20 JavaThread "Cache worker for checksums cache (C:\Users\ofatt\AndroidStudioProjects\GameBooster\.gradle\8.6\checksums)"        [_thread_blocked, id=2352, stack(0x000000e773a00000,0x000000e773b00000) (1024K)]
  0x0000022f8a76e5b0 JavaThread "Cache worker for file hash cache (C:\Users\ofatt\AndroidStudioProjects\GameBooster\.gradle\8.6\fileHashes)"        [_thread_blocked, id=13180, stack(0x000000e773b00000,0x000000e773c00000) (1024K)]
  0x0000022f8a76d200 JavaThread "Cache worker for cache directory md-supplier (C:\Users\ofatt\.gradle\caches\8.6\md-supplier)"        [_thread_blocked, id=7472, stack(0x000000e773c00000,0x000000e773d00000) (1024K)]
  0x0000022f8a76ec40 JavaThread "Cache worker for cache directory md-rule (C:\Users\ofatt\.gradle\caches\8.6\md-rule)"        [_thread_blocked, id=12812, stack(0x000000e773d00000,0x000000e773e00000) (1024K)]
  0x0000022f8a76f960 JavaThread "Cache worker for file content cache (C:\Users\ofatt\.gradle\caches\8.6\fileContent)"        [_thread_blocked, id=2440, stack(0x000000e773e00000,0x000000e773f00000) (1024K)]
  0x0000022f8ae946d0 JavaThread "Unconstrained build operations"        [_thread_blocked, id=7824, stack(0x000000e773f00000,0x000000e774000000) (1024K)]
  0x0000022f8ae939b0 JavaThread "Unconstrained build operations Thread 2"        [_thread_blocked, id=3540, stack(0x000000e774000000,0x000000e774100000) (1024K)]
Total: 34

Other Threads:
=>0x0000022ffe7d3d10 VMThread "VM Thread"                           [id=14784, stack(0x000000e771d00000,0x000000e771e00000) (1024K)]
  0x0000022ffe78abf0 WatcherThread "VM Periodic Task Thread"        [id=12252, stack(0x000000e771c00000,0x000000e771d00000) (1024K)]
  0x0000022fe959aac0 WorkerThread "GC Thread#0"                     [id=14016, stack(0x000000e771700000,0x000000e771800000) (1024K)]
  0x0000022ffedb80b0 WorkerThread "GC Thread#1"                     [id=14924, stack(0x000000e772800000,0x000000e772900000) (1024K)]
  0x0000022fe74fdfe0 ConcurrentGCThread "G1 Main Marker"            [id=3752, stack(0x000000e771800000,0x000000e771900000) (1024K)]
  0x0000022fe95a7a90 WorkerThread "G1 Conc#0"                       [id=14724, stack(0x000000e771900000,0x000000e771a00000) (1024K)]
  0x0000022fe95da8e0 ConcurrentGCThread "G1 Refine#0"               [id=1068, stack(0x000000e771a00000,0x000000e771b00000) (1024K)]
  0x0000022fe95db5c0 ConcurrentGCThread "G1 Service"                [id=12344, stack(0x000000e771b00000,0x000000e771c00000) (1024K)]
Total: 8

Threads with active compile tasks:
C2 CompilerThread0    69259 8311       4       org.objectweb.asm.signature.SignatureReader::parseType (411 bytes)
Total: 1

VM state: at safepoint (normal execution)

VM Mutex/Monitor currently owned by a thread:  ([mutex/lock_event])
[0x00007ffa3bfc20c8] Threads_lock - owner thread: 0x0000022ffe7d3d10
[0x00007ffa3bfc21c8] Heap_lock - owner thread: 0x0000022f88d15850

Heap address: 0x0000000700000000, size: 4096 MB, Compressed Oops mode: Zero based, Oop shift amount: 3

CDS archive(s) not mapped
Compressed class space mapped at: 0x0000000800000000-0x0000000840000000, reserved size: 1073741824
Narrow klass base: 0x0000000800000000, Narrow klass shift: 0, Narrow klass range: 0x40000000

GC Precious Log:
 CardTable entry size: 512
 Card Set container configuration: InlinePtr #cards 4 size 8 Array Of Cards #cards 16 size 48 Howl #buckets 8 coarsen threshold 3686 Howl Bitmap #cards 512 size 80 coarsen threshold 460 Card regions per heap region 1 cards per card region 4096
 CPUs: 2 total, 2 available
 Memory: 3976M
 Large Page Support: Disabled
 NUMA Support: Disabled
 Compressed Oops: Enabled (Zero based)
 Heap Region Size: 2M
 Heap Min Capacity: 8M
 Heap Initial Capacity: 64M
 Heap Max Capacity: 4G
 Pre-touch: Disabled
 Parallel Workers: 2
 Concurrent Workers: 1
 Concurrent Refinement Workers: 2
 Periodic GC: Disabled

Heap:
 garbage-first heap   total 249856K, used 83434K [0x0000000700000000, 0x0000000800000000)
  region size 2048K, 4 young (8192K), 4 survivors (8192K)
 Metaspace       used 63997K, committed 65472K, reserved 1114112K
  class space    used 8535K, committed 9216K, reserved 1048576K

Heap Regions: E=young(eden), S=young(survivor), O=old, HS=humongous(starts), HC=humongous(continues), CS=collection set, F=free, TAMS=top-at-mark-start, PB=parsable bottom
|   0|0x0000000700000000, 0x0000000700200000, 0x0000000700200000|100%| O|  |TAMS 0x0000000700000000| PB 0x0000000700000000| Untracked 
|   1|0x0000000700200000, 0x0000000700400000, 0x0000000700400000|100%|HS|  |TAMS 0x0000000700200000| PB 0x0000000700200000| Complete 
|   2|0x0000000700400000, 0x0000000700600000, 0x0000000700600000|100%|HC|  |TAMS 0x0000000700400000| PB 0x0000000700400000| Complete 
|   3|0x0000000700600000, 0x0000000700800000, 0x0000000700800000|100%| O|  |TAMS 0x0000000700600000| PB 0x0000000700600000| Untracked 
|   4|0x0000000700800000, 0x0000000700a00000, 0x0000000700a00000|100%| O|  |TAMS 0x0000000700800000| PB 0x0000000700800000| Untracked 
|   5|0x0000000700a00000, 0x0000000700c00000, 0x0000000700c00000|100%| O|  |TAMS 0x0000000700a00000| PB 0x0000000700a00000| Untracked 
|   6|0x0000000700c00000, 0x0000000700e00000, 0x0000000700e00000|100%| O|  |TAMS 0x0000000700c00000| PB 0x0000000700c00000| Untracked 
|   7|0x0000000700e00000, 0x0000000701000000, 0x0000000701000000|100%| O|  |TAMS 0x0000000700e00000| PB 0x0000000700e00000| Untracked 
|   8|0x0000000701000000, 0x0000000701200000, 0x0000000701200000|100%| O|  |TAMS 0x0000000701000000| PB 0x0000000701000000| Untracked 
|   9|0x0000000701200000, 0x0000000701400000, 0x0000000701400000|100%| O|  |TAMS 0x0000000701200000| PB 0x0000000701200000| Untracked 
|  10|0x0000000701400000, 0x0000000701600000, 0x0000000701600000|100%|HS|  |TAMS 0x0000000701400000| PB 0x0000000701400000| Complete 
|  11|0x0000000701600000, 0x0000000701800000, 0x0000000701800000|100%|HC|  |TAMS 0x0000000701600000| PB 0x0000000701600000| Complete 
|  12|0x0000000701800000, 0x0000000701a00000, 0x0000000701a00000|100%|HC|  |TAMS 0x0000000701800000| PB 0x0000000701800000| Complete 
|  13|0x0000000701a00000, 0x0000000701c00000, 0x0000000701c00000|100%|HS|  |TAMS 0x0000000701a00000| PB 0x0000000701a00000| Complete 
|  14|0x0000000701c00000, 0x0000000701e00000, 0x0000000701e00000|100%|HC|  |TAMS 0x0000000701c00000| PB 0x0000000701c00000| Complete 
|  15|0x0000000701e00000, 0x0000000702000000, 0x0000000702000000|100%|HS|  |TAMS 0x0000000701e00000| PB 0x0000000701e00000| Complete 
|  16|0x0000000702000000, 0x0000000702200000, 0x0000000702200000|100%| O|  |TAMS 0x0000000702000000| PB 0x0000000702000000| Untracked 
|  17|0x0000000702200000, 0x0000000702400000, 0x0000000702400000|100%| O|  |TAMS 0x0000000702200000| PB 0x0000000702200000| Untracked 
|  18|0x0000000702400000, 0x0000000702600000, 0x0000000702600000|100%| O|  |TAMS 0x0000000702400000| PB 0x0000000702400000| Untracked 
|  19|0x0000000702600000, 0x0000000702800000, 0x0000000702800000|100%|HS|  |TAMS 0x0000000702600000| PB 0x0000000702600000| Complete 
|  20|0x0000000702800000, 0x0000000702a00000, 0x0000000702a00000|100%| O|  |TAMS 0x0000000702800000| PB 0x0000000702800000| Untracked 
|  21|0x0000000702a00000, 0x0000000702c00000, 0x0000000702c00000|100%| O|  |TAMS 0x0000000702a00000| PB 0x0000000702a00000| Untracked 
|  22|0x0000000702c00000, 0x0000000702e00000, 0x0000000702e00000|100%| O|  |TAMS 0x0000000702c00000| PB 0x0000000702c00000| Untracked 
|  23|0x0000000702e00000, 0x0000000703000000, 0x0000000703000000|100%| O|  |TAMS 0x0000000702e00000| PB 0x0000000702e00000| Untracked 
|  24|0x0000000703000000, 0x0000000703200000, 0x0000000703200000|100%| O|  |TAMS 0x0000000703000000| PB 0x0000000703000000| Untracked 
|  25|0x0000000703200000, 0x0000000703400000, 0x0000000703400000|100%| O|  |TAMS 0x0000000703200000| PB 0x0000000703200000| Untracked 
|  26|0x0000000703400000, 0x0000000703600000, 0x0000000703600000|100%|HS|  |TAMS 0x0000000703400000| PB 0x0000000703400000| Complete 
|  27|0x0000000703600000, 0x0000000703800000, 0x0000000703800000|100%|HC|  |TAMS 0x0000000703600000| PB 0x0000000703600000| Complete 
|  28|0x0000000703800000, 0x0000000703a00000, 0x0000000703a00000|100%|HC|  |TAMS 0x0000000703800000| PB 0x0000000703800000| Complete 
|  29|0x0000000703a00000, 0x0000000703c00000, 0x0000000703c00000|100%| O|  |TAMS 0x0000000703a00000| PB 0x0000000703a00000| Untracked 
|  30|0x0000000703c00000, 0x0000000703e00000, 0x0000000703e00000|100%| O|  |TAMS 0x0000000703c00000| PB 0x0000000703c00000| Untracked 
|  31|0x0000000703e00000, 0x0000000704000000, 0x0000000704000000|100%| O|  |TAMS 0x0000000703e00000| PB 0x0000000703e00000| Untracked 
|  32|0x0000000704000000, 0x0000000704000000, 0x0000000704200000|  0%| F|  |TAMS 0x0000000704000000| PB 0x0000000704000000| Untracked 
|  33|0x0000000704200000, 0x0000000704200000, 0x0000000704400000|  0%| F|  |TAMS 0x0000000704200000| PB 0x0000000704200000| Untracked 
|  34|0x0000000704400000, 0x0000000704600000, 0x0000000704600000|100%| O|  |TAMS 0x0000000704400000| PB 0x0000000704400000| Untracked 
|  35|0x0000000704600000, 0x0000000704800000, 0x0000000704800000|100%|HS|  |TAMS 0x0000000704600000| PB 0x0000000704600000| Complete 
|  36|0x0000000704800000, 0x0000000704a00000, 0x0000000704a00000|100%|HC|  |TAMS 0x0000000704800000| PB 0x0000000704800000| Complete 
|  37|0x0000000704a00000, 0x0000000704c00000, 0x0000000704c00000|100%|HC|  |TAMS 0x0000000704a00000| PB 0x0000000704a00000| Complete 
|  38|0x0000000704c00000, 0x0000000704d7a8e8, 0x0000000704e00000| 73%| O|  |TAMS 0x0000000704c00000| PB 0x0000000704c00000| Untracked 
|  39|0x0000000704e00000, 0x0000000704e00000, 0x0000000705000000|  0%| F|  |TAMS 0x0000000704e00000| PB 0x0000000704e00000| Untracked 
|  40|0x0000000705000000, 0x0000000705000000, 0x0000000705200000|  0%| F|  |TAMS 0x0000000705000000| PB 0x0000000705000000| Untracked 
|  41|0x0000000705200000, 0x0000000705200000, 0x0000000705400000|  0%| F|  |TAMS 0x0000000705200000| PB 0x0000000705200000| Untracked 
|  42|0x0000000705400000, 0x0000000705400000, 0x0000000705600000|  0%| F|  |TAMS 0x0000000705400000| PB 0x0000000705400000| Untracked 
|  43|0x0000000705600000, 0x0000000705600000, 0x0000000705800000|  0%| F|  |TAMS 0x0000000705600000| PB 0x0000000705600000| Untracked 
|  44|0x0000000705800000, 0x0000000705800000, 0x0000000705a00000|  0%| F|  |TAMS 0x0000000705800000| PB 0x0000000705800000| Untracked 
|  45|0x0000000705a00000, 0x0000000705a00000, 0x0000000705c00000|  0%| F|  |TAMS 0x0000000705a00000| PB 0x0000000705a00000| Untracked 
|  46|0x0000000705c00000, 0x0000000705c00000, 0x0000000705e00000|  0%| F|  |TAMS 0x0000000705c00000| PB 0x0000000705c00000| Untracked 
|  47|0x0000000705e00000, 0x0000000705e00000, 0x0000000706000000|  0%| F|  |TAMS 0x0000000705e00000| PB 0x0000000705e00000| Untracked 
|  48|0x0000000706000000, 0x0000000706000000, 0x0000000706200000|  0%| F|  |TAMS 0x0000000706000000| PB 0x0000000706000000| Untracked 
|  49|0x0000000706200000, 0x0000000706400000, 0x0000000706400000|100%| S|CS|TAMS 0x0000000706200000| PB 0x0000000706200000| Complete 
|  50|0x0000000706400000, 0x0000000706600000, 0x0000000706600000|100%| S|CS|TAMS 0x0000000706400000| PB 0x0000000706400000| Complete 
|  51|0x0000000706600000, 0x0000000706800000, 0x0000000706800000|100%| S|CS|TAMS 0x0000000706600000| PB 0x0000000706600000| Complete 
|  52|0x0000000706800000, 0x0000000706a00000, 0x0000000706a00000|100%| S|CS|TAMS 0x0000000706800000| PB 0x0000000706800000| Complete 
|  53|0x0000000706a00000, 0x0000000706a00000, 0x0000000706c00000|  0%| F|  |TAMS 0x0000000706a00000| PB 0x0000000706a00000| Untracked 
|  54|0x0000000706c00000, 0x0000000706c00000, 0x0000000706e00000|  0%| F|  |TAMS 0x0000000706c00000| PB 0x0000000706c00000| Untracked 
|  55|0x0000000706e00000, 0x0000000706e00000, 0x0000000707000000|  0%| F|  |TAMS 0x0000000706e00000| PB 0x0000000706e00000| Untracked 
|  56|0x0000000707000000, 0x0000000707000000, 0x0000000707200000|  0%| F|  |TAMS 0x0000000707000000| PB 0x0000000707000000| Untracked 
|  57|0x0000000707200000, 0x0000000707200000, 0x0000000707400000|  0%| F|  |TAMS 0x0000000707200000| PB 0x0000000707200000| Untracked 
|  58|0x0000000707400000, 0x0000000707400000, 0x0000000707600000|  0%| F|  |TAMS 0x0000000707400000| PB 0x0000000707400000| Untracked 
|  59|0x0000000707600000, 0x0000000707600000, 0x0000000707800000|  0%| F|  |TAMS 0x0000000707600000| PB 0x0000000707600000| Untracked 
|  60|0x0000000707800000, 0x0000000707800000, 0x0000000707a00000|  0%| F|  |TAMS 0x0000000707800000| PB 0x0000000707800000| Untracked 
|  61|0x0000000707a00000, 0x0000000707a00000, 0x0000000707c00000|  0%| F|  |TAMS 0x0000000707a00000| PB 0x0000000707a00000| Untracked 
|  62|0x0000000707c00000, 0x0000000707c00000, 0x0000000707e00000|  0%| F|  |TAMS 0x0000000707c00000| PB 0x0000000707c00000| Untracked 
|  63|0x0000000707e00000, 0x0000000707e00000, 0x0000000708000000|  0%| F|  |TAMS 0x0000000707e00000| PB 0x0000000707e00000| Untracked 
|  64|0x0000000708000000, 0x0000000708000000, 0x0000000708200000|  0%| F|  |TAMS 0x0000000708000000| PB 0x0000000708000000| Untracked 
|  65|0x0000000708200000, 0x0000000708200000, 0x0000000708400000|  0%| F|  |TAMS 0x0000000708200000| PB 0x0000000708200000| Untracked 
|  66|0x0000000708400000, 0x0000000708400000, 0x0000000708600000|  0%| F|  |TAMS 0x0000000708400000| PB 0x0000000708400000| Untracked 
|  67|0x0000000708600000, 0x0000000708600000, 0x0000000708800000|  0%| F|  |TAMS 0x0000000708600000| PB 0x0000000708600000| Untracked 
|  68|0x0000000708800000, 0x0000000708800000, 0x0000000708a00000|  0%| F|  |TAMS 0x0000000708800000| PB 0x0000000708800000| Untracked 
|  69|0x0000000708a00000, 0x0000000708a00000, 0x0000000708c00000|  0%| F|  |TAMS 0x0000000708a00000| PB 0x0000000708a00000| Untracked 
|  70|0x0000000708c00000, 0x0000000708c00000, 0x0000000708e00000|  0%| F|  |TAMS 0x0000000708c00000| PB 0x0000000708c00000| Untracked 
|  71|0x0000000708e00000, 0x0000000708e00000, 0x0000000709000000|  0%| F|  |TAMS 0x0000000708e00000| PB 0x0000000708e00000| Untracked 
|  72|0x0000000709000000, 0x0000000709000000, 0x0000000709200000|  0%| F|  |TAMS 0x0000000709000000| PB 0x0000000709000000| Untracked 
|  73|0x0000000709200000, 0x0000000709200000, 0x0000000709400000|  0%| F|  |TAMS 0x0000000709200000| PB 0x0000000709200000| Untracked 
|  74|0x0000000709400000, 0x0000000709400000, 0x0000000709600000|  0%| F|  |TAMS 0x0000000709400000| PB 0x0000000709400000| Untracked 
|  75|0x0000000709600000, 0x0000000709600000, 0x0000000709800000|  0%| F|  |TAMS 0x0000000709600000| PB 0x0000000709600000| Untracked 
|  76|0x0000000709800000, 0x0000000709800000, 0x0000000709a00000|  0%| F|  |TAMS 0x0000000709800000| PB 0x0000000709800000| Untracked 
|  77|0x0000000709a00000, 0x0000000709a00000, 0x0000000709c00000|  0%| F|  |TAMS 0x0000000709a00000| PB 0x0000000709a00000| Untracked 
|  78|0x0000000709c00000, 0x0000000709c00000, 0x0000000709e00000|  0%| F|  |TAMS 0x0000000709c00000| PB 0x0000000709c00000| Untracked 
|  79|0x0000000709e00000, 0x0000000709e00000, 0x000000070a000000|  0%| F|  |TAMS 0x0000000709e00000| PB 0x0000000709e00000| Untracked 
|  80|0x000000070a000000, 0x000000070a000000, 0x000000070a200000|  0%| F|  |TAMS 0x000000070a000000| PB 0x000000070a000000| Untracked 
|  81|0x000000070a200000, 0x000000070a200000, 0x000000070a400000|  0%| F|  |TAMS 0x000000070a200000| PB 0x000000070a200000| Untracked 
|  82|0x000000070a400000, 0x000000070a400000, 0x000000070a600000|  0%| F|  |TAMS 0x000000070a400000| PB 0x000000070a400000| Untracked 
|  83|0x000000070a600000, 0x000000070a600000, 0x000000070a800000|  0%| F|  |TAMS 0x000000070a600000| PB 0x000000070a600000| Untracked 
|  84|0x000000070a800000, 0x000000070a800000, 0x000000070aa00000|  0%| F|  |TAMS 0x000000070a800000| PB 0x000000070a800000| Untracked 
|  85|0x000000070aa00000, 0x000000070aa00000, 0x000000070ac00000|  0%| F|  |TAMS 0x000000070aa00000| PB 0x000000070aa00000| Untracked 
|  86|0x000000070ac00000, 0x000000070ac00000, 0x000000070ae00000|  0%| F|  |TAMS 0x000000070ac00000| PB 0x000000070ac00000| Untracked 
|  87|0x000000070ae00000, 0x000000070ae00000, 0x000000070b000000|  0%| F|  |TAMS 0x000000070ae00000| PB 0x000000070ae00000| Untracked 
|  88|0x000000070b000000, 0x000000070b000000, 0x000000070b200000|  0%| F|  |TAMS 0x000000070b000000| PB 0x000000070b000000| Untracked 
|  89|0x000000070b200000, 0x000000070b200000, 0x000000070b400000|  0%| F|  |TAMS 0x000000070b200000| PB 0x000000070b200000| Untracked 
|  90|0x000000070b400000, 0x000000070b400000, 0x000000070b600000|  0%| F|  |TAMS 0x000000070b400000| PB 0x000000070b400000| Untracked 
|  91|0x000000070b600000, 0x000000070b600000, 0x000000070b800000|  0%| F|  |TAMS 0x000000070b600000| PB 0x000000070b600000| Untracked 
|  92|0x000000070b800000, 0x000000070b800000, 0x000000070ba00000|  0%| F|  |TAMS 0x000000070b800000| PB 0x000000070b800000| Untracked 
|  93|0x000000070ba00000, 0x000000070ba00000, 0x000000070bc00000|  0%| F|  |TAMS 0x000000070ba00000| PB 0x000000070ba00000| Untracked 
|  94|0x000000070bc00000, 0x000000070bc00000, 0x000000070be00000|  0%| F|  |TAMS 0x000000070bc00000| PB 0x000000070bc00000| Untracked 
|  95|0x000000070be00000, 0x000000070be00000, 0x000000070c000000|  0%| F|  |TAMS 0x000000070be00000| PB 0x000000070be00000| Untracked 
|  96|0x000000070c000000, 0x000000070c000000, 0x000000070c200000|  0%| F|  |TAMS 0x000000070c000000| PB 0x000000070c000000| Untracked 
|  97|0x000000070c200000, 0x000000070c200000, 0x000000070c400000|  0%| F|  |TAMS 0x000000070c200000| PB 0x000000070c200000| Untracked 
|  98|0x000000070c400000, 0x000000070c400000, 0x000000070c600000|  0%| F|  |TAMS 0x000000070c400000| PB 0x000000070c400000| Untracked 
|  99|0x000000070c600000, 0x000000070c600000, 0x000000070c800000|  0%| F|  |TAMS 0x000000070c600000| PB 0x000000070c600000| Untracked 
| 100|0x000000070c800000, 0x000000070c800000, 0x000000070ca00000|  0%| F|  |TAMS 0x000000070c800000| PB 0x000000070c800000| Untracked 
| 101|0x000000070ca00000, 0x000000070ca00000, 0x000000070cc00000|  0%| F|  |TAMS 0x000000070ca00000| PB 0x000000070ca00000| Untracked 
| 102|0x000000070cc00000, 0x000000070cc00000, 0x000000070ce00000|  0%| F|  |TAMS 0x000000070cc00000| PB 0x000000070cc00000| Untracked 
| 103|0x000000070ce00000, 0x000000070ce00000, 0x000000070d000000|  0%| F|  |TAMS 0x000000070ce00000| PB 0x000000070ce00000| Untracked 
| 104|0x000000070d000000, 0x000000070d000000, 0x000000070d200000|  0%| F|  |TAMS 0x000000070d000000| PB 0x000000070d000000| Untracked 
| 105|0x000000070d200000, 0x000000070d200000, 0x000000070d400000|  0%| F|  |TAMS 0x000000070d200000| PB 0x000000070d200000| Untracked 
| 106|0x000000070d400000, 0x000000070d400000, 0x000000070d600000|  0%| F|  |TAMS 0x000000070d400000| PB 0x000000070d400000| Untracked 
| 107|0x000000070d600000, 0x000000070d600000, 0x000000070d800000|  0%| F|  |TAMS 0x000000070d600000| PB 0x000000070d600000| Untracked 
| 108|0x000000070d800000, 0x000000070d800000, 0x000000070da00000|  0%| F|  |TAMS 0x000000070d800000| PB 0x000000070d800000| Untracked 
| 109|0x000000070da00000, 0x000000070da00000, 0x000000070dc00000|  0%| F|  |TAMS 0x000000070da00000| PB 0x000000070da00000| Untracked 
| 110|0x000000070dc00000, 0x000000070dc00000, 0x000000070de00000|  0%| F|  |TAMS 0x000000070dc00000| PB 0x000000070dc00000| Untracked 
| 111|0x000000070de00000, 0x000000070de00000, 0x000000070e000000|  0%| F|  |TAMS 0x000000070de00000| PB 0x000000070de00000| Untracked 
| 112|0x000000070e000000, 0x000000070e000000, 0x000000070e200000|  0%| F|  |TAMS 0x000000070e000000| PB 0x000000070e000000| Untracked 
| 113|0x000000070e200000, 0x000000070e200000, 0x000000070e400000|  0%| F|  |TAMS 0x000000070e200000| PB 0x000000070e200000| Untracked 
| 114|0x000000070e400000, 0x000000070e400000, 0x000000070e600000|  0%| F|  |TAMS 0x000000070e400000| PB 0x000000070e400000| Untracked 
| 115|0x000000070e600000, 0x000000070e600000, 0x000000070e800000|  0%| F|  |TAMS 0x000000070e600000| PB 0x000000070e600000| Untracked 
| 116|0x000000070e800000, 0x000000070e800000, 0x000000070ea00000|  0%| F|  |TAMS 0x000000070e800000| PB 0x000000070e800000| Untracked 
| 117|0x000000070ea00000, 0x000000070ea00000, 0x000000070ec00000|  0%| F|  |TAMS 0x000000070ea00000| PB 0x000000070ea00000| Untracked 
| 118|0x000000070ec00000, 0x000000070ec00000, 0x000000070ee00000|  0%| F|  |TAMS 0x000000070ec00000| PB 0x000000070ec00000| Untracked 
| 119|0x000000070ee00000, 0x000000070ee00000, 0x000000070f000000|  0%| F|  |TAMS 0x000000070ee00000| PB 0x000000070ee00000| Untracked 
| 120|0x000000070f000000, 0x000000070f000000, 0x000000070f200000|  0%| F|  |TAMS 0x000000070f000000| PB 0x000000070f000000| Untracked 
| 121|0x000000070f200000, 0x000000070f200000, 0x000000070f400000|  0%| F|  |TAMS 0x000000070f200000| PB 0x000000070f200000| Untracked 

Card table byte_map: [0x0000022ffbe70000,0x0000022ffc670000] _byte_map_base: 0x0000022ff8670000

Marking Bits: (CMBitMap*) 0x0000022fe959b1c0
 Bits: [0x0000022f80000000, 0x0000022f84000000)

Polling page: 0x0000022fe73c0000

Metaspace:

Usage:
  Non-class:     54.16 MB used.
      Class:      8.34 MB used.
       Both:     62.50 MB used.

Virtual space:
  Non-class space:       64.00 MB reserved,      54.94 MB ( 86%) committed,  1 nodes.
      Class space:        1.00 GB reserved,       9.00 MB ( <1%) committed,  1 nodes.
             Both:        1.06 GB reserved,      63.94 MB (  6%) committed. 

Chunk freelists:
   Non-Class:  9.08 MB
       Class:  7.00 MB
        Both:  16.08 MB

MaxMetaspaceSize: unlimited
CompressedClassSpaceSize: 1.00 GB
Initial GC threshold: 21.00 MB
Current GC threshold: 106.56 MB
CDS: off
 - commit_granule_bytes: 65536.
 - commit_granule_words: 8192.
 - virtual_space_node_default_size: 8388608.
 - enlarge_chunks_in_place: 1.
 - use_allocation_guard: 0.


Internal statistics:

num_allocs_failed_limit: 6.
num_arena_births: 2654.
num_arena_deaths: 0.
num_vsnodes_births: 2.
num_vsnodes_deaths: 0.
num_space_committed: 1023.
num_space_uncommitted: 0.
num_chunks_returned_to_freelist: 6.
num_chunks_taken_from_freelist: 5080.
num_chunk_merges: 6.
num_chunk_splits: 3343.
num_chunks_enlarged: 2143.
num_inconsistent_stats: 0.

CodeHeap 'non-profiled nmethods': size=120064Kb used=5370Kb max_used=5370Kb free=114693Kb
 bounds [0x0000022ff4130000, 0x0000022ff4690000, 0x0000022ffb670000]
CodeHeap 'profiled nmethods': size=120000Kb used=12795Kb max_used=13027Kb free=107204Kb
 bounds [0x0000022fec670000, 0x0000022fed330000, 0x0000022ff3ba0000]
CodeHeap 'non-nmethods': size=5696Kb used=2810Kb max_used=2836Kb free=2885Kb
 bounds [0x0000022ff3ba0000, 0x0000022ff3e80000, 0x0000022ff4130000]
 total_blobs=7551 nmethods=6672 adapters=781
 compilation: enabled
              stopped_count=0, restarted_count=0
 full_count=0

Compilation events (20 events):
Event: 68.655 Thread 0x0000022ffe9d3ea0 8313       3       org.objectweb.asm.commons.SignatureRemapper::visitInnerClassType (135 bytes)
Event: 68.657 Thread 0x0000022ffe9d3ea0 nmethod 8313 0x0000022fecfdcb90 code [0x0000022fecfdcfe0, 0x0000022fecfdead0]
Event: 68.660 Thread 0x0000022ffe9d3ea0 8314       3       org.objectweb.asm.signature.SignatureWriter::visitInnerClassType (34 bytes)
Event: 68.660 Thread 0x0000022ffe9d3ea0 nmethod 8314 0x0000022fec814690 code [0x0000022fec814880, 0x0000022fec814c70]
Event: 68.684 Thread 0x0000022ffe9b6e00 nmethod 8298 0x0000022ff466d390 code [0x0000022ff466e000, 0x0000022ff467a1d0]
Event: 68.684 Thread 0x0000022ffe9b6e00 8311       4       org.objectweb.asm.signature.SignatureReader::parseType (411 bytes)
Event: 68.762 Thread 0x0000022ffe9d3ea0 8316       3       org.objectweb.asm.commons.MethodRemapper::visitInvokeDynamicInsn (77 bytes)
Event: 68.763 Thread 0x0000022ffe9d3ea0 nmethod 8316 0x0000022fec6dbf10 code [0x0000022fec6dc120, 0x0000022fec6dca08]
Event: 68.772 Thread 0x0000022ffe9d3ea0 8318       3       org.objectweb.asm.signature.SignatureWriter::visitSuperclass (6 bytes)
Event: 68.772 Thread 0x0000022ffe9d3ea0 nmethod 8318 0x0000022fec933c90 code [0x0000022fec933e40, 0x0000022fec9340b8]
Event: 68.797 Thread 0x0000022ffe9d3ea0 8319       2       com.esotericsoftware.kryo.io.Output::writeUtf8Length (405 bytes)
Event: 68.798 Thread 0x0000022ffe9d3ea0 nmethod 8319 0x0000022fecfdbf10 code [0x0000022fecfdc140, 0x0000022fecfdc780]
Event: 68.831 Thread 0x0000022ffe9d3ea0 8320       3       org.objectweb.asm.signature.SignatureWriter::visitArrayType (12 bytes)
Event: 68.831 Thread 0x0000022ffe9d3ea0 nmethod 8320 0x0000022fec8cee10 code [0x0000022fec8cefc0, 0x0000022fec8cf188]
Event: 68.930 Thread 0x0000022ffe9d3ea0 8322   !   2       org.gradle.internal.dispatch.ReflectionDispatch::dispatch (42 bytes)
Event: 68.931 Thread 0x0000022ffe9d3ea0 nmethod 8322 0x0000022fec6a2390 code [0x0000022fec6a25e0, 0x0000022fec6a2a98]
Event: 68.931 Thread 0x0000022ffe9d3ea0 8323       2       org.gradle.internal.logging.events.ProgressEvent::getLogLevel (4 bytes)
Event: 68.931 Thread 0x0000022ffe9d3ea0 nmethod 8323 0x0000022fec751f10 code [0x0000022fec7520a0, 0x0000022fec7521b0]
Event: 68.964 Thread 0x0000022ffe9d3ea0 8324       3       org.objectweb.asm.commons.ClassRemapper::visitAnnotation (29 bytes)
Event: 68.965 Thread 0x0000022ffe9d3ea0 nmethod 8324 0x0000022fec7ed690 code [0x0000022fec7ed8c0, 0x0000022fec7edfa0]

GC Heap History (20 events):
Event: 56.898 GC heap after
{Heap after GC invocations=64 (full 0):
 garbage-first heap   total 206848K, used 67354K [0x0000000700000000, 0x0000000800000000)
  region size 2048K, 2 young (4096K), 2 survivors (4096K)
 Metaspace       used 55604K, committed 57024K, reserved 1114112K
  class space    used 7521K, committed 8192K, reserved 1048576K
}
Event: 57.469 GC heap before
{Heap before GC invocations=64 (full 0):
 garbage-first heap   total 206848K, used 192282K [0x0000000700000000, 0x0000000800000000)
  region size 2048K, 60 young (122880K), 2 survivors (4096K)
 Metaspace       used 55604K, committed 57024K, reserved 1114112K
  class space    used 7521K, committed 8192K, reserved 1048576K
}
Event: 57.477 GC heap after
{Heap after GC invocations=65 (full 0):
 garbage-first heap   total 206848K, used 76242K [0x0000000700000000, 0x0000000800000000)
  region size 2048K, 3 young (6144K), 3 survivors (6144K)
 Metaspace       used 55604K, committed 57024K, reserved 1114112K
  class space    used 7521K, committed 8192K, reserved 1048576K
}
Event: 57.863 GC heap before
{Heap before GC invocations=65 (full 0):
 garbage-first heap   total 206848K, used 186834K [0x0000000700000000, 0x0000000800000000)
  region size 2048K, 57 young (116736K), 3 survivors (6144K)
 Metaspace       used 55604K, committed 57024K, reserved 1114112K
  class space    used 7521K, committed 8192K, reserved 1048576K
}
Event: 57.874 GC heap after
{Heap after GC invocations=66 (full 0):
 garbage-first heap   total 249856K, used 78904K [0x0000000700000000, 0x0000000800000000)
  region size 2048K, 4 young (8192K), 4 survivors (8192K)
 Metaspace       used 55604K, committed 57024K, reserved 1114112K
  class space    used 7521K, committed 8192K, reserved 1048576K
}
Event: 58.881 GC heap before
{Heap before GC invocations=67 (full 0):
 garbage-first heap   total 249856K, used 220216K [0x0000000700000000, 0x0000000800000000)
  region size 2048K, 73 young (149504K), 4 survivors (8192K)
 Metaspace       used 55604K, committed 57024K, reserved 1114112K
  class space    used 7521K, committed 8192K, reserved 1048576K
}
Event: 58.892 GC heap after
{Heap after GC invocations=68 (full 0):
 garbage-first heap   total 249856K, used 79928K [0x0000000700000000, 0x0000000800000000)
  region size 2048K, 5 young (10240K), 5 survivors (10240K)
 Metaspace       used 55604K, committed 57024K, reserved 1114112K
  class space    used 7521K, committed 8192K, reserved 1048576K
}
Event: 61.444 GC heap before
{Heap before GC invocations=68 (full 0):
 garbage-first heap   total 249856K, used 225336K [0x0000000700000000, 0x0000000800000000)
  region size 2048K, 73 young (149504K), 5 survivors (10240K)
 Metaspace       used 58763K, committed 60160K, reserved 1114112K
  class space    used 8006K, committed 8704K, reserved 1048576K
}
Event: 61.461 GC heap after
{Heap after GC invocations=69 (full 0):
 garbage-first heap   total 249856K, used 74259K [0x0000000700000000, 0x0000000800000000)
  region size 2048K, 3 young (6144K), 3 survivors (6144K)
 Metaspace       used 58763K, committed 60160K, reserved 1114112K
  class space    used 8006K, committed 8704K, reserved 1048576K
}
Event: 64.866 GC heap before
{Heap before GC invocations=69 (full 0):
 garbage-first heap   total 249856K, used 221715K [0x0000000700000000, 0x0000000800000000)
  region size 2048K, 73 young (149504K), 3 survivors (6144K)
 Metaspace       used 63979K, committed 65472K, reserved 1114112K
  class space    used 8534K, committed 9216K, reserved 1048576K
}
Event: 64.893 GC heap after
{Heap after GC invocations=70 (full 0):
 garbage-first heap   total 249856K, used 86084K [0x0000000700000000, 0x0000000800000000)
  region size 2048K, 6 young (12288K), 6 survivors (12288K)
 Metaspace       used 63979K, committed 65472K, reserved 1114112K
  class space    used 8534K, committed 9216K, reserved 1048576K
}
Event: 65.920 GC heap before
{Heap before GC invocations=70 (full 0):
 garbage-first heap   total 249856K, used 221252K [0x0000000700000000, 0x0000000800000000)
  region size 2048K, 72 young (147456K), 6 survivors (12288K)
 Metaspace       used 63990K, committed 65472K, reserved 1114112K
  class space    used 8535K, committed 9216K, reserved 1048576K
}
Event: 65.940 GC heap after
{Heap after GC invocations=71 (full 0):
 garbage-first heap   total 249856K, used 86288K [0x0000000700000000, 0x0000000800000000)
  region size 2048K, 4 young (8192K), 4 survivors (8192K)
 Metaspace       used 63990K, committed 65472K, reserved 1114112K
  class space    used 8535K, committed 9216K, reserved 1048576K
}
Event: 66.903 GC heap before
{Heap before GC invocations=71 (full 0):
 garbage-first heap   total 249856K, used 225552K [0x0000000700000000, 0x0000000800000000)
  region size 2048K, 72 young (147456K), 4 survivors (8192K)
 Metaspace       used 63996K, committed 65472K, reserved 1114112K
  class space    used 8535K, committed 9216K, reserved 1048576K
}
Event: 66.915 GC heap after
{Heap after GC invocations=72 (full 0):
 garbage-first heap   total 249856K, used 86017K [0x0000000700000000, 0x0000000800000000)
  region size 2048K, 4 young (8192K), 4 survivors (8192K)
 Metaspace       used 63996K, committed 65472K, reserved 1114112K
  class space    used 8535K, committed 9216K, reserved 1048576K
}
Event: 67.812 GC heap before
{Heap before GC invocations=73 (full 0):
 garbage-first heap   total 249856K, used 223233K [0x0000000700000000, 0x0000000800000000)
  region size 2048K, 72 young (147456K), 4 survivors (8192K)
 Metaspace       used 63997K, committed 65472K, reserved 1114112K
  class space    used 8535K, committed 9216K, reserved 1048576K
}
Event: 67.827 GC heap after
{Heap after GC invocations=74 (full 0):
 garbage-first heap   total 249856K, used 84493K [0x0000000700000000, 0x0000000800000000)
  region size 2048K, 4 young (8192K), 4 survivors (8192K)
 Metaspace       used 63997K, committed 65472K, reserved 1114112K
  class space    used 8535K, committed 9216K, reserved 1048576K
}
Event: 68.478 GC heap before
{Heap before GC invocations=74 (full 0):
 garbage-first heap   total 249856K, used 225805K [0x0000000700000000, 0x0000000800000000)
  region size 2048K, 73 young (149504K), 4 survivors (8192K)
 Metaspace       used 63997K, committed 65472K, reserved 1114112K
  class space    used 8535K, committed 9216K, reserved 1048576K
}
Event: 68.492 GC heap after
{Heap after GC invocations=75 (full 0):
 garbage-first heap   total 249856K, used 82588K [0x0000000700000000, 0x0000000800000000)
  region size 2048K, 4 young (8192K), 4 survivors (8192K)
 Metaspace       used 63997K, committed 65472K, reserved 1114112K
  class space    used 8535K, committed 9216K, reserved 1048576K
}
Event: 69.144 GC heap before
{Heap before GC invocations=75 (full 0):
 garbage-first heap   total 249856K, used 223900K [0x0000000700000000, 0x0000000800000000)
  region size 2048K, 73 young (149504K), 4 survivors (8192K)
 Metaspace       used 63997K, committed 65472K, reserved 1114112K
  class space    used 8535K, committed 9216K, reserved 1048576K
}

Dll operation events (3 events):
Event: 0.115 Loaded shared library C:\Program Files\Android\Android Studio\jbr\bin\java.dll
Event: 0.140 Loaded shared library C:\Program Files\Android\Android Studio\jbr\bin\zip.dll
Event: 1.597 Loaded shared library C:\Program Files\Android\Android Studio\jbr\bin\verify.dll

Deoptimization events (20 events):
Event: 68.770 Thread 0x0000022f88d15850 DEOPT PACKING pc=0x0000022fed294518 sp=0x000000e772ff7290
Event: 68.771 Thread 0x0000022f88d15850 DEOPT UNPACKING pc=0x0000022ff3bf4e23 sp=0x000000e772ff6790 mode 0
Event: 68.821 Thread 0x0000022f88d15850 DEOPT PACKING pc=0x0000022fed294518 sp=0x000000e772ff7290
Event: 68.821 Thread 0x0000022f88d15850 DEOPT UNPACKING pc=0x0000022ff3bf4e23 sp=0x000000e772ff6790 mode 0
Event: 68.853 Thread 0x0000022f88d15850 DEOPT PACKING pc=0x0000022fed294518 sp=0x000000e772ff7290
Event: 68.853 Thread 0x0000022f88d15850 DEOPT UNPACKING pc=0x0000022ff3bf4e23 sp=0x000000e772ff6790 mode 0
Event: 68.888 Thread 0x0000022f88d15850 DEOPT PACKING pc=0x0000022fed294518 sp=0x000000e772ff7290
Event: 68.888 Thread 0x0000022f88d15850 DEOPT UNPACKING pc=0x0000022ff3bf4e23 sp=0x000000e772ff6790 mode 0
Event: 68.936 Thread 0x0000022f88d15850 DEOPT PACKING pc=0x0000022fed294518 sp=0x000000e772ff7290
Event: 68.936 Thread 0x0000022f88d15850 DEOPT UNPACKING pc=0x0000022ff3bf4e23 sp=0x000000e772ff6790 mode 0
Event: 68.978 Thread 0x0000022f88d15850 DEOPT PACKING pc=0x0000022fed294518 sp=0x000000e772ff7290
Event: 68.978 Thread 0x0000022f88d15850 DEOPT UNPACKING pc=0x0000022ff3bf4e23 sp=0x000000e772ff6790 mode 0
Event: 69.013 Thread 0x0000022f88d15850 DEOPT PACKING pc=0x0000022fed294518 sp=0x000000e772ff7290
Event: 69.013 Thread 0x0000022f88d15850 DEOPT UNPACKING pc=0x0000022ff3bf4e23 sp=0x000000e772ff6790 mode 0
Event: 69.070 Thread 0x0000022f88d15850 DEOPT PACKING pc=0x0000022fed294518 sp=0x000000e772ff7290
Event: 69.070 Thread 0x0000022f88d15850 DEOPT UNPACKING pc=0x0000022ff3bf4e23 sp=0x000000e772ff6790 mode 0
Event: 69.105 Thread 0x0000022f88d15850 DEOPT PACKING pc=0x0000022fed294518 sp=0x000000e772ff7290
Event: 69.105 Thread 0x0000022f88d15850 DEOPT UNPACKING pc=0x0000022ff3bf4e23 sp=0x000000e772ff6790 mode 0
Event: 69.134 Thread 0x0000022f88d15850 DEOPT PACKING pc=0x0000022fed294518 sp=0x000000e772ff7290
Event: 69.135 Thread 0x0000022f88d15850 DEOPT UNPACKING pc=0x0000022ff3bf4e23 sp=0x000000e772ff6790 mode 0

Classes loaded (20 events):
Event: 62.893 Loading class sun/nio/cs/ISO_8859_1$Encoder
Event: 62.893 Loading class sun/nio/cs/ISO_8859_1$Encoder done
Event: 62.893 Loading class sun/nio/cs/Surrogate$Parser
Event: 62.894 Loading class sun/nio/cs/Surrogate$Parser done
Event: 62.894 Loading class sun/nio/cs/Surrogate
Event: 62.894 Loading class sun/nio/cs/Surrogate done
Event: 63.159 Loading class java/lang/ClassBeanInfo
Event: 63.159 Loading class java/lang/ClassBeanInfo done
Event: 63.159 Loading class java/lang/ClassBeanInfo
Event: 63.159 Loading class java/lang/ClassBeanInfo done
Event: 63.160 Loading class java/lang/ClassCustomizer
Event: 63.160 Loading class java/lang/ClassCustomizer done
Event: 63.160 Loading class java/lang/ClassCustomizer
Event: 63.160 Loading class java/lang/ClassCustomizer done
Event: 63.637 Loading class java/util/BitSet$1BitSetSpliterator
Event: 63.637 Loading class java/util/BitSet$1BitSetSpliterator done
Event: 63.680 Loading class java/util/Collections$SynchronizedRandomAccessList
Event: 63.680 Loading class java/util/Collections$SynchronizedList
Event: 63.680 Loading class java/util/Collections$SynchronizedList done
Event: 63.680 Loading class java/util/Collections$SynchronizedRandomAccessList done

Classes unloaded (0 events):
No events

Classes redefined (0 events):
No events

Internal exceptions (20 events):
Event: 63.200 Thread 0x0000022f88d15850 Exception <a 'java/lang/ClassNotFoundException'{0x000000070becb270}: org/gradle/internal/service/scopes/GradleScopeServicesCustomizer> (0x000000070becb270) 
thrown [s\src\hotspot\share\classfile\systemDictionary.cpp, line 312]
Event: 63.319 Thread 0x0000022f88d15850 Exception <a 'java/lang/ClassNotFoundException'{0x000000070bf131c0}: org/gradle/internal/extensibility/DefaultConventionBeanInfo> (0x000000070bf131c0) 
thrown [s\src\hotspot\share\classfile\systemDictionary.cpp, line 312]
Event: 63.322 Thread 0x0000022f88d15850 Exception <a 'java/lang/ClassNotFoundException'{0x000000070bf266d8}: org/gradle/internal/extensibility/DefaultConventionCustomizer> (0x000000070bf266d8) 
thrown [s\src\hotspot\share\classfile\systemDictionary.cpp, line 312]
Event: 63.343 Thread 0x0000022f88d15850 Exception <a 'java/lang/ClassNotFoundException'{0x000000070bfb9750}: com/intellij/gradle/toolingExtension/impl/modelBuilder/ExtraModelBuilderBeanInfo> (0x000000070bfb9750) 
thrown [s\src\hotspot\share\classfile\systemDictionary.cpp, line 312]
Event: 63.343 Thread 0x0000022f88d15850 Exception <a 'java/lang/ClassNotFoundException'{0x000000070bfc4db0}: com/intellij/gradle/toolingExtension/impl/modelBuilder/ExtraModelBuilderCustomizer> (0x000000070bfc4db0) 
thrown [s\src\hotspot\share\classfile\systemDictionary.cpp, line 312]
Event: 63.646 Thread 0x0000022f88d15850 Exception <a 'java/lang/IncompatibleClassChangeError'{0x000000070b3cc7d8}: Found class java.lang.Object, but interface was expected> (0x000000070b3cc7d8) 
thrown [s\src\hotspot\share\interpreter\linkResolver.cpp, line 851]
Event: 63.656 Thread 0x0000022f88d15850 Exception <a 'sun/nio/fs/WindowsException'{0x000000070b3f40e8}> (0x000000070b3f40e8) 
thrown [s\src\hotspot\share\prims\jni.cpp, line 535]
Event: 63.658 Thread 0x0000022f88d15850 Exception <a 'sun/nio/fs/WindowsException'{0x000000070b3f58a8}> (0x000000070b3f58a8) 
thrown [s\src\hotspot\share\prims\jni.cpp, line 535]
Event: 63.658 Thread 0x0000022f88d15850 Exception <a 'sun/nio/fs/WindowsException'{0x000000070b3f7028}> (0x000000070b3f7028) 
thrown [s\src\hotspot\share\prims\jni.cpp, line 535]
Event: 63.660 Thread 0x0000022f88d15850 Exception <a 'sun/nio/fs/WindowsException'{0x000000070b3f87b8}> (0x000000070b3f87b8) 
thrown [s\src\hotspot\share\prims\jni.cpp, line 535]
Event: 63.662 Thread 0x0000022f88d15850 Exception <a 'java/lang/NoSuchMethodError'{0x000000070b0095a0}: 'java.lang.Object java.lang.invoke.Invokers$Holder.invoker(java.lang.Object, java.lang.Object, java.lang.Object, java.lang.Object, java.lang.Object, java.lang.Object)'> (0x000000070b0095a0) 
thrown [s\src\hotspot\share\interpreter\linkResolver.cpp, line 784]
Event: 63.691 Thread 0x0000022f88d15850 Exception <a 'java/lang/NoSuchMethodError'{0x000000070b0e6288}: 'java.lang.Object java.lang.invoke.Invokers$Holder.invoker(java.lang.Object, java.lang.Object, java.lang.Object, java.lang.Object, java.lang.Object)'> (0x000000070b0e6288) 
thrown [s\src\hotspot\share\interpreter\linkResolver.cpp, line 784]
Event: 63.698 Thread 0x0000022f88d15850 Exception <a 'java/lang/NoSuchMethodError'{0x000000070b105658}: 'java.lang.Object java.lang.invoke.DirectMethodHandle$Holder.invokeSpecial(java.lang.Object, java.lang.Object, java.lang.Object, java.lang.Object, java.lang.Object, java.lang.Object, java.lang.Object, java.lang.Object, java.lang.Object, java.lang.Object, java.lang.Object, java.lang.Object, java.lang.Object, java.lang.Object, java.lang.Object, java.lang.Object, java.lang.Object, java.lang.Object, java.lang.Object, java.lang.Object, java.lang.Ob
Event: 63.699 Thread 0x0000022f88d15850 Exception <a 'java/lang/NoSuchMethodError'{0x000000070b10b3f8}: 'java.lang.Object java.lang.invoke.DelegatingMethodHandle$Holder.reinvoke_L(java.lang.Object, java.lang.Object, java.lang.Object, java.lang.Object, java.lang.Object, java.lang.Object, java.lang.Object, java.lang.Object, java.lang.Object, java.lang.Object, java.lang.Object, java.lang.Object, java.lang.Object, java.lang.Object, java.lang.Object, java.lang.Object, java.lang.Object, java.lang.Object, java.lang.Object, java.lang.Object, java.lang.O
Event: 63.699 Thread 0x0000022f88d15850 Exception <a 'java/lang/NoSuchMethodError'{0x000000070b1167a0}: 'java.lang.Object java.lang.invoke.Invokers$Holder.invoker(java.lang.Object, java.lang.Object, java.lang.Object, java.lang.Object, java.lang.Object, java.lang.Object, java.lang.Object, java.lang.Object, java.lang.Object, java.lang.Object, java.lang.Object, java.lang.Object, java.lang.Object, java.lang.Object, java.lang.Object, java.lang.Object, java.lang.Object, java.lang.Object, java.lang.Object, java.lang.Object, java.lang.Object, java.lang.
Event: 63.700 Thread 0x0000022f88d15850 Exception <a 'java/lang/NoSuchMethodError'{0x000000070b11cd10}: 'java.lang.Object java.lang.invoke.DelegatingMethodHandle$Holder.delegate(java.lang.Object, java.lang.Object, java.lang.Object, java.lang.Object, java.lang.Object, java.lang.Object, java.lang.Object, java.lang.Object, java.lang.Object, java.lang.Object, java.lang.Object, java.lang.Object, java.lang.Object, java.lang.Object, java.lang.Object, java.lang.Object, java.lang.Object, java.lang.Object, java.lang.Object, java.lang.Object, java.lang.Obj
Event: 63.916 Thread 0x0000022f88d15850 Exception <a 'sun/nio/fs/WindowsException'{0x000000070a2f3a00}> (0x000000070a2f3a00) 
thrown [s\src\hotspot\share\prims\jni.cpp, line 535]
Event: 63.916 Thread 0x0000022f88d15850 Exception <a 'sun/nio/fs/WindowsException'{0x000000070a2f5298}> (0x000000070a2f5298) 
thrown [s\src\hotspot\share\prims\jni.cpp, line 535]
Event: 63.935 Thread 0x0000022f88d15850 Implicit null exception at 0x0000022ff44da195 to 0x0000022ff44da528
Event: 63.935 Thread 0x0000022f88d15850 Implicit null exception at 0x0000022ff4383940 to 0x0000022ff438402c

ZGC Phase Switch (0 events):
No events

VM Operations (20 events):
Event: 62.826 Executing VM operation: ICBufferFull done
Event: 63.154 Executing VM operation: ICBufferFull
Event: 63.154 Executing VM operation: ICBufferFull done
Event: 64.155 Executing VM operation: Cleanup
Event: 64.157 Executing VM operation: Cleanup done
Event: 64.866 Executing VM operation: G1CollectForAllocation (G1 Evacuation Pause)
Event: 64.927 Executing VM operation: G1CollectForAllocation (G1 Evacuation Pause) done
Event: 65.920 Executing VM operation: G1CollectForAllocation (G1 Evacuation Pause)
Event: 65.940 Executing VM operation: G1CollectForAllocation (G1 Evacuation Pause) done
Event: 66.903 Executing VM operation: G1CollectForAllocation (G1 Evacuation Pause)
Event: 66.948 Executing VM operation: G1CollectForAllocation (G1 Evacuation Pause) done
Event: 67.052 Executing VM operation: G1PauseRemark
Event: 67.100 Executing VM operation: G1PauseRemark done
Event: 67.138 Executing VM operation: G1PauseCleanup
Event: 67.159 Executing VM operation: G1PauseCleanup done
Event: 67.812 Executing VM operation: G1CollectForAllocation (G1 Evacuation Pause)
Event: 67.838 Executing VM operation: G1CollectForAllocation (G1 Evacuation Pause) done
Event: 68.478 Executing VM operation: G1CollectForAllocation (G1 Evacuation Pause)
Event: 68.495 Executing VM operation: G1CollectForAllocation (G1 Evacuation Pause) done
Event: 69.144 Executing VM operation: G1CollectForAllocation (G1 Evacuation Pause)

Events (20 events):
Event: 67.063 Thread 0x0000022ffe7d3d10 flushing nmethod 0x0000022fec780310
Event: 67.063 Thread 0x0000022ffe7d3d10 flushing nmethod 0x0000022fec751f10
Event: 67.063 Thread 0x0000022ffe7d3d10 flushing nmethod 0x0000022fec70ae10
Event: 67.063 Thread 0x0000022ffe7d3d10 flushing nmethod 0x0000022fec6dbf10
Event: 67.063 Thread 0x0000022ffe7d3d10 flushing nmethod 0x0000022fec6c8e10
Event: 67.063 Thread 0x0000022ffe7d3d10 flushing nmethod 0x0000022fec6cbd90
Event: 67.063 Thread 0x0000022ffe7d3d10 flushing nmethod 0x0000022fec6c0710
Event: 67.063 Thread 0x0000022ffe7d3d10 flushing nmethod 0x0000022fec6ab190
Event: 67.063 Thread 0x0000022ffe7d3d10 flushing nmethod 0x0000022fec6a7f10
Event: 67.063 Thread 0x0000022ffe7d3d10 flushing nmethod 0x0000022fec6a7990
Event: 67.063 Thread 0x0000022ffe7d3d10 flushing nmethod 0x0000022fec6a2390
Event: 67.063 Thread 0x0000022ffe7d3d10 flushing nmethod 0x0000022ff44e7010
Event: 67.063 Thread 0x0000022ffe7d3d10 flushing nmethod 0x0000022ff447cf10
Event: 67.063 Thread 0x0000022ffe7d3d10 flushing nmethod 0x0000022ff4444510
Event: 67.063 Thread 0x0000022ffe7d3d10 flushing nmethod 0x0000022ff4408210
Event: 67.063 Thread 0x0000022ffe7d3d10 flushing nmethod 0x0000022ff43e5810
Event: 67.063 Thread 0x0000022ffe7d3d10 flushing nmethod 0x0000022ff43ecf10
Event: 67.063 Thread 0x0000022ffe7d3d10 flushing nmethod 0x0000022ff43a0c90
Event: 67.063 Thread 0x0000022ffe7d3d10 flushing nmethod 0x0000022ff437cf90
Event: 67.063 Thread 0x0000022ffe7d3d10 flushing nmethod 0x0000022ff434a790


Dynamic libraries:
0x00007ff767fa0000 - 0x00007ff767faa000 	C:\Program Files\Android\Android Studio\jbr\bin\java.exe
0x00007ffad7ef0000 - 0x00007ffad8107000 	C:\WINDOWS\SYSTEM32\ntdll.dll
0x00007ffab13c0000 - 0x00007ffab13da000 	C:\Program Files\Avast Software\Avast\aswhook.dll
0x00007ffad71c0000 - 0x00007ffad7284000 	C:\WINDOWS\System32\KERNEL32.DLL
0x00007ffad5530000 - 0x00007ffad5901000 	C:\WINDOWS\System32\KERNELBASE.dll
0x00007ffad5410000 - 0x00007ffad5521000 	C:\WINDOWS\System32\ucrtbase.dll
0x00007ffac2500000 - 0x00007ffac2518000 	C:\Program Files\Android\Android Studio\jbr\bin\jli.dll
0x00007ffad7290000 - 0x00007ffad7441000 	C:\WINDOWS\System32\USER32.dll
0x00007ffad5270000 - 0x00007ffad5296000 	C:\WINDOWS\System32\win32u.dll
0x00007ffad7170000 - 0x00007ffad7199000 	C:\WINDOWS\System32\GDI32.dll
0x00007ffad5030000 - 0x00007ffad514b000 	C:\WINDOWS\System32\gdi32full.dll
0x00007ffad5150000 - 0x00007ffad51ea000 	C:\WINDOWS\System32\msvcp_win.dll
0x00007ffaced80000 - 0x00007ffaced9b000 	C:\Program Files\Android\Android Studio\jbr\bin\VCRUNTIME140.dll
0x00007ffac2700000 - 0x00007ffac2992000 	C:\WINDOWS\WinSxS\amd64_microsoft.windows.common-controls_6595b64144ccf1df_6.0.22621.4830_none_270fe7d773858e80\COMCTL32.dll
0x00007ffad7450000 - 0x00007ffad74f7000 	C:\WINDOWS\System32\msvcrt.dll
0x00007ffad6b50000 - 0x00007ffad6b81000 	C:\WINDOWS\System32\IMM32.DLL
0x00007ffad1a80000 - 0x00007ffad1a8c000 	C:\Program Files\Android\Android Studio\jbr\bin\vcruntime140_1.dll
0x00007ffa93320000 - 0x00007ffa933ad000 	C:\Program Files\Android\Android Studio\jbr\bin\msvcp140.dll
0x00007ffa3b420000 - 0x00007ffa3c09d000 	C:\Program Files\Android\Android Studio\jbr\bin\server\jvm.dll
0x00007ffad6710000 - 0x00007ffad67c1000 	C:\WINDOWS\System32\ADVAPI32.dll
0x00007ffad7690000 - 0x00007ffad7737000 	C:\WINDOWS\System32\sechost.dll
0x00007ffad5910000 - 0x00007ffad5938000 	C:\WINDOWS\System32\bcrypt.dll
0x00007ffad5ce0000 - 0x00007ffad5df4000 	C:\WINDOWS\System32\RPCRT4.dll
0x00007ffad5e00000 - 0x00007ffad5e71000 	C:\WINDOWS\System32\WS2_32.dll
0x00007ffad4f00000 - 0x00007ffad4f4d000 	C:\WINDOWS\SYSTEM32\POWRPROF.dll
0x00007ffac4ea0000 - 0x00007ffac4ed4000 	C:\WINDOWS\SYSTEM32\WINMM.dll
0x00007ffac9c60000 - 0x00007ffac9c6a000 	C:\WINDOWS\SYSTEM32\VERSION.dll
0x00007ffad4ee0000 - 0x00007ffad4ef3000 	C:\WINDOWS\SYSTEM32\UMPDC.dll
0x00007ffad4080000 - 0x00007ffad4098000 	C:\WINDOWS\SYSTEM32\kernel.appcore.dll
0x00007ffac57e0000 - 0x00007ffac57ea000 	C:\Program Files\Android\Android Studio\jbr\bin\jimage.dll
0x00007ffad21f0000 - 0x00007ffad2422000 	C:\WINDOWS\SYSTEM32\DBGHELP.DLL
0x00007ffad6de0000 - 0x00007ffad7170000 	C:\WINDOWS\System32\combase.dll
0x00007ffad77b0000 - 0x00007ffad7887000 	C:\WINDOWS\System32\OLEAUT32.dll
0x00007ffac0de0000 - 0x00007ffac0e12000 	C:\WINDOWS\SYSTEM32\dbgcore.DLL
0x00007ffad5940000 - 0x00007ffad59bb000 	C:\WINDOWS\System32\bcryptPrimitives.dll
0x00007ffac9e60000 - 0x00007ffac9e6e000 	C:\Program Files\Android\Android Studio\jbr\bin\instrument.dll
0x00007ffabe090000 - 0x00007ffabe0af000 	C:\Program Files\Android\Android Studio\jbr\bin\java.dll
0x00007ffabe070000 - 0x00007ffabe088000 	C:\Program Files\Android\Android Studio\jbr\bin\zip.dll
0x00007ffad5e80000 - 0x00007ffad6708000 	C:\WINDOWS\System32\SHELL32.dll
0x00007ffad5a80000 - 0x00007ffad5bbf000 	C:\WINDOWS\System32\wintypes.dll
0x00007ffad2f90000 - 0x00007ffad389d000 	C:\WINDOWS\SYSTEM32\windows.storage.dll
0x00007ffad6c70000 - 0x00007ffad6d7a000 	C:\WINDOWS\System32\SHCORE.dll
0x00007ffad6d80000 - 0x00007ffad6dde000 	C:\WINDOWS\System32\shlwapi.dll
0x00007ffad4f60000 - 0x00007ffad4f8b000 	C:\WINDOWS\SYSTEM32\profapi.dll
0x00007ffac24f0000 - 0x00007ffac2500000 	C:\Program Files\Android\Android Studio\jbr\bin\net.dll
0x00007ffac3e20000 - 0x00007ffac3f4c000 	C:\WINDOWS\SYSTEM32\WINHTTP.dll
0x00007ffad44f0000 - 0x00007ffad455a000 	C:\WINDOWS\system32\mswsock.dll
0x00007ffab73f0000 - 0x00007ffab7406000 	C:\Program Files\Android\Android Studio\jbr\bin\nio.dll
0x00007ffab6000000 - 0x00007ffab6010000 	C:\Program Files\Android\Android Studio\jbr\bin\verify.dll
0x00007ffaa0220000 - 0x00007ffaa0247000 	C:\Users\ofatt\.gradle\native\c067742578af261105cb4f569cf0c3c89f3d7b1fecec35dd04571415982c5e48\windows-amd64\native-platform.dll
0x00007ffa85f10000 - 0x00007ffa86054000 	C:\Users\ofatt\.gradle\native\38dada09dfb8b06ba9b0570ebf7e218e3eb74d4ef43ca46872605cf95ebc2f47\windows-amd64\native-platform-file-events.dll
0x00007ffabde70000 - 0x00007ffabde79000 	C:\Program Files\Android\Android Studio\jbr\bin\management.dll
0x00007ffab6020000 - 0x00007ffab602b000 	C:\Program Files\Android\Android Studio\jbr\bin\management_ext.dll
0x00007ffad7500000 - 0x00007ffad7508000 	C:\WINDOWS\System32\PSAPI.DLL
0x00007ffad4740000 - 0x00007ffad475b000 	C:\WINDOWS\SYSTEM32\CRYPTSP.dll
0x00007ffad3fe0000 - 0x00007ffad4017000 	C:\WINDOWS\system32\rsaenh.dll
0x00007ffad45e0000 - 0x00007ffad4608000 	C:\WINDOWS\SYSTEM32\USERENV.dll
0x00007ffad4760000 - 0x00007ffad476c000 	C:\WINDOWS\SYSTEM32\CRYPTBASE.dll
0x00007ffad3b90000 - 0x00007ffad3bbd000 	C:\WINDOWS\SYSTEM32\IPHLPAPI.DLL
0x00007ffad7890000 - 0x00007ffad7899000 	C:\WINDOWS\System32\NSI.dll
0x00007ffabdea0000 - 0x00007ffabdea9000 	C:\Program Files\Android\Android Studio\jbr\bin\extnet.dll
0x00007ffabdd00000 - 0x00007ffabdd08000 	C:\WINDOWS\system32\wshunix.dll
0x00007ffad4190000 - 0x00007ffad41c4000 	C:\WINDOWS\SYSTEM32\ntmarta.dll

dbghelp: loaded successfully - version: 4.0.5 - missing functions: none
symbol engine: initialized successfully - sym options: 0x614 - pdb path: .;C:\Program Files\Android\Android Studio\jbr\bin;C:\WINDOWS\SYSTEM32;C:\Program Files\Avast Software\Avast;C:\WINDOWS\WinSxS\amd64_microsoft.windows.common-controls_6595b64144ccf1df_6.0.22621.4830_none_270fe7d773858e80;C:\Program Files\Android\Android Studio\jbr\bin\server;C:\Users\ofatt\.gradle\native\c067742578af261105cb4f569cf0c3c89f3d7b1fecec35dd04571415982c5e48\windows-amd64;C:\Users\ofatt\.gradle\native\38dada09dfb8b06ba9b0570ebf7e218e3eb74d4ef43ca46872605cf95ebc2f47\windows-amd64

VM Arguments:
jvm_args: --add-opens=java.base/java.util=ALL-UNNAMED --add-opens=java.base/java.lang=ALL-UNNAMED --add-opens=java.base/java.lang.invoke=ALL-UNNAMED --add-opens=java.prefs/java.util.prefs=ALL-UNNAMED --add-opens=java.base/java.nio.charset=ALL-UNNAMED --add-opens=java.base/java.net=ALL-UNNAMED --add-opens=java.base/java.util.concurrent.atomic=ALL-UNNAMED -Xmx4096m -Dfile.encoding=UTF-8 -Duser.country=ES -Duser.language=es -Duser.variant -javaagent:C:\Users\ofatt\.gradle\wrapper\dists\gradle-8.6-bin\afr5mpiioh2wthjmwnkmdsd5w\gradle-8.6\lib\agents\gradle-instrumentation-agent-8.6.jar 
java_command: org.gradle.launcher.daemon.bootstrap.GradleDaemon 8.6
java_class_path (initial): C:\Users\ofatt\.gradle\wrapper\dists\gradle-8.6-bin\afr5mpiioh2wthjmwnkmdsd5w\gradle-8.6\lib\gradle-launcher-8.6.jar
Launcher Type: SUN_STANDARD

[Global flags]
     intx CICompilerCount                          = 2                                         {product} {ergonomic}
     uint ConcGCThreads                            = 1                                         {product} {ergonomic}
     uint G1ConcRefinementThreads                  = 2                                         {product} {ergonomic}
   size_t G1HeapRegionSize                         = 2097152                                   {product} {ergonomic}
    uintx GCDrainStackTargetSize                   = 64                                        {product} {ergonomic}
   size_t InitialHeapSize                          = 67108864                                  {product} {ergonomic}
   size_t MarkStackSize                            = 4194304                                   {product} {ergonomic}
   size_t MaxHeapSize                              = 4294967296                                {product} {command line}
   size_t MaxNewSize                               = 2575302656                                {product} {ergonomic}
   size_t MinHeapDeltaBytes                        = 2097152                                   {product} {ergonomic}
   size_t MinHeapSize                              = 8388608                                   {product} {ergonomic}
    uintx NonNMethodCodeHeapSize                   = 5826188                                {pd product} {ergonomic}
    uintx NonProfiledCodeHeapSize                  = 122916026                              {pd product} {ergonomic}
    uintx ProfiledCodeHeapSize                     = 122916026                              {pd product} {ergonomic}
    uintx ReservedCodeCacheSize                    = 251658240                              {pd product} {ergonomic}
     bool SegmentedCodeCache                       = true                                      {product} {ergonomic}
   size_t SoftMaxHeapSize                          = 4294967296                             {manageable} {ergonomic}
     bool UseCompressedOops                        = true                           {product lp64_product} {ergonomic}
     bool UseG1GC                                  = true                                      {product} {ergonomic}
     bool UseLargePagesIndividualAllocation        = false                                  {pd product} {ergonomic}

Logging:
Log output configuration:
 #0: stdout all=warning uptime,level,tags foldmultilines=false
 #1: stderr all=off uptime,level,tags foldmultilines=false

Environment Variables:
PATH=C:\Program Files\Common Files\Oracle\Java\javapath;C:\WINDOWS\system32;C:\WINDOWS;C:\WINDOWS\System32\Wbem;C:\WINDOWS\System32\WindowsPowerShell\v1.0\;C:\WINDOWS\System32\OpenSSH\;C:\Program Files (x86)\AutoFirma\AutoFirma;C:\Program Files\GitHub CLI\;C:\Program Files\Git\cmd;C:\Users\ofatt\AppData\Local\Microsoft\WindowsApps;C:\Users\ofatt\AppData\Local\Microsoft\WinGet\Packages\Schniz.fnm_Microsoft.Winget.Source_8wekyb3d8bbwe;C:\Program Files\heroku\bin;C:\Program Files\Java\jdk-23\bin;C:\Program Files\Android\Android Studio\jbr\bin;
USERNAME=ofatt
OS=Windows_NT
PROCESSOR_IDENTIFIER=Intel64 Family 6 Model 142 Stepping 11, GenuineIntel
TMP=C:\Users\ofatt\AppData\Local\Temp
TEMP=C:\Users\ofatt\AppData\Local\Temp




Periodic native trim disabled

JNI global refs:
JNI global refs: 25, weak refs: 36

JNI global refs memory usage: 835, weak refs: 833

Process memory usage:
Resident Set Size: 402700K (9% of 4071668K total physical memory with 299972K free physical memory)

OOME stack traces (most recent first):
Classloader memory used:
Loader org.gradle.internal.classloader.VisitableURLClassLoader                         : 32915K
Loader bootstrap                                                                       : 22686K
Loader org.gradle.initialization.MixInLegacyTypesClassLoader                           : 6015K
Loader org.gradle.internal.classloader.VisitableURLClassLoader                         : 716K
Loader org.gradle.internal.classloader.VisitableURLClassLoader$InstrumentingVisitableURLClassLoader: 567K
Loader jdk.internal.loader.ClassLoaders$PlatformClassLoader                            : 537K
Loader jdk.internal.loader.ClassLoaders$AppClassLoader                                 : 229K
Loader jdk.internal.reflect.DelegatingClassLoader                                      : 151K
Loader org.gradle.groovy.scripts.internal.DefaultScriptCompilationHandler$ScriptClassLoader: 90024B
Loader groovy.lang.GroovyClassLoader$InnerLoader                                       : 46952B
Loader org.codehaus.groovy.runtime.callsite.CallSiteClassLoader                        : 45240B

Classes loaded by more than one classloader:
Class org.gradle.api.GradleException                                                  : loaded 3 times (x 79B)
Class org.gradle.internal.classloader.ClassLoaderHierarchy                            : loaded 2 times (x 67B)
Class org.gradle.api.internal.classpath.ManifestUtil                                  : loaded 2 times (x 68B)
Class org.gradle.internal.operations.MultipleBuildOperationFailures                   : loaded 2 times (x 92B)
Class org.gradle.internal.classloader.DefaultClassLoaderFactory                       : loaded 2 times (x 79B)
Class kotlin.collections.AbstractList$Companion                                       : loaded 2 times (x 68B)
Class org.gradle.internal.classloader.ClassLoaderVisitor                              : loaded 2 times (x 73B)
Class org.gradle.api.internal.classpath.EffectiveClassPath                            : loaded 2 times (x 87B)
Class org.gradle.api.internal.DefaultClassPathProvider                                : loaded 2 times (x 73B)
Class [Lorg.gradle.api.internal.ClassPathProvider;                                    : loaded 2 times (x 66B)
Class org.gradle.api.internal.ClassPathProvider                                       : loaded 2 times (x 67B)
Class org.gradle.internal.service.UnknownServiceException                             : loaded 2 times (x 80B)
Class org.gradle.internal.classpath.TransformedClassPath                              : loaded 2 times (x 93B)
Class kotlin.enums.EnumEntriesList                                                    : loaded 2 times (x 220B)
Class org.gradle.internal.service.ServiceLocator                                      : loaded 2 times (x 67B)
Class org.gradle.internal.InternalTransformer                                         : loaded 2 times (x 67B)
Class org.gradle.internal.time.DefaultTimer                                           : loaded 2 times (x 77B)
Class org.gradle.internal.classloader.ClasspathUtil$1                                 : loaded 2 times (x 73B)
Class ijInit1_26h1dpjaott9ve14j810zytez                                               : loaded 2 times (x 176B)
Class org.gradle.api.internal.classpath.DefaultModuleRegistry$DefaultModule           : loaded 2 times (x 83B)
Class org.gradle.internal.time.DefaultCountdownTimer                                  : loaded 2 times (x 85B)
Class kotlin.Function                                                                 : loaded 2 times (x 67B)
Class org.gradle.api.internal.classpath.Module                                        : loaded 2 times (x 67B)
Class org.gradle.api.internal.classpath.UnknownModuleException                        : loaded 2 times (x 79B)
Class org.gradle.cache.GlobalCache                                                    : loaded 2 times (x 67B)
Class org.gradle.api.internal.DefaultClassPathRegistry                                : loaded 2 times (x 73B)
Class org.gradle.api.internal.ClassPathRegistry                                       : loaded 2 times (x 67B)
Class org.gradle.internal.classpath.DefaultClassPath$ImmutableUniqueList              : loaded 2 times (x 196B)
Class org.gradle.internal.classpath.ClassPath                                         : loaded 2 times (x 67B)
Class org.gradle.api.UncheckedIOException                                             : loaded 2 times (x 79B)
Class kotlin.UninitializedPropertyAccessException                                     : loaded 2 times (x 79B)
Class org.gradle.internal.installation.GradleInstallation$1                           : loaded 2 times (x 72B)
Class org.gradle.api.internal.classpath.ModuleRegistry                                : loaded 2 times (x 67B)
Class org.gradle.api.internal.classpath.DefaultModuleRegistry                         : loaded 2 times (x 83B)
Class org.gradle.internal.time.MonotonicClock                                         : loaded 2 times (x 74B)
Class org.gradle.internal.service.ServiceLookupException                              : loaded 2 times (x 79B)
Class org.gradle.internal.classloader.ClassLoaderFactory                              : loaded 2 times (x 67B)
Class org.gradle.internal.service.CachingServiceLocator                               : loaded 2 times (x 79B)
Class org.gradle.internal.time.TimeSource                                             : loaded 2 times (x 67B)
Class kotlin.enums.EnumEntries                                                        : loaded 2 times (x 67B)
Class org.gradle.internal.exceptions.ResolutionProvider                               : loaded 2 times (x 67B)
Class org.gradle.internal.classloader.ClasspathUtil                                   : loaded 2 times (x 68B)
Class org.gradle.internal.time.TimeSource$1                                           : loaded 2 times (x 74B)
Class org.gradle.api.specs.Spec                                                       : loaded 2 times (x 67B)
Class org.gradle.internal.time.Clock                                                  : loaded 2 times (x 67B)
Class kotlin.collections.AbstractList                                                 : loaded 2 times (x 194B)
Class kotlin.collections.AbstractCollection                                           : loaded 2 times (x 114B)
Class org.gradle.internal.classloader.VisitableURLClassLoader$InstrumentingVisitableURLClassLoader: loaded 2 times (x 120B)
Class sync_studio_tooling2497_apx36cvvgkew7lprlqbdlm7x3$_run_closure1                 : loaded 2 times (x 136B)
Class org.gradle.internal.classloader.VisitableURLClassLoader$Spec                    : loaded 2 times (x 71B)
Class org.gradle.internal.classpath.DefaultClassPath                                  : loaded 2 times (x 87B)
Class org.gradle.internal.classloader.ClassLoaderSpec                                 : loaded 2 times (x 68B)
Class sync_studio_tooling2497_apx36cvvgkew7lprlqbdlm7x3                               : loaded 2 times (x 176B)
Class org.gradle.internal.classloader.VisitableURLClassLoader                         : loaded 2 times (x 114B)
Class org.gradle.internal.Cast                                                        : loaded 2 times (x 68B)
Class org.gradle.api.Action                                                           : loaded 2 times (x 67B)
Class kotlin.jvm.functions.Function1                                                  : loaded 2 times (x 67B)
Class org.gradle.internal.agents.InstrumentingClassLoader                             : loaded 2 times (x 67B)
Class org.gradle.internal.classpath.DefaultClassPath$ImmutableUniqueList$Builder      : loaded 2 times (x 72B)
Class org.gradle.internal.classloader.FilteringClassLoader                            : loaded 2 times (x 102B)
Class org.gradle.internal.exceptions.NonGradleCauseExceptionsHolder                   : loaded 2 times (x 67B)
Class kotlin.enums.EnumEntriesKt                                                      : loaded 2 times (x 68B)
Class org.gradle.internal.IoActions                                                   : loaded 2 times (x 68B)
Class org.gradle.internal.classloader.SystemClassLoaderSpec                           : loaded 2 times (x 68B)
Class org.gradle.internal.exceptions.MultiCauseException                              : loaded 2 times (x 67B)
Class org.gradle.internal.time.CountdownTimer                                         : loaded 2 times (x 67B)
Class kotlin.jvm.internal.Intrinsics                                                  : loaded 2 times (x 68B)
Class org.gradle.tooling.model.ProjectModel                                           : loaded 2 times (x 67B)
Class kotlin.KotlinNullPointerException                                               : loaded 2 times (x 80B)
Class org.gradle.internal.exceptions.DefaultMultiCauseException                       : loaded 2 times (x 92B)
Class org.gradle.internal.time.Time                                                   : loaded 2 times (x 68B)
Class JetGradlePlugin                                                                 : loaded 2 times (x 93B)
Class org.gradle.internal.time.Timer                                                  : loaded 2 times (x 67B)
Class kotlin.jvm.internal.markers.KMappedMarker                                       : loaded 2 times (x 67B)
Class org.gradle.internal.installation.CurrentGradleInstallationLocator               : loaded 2 times (x 68B)
Class org.gradle.internal.service.DefaultServiceLocator                               : loaded 2 times (x 80B)
Class org.gradle.util.GradleVersion                                                   : loaded 2 times (x 80B)
Class org.gradle.internal.installation.CurrentGradleInstallation                      : loaded 2 times (x 70B)
Class org.gradle.util.internal.GUtil                                                  : loaded 2 times (x 68B)
Class org.gradle.internal.installation.GradleInstallation                             : loaded 2 times (x 72B)

---------------  S Y S T E M  ---------------

OS:
 Windows 11 , 64 bit Build 22621 (10.0.22621.4974)
OS uptime: 0 days 9:51 hours

CPU: total 2 (initial active 2) (2 cores per cpu, 1 threads per core) family 6 model 142 stepping 11 microcode 0xde, cx8, cmov, fxsr, mmx, 3dnowpref, sse, sse2, sse3, ssse3, sse4.1, sse4.2, popcnt, lzcnt, tsc, tscinvbit, aes, erms, clmul, clflush, clflushopt, rdtscp
Processor Information for all 2 processors :
  Max Mhz: 1800, Current Mhz: 1800, Mhz Limit: 1800

Memory: 4k page, system-wide physical 3976M (292M free)
TotalPageFile size 16264M (AvailPageFile size 15M)
current process WorkingSet (physical memory assigned to process): 393M, peak: 397M
current process commit charge ("private bytes"): 473M, peak: 525M

vm_info: OpenJDK 64-Bit Server VM (21.0.3+-12282718-b509.11) for windows-amd64 JRE (21.0.3+-12282718-b509.11), built on 2024-08-27T17:34:15Z by "builder" with MS VC++ 16.10 / 16.11 (VS2019)

END.
