#
# There is insufficient memory for the Java Runtime Environment to continue.
# Native memory allocation (malloc) failed to allocate 4888848 bytes. Error detail: Chunk::new
# Possible reasons:
#   The system is out of physical RAM or swap space
#   This process is running with CompressedOops enabled, and the Java Heap may be blocking the growth of the native heap
# Possible solutions:
#   Reduce memory load on the system
#   Increase physical memory or swap space
#   Check if swap backing store is full
#   Decrease Java heap size (-Xmx/-Xms)
#   Decrease number of Java threads
#   Decrease Java thread stack sizes (-Xss)
#   Set larger code cache with -XX:ReservedCodeCacheSize=
#   JVM is running with Zero Based Compressed Oops mode in which the Java heap is
#     placed in the first 32GB address space. The Java Heap base address is the
#     maximum limit for the native heap growth. Please use -XX:HeapBaseMinAddress
#     to set the Java Heap base and to place the Java Heap above 32GB virtual address.
# This output file may be truncated or incomplete.
#
#  Out of Memory Error (arena.cpp:162), pid=18992, tid=16352
#
# JRE version: OpenJDK Runtime Environment (24.0.1+9) (build 24.0.1+9-30)
# Java VM: OpenJDK 64-Bit Server VM (24.0.1+9-30, mixed mode, sharing, tiered, compressed oops, compressed class ptrs, g1 gc, windows-amd64)
# No core dump will be written. Minidumps are not enabled by default on client versions of Windows
#

---------------  S U M M A R Y ------------

Command Line: --add-opens=java.base/java.util=ALL-UNNAMED --add-opens=java.base/java.lang=ALL-UNNAMED --add-opens=java.base/java.lang.invoke=ALL-UNNAMED --add-opens=java.prefs/java.util.prefs=ALL-UNNAMED --add-exports=jdk.compiler/com.sun.tools.javac.api=ALL-UNNAMED --add-exports=jdk.compiler/com.sun.tools.javac.util=ALL-UNNAMED --add-opens=java.base/java.nio.charset=ALL-UNNAMED --add-opens=java.base/java.net=ALL-UNNAMED --add-opens=java.base/java.util.concurrent.atomic=ALL-UNNAMED -Xmx4096m -Dfile.encoding=UTF-8 -Duser.country=ES -Duser.language=es -Duser.variant -javaagent:C:\Users\ofatt\.gradle\wrapper\dists\gradle-8.9-bin\90cnw93cvbtalezasaz0blq0a\gradle-8.9\lib\agents\gradle-instrumentation-agent-8.9.jar org.gradle.launcher.daemon.bootstrap.GradleDaemon 8.9

Host: Intel(R) Celeron(R) CPU 4205U @ 1.80GHz, 2 cores, 3G,  Windows 11 , 64 bit Build 22621 (10.0.22621.5415)
Time: Thu Sep  4 14:30:42 2025 Hora de verano romance elapsed time: 1704.224053 seconds (0d 0h 28m 24s)

---------------  T H R E A D  ---------------

Current thread (0x00000174583f6ac0):  JavaThread "C2 CompilerThread0" daemon [_thread_in_native, id=16352, stack(0x000000649b800000,0x000000649b900000) (1024K)]


Current CompileTask:
C2:1704224 15418       4       org.jetbrains.org.objectweb.asm.ClassReader::readMethod (1061 bytes)

Stack: [0x000000649b800000,0x000000649b900000]
Native frames: (J=compiled Java code, j=interpreted, Vv=VM code, C=native code)
V  [jvm.dll+0x730739]  (no source info available)
V  [jvm.dll+0x8d9b23]  (no source info available)
V  [jvm.dll+0x8dc00d]  (no source info available)
V  [jvm.dll+0x8dc683]  (no source info available)
V  [jvm.dll+0x2aa086]  (no source info available)
V  [jvm.dll+0xcedef]  (no source info available)
V  [jvm.dll+0xcf04f]  (no source info available)
V  [jvm.dll+0x154d83]  (no source info available)
V  [jvm.dll+0x735f5f]  (no source info available)
V  [jvm.dll+0x26fa1c]  (no source info available)
V  [jvm.dll+0x26ea3f]  (no source info available)
V  [jvm.dll+0x1e9d60]  (no source info available)
V  [jvm.dll+0x27e1fb]  (no source info available)
V  [jvm.dll+0x27c49a]  (no source info available)
V  [jvm.dll+0x42f456]  (no source info available)
V  [jvm.dll+0x87d76b]  (no source info available)
V  [jvm.dll+0x72ee55]  (no source info available)
C  [ucrtbase.dll+0x29333]  (no source info available)
C  [KERNEL32.DLL+0x1259d]  (no source info available)
C  [ntdll.dll+0x5af78]  (no source info available)

Lock stack of current Java thread (top to bottom):


---------------  P R O C E S S  ---------------

Threads class SMR info:
_java_thread_list=0x00000174a26e1b00, length=39, elements={
0x0000017439a07b20, 0x00000174583ea390, 0x00000174583ee060, 0x00000174583f1ae0,
0x00000174583f3620, 0x00000174583f5000, 0x00000174583f5b30, 0x00000174583f6ac0,
0x00000174583feb60, 0x000001745864cea0, 0x0000017458698cf0, 0x000001749f670a20,
0x0000017458528020, 0x00000174584f8730, 0x000001749f7a2030, 0x000001749f7a2770,
0x000001749ee9fa00, 0x000001749ee9f2b0, 0x000001749eea0150, 0x000001749ee9e410,
0x000001749ee9eb60, 0x000001749ee9d570, 0x000001749ee9dcc0, 0x000001749fcf9d60,
0x000001749fcfa4b0, 0x000001749fcfac00, 0x000001749fcf3e50, 0x000001749fcfb350,
0x000001749fcf45a0, 0x000001749fcf8770, 0x000001749fcf6a30, 0x000001749fcf4cf0,
0x000001749fcf8ec0, 0x000001749fcf5440, 0x000001749fcf7180, 0x000001749fcf78d0,
0x000001749fcf9610, 0x000001749ffa8ba0, 0x000001749ffa6710
}

Java Threads: ( => current thread )
  0x0000017439a07b20 JavaThread "main"                              [_thread_blocked, id=20960, stack(0x000000649aa00000,0x000000649ab00000) (1024K)]
  0x00000174583ea390 JavaThread "Reference Handler"          daemon [_thread_blocked, id=19240, stack(0x000000649b200000,0x000000649b300000) (1024K)]
  0x00000174583ee060 JavaThread "Finalizer"                  daemon [_thread_blocked, id=16608, stack(0x000000649b300000,0x000000649b400000) (1024K)]
  0x00000174583f1ae0 JavaThread "Signal Dispatcher"          daemon [_thread_blocked, id=16096, stack(0x000000649b400000,0x000000649b500000) (1024K)]
  0x00000174583f3620 JavaThread "Attach Listener"            daemon [_thread_blocked, id=16568, stack(0x000000649b500000,0x000000649b600000) (1024K)]
  0x00000174583f5000 JavaThread "Service Thread"             daemon [_thread_blocked, id=7852, stack(0x000000649b600000,0x000000649b700000) (1024K)]
  0x00000174583f5b30 JavaThread "Monitor Deflation Thread"   daemon [_thread_blocked, id=16764, stack(0x000000649b700000,0x000000649b800000) (1024K)]
=>0x00000174583f6ac0 JavaThread "C2 CompilerThread0"         daemon [_thread_in_native, id=16352, stack(0x000000649b800000,0x000000649b900000) (1024K)]
  0x00000174583feb60 JavaThread "C1 CompilerThread0"         daemon [_thread_blocked, id=21648, stack(0x000000649b900000,0x000000649ba00000) (1024K)]
  0x000001745864cea0 JavaThread "Common-Cleaner"             daemon [_thread_blocked, id=22004, stack(0x000000649ba00000,0x000000649bb00000) (1024K)]
  0x0000017458698cf0 JavaThread "Notification Thread"        daemon [_thread_blocked, id=22924, stack(0x000000649bb00000,0x000000649bc00000) (1024K)]
  0x000001749f670a20 JavaThread "Daemon health stats"               [_thread_blocked, id=4780, stack(0x000000649bd00000,0x000000649be00000) (1024K)]
  0x0000017458528020 JavaThread "Incoming local TCP Connector on port 49908"        [_thread_in_native, id=13300, stack(0x000000649be00000,0x000000649bf00000) (1024K)]
  0x00000174584f8730 JavaThread "Daemon periodic checks"            [_thread_blocked, id=12976, stack(0x000000649bf00000,0x000000649c000000) (1024K)]
  0x000001749f7a2030 JavaThread "Daemon"                            [_thread_blocked, id=17928, stack(0x000000649c000000,0x000000649c100000) (1024K)]
  0x000001749f7a2770 JavaThread "Handler for socket connection from /127.0.0.1:49908 to /127.0.0.1:49909"        [_thread_in_native, id=18584, stack(0x000000649c100000,0x000000649c200000) (1024K)]
  0x000001749ee9fa00 JavaThread "Cancel handler"                    [_thread_blocked, id=13432, stack(0x000000649c200000,0x000000649c300000) (1024K)]
  0x000001749ee9f2b0 JavaThread "Daemon worker"                     [_thread_in_Java, id=22776, stack(0x000000649c300000,0x000000649c400000) (1024K)]
  0x000001749eea0150 JavaThread "Asynchronous log dispatcher for DefaultDaemonConnection: socket connection from /127.0.0.1:49908 to /127.0.0.1:49909"        [_thread_blocked, id=10696, stack(0x000000649c400000,0x000000649c500000) (1024K)]
  0x000001749ee9e410 JavaThread "Stdin handler"                     [_thread_blocked, id=12332, stack(0x000000649c500000,0x000000649c600000) (1024K)]
  0x000001749ee9eb60 JavaThread "Daemon client event forwarder"        [_thread_blocked, id=19804, stack(0x000000649c600000,0x000000649c700000) (1024K)]
  0x000001749ee9d570 JavaThread "Cache worker for journal cache (C:\Users\ofatt\.gradle\caches\journal-1)"        [_thread_blocked, id=21368, stack(0x000000649c700000,0x000000649c800000) (1024K)]
  0x000001749ee9dcc0 JavaThread "File lock request listener"        [_thread_in_native, id=20944, stack(0x000000649c800000,0x000000649c900000) (1024K)]
  0x000001749fcf9d60 JavaThread "Cache worker for file hash cache (C:\Users\ofatt\.gradle\caches\8.9\fileHashes)"        [_thread_blocked, id=15988, stack(0x000000649c900000,0x000000649ca00000) (1024K)]
  0x000001749fcfa4b0 JavaThread "Cache worker for file hash cache (C:\Users\ofatt\AndroidStudioProjects\GameBooster\.gradle\8.9\fileHashes)"        [_thread_blocked, id=13520, stack(0x000000649ca00000,0x000000649cb00000) (1024K)]
  0x000001749fcfac00 JavaThread "Cache worker for Build Output Cleanup Cache (C:\Users\ofatt\AndroidStudioProjects\GameBooster\.gradle\buildOutputCleanup)"        [_thread_blocked, id=8040, stack(0x000000649cb00000,0x000000649cc00000) (1024K)]
  0x000001749fcf3e50 JavaThread "File watcher server"        daemon [_thread_in_native, id=16260, stack(0x000000649cc00000,0x000000649cd00000) (1024K)]
  0x000001749fcfb350 JavaThread "File watcher consumer"      daemon [_thread_blocked, id=22964, stack(0x000000649cd00000,0x000000649ce00000) (1024K)]
  0x000001749fcf45a0 JavaThread "Cache worker for checksums cache (C:\Users\ofatt\AndroidStudioProjects\GameBooster\.gradle\8.9\checksums)"        [_thread_blocked, id=20632, stack(0x000000649ce00000,0x000000649cf00000) (1024K)]
  0x000001749fcf8770 JavaThread "Cache worker for file content cache (C:\Users\ofatt\.gradle\caches\8.9\fileContent)"        [_thread_blocked, id=16824, stack(0x000000649cf00000,0x000000649d000000) (1024K)]
  0x000001749fcf6a30 JavaThread "Cache worker for cache directory md-rule (C:\Users\ofatt\.gradle\caches\8.9\md-rule)"        [_thread_blocked, id=1576, stack(0x000000649d000000,0x000000649d100000) (1024K)]
  0x000001749fcf4cf0 JavaThread "Cache worker for cache directory md-supplier (C:\Users\ofatt\.gradle\caches\8.9\md-supplier)"        [_thread_blocked, id=17340, stack(0x000000649d100000,0x000000649d200000) (1024K)]
  0x000001749fcf8ec0 JavaThread "jar transforms"                    [_thread_blocked, id=11108, stack(0x000000649d200000,0x000000649d300000) (1024K)]
  0x000001749fcf5440 JavaThread "jar transforms Thread 2"           [_thread_blocked, id=17344, stack(0x000000649d300000,0x000000649d400000) (1024K)]
  0x000001749fcf7180 JavaThread "Unconstrained build operations"        [_thread_blocked, id=9480, stack(0x000000649d400000,0x000000649d500000) (1024K)]
  0x000001749fcf78d0 JavaThread "Unconstrained build operations Thread 2"        [_thread_blocked, id=17160, stack(0x000000649d500000,0x000000649d600000) (1024K)]
  0x000001749fcf9610 JavaThread "Unconstrained build operations Thread 3"        [_thread_blocked, id=18044, stack(0x000000649d600000,0x000000649d700000) (1024K)]
  0x000001749ffa8ba0 JavaThread "Memory manager"                    [_thread_blocked, id=7956, stack(0x000000649a700000,0x000000649a800000) (1024K)]
  0x000001749ffa6710 JavaThread "build event listener"              [_thread_blocked, id=20384, stack(0x000000649a800000,0x000000649a900000) (1024K)]
Total: 39

Other Threads:
  0x00000174583db700 VMThread "VM Thread"                           [id=18316, stack(0x000000649b100000,0x000000649b200000) (1024K)]
  0x00000174583c9900 WatcherThread "VM Periodic Task Thread"        [id=23376, stack(0x000000649b000000,0x000000649b100000) (1024K)]
  0x0000017439a6df50 WorkerThread "GC Thread#0"                     [id=13900, stack(0x000000649ab00000,0x000000649ac00000) (1024K)]
  0x000001749e2d8000 WorkerThread "GC Thread#1"                     [id=17972, stack(0x000000649bc00000,0x000000649bd00000) (1024K)]
  0x0000017439a83fb0 ConcurrentGCThread "G1 Main Marker"            [id=17368, stack(0x000000649ac00000,0x000000649ad00000) (1024K)]
  0x0000017439a85c50 WorkerThread "G1 Conc#0"                       [id=9848, stack(0x000000649ad00000,0x000000649ae00000) (1024K)]
  0x00000174582a0090 ConcurrentGCThread "G1 Refine#0"               [id=12592, stack(0x000000649ae00000,0x000000649af00000) (1024K)]
  0x0000017439aaa2a0 ConcurrentGCThread "G1 Service"                [id=15184, stack(0x000000649af00000,0x000000649b000000) (1024K)]
Total: 8

Threads with active compile tasks:
C2 CompilerThread0  1704526 15418       4       org.jetbrains.org.objectweb.asm.ClassReader::readMethod (1061 bytes)
Total: 1

VM state: not at safepoint (normal execution)

VM Mutex/Monitor currently owned by a thread: None

Heap address: 0x0000000700000000, size: 4096 MB, Compressed Oops mode: Zero based, Oop shift amount: 3

CDS archive(s) mapped at: [0x0000017459000000-0x0000017459d40000-0x0000017459d40000), size 13893632, SharedBaseAddress: 0x0000017459000000, ArchiveRelocationMode: 1.
Compressed class space mapped at: 0x000001745a000000-0x000001749a000000, reserved size: 1073741824
UseCompressedClassPointers 1, UseCompactObjectHeaders 0
Narrow klass pointer bits 32, Max shift 3
Narrow klass base: 0x0000017459000000, Narrow klass shift: 0
Encoding Range: [0x0000017459000000 - 0x0000017559000000), (4294967296 bytes)
Klass Range:    [0x0000017459000000 - 0x000001749a000000), (1090519040 bytes)
Klass ID Range:  [8 - 1090519033) (1090519025)

GC Precious Log:
 CardTable entry size: 512
 Card Set container configuration: InlinePtr #cards 4 size 8 Array Of Cards #cards 16 size 48 Howl #buckets 8 coarsen threshold 3686 Howl Bitmap #cards 512 size 80 coarsen threshold 460 Card regions per heap region 1 cards per card region 4096
 CPUs: 2 total, 2 available
 Memory: 3976M
 Large Page Support: Disabled
 NUMA Support: Disabled
 Compressed Oops: Enabled (Zero based)
 Heap Region Size: 2M
 Heap Min Capacity: 8M
 Heap Initial Capacity: 64M
 Heap Max Capacity: 4G
 Pre-touch: Disabled
 Parallel Workers: 2
 Concurrent Workers: 1
 Concurrent Refinement Workers: 2
 Periodic GC: Disabled

Heap:
 garbage-first heap   total reserved 4194304K, committed 399360K, used 187779K [0x0000000700000000, 0x0000000800000000)
  region size 2048K, 14 young (28672K), 3 survivors (6144K)
 Metaspace       used 134312K, committed 136768K, reserved 1179648K
  class space    used 14397K, committed 15552K, reserved 1048576K

Heap Regions: E=young(eden), S=young(survivor), O=old, HS=humongous(starts), HC=humongous(continues), CS=collection set, F=free, TAMS=top-at-mark-start, PB=parsable bottom
|   0|0x0000000700000000, 0x0000000700200000, 0x0000000700200000|100%|HS|  |TAMS 0x0000000700000000| PB 0x0000000700000000| Complete |  0
|   1|0x0000000700200000, 0x0000000700400000, 0x0000000700400000|100%|HC|  |TAMS 0x0000000700200000| PB 0x0000000700200000| Complete |  0
|   2|0x0000000700400000, 0x0000000700600000, 0x0000000700600000|100%| O|  |TAMS 0x0000000700400000| PB 0x0000000700400000| Untracked |  0
|   3|0x0000000700600000, 0x0000000700800000, 0x0000000700800000|100%| O|  |TAMS 0x0000000700600000| PB 0x0000000700600000| Untracked |  0
|   4|0x0000000700800000, 0x0000000700a00000, 0x0000000700a00000|100%| O|  |TAMS 0x0000000700800000| PB 0x0000000700800000| Untracked |  0
|   5|0x0000000700a00000, 0x0000000700c00000, 0x0000000700c00000|100%| O|  |TAMS 0x0000000700a00000| PB 0x0000000700a00000| Untracked |  0
|   6|0x0000000700c00000, 0x0000000700e00000, 0x0000000700e00000|100%| O|  |TAMS 0x0000000700c00000| PB 0x0000000700c00000| Untracked |  0
|   7|0x0000000700e00000, 0x0000000701000000, 0x0000000701000000|100%| O|  |TAMS 0x0000000700e00000| PB 0x0000000700e00000| Untracked |  0
|   8|0x0000000701000000, 0x0000000701200000, 0x0000000701200000|100%| O|  |TAMS 0x0000000701000000| PB 0x0000000701000000| Untracked |  0
|   9|0x0000000701200000, 0x0000000701400000, 0x0000000701400000|100%| O|  |TAMS 0x0000000701200000| PB 0x0000000701200000| Untracked |  0
|  10|0x0000000701400000, 0x0000000701600000, 0x0000000701600000|100%| O|  |TAMS 0x0000000701400000| PB 0x0000000701400000| Untracked |  0
|  11|0x0000000701600000, 0x0000000701800000, 0x0000000701800000|100%| O|  |TAMS 0x0000000701600000| PB 0x0000000701600000| Untracked |  0
|  12|0x0000000701800000, 0x0000000701a00000, 0x0000000701a00000|100%| O|  |TAMS 0x0000000701800000| PB 0x0000000701800000| Untracked |  0
|  13|0x0000000701a00000, 0x0000000701c00000, 0x0000000701c00000|100%| O|  |TAMS 0x0000000701a00000| PB 0x0000000701a00000| Untracked |  0
|  14|0x0000000701c00000, 0x0000000701e00000, 0x0000000701e00000|100%| O|  |TAMS 0x0000000701c00000| PB 0x0000000701c00000| Untracked |  0
|  15|0x0000000701e00000, 0x0000000702000000, 0x0000000702000000|100%| O|  |TAMS 0x0000000701e00000| PB 0x0000000701e00000| Untracked |  0
|  16|0x0000000702000000, 0x0000000702200000, 0x0000000702200000|100%| O|  |TAMS 0x0000000702000000| PB 0x0000000702000000| Untracked |  0
|  17|0x0000000702200000, 0x0000000702400000, 0x0000000702400000|100%| O|  |TAMS 0x0000000702200000| PB 0x0000000702200000| Untracked |  0
|  18|0x0000000702400000, 0x0000000702600000, 0x0000000702600000|100%| O|  |TAMS 0x0000000702400000| PB 0x0000000702400000| Untracked |  0
|  19|0x0000000702600000, 0x0000000702800000, 0x0000000702800000|100%| O|  |TAMS 0x0000000702600000| PB 0x0000000702600000| Untracked |  0
|  20|0x0000000702800000, 0x0000000702a00000, 0x0000000702a00000|100%| O|  |TAMS 0x0000000702800000| PB 0x0000000702800000| Untracked |  0
|  21|0x0000000702a00000, 0x0000000702c00000, 0x0000000702c00000|100%| O|  |TAMS 0x0000000702a00000| PB 0x0000000702a00000| Untracked |  0
|  22|0x0000000702c00000, 0x0000000702e00000, 0x0000000702e00000|100%| O|  |TAMS 0x0000000702c00000| PB 0x0000000702c00000| Untracked |  0
|  23|0x0000000702e00000, 0x0000000703000000, 0x0000000703000000|100%| O|  |TAMS 0x0000000702e00000| PB 0x0000000702e00000| Untracked |  0
|  24|0x0000000703000000, 0x0000000703200000, 0x0000000703200000|100%| O|  |TAMS 0x0000000703000000| PB 0x0000000703000000| Untracked |  0
|  25|0x0000000703200000, 0x0000000703400000, 0x0000000703400000|100%| O|  |TAMS 0x0000000703200000| PB 0x0000000703200000| Untracked |  0
|  26|0x0000000703400000, 0x0000000703600000, 0x0000000703600000|100%| O|  |TAMS 0x0000000703400000| PB 0x0000000703400000| Untracked |  0
|  27|0x0000000703600000, 0x0000000703800000, 0x0000000703800000|100%| O|  |TAMS 0x0000000703600000| PB 0x0000000703600000| Untracked |  0
|  28|0x0000000703800000, 0x0000000703a00000, 0x0000000703a00000|100%| O|  |TAMS 0x0000000703800000| PB 0x0000000703800000| Untracked |  0
|  29|0x0000000703a00000, 0x0000000703c00000, 0x0000000703c00000|100%| O|  |TAMS 0x0000000703a00000| PB 0x0000000703a00000| Untracked |  0
|  30|0x0000000703c00000, 0x0000000703e00000, 0x0000000703e00000|100%| O|  |TAMS 0x0000000703c00000| PB 0x0000000703c00000| Untracked |  0
|  31|0x0000000703e00000, 0x0000000704000000, 0x0000000704000000|100%| O|  |TAMS 0x0000000703e00000| PB 0x0000000703e00000| Untracked |  0
|  32|0x0000000704000000, 0x0000000704200000, 0x0000000704200000|100%| O|  |TAMS 0x0000000704000000| PB 0x0000000704000000| Untracked |  0
|  33|0x0000000704200000, 0x0000000704400000, 0x0000000704400000|100%| O|  |TAMS 0x0000000704200000| PB 0x0000000704200000| Untracked |  0
|  34|0x0000000704400000, 0x0000000704600000, 0x0000000704600000|100%| O|  |TAMS 0x0000000704400000| PB 0x0000000704400000| Untracked |  0
|  35|0x0000000704600000, 0x0000000704800000, 0x0000000704800000|100%| O|  |TAMS 0x0000000704600000| PB 0x0000000704600000| Untracked |  0
|  36|0x0000000704800000, 0x0000000704a00000, 0x0000000704a00000|100%| O|  |TAMS 0x0000000704800000| PB 0x0000000704800000| Untracked |  0
|  37|0x0000000704a00000, 0x0000000704c00000, 0x0000000704c00000|100%| O|  |TAMS 0x0000000704a00000| PB 0x0000000704a00000| Untracked |  0
|  38|0x0000000704c00000, 0x0000000704e00000, 0x0000000704e00000|100%| O|  |TAMS 0x0000000704c00000| PB 0x0000000704c00000| Untracked |  0
|  39|0x0000000704e00000, 0x0000000705000000, 0x0000000705000000|100%| O|  |TAMS 0x0000000704e00000| PB 0x0000000704e00000| Untracked |  0
|  40|0x0000000705000000, 0x0000000705200000, 0x0000000705200000|100%|HS|  |TAMS 0x0000000705000000| PB 0x0000000705000000| Complete |  0
|  41|0x0000000705200000, 0x0000000705400000, 0x0000000705400000|100%|HC|  |TAMS 0x0000000705200000| PB 0x0000000705200000| Complete |  0
|  42|0x0000000705400000, 0x0000000705600000, 0x0000000705600000|100%|HC|  |TAMS 0x0000000705400000| PB 0x0000000705400000| Complete |  0
|  43|0x0000000705600000, 0x0000000705800000, 0x0000000705800000|100%| O|  |TAMS 0x0000000705600000| PB 0x0000000705600000| Untracked |  0
|  44|0x0000000705800000, 0x0000000705a00000, 0x0000000705a00000|100%|HS|  |TAMS 0x0000000705800000| PB 0x0000000705800000| Complete |  0
|  45|0x0000000705a00000, 0x0000000705c00000, 0x0000000705c00000|100%| O|  |TAMS 0x0000000705a00000| PB 0x0000000705a00000| Untracked |  0
|  46|0x0000000705c00000, 0x0000000705e00000, 0x0000000705e00000|100%|HS|  |TAMS 0x0000000705c00000| PB 0x0000000705c00000| Complete |  0
|  47|0x0000000705e00000, 0x0000000706000000, 0x0000000706000000|100%|HC|  |TAMS 0x0000000705e00000| PB 0x0000000705e00000| Complete |  0
|  48|0x0000000706000000, 0x0000000706200000, 0x0000000706200000|100%| O|  |TAMS 0x0000000706000000| PB 0x0000000706000000| Untracked |  0
|  49|0x0000000706200000, 0x0000000706400000, 0x0000000706400000|100%| O|  |TAMS 0x0000000706200000| PB 0x0000000706200000| Untracked |  0
|  50|0x0000000706400000, 0x0000000706600000, 0x0000000706600000|100%| O|  |TAMS 0x0000000706400000| PB 0x0000000706400000| Untracked |  0
|  51|0x0000000706600000, 0x0000000706800000, 0x0000000706800000|100%| O|  |TAMS 0x0000000706600000| PB 0x0000000706600000| Untracked |  0
|  52|0x0000000706800000, 0x0000000706a00000, 0x0000000706a00000|100%| O|  |TAMS 0x0000000706800000| PB 0x0000000706800000| Untracked |  0
|  53|0x0000000706a00000, 0x0000000706a00000, 0x0000000706c00000|  0%| F|  |TAMS 0x0000000706a00000| PB 0x0000000706a00000| Untracked |  0
|  54|0x0000000706c00000, 0x0000000706e00000, 0x0000000706e00000|100%| O|Cm|TAMS 0x0000000706c00000| PB 0x0000000706c00000| Complete |  0
|  55|0x0000000706e00000, 0x0000000706e00000, 0x0000000707000000|  0%| F|  |TAMS 0x0000000706e00000| PB 0x0000000706e00000| Untracked |  0
|  56|0x0000000707000000, 0x0000000707200000, 0x0000000707200000|100%| O|  |TAMS 0x0000000707000000| PB 0x0000000707000000| Untracked |  0
|  57|0x0000000707200000, 0x0000000707400000, 0x0000000707400000|100%| O|  |TAMS 0x0000000707200000| PB 0x0000000707200000| Untracked |  0
|  58|0x0000000707400000, 0x0000000707600000, 0x0000000707600000|100%|HS|  |TAMS 0x0000000707400000| PB 0x0000000707400000| Complete |  0
|  59|0x0000000707600000, 0x0000000707800000, 0x0000000707800000|100%| O|  |TAMS 0x0000000707600000| PB 0x0000000707600000| Untracked |  0
|  60|0x0000000707800000, 0x0000000707a00000, 0x0000000707a00000|100%| O|  |TAMS 0x0000000707800000| PB 0x0000000707800000| Untracked |  0
|  61|0x0000000707a00000, 0x0000000707c00000, 0x0000000707c00000|100%| O|  |TAMS 0x0000000707a00000| PB 0x0000000707a00000| Untracked |  0
|  62|0x0000000707c00000, 0x0000000707e00000, 0x0000000707e00000|100%| O|  |TAMS 0x0000000707c00000| PB 0x0000000707c00000| Untracked |  0
|  63|0x0000000707e00000, 0x0000000708000000, 0x0000000708000000|100%| O|  |TAMS 0x0000000707e00000| PB 0x0000000707e00000| Untracked |  0
|  64|0x0000000708000000, 0x0000000708200000, 0x0000000708200000|100%| O|  |TAMS 0x0000000708000000| PB 0x0000000708000000| Untracked |  0
|  65|0x0000000708200000, 0x0000000708400000, 0x0000000708400000|100%| O|  |TAMS 0x0000000708200000| PB 0x0000000708200000| Untracked |  0
|  66|0x0000000708400000, 0x0000000708600000, 0x0000000708600000|100%| O|  |TAMS 0x0000000708400000| PB 0x0000000708400000| Untracked |  0
|  67|0x0000000708600000, 0x0000000708800000, 0x0000000708800000|100%| O|  |TAMS 0x0000000708600000| PB 0x0000000708600000| Untracked |  0
|  68|0x0000000708800000, 0x0000000708a00000, 0x0000000708a00000|100%|HS|  |TAMS 0x0000000708800000| PB 0x0000000708800000| Complete |  0
|  69|0x0000000708a00000, 0x0000000708c00000, 0x0000000708c00000|100%|HC|  |TAMS 0x0000000708a00000| PB 0x0000000708a00000| Complete |  0
|  70|0x0000000708c00000, 0x0000000708e00000, 0x0000000708e00000|100%| O|  |TAMS 0x0000000708c00000| PB 0x0000000708c00000| Untracked |  0
|  71|0x0000000708e00000, 0x0000000709000000, 0x0000000709000000|100%| O|  |TAMS 0x0000000708e00000| PB 0x0000000708e00000| Untracked |  0
|  72|0x0000000709000000, 0x0000000709200000, 0x0000000709200000|100%| O|  |TAMS 0x0000000709000000| PB 0x0000000709000000| Untracked |  0
|  73|0x0000000709200000, 0x0000000709400000, 0x0000000709400000|100%| O|  |TAMS 0x0000000709200000| PB 0x0000000709200000| Untracked |  0
|  74|0x0000000709400000, 0x0000000709600000, 0x0000000709600000|100%| O|  |TAMS 0x0000000709400000| PB 0x0000000709400000| Untracked |  0
|  75|0x0000000709600000, 0x0000000709800000, 0x0000000709800000|100%| O|  |TAMS 0x0000000709600000| PB 0x0000000709600000| Untracked |  0
|  76|0x0000000709800000, 0x0000000709a00000, 0x0000000709a00000|100%| O|  |TAMS 0x0000000709800000| PB 0x0000000709800000| Untracked |  0
|  77|0x0000000709a00000, 0x0000000709c00000, 0x0000000709c00000|100%| O|  |TAMS 0x0000000709a00000| PB 0x0000000709a00000| Untracked |  0
|  78|0x0000000709c00000, 0x0000000709e00000, 0x0000000709e00000|100%| O|  |TAMS 0x0000000709c00000| PB 0x0000000709c00000| Untracked |  0
|  79|0x0000000709e00000, 0x000000070a000000, 0x000000070a000000|100%| O|  |TAMS 0x0000000709e00000| PB 0x0000000709e00000| Untracked |  0
|  80|0x000000070a000000, 0x000000070a000000, 0x000000070a200000|  0%| F|  |TAMS 0x000000070a000000| PB 0x000000070a000000| Untracked |  0
|  81|0x000000070a200000, 0x000000070a200000, 0x000000070a400000|  0%| F|  |TAMS 0x000000070a200000| PB 0x000000070a200000| Untracked |  0
|  82|0x000000070a400000, 0x000000070a400000, 0x000000070a600000|  0%| F|  |TAMS 0x000000070a400000| PB 0x000000070a400000| Untracked |  0
|  83|0x000000070a600000, 0x000000070a600000, 0x000000070a800000|  0%| F|  |TAMS 0x000000070a600000| PB 0x000000070a600000| Untracked |  0
|  84|0x000000070a800000, 0x000000070a800000, 0x000000070aa00000|  0%| F|  |TAMS 0x000000070a800000| PB 0x000000070a800000| Untracked |  0
|  85|0x000000070aa00000, 0x000000070aa00000, 0x000000070ac00000|  0%| F|  |TAMS 0x000000070aa00000| PB 0x000000070aa00000| Untracked |  0
|  86|0x000000070ac00000, 0x000000070ac00000, 0x000000070ae00000|  0%| F|  |TAMS 0x000000070ac00000| PB 0x000000070ac00000| Untracked |  0
|  87|0x000000070ae00000, 0x000000070ae00000, 0x000000070b000000|  0%| F|  |TAMS 0x000000070ae00000| PB 0x000000070ae00000| Untracked |  0
|  88|0x000000070b000000, 0x000000070b000000, 0x000000070b200000|  0%| F|  |TAMS 0x000000070b000000| PB 0x000000070b000000| Untracked |  0
|  89|0x000000070b200000, 0x000000070b200000, 0x000000070b400000|  0%| F|  |TAMS 0x000000070b200000| PB 0x000000070b200000| Untracked |  0
|  90|0x000000070b400000, 0x000000070b400000, 0x000000070b600000|  0%| F|  |TAMS 0x000000070b400000| PB 0x000000070b400000| Untracked |  0
|  91|0x000000070b600000, 0x000000070b600000, 0x000000070b800000|  0%| F|  |TAMS 0x000000070b600000| PB 0x000000070b600000| Untracked |  0
|  92|0x000000070b800000, 0x000000070b800000, 0x000000070ba00000|  0%| F|  |TAMS 0x000000070b800000| PB 0x000000070b800000| Untracked |  0
|  93|0x000000070ba00000, 0x000000070ba00000, 0x000000070bc00000|  0%| F|  |TAMS 0x000000070ba00000| PB 0x000000070ba00000| Untracked |  0
|  94|0x000000070bc00000, 0x000000070bc00000, 0x000000070be00000|  0%| F|  |TAMS 0x000000070bc00000| PB 0x000000070bc00000| Untracked |  0
|  95|0x000000070be00000, 0x000000070be00000, 0x000000070c000000|  0%| F|  |TAMS 0x000000070be00000| PB 0x000000070be00000| Untracked |  0
|  96|0x000000070c000000, 0x000000070c000000, 0x000000070c200000|  0%| F|  |TAMS 0x000000070c000000| PB 0x000000070c000000| Untracked |  0
|  97|0x000000070c200000, 0x000000070c200000, 0x000000070c400000|  0%| F|  |TAMS 0x000000070c200000| PB 0x000000070c200000| Untracked |  0
|  98|0x000000070c400000, 0x000000070c400000, 0x000000070c600000|  0%| F|  |TAMS 0x000000070c400000| PB 0x000000070c400000| Untracked |  0
|  99|0x000000070c600000, 0x000000070c600000, 0x000000070c800000|  0%| F|  |TAMS 0x000000070c600000| PB 0x000000070c600000| Untracked |  0
| 100|0x000000070c800000, 0x000000070c800000, 0x000000070ca00000|  0%| F|  |TAMS 0x000000070c800000| PB 0x000000070c800000| Untracked |  0
| 101|0x000000070ca00000, 0x000000070ca00000, 0x000000070cc00000|  0%| F|  |TAMS 0x000000070ca00000| PB 0x000000070ca00000| Untracked |  0
| 102|0x000000070cc00000, 0x000000070cd60d00, 0x000000070ce00000| 68%| S|CS|TAMS 0x000000070cc00000| PB 0x000000070cc00000| Complete |  0
| 103|0x000000070ce00000, 0x000000070d000000, 0x000000070d000000|100%| S|CS|TAMS 0x000000070ce00000| PB 0x000000070ce00000| Complete |  0
| 104|0x000000070d000000, 0x000000070d200000, 0x000000070d200000|100%| S|CS|TAMS 0x000000070d000000| PB 0x000000070d000000| Complete |  0
| 105|0x000000070d200000, 0x000000070d200000, 0x000000070d400000|  0%| F|  |TAMS 0x000000070d200000| PB 0x000000070d200000| Untracked |  0
| 106|0x000000070d400000, 0x000000070d400000, 0x000000070d600000|  0%| F|  |TAMS 0x000000070d400000| PB 0x000000070d400000| Untracked |  0
| 107|0x000000070d600000, 0x000000070d600000, 0x000000070d800000|  0%| F|  |TAMS 0x000000070d600000| PB 0x000000070d600000| Untracked |  0
| 108|0x000000070d800000, 0x000000070d800000, 0x000000070da00000|  0%| F|  |TAMS 0x000000070d800000| PB 0x000000070d800000| Untracked |  0
| 109|0x000000070da00000, 0x000000070da00000, 0x000000070dc00000|  0%| F|  |TAMS 0x000000070da00000| PB 0x000000070da00000| Untracked |  0
| 110|0x000000070dc00000, 0x000000070dc00000, 0x000000070de00000|  0%| F|  |TAMS 0x000000070dc00000| PB 0x000000070dc00000| Untracked |  0
| 111|0x000000070de00000, 0x000000070de00000, 0x000000070e000000|  0%| F|  |TAMS 0x000000070de00000| PB 0x000000070de00000| Untracked |  0
| 112|0x000000070e000000, 0x000000070e000000, 0x000000070e200000|  0%| F|  |TAMS 0x000000070e000000| PB 0x000000070e000000| Untracked |  0
| 113|0x000000070e200000, 0x000000070e200000, 0x000000070e400000|  0%| F|  |TAMS 0x000000070e200000| PB 0x000000070e200000| Untracked |  0
| 114|0x000000070e400000, 0x000000070e400000, 0x000000070e600000|  0%| F|  |TAMS 0x000000070e400000| PB 0x000000070e400000| Untracked |  0
| 115|0x000000070e600000, 0x000000070e600000, 0x000000070e800000|  0%| F|  |TAMS 0x000000070e600000| PB 0x000000070e600000| Untracked |  0
| 116|0x000000070e800000, 0x000000070e800000, 0x000000070ea00000|  0%| F|  |TAMS 0x000000070e800000| PB 0x000000070e800000| Untracked |  0
| 117|0x000000070ea00000, 0x000000070ea00000, 0x000000070ec00000|  0%| F|  |TAMS 0x000000070ea00000| PB 0x000000070ea00000| Untracked |  0
| 118|0x000000070ec00000, 0x000000070ec00000, 0x000000070ee00000|  0%| F|  |TAMS 0x000000070ec00000| PB 0x000000070ec00000| Untracked |  0
| 119|0x000000070ee00000, 0x000000070ee00000, 0x000000070f000000|  0%| F|  |TAMS 0x000000070ee00000| PB 0x000000070ee00000| Untracked |  0
| 120|0x000000070f000000, 0x000000070f000000, 0x000000070f200000|  0%| F|  |TAMS 0x000000070f000000| PB 0x000000070f000000| Untracked |  0
| 121|0x000000070f200000, 0x000000070f200000, 0x000000070f400000|  0%| F|  |TAMS 0x000000070f200000| PB 0x000000070f200000| Untracked |  0
| 122|0x000000070f400000, 0x000000070f400000, 0x000000070f600000|  0%| F|  |TAMS 0x000000070f400000| PB 0x000000070f400000| Untracked |  0
| 123|0x000000070f600000, 0x000000070f600000, 0x000000070f800000|  0%| F|  |TAMS 0x000000070f600000| PB 0x000000070f600000| Untracked |  0
| 124|0x000000070f800000, 0x000000070f800000, 0x000000070fa00000|  0%| F|  |TAMS 0x000000070f800000| PB 0x000000070f800000| Untracked |  0
| 125|0x000000070fa00000, 0x000000070fa00000, 0x000000070fc00000|  0%| F|  |TAMS 0x000000070fa00000| PB 0x000000070fa00000| Untracked |  0
| 126|0x000000070fc00000, 0x000000070fc00000, 0x000000070fe00000|  0%| F|  |TAMS 0x000000070fc00000| PB 0x000000070fc00000| Untracked |  0
| 127|0x000000070fe00000, 0x000000070fe00000, 0x0000000710000000|  0%| F|  |TAMS 0x000000070fe00000| PB 0x000000070fe00000| Untracked |  0
| 128|0x0000000710000000, 0x0000000710000000, 0x0000000710200000|  0%| F|  |TAMS 0x0000000710000000| PB 0x0000000710000000| Untracked |  0
| 129|0x0000000710200000, 0x0000000710200000, 0x0000000710400000|  0%| F|  |TAMS 0x0000000710200000| PB 0x0000000710200000| Untracked |  0
| 130|0x0000000710400000, 0x0000000710400000, 0x0000000710600000|  0%| F|  |TAMS 0x0000000710400000| PB 0x0000000710400000| Untracked |  0
| 131|0x0000000710600000, 0x0000000710600000, 0x0000000710800000|  0%| F|  |TAMS 0x0000000710600000| PB 0x0000000710600000| Untracked |  0
| 132|0x0000000710800000, 0x0000000710800000, 0x0000000710a00000|  0%| F|  |TAMS 0x0000000710800000| PB 0x0000000710800000| Untracked |  0
| 133|0x0000000710a00000, 0x0000000710a00000, 0x0000000710c00000|  0%| F|  |TAMS 0x0000000710a00000| PB 0x0000000710a00000| Untracked |  0
| 134|0x0000000710c00000, 0x0000000710c00000, 0x0000000710e00000|  0%| F|  |TAMS 0x0000000710c00000| PB 0x0000000710c00000| Untracked |  0
| 135|0x0000000710e00000, 0x0000000710e00000, 0x0000000711000000|  0%| F|  |TAMS 0x0000000710e00000| PB 0x0000000710e00000| Untracked |  0
| 136|0x0000000711000000, 0x0000000711000000, 0x0000000711200000|  0%| F|  |TAMS 0x0000000711000000| PB 0x0000000711000000| Untracked |  0
| 137|0x0000000711200000, 0x0000000711200000, 0x0000000711400000|  0%| F|  |TAMS 0x0000000711200000| PB 0x0000000711200000| Untracked |  0
| 138|0x0000000711400000, 0x0000000711400000, 0x0000000711600000|  0%| F|  |TAMS 0x0000000711400000| PB 0x0000000711400000| Untracked |  0
| 139|0x0000000711600000, 0x0000000711600000, 0x0000000711800000|  0%| F|  |TAMS 0x0000000711600000| PB 0x0000000711600000| Untracked |  0
| 140|0x0000000711800000, 0x0000000711800000, 0x0000000711a00000|  0%| F|  |TAMS 0x0000000711800000| PB 0x0000000711800000| Untracked |  0
| 141|0x0000000711a00000, 0x0000000711a00000, 0x0000000711c00000|  0%| F|  |TAMS 0x0000000711a00000| PB 0x0000000711a00000| Untracked |  0
| 142|0x0000000711c00000, 0x0000000711c00000, 0x0000000711e00000|  0%| F|  |TAMS 0x0000000711c00000| PB 0x0000000711c00000| Untracked |  0
| 143|0x0000000711e00000, 0x0000000711e00000, 0x0000000712000000|  0%| F|  |TAMS 0x0000000711e00000| PB 0x0000000711e00000| Untracked |  0
| 144|0x0000000712000000, 0x0000000712000000, 0x0000000712200000|  0%| F|  |TAMS 0x0000000712000000| PB 0x0000000712000000| Untracked |  0
| 145|0x0000000712200000, 0x0000000712200000, 0x0000000712400000|  0%| F|  |TAMS 0x0000000712200000| PB 0x0000000712200000| Untracked |  0
| 146|0x0000000712400000, 0x0000000712400000, 0x0000000712600000|  0%| F|  |TAMS 0x0000000712400000| PB 0x0000000712400000| Untracked |  0
| 147|0x0000000712600000, 0x0000000712600000, 0x0000000712800000|  0%| F|  |TAMS 0x0000000712600000| PB 0x0000000712600000| Untracked |  0
| 148|0x0000000712800000, 0x0000000712800000, 0x0000000712a00000|  0%| F|  |TAMS 0x0000000712800000| PB 0x0000000712800000| Untracked |  0
| 149|0x0000000712a00000, 0x0000000712a00000, 0x0000000712c00000|  0%| F|  |TAMS 0x0000000712a00000| PB 0x0000000712a00000| Untracked |  0
| 150|0x0000000712c00000, 0x0000000712c00000, 0x0000000712e00000|  0%| F|  |TAMS 0x0000000712c00000| PB 0x0000000712c00000| Untracked |  0
| 151|0x0000000712e00000, 0x0000000712e00000, 0x0000000713000000|  0%| F|  |TAMS 0x0000000712e00000| PB 0x0000000712e00000| Untracked |  0
| 152|0x0000000713000000, 0x0000000713000000, 0x0000000713200000|  0%| F|  |TAMS 0x0000000713000000| PB 0x0000000713000000| Untracked |  0
| 153|0x0000000713200000, 0x0000000713200000, 0x0000000713400000|  0%| F|  |TAMS 0x0000000713200000| PB 0x0000000713200000| Untracked |  0
| 154|0x0000000713400000, 0x0000000713400000, 0x0000000713600000|  0%| F|  |TAMS 0x0000000713400000| PB 0x0000000713400000| Untracked |  0
| 155|0x0000000713600000, 0x0000000713600000, 0x0000000713800000|  0%| F|  |TAMS 0x0000000713600000| PB 0x0000000713600000| Untracked |  0
| 156|0x0000000713800000, 0x0000000713800000, 0x0000000713a00000|  0%| F|  |TAMS 0x0000000713800000| PB 0x0000000713800000| Untracked |  0
| 157|0x0000000713a00000, 0x0000000713a00000, 0x0000000713c00000|  0%| F|  |TAMS 0x0000000713a00000| PB 0x0000000713a00000| Untracked |  0
| 158|0x0000000713c00000, 0x0000000713c00000, 0x0000000713e00000|  0%| F|  |TAMS 0x0000000713c00000| PB 0x0000000713c00000| Untracked |  0
| 159|0x0000000713e00000, 0x0000000713e00000, 0x0000000714000000|  0%| F|  |TAMS 0x0000000713e00000| PB 0x0000000713e00000| Untracked |  0
| 160|0x0000000714000000, 0x0000000714000000, 0x0000000714200000|  0%| F|  |TAMS 0x0000000714000000| PB 0x0000000714000000| Untracked |  0
| 161|0x0000000714200000, 0x0000000714200000, 0x0000000714400000|  0%| F|  |TAMS 0x0000000714200000| PB 0x0000000714200000| Untracked |  0
| 162|0x0000000714400000, 0x0000000714400000, 0x0000000714600000|  0%| F|  |TAMS 0x0000000714400000| PB 0x0000000714400000| Untracked |  0
| 163|0x0000000714600000, 0x0000000714600000, 0x0000000714800000|  0%| F|  |TAMS 0x0000000714600000| PB 0x0000000714600000| Untracked |  0
| 164|0x0000000714800000, 0x0000000714800000, 0x0000000714a00000|  0%| F|  |TAMS 0x0000000714800000| PB 0x0000000714800000| Untracked |  0
| 165|0x0000000714a00000, 0x0000000714a00000, 0x0000000714c00000|  0%| F|  |TAMS 0x0000000714a00000| PB 0x0000000714a00000| Untracked |  0
| 166|0x0000000714c00000, 0x0000000714c00000, 0x0000000714e00000|  0%| F|  |TAMS 0x0000000714c00000| PB 0x0000000714c00000| Untracked |  0
| 167|0x0000000714e00000, 0x0000000714e00000, 0x0000000715000000|  0%| F|  |TAMS 0x0000000714e00000| PB 0x0000000714e00000| Untracked |  0
| 168|0x0000000715000000, 0x0000000715000000, 0x0000000715200000|  0%| F|  |TAMS 0x0000000715000000| PB 0x0000000715000000| Untracked |  0
| 169|0x0000000715200000, 0x0000000715200000, 0x0000000715400000|  0%| F|  |TAMS 0x0000000715200000| PB 0x0000000715200000| Untracked |  0
| 170|0x0000000715400000, 0x0000000715400000, 0x0000000715600000|  0%| F|  |TAMS 0x0000000715400000| PB 0x0000000715400000| Untracked |  0
| 171|0x0000000715600000, 0x0000000715600000, 0x0000000715800000|  0%| F|  |TAMS 0x0000000715600000| PB 0x0000000715600000| Untracked |  0
| 172|0x0000000715800000, 0x0000000715800000, 0x0000000715a00000|  0%| F|  |TAMS 0x0000000715800000| PB 0x0000000715800000| Untracked |  0
| 173|0x0000000715a00000, 0x0000000715a00000, 0x0000000715c00000|  0%| F|  |TAMS 0x0000000715a00000| PB 0x0000000715a00000| Untracked |  0
| 174|0x0000000715c00000, 0x0000000715c00000, 0x0000000715e00000|  0%| F|  |TAMS 0x0000000715c00000| PB 0x0000000715c00000| Untracked |  0
| 175|0x0000000715e00000, 0x0000000715e00000, 0x0000000716000000|  0%| F|  |TAMS 0x0000000715e00000| PB 0x0000000715e00000| Untracked |  0
| 176|0x0000000716000000, 0x0000000716000000, 0x0000000716200000|  0%| F|  |TAMS 0x0000000716000000| PB 0x0000000716000000| Untracked |  0
| 177|0x0000000716200000, 0x0000000716200000, 0x0000000716400000|  0%| F|  |TAMS 0x0000000716200000| PB 0x0000000716200000| Untracked |  0
| 178|0x0000000716400000, 0x0000000716400000, 0x0000000716600000|  0%| F|  |TAMS 0x0000000716400000| PB 0x0000000716400000| Untracked |  0
| 179|0x0000000716600000, 0x0000000716600000, 0x0000000716800000|  0%| F|  |TAMS 0x0000000716600000| PB 0x0000000716600000| Untracked |  0
| 180|0x0000000716800000, 0x0000000716800000, 0x0000000716a00000|  0%| F|  |TAMS 0x0000000716800000| PB 0x0000000716800000| Untracked |  0
| 181|0x0000000716a00000, 0x0000000716a00000, 0x0000000716c00000|  0%| F|  |TAMS 0x0000000716a00000| PB 0x0000000716a00000| Untracked |  0
| 182|0x0000000716c00000, 0x0000000716c00000, 0x0000000716e00000|  0%| F|  |TAMS 0x0000000716c00000| PB 0x0000000716c00000| Untracked |  0
| 183|0x0000000716e00000, 0x0000000716ea5508, 0x0000000717000000| 32%| E|  |TAMS 0x0000000716e00000| PB 0x0000000716e00000| Complete |  0
| 184|0x0000000717000000, 0x0000000717200000, 0x0000000717200000|100%| E|CS|TAMS 0x0000000717000000| PB 0x0000000717000000| Complete |  0
| 185|0x0000000717200000, 0x0000000717400000, 0x0000000717400000|100%| E|CS|TAMS 0x0000000717200000| PB 0x0000000717200000| Complete |  0
| 186|0x0000000717400000, 0x0000000717600000, 0x0000000717600000|100%| E|CS|TAMS 0x0000000717400000| PB 0x0000000717400000| Complete |  0
| 187|0x0000000717600000, 0x0000000717800000, 0x0000000717800000|100%| E|CS|TAMS 0x0000000717600000| PB 0x0000000717600000| Complete |  0
| 188|0x0000000717800000, 0x0000000717a00000, 0x0000000717a00000|100%| E|CS|TAMS 0x0000000717800000| PB 0x0000000717800000| Complete |  0
| 189|0x0000000717a00000, 0x0000000717c00000, 0x0000000717c00000|100%| E|CS|TAMS 0x0000000717a00000| PB 0x0000000717a00000| Complete |  0
| 190|0x0000000717c00000, 0x0000000717e00000, 0x0000000717e00000|100%| E|CS|TAMS 0x0000000717c00000| PB 0x0000000717c00000| Complete |  0
| 191|0x0000000717e00000, 0x0000000718000000, 0x0000000718000000|100%| E|CS|TAMS 0x0000000717e00000| PB 0x0000000717e00000| Complete |  0
| 192|0x0000000718000000, 0x0000000718200000, 0x0000000718200000|100%| E|CS|TAMS 0x0000000718000000| PB 0x0000000718000000| Complete |  0
|2046|0x00000007ffc00000, 0x00000007ffe00000, 0x00000007ffe00000|100%| O|  |TAMS 0x00000007ffc00000| PB 0x00000007ffc00000| Untracked |  0
|2047|0x00000007ffe00000, 0x0000000800000000, 0x0000000800000000|100%| E|CS|TAMS 0x00000007ffe00000| PB 0x00000007ffe00000| Complete |  0

Card table byte_map: [0x0000017451a90000,0x0000017452290000] _byte_map_base: 0x000001744e290000

Marking Bits: (CMBitMap*) 0x0000017439a6e660
 Bits: [0x0000017452290000, 0x0000017456290000)

Polling page: 0x0000017437830000

Metaspace:

Usage:
  Non-class:    117.11 MB used.
      Class:     14.06 MB used.
       Both:    131.17 MB used.

Virtual space:
  Non-class space:      128.00 MB reserved,     118.38 MB ( 92%) committed,  2 nodes.
      Class space:        1.00 GB reserved,      15.19 MB (  1%) committed,  1 nodes.
             Both:        1.12 GB reserved,     133.56 MB ( 12%) committed. 

Chunk freelists:
   Non-Class:  9.44 MB
       Class:  703.00 KB
        Both:  10.12 MB

MaxMetaspaceSize: unlimited
CompressedClassSpaceSize: 1.00 GB
Initial GC threshold: 21.00 MB
Current GC threshold: 220.88 MB
CDS: on
 - commit_granule_bytes: 65536.
 - commit_granule_words: 8192.
 - virtual_space_node_default_size: 8388608.
 - enlarge_chunks_in_place: 1.
UseCompressedClassPointers 1, UseCompactObjectHeaders 0
Narrow klass pointer bits 32, Max shift 3
Narrow klass base: 0x0000017459000000, Narrow klass shift: 0
Encoding Range: [0x0000017459000000 - 0x0000017559000000), (4294967296 bytes)
Klass Range:    [0x0000017459000000 - 0x000001749a000000), (1090519040 bytes)
Klass ID Range:  [8 - 1090519033) (1090519025)


Internal statistics:

num_allocs_failed_limit: 6.
num_arena_births: 4306.
num_arena_deaths: 0.
num_vsnodes_births: 3.
num_vsnodes_deaths: 0.
num_space_committed: 2135.
num_space_uncommitted: 0.
num_chunks_returned_to_freelist: 6.
num_chunks_taken_from_freelist: 9600.
num_chunk_merges: 6.
num_chunk_splits: 6846.
num_chunks_enlarged: 4903.
num_inconsistent_stats: 0.

CodeHeap 'non-profiled nmethods': size=120128Kb used=6678Kb max_used=6678Kb free=113449Kb
 bounds [0x0000017449d40000, 0x000001744a3d0000, 0x0000017451290000]
CodeHeap 'profiled nmethods': size=120000Kb used=22530Kb max_used=22530Kb free=97469Kb
 bounds [0x0000017442290000, 0x00000174438a0000, 0x00000174497c0000]
CodeHeap 'non-nmethods': size=5632Kb used=2886Kb max_used=2949Kb free=2745Kb
 bounds [0x00000174497c0000, 0x0000017449ac0000, 0x0000017449d40000]
CodeCache: size=245760Kb, used=32094Kb, max_used=32157Kb, free=213663Kb
 total_blobs=14280, nmethods=13110, adapters=1074, full_count=0
Compilation: enabled, stopped_count=0, restarted_count=0

Compilation events (20 events):
Event: 1704.162 Thread 0x00000174583feb60 nmethod 15426 0x0000017443851608 code [0x00000174438517c0, 0x0000017443852028]
Event: 1704.162 Thread 0x00000174583feb60 15427       3       org.jetbrains.kotlin.serialization.deserialization.ClassDeserializer$classes$1::invoke (15 bytes)
Event: 1704.163 Thread 0x00000174583feb60 nmethod 15427 0x0000017443852088 code [0x0000017443852220, 0x00000174438528c0]
Event: 1704.163 Thread 0x00000174583feb60 15428       3       org.jetbrains.kotlin.serialization.deserialization.ClassDeserializer::access$createClass (6 bytes)
Event: 1704.163 Thread 0x00000174583feb60 nmethod 15428 0x0000017443852988 code [0x0000017443852aa0, 0x0000017443852bc0]
Event: 1704.163 Thread 0x00000174583feb60 15429       3       org.jetbrains.kotlin.descriptors.ScopesHolderForClass::<init> (10 bytes)
Event: 1704.164 Thread 0x00000174583feb60 nmethod 15429 0x0000017443852c88 code [0x0000017443852da0, 0x0000017443852ed0]
Event: 1704.173 Thread 0x00000174583feb60 15430       3       org.jetbrains.kotlin.descriptors.TypeParameterUtilsKt::computeConstructorTypeParameters (341 bytes)
Event: 1704.180 Thread 0x00000174583feb60 nmethod 15430 0x0000017443852f88 code [0x00000174438538c0, 0x0000017443859d48]
Event: 1704.181 Thread 0x00000174583feb60 15431       3       org.jetbrains.kotlin.serialization.deserialization.descriptors.DeserializedClassDescriptor::<init> (694 bytes)
Event: 1704.194 Thread 0x00000174583feb60 nmethod 15431 0x0000017443859e08 code [0x000001744385a8e0, 0x0000017443862f70]
Event: 1704.194 Thread 0x00000174583feb60 15432       3       org.jetbrains.kotlin.serialization.deserialization.ProtoEnumFlags::classKind (100 bytes)
Event: 1704.195 Thread 0x00000174583feb60 nmethod 15432 0x0000017443863188 code [0x00000174438632e0, 0x0000017443863750]
Event: 1704.195 Thread 0x00000174583feb60 15433       3       org.jetbrains.kotlin.serialization.deserialization.descriptors.DeserializedClassDescriptor$DeserializedClassTypeConstructor::<init> (50 bytes)
Event: 1704.196 Thread 0x00000174583feb60 nmethod 15433 0x0000017443863788 code [0x0000017443863920, 0x0000017443864328]
Event: 1704.206 Thread 0x00000174583feb60 15434       3       org.jetbrains.kotlin.types.TypeCheckerState$SupertypesPolicy$LowerIfFlexible::transformType (29 bytes)
Event: 1704.207 Thread 0x00000174583feb60 nmethod 15434 0x0000017443864388 code [0x00000174438645a0, 0x00000174438651c0]
Event: 1704.212 Thread 0x00000174583feb60 15435       3       org.jetbrains.kotlin.load.java.lazy.LazyJavaPackageFragmentProvider::collectPackageFragments (22 bytes)
Event: 1704.213 Thread 0x00000174583feb60 nmethod 15435 0x0000017443865288 code [0x0000017443865520, 0x0000017443866650]
Event: 1704.214 Thread 0x00000174583feb60 15436       3       org.jetbrains.kotlin.types.TypeUtils::makeUnsubstitutedType (48 bytes)

GC Heap History (20 events):
Event: 85.403 GC heap before
{Heap before GC invocations=50 (full 0):
 garbage-first heap   total reserved 4194304K, committed 212992K, used 186076K [0x0000000700000000, 0x0000000800000000)
  region size 2048K, 35 young (71680K), 5 survivors (10240K)
 Metaspace       used 109531K, committed 111744K, reserved 1179648K
  class space    used 12025K, committed 13056K, reserved 1048576K
}
Event: 85.441 GC heap after
{Heap after GC invocations=51 (full 0):
 garbage-first heap   total reserved 4194304K, committed 212992K, used 127988K [0x0000000700000000, 0x0000000800000000)
  region size 2048K, 4 young (8192K), 4 survivors (8192K)
 Metaspace       used 109531K, committed 111744K, reserved 1179648K
  class space    used 12025K, committed 13056K, reserved 1048576K
}
Event: 108.655 GC heap before
{Heap before GC invocations=51 (full 0):
 garbage-first heap   total reserved 4194304K, committed 212992K, used 189428K [0x0000000700000000, 0x0000000800000000)
  region size 2048K, 34 young (69632K), 4 survivors (8192K)
 Metaspace       used 115033K, committed 117312K, reserved 1179648K
  class space    used 12500K, committed 13568K, reserved 1048576K
}
Event: 108.723 GC heap after
{Heap after GC invocations=52 (full 0):
 garbage-first heap   total reserved 4194304K, committed 212992K, used 137201K [0x0000000700000000, 0x0000000800000000)
  region size 2048K, 5 young (10240K), 5 survivors (10240K)
 Metaspace       used 115033K, committed 117312K, reserved 1179648K
  class space    used 12500K, committed 13568K, reserved 1048576K
}
Event: 123.726 GC heap before
{Heap before GC invocations=52 (full 0):
 garbage-first heap   total reserved 4194304K, committed 212992K, used 190449K [0x0000000700000000, 0x0000000800000000)
  region size 2048K, 31 young (63488K), 5 survivors (10240K)
 Metaspace       used 120906K, committed 123200K, reserved 1179648K
  class space    used 13051K, committed 14144K, reserved 1048576K
}
Event: 123.760 GC heap after
{Heap after GC invocations=53 (full 0):
 garbage-first heap   total reserved 4194304K, committed 212992K, used 140059K [0x0000000700000000, 0x0000000800000000)
  region size 2048K, 1 young (2048K), 1 survivors (2048K)
 Metaspace       used 120906K, committed 123200K, reserved 1179648K
  class space    used 13051K, committed 14144K, reserved 1048576K
}
Event: 131.876 GC heap before
{Heap before GC invocations=54 (full 0):
 garbage-first heap   total reserved 4194304K, committed 235520K, used 191259K [0x0000000700000000, 0x0000000800000000)
  region size 2048K, 27 young (55296K), 1 survivors (2048K)
 Metaspace       used 124561K, committed 126848K, reserved 1179648K
  class space    used 13409K, committed 14464K, reserved 1048576K
}
Event: 131.895 GC heap after
{Heap after GC invocations=55 (full 0):
 garbage-first heap   total reserved 4194304K, committed 235520K, used 145907K [0x0000000700000000, 0x0000000800000000)
  region size 2048K, 4 young (8192K), 4 survivors (8192K)
 Metaspace       used 124561K, committed 126848K, reserved 1179648K
  class space    used 13409K, committed 14464K, reserved 1048576K
}
Event: 1523.093 GC heap before
{Heap before GC invocations=55 (full 0):
 garbage-first heap   total reserved 4194304K, committed 235520K, used 215539K [0x0000000700000000, 0x0000000800000000)
  region size 2048K, 36 young (73728K), 4 survivors (8192K)
 Metaspace       used 129302K, committed 131648K, reserved 1179648K
  class space    used 13920K, committed 15040K, reserved 1048576K
}
Event: 1523.786 GC heap after
{Heap after GC invocations=56 (full 0):
 garbage-first heap   total reserved 4194304K, committed 235520K, used 152127K [0x0000000700000000, 0x0000000800000000)
  region size 2048K, 2 young (4096K), 2 survivors (4096K)
 Metaspace       used 129302K, committed 131648K, reserved 1179648K
  class space    used 13920K, committed 15040K, reserved 1048576K
}
Event: 1684.747 GC heap before
{Heap before GC invocations=56 (full 0):
 garbage-first heap   total reserved 4194304K, committed 235520K, used 213567K [0x0000000700000000, 0x0000000800000000)
  region size 2048K, 33 young (67584K), 2 survivors (4096K)
 Metaspace       used 132551K, committed 134912K, reserved 1179648K
  class space    used 14263K, committed 15360K, reserved 1048576K
}
Event: 1684.972 GC heap after
{Heap after GC invocations=57 (full 0):
 garbage-first heap   total reserved 4194304K, committed 235520K, used 154461K [0x0000000700000000, 0x0000000800000000)
  region size 2048K, 3 young (6144K), 3 survivors (6144K)
 Metaspace       used 132551K, committed 134912K, reserved 1179648K
  class space    used 14263K, committed 15360K, reserved 1048576K
}
Event: 1690.056 GC heap before
{Heap before GC invocations=58 (full 0):
 garbage-first heap   total reserved 4194304K, committed 260096K, used 187229K [0x0000000700000000, 0x0000000800000000)
  region size 2048K, 19 young (38912K), 3 survivors (6144K)
 Metaspace       used 133530K, committed 135936K, reserved 1179648K
  class space    used 14373K, committed 15488K, reserved 1048576K
}
Event: 1690.176 GC heap after
{Heap after GC invocations=59 (full 0):
 garbage-first heap   total reserved 4194304K, committed 260096K, used 158233K [0x0000000700000000, 0x0000000800000000)
  region size 2048K, 3 young (6144K), 3 survivors (6144K)
 Metaspace       used 133530K, committed 135936K, reserved 1179648K
  class space    used 14373K, committed 15488K, reserved 1048576K
}
Event: 1696.395 GC heap before
{Heap before GC invocations=59 (full 0):
 garbage-first heap   total reserved 4194304K, committed 260096K, used 197145K [0x0000000700000000, 0x0000000800000000)
  region size 2048K, 23 young (47104K), 3 survivors (6144K)
 Metaspace       used 133653K, committed 136064K, reserved 1179648K
  class space    used 14373K, committed 15488K, reserved 1048576K
}
Event: 1696.729 GC heap after
{Heap after GC invocations=60 (full 0):
 garbage-first heap   total reserved 4194304K, committed 260096K, used 163547K [0x0000000700000000, 0x0000000800000000)
  region size 2048K, 3 young (6144K), 3 survivors (6144K)
 Metaspace       used 133653K, committed 136064K, reserved 1179648K
  class space    used 14373K, committed 15488K, reserved 1048576K
}
Event: 1698.253 GC heap before
{Heap before GC invocations=60 (full 0):
 garbage-first heap   total reserved 4194304K, committed 260096K, used 181979K [0x0000000700000000, 0x0000000800000000)
  region size 2048K, 12 young (24576K), 3 survivors (6144K)
 Metaspace       used 133669K, committed 136128K, reserved 1179648K
  class space    used 14373K, committed 15488K, reserved 1048576K
}
Event: 1698.414 GC heap after
{Heap after GC invocations=61 (full 0):
 garbage-first heap   total reserved 4194304K, committed 260096K, used 164130K [0x0000000700000000, 0x0000000800000000)
  region size 2048K, 1 young (2048K), 1 survivors (2048K)
 Metaspace       used 133669K, committed 136128K, reserved 1179648K
  class space    used 14373K, committed 15488K, reserved 1048576K
}
Event: 1703.008 GC heap before
{Heap before GC invocations=61 (full 0):
 garbage-first heap   total reserved 4194304K, committed 260096K, used 205090K [0x0000000700000000, 0x0000000800000000)
  region size 2048K, 21 young (43008K), 1 survivors (2048K)
 Metaspace       used 133889K, committed 136320K, reserved 1179648K
  class space    used 14373K, committed 15488K, reserved 1048576K
}
Event: 1703.037 GC heap after
{Heap after GC invocations=62 (full 0):
 garbage-first heap   total reserved 4194304K, committed 399360K, used 167299K [0x0000000700000000, 0x0000000800000000)
  region size 2048K, 3 young (6144K), 3 survivors (6144K)
 Metaspace       used 133889K, committed 136320K, reserved 1179648K
  class space    used 14373K, committed 15488K, reserved 1048576K
}

Dll operation events (15 events):
Event: 0.058 Loaded shared library C:\Users\ofatt\.jdks\openjdk-24.0.1\bin\java.dll
Event: 0.187 Loaded shared library C:\Users\ofatt\.jdks\openjdk-24.0.1\bin\jsvml.dll
Event: 0.360 Loaded shared library C:\Users\ofatt\.jdks\openjdk-24.0.1\bin\zip.dll
Event: 0.372 Loaded shared library C:\Users\ofatt\.jdks\openjdk-24.0.1\bin\instrument.dll
Event: 0.386 Loaded shared library C:\Users\ofatt\.jdks\openjdk-24.0.1\bin\net.dll
Event: 0.394 Loaded shared library C:\Users\ofatt\.jdks\openjdk-24.0.1\bin\nio.dll
Event: 0.403 Loaded shared library C:\Users\ofatt\.jdks\openjdk-24.0.1\bin\zip.dll
Event: 1.506 Loaded shared library C:\Users\ofatt\.jdks\openjdk-24.0.1\bin\jimage.dll
Event: 1.785 Loaded shared library C:\Users\ofatt\.jdks\openjdk-24.0.1\bin\verify.dll
Event: 2.200 Loaded shared library C:\Users\ofatt\.gradle\native\c067742578af261105cb4f569cf0c3c89f3d7b1fecec35dd04571415982c5e48\windows-amd64\native-platform.dll
Event: 2.217 Loaded shared library C:\Users\ofatt\.gradle\native\100fb08df4bc3b14c8652ba06237920a3bd2aa13389f12d3474272988ae205f9\windows-amd64\native-platform-file-events.dll
Event: 5.032 Loaded shared library C:\Users\ofatt\.jdks\openjdk-24.0.1\bin\management.dll
Event: 5.049 Loaded shared library C:\Users\ofatt\.jdks\openjdk-24.0.1\bin\management_ext.dll
Event: 5.720 Loaded shared library C:\Users\ofatt\.jdks\openjdk-24.0.1\bin\extnet.dll
Event: 6.022 Loaded shared library C:\Users\ofatt\.jdks\openjdk-24.0.1\bin\sunmscapi.dll

Deoptimization events (20 events):
Event: 1701.296 Thread 0x000001749ee9f2b0 DEOPT PACKING pc=0x0000017443125111 sp=0x000000649c3f49d0
Event: 1701.296 Thread 0x000001749ee9f2b0 DEOPT UNPACKING pc=0x0000017449815783 sp=0x000000649c3f3e70 mode 0
Event: 1701.301 Thread 0x000001749ee9f2b0 DEOPT PACKING pc=0x00000174430150ae sp=0x000000649c3f3850
Event: 1701.301 Thread 0x000001749ee9f2b0 DEOPT UNPACKING pc=0x0000017449815783 sp=0x000000649c3f2d10 mode 0
Event: 1704.078 Thread 0x000001749ee9f2b0 Uncommon trap: trap_request=0xffffff76 fr.pc=0x000001744a35166c relative=0x000000000000368c
Event: 1704.078 Thread 0x000001749ee9f2b0 Uncommon trap: reason=predicate action=maybe_recompile pc=0x000001744a35166c method=org.jetbrains.org.objectweb.asm.ClassReader.readMethod(Lorg/jetbrains/org/objectweb/asm/ClassVisitor;Lorg/jetbrains/org/objectweb/asm/Context;I)I @ 776 c2
Event: 1704.078 Thread 0x000001749ee9f2b0 DEOPT PACKING pc=0x000001744a35166c sp=0x000000649c3f1990
Event: 1704.078 Thread 0x000001749ee9f2b0 DEOPT UNPACKING pc=0x00000174498d167c sp=0x000000649c3f1968 mode 2
Event: 1704.088 Thread 0x000001749ee9f2b0 Uncommon trap: trap_request=0xffffffde fr.pc=0x000001744a1ca2c8 relative=0x0000000000001188
Event: 1704.088 Thread 0x000001749ee9f2b0 Uncommon trap: reason=class_check action=maybe_recompile pc=0x000001744a1ca2c8 method=org.jetbrains.org.objectweb.asm.ClassReader.readElementValue(Lorg/jetbrains/org/objectweb/asm/AnnotationVisitor;ILjava/lang/String;[C)I @ 556 c2
Event: 1704.088 Thread 0x000001749ee9f2b0 DEOPT PACKING pc=0x000001744a1ca2c8 sp=0x000000649c3f18a0
Event: 1704.088 Thread 0x000001749ee9f2b0 DEOPT UNPACKING pc=0x00000174498d167c sp=0x000000649c3f17e8 mode 2
Event: 1704.136 Thread 0x000001749ee9f2b0 Uncommon trap: trap_request=0xffffffde fr.pc=0x000001744a1ca66c relative=0x000000000000152c
Event: 1704.137 Thread 0x000001749ee9f2b0 Uncommon trap: reason=class_check action=maybe_recompile pc=0x000001744a1ca66c method=org.jetbrains.org.objectweb.asm.ClassReader.readElementValue(Lorg/jetbrains/org/objectweb/asm/AnnotationVisitor;ILjava/lang/String;[C)I @ 593 c2
Event: 1704.137 Thread 0x000001749ee9f2b0 DEOPT PACKING pc=0x000001744a1ca66c sp=0x000000649c3f1740
Event: 1704.137 Thread 0x000001749ee9f2b0 DEOPT UNPACKING pc=0x00000174498d167c sp=0x000000649c3f1690 mode 2
Event: 1704.140 Thread 0x000001749ee9f2b0 Uncommon trap: trap_request=0xffffffde fr.pc=0x000001744a1ca2c8 relative=0x0000000000001188
Event: 1704.140 Thread 0x000001749ee9f2b0 Uncommon trap: reason=class_check action=maybe_recompile pc=0x000001744a1ca2c8 method=org.jetbrains.org.objectweb.asm.ClassReader.readElementValue(Lorg/jetbrains/org/objectweb/asm/AnnotationVisitor;ILjava/lang/String;[C)I @ 556 c2
Event: 1704.140 Thread 0x000001749ee9f2b0 DEOPT PACKING pc=0x000001744a1ca2c8 sp=0x000000649c3f18a0
Event: 1704.140 Thread 0x000001749ee9f2b0 DEOPT UNPACKING pc=0x00000174498d167c sp=0x000000649c3f17e8 mode 2

Classes loaded (20 events):
Event: 145.169 Loading class jdk/jfr/FlightRecorderListener done
Event: 145.169 Loading class jdk/management/jfr/FlightRecorderMXBeanImpl$MXBeanListener done
Event: 146.216 Loading class java/time/format/DateTimeFormatterBuilder$WeekBasedFieldPrinterParser
Event: 146.220 Loading class java/time/format/DateTimeFormatterBuilder$WeekBasedFieldPrinterParser done
Event: 146.870 Loading class com/sun/jmx/mbeanserver/StandardMBeanSupport
Event: 146.873 Loading class com/sun/jmx/mbeanserver/StandardMBeanSupport done
Event: 146.873 Loading class com/sun/jmx/mbeanserver/StandardMBeanIntrospector
Event: 146.875 Loading class com/sun/jmx/mbeanserver/StandardMBeanIntrospector done
Event: 148.353 Loading class sun/reflect/misc/MethodUtil
Event: 148.355 Loading class sun/reflect/misc/MethodUtil done
Event: 148.356 Loading class sun/reflect/misc/MethodUtil$1
Event: 148.359 Loading class sun/reflect/misc/MethodUtil$1 done
Event: 1685.382 Loading class java/util/TreeMap$EntrySpliterator
Event: 1685.390 Loading class java/util/TreeMap$TreeMapSpliterator
Event: 1685.391 Loading class java/util/TreeMap$TreeMapSpliterator done
Event: 1685.392 Loading class java/util/TreeMap$EntrySpliterator done
Event: 1685.828 Loading class java/util/Spliterators$IntArraySpliterator
Event: 1685.828 Loading class java/util/Spliterators$IntArraySpliterator done
Event: 1685.844 Loading class java/text/ParsePosition
Event: 1685.846 Loading class java/text/ParsePosition done

Classes unloaded (0 events):
No events

Classes redefined (0 events):
No events

Internal exceptions (20 events):
Event: 1685.232 Thread 0x000001749ee9f2b0 Exception <a 'java/lang/ClassNotFoundException'{0x00000007ffeafaa0}: org/gradle/api/internal/plugins/NaggingBasePluginConventionCustomizer> (0x00000007ffeafaa0) 
thrown [s\open\src\hotspot\share\classfile\systemDictionary.cpp, line 327]
Event: 1685.374 Thread 0x000001749ee9f2b0 Exception <a 'java/lang/IncompatibleClassChangeError'{0x00000007ffecadc8}: Found class java.lang.Object, but interface was expected> (0x00000007ffecadc8) 
thrown [s\open\src\hotspot\share\interpreter\linkResolver.cpp, line 872]
Event: 1685.719 Thread 0x000001749ee9f2b0 Exception <a 'java/lang/IncompatibleClassChangeError'{0x00000007fffe43d8}: Found class java.lang.Object, but interface was expected> (0x00000007fffe43d8) 
thrown [s\open\src\hotspot\share\interpreter\linkResolver.cpp, line 872]
Event: 1686.144 Thread 0x000001749ee9f2b0 Exception <a 'java/lang/ClassNotFoundException'{0x000000070e1acce0}: org/gradle/api/internal/project/DefaultAntBuilderBeanInfo> (0x000000070e1acce0) 
thrown [s\open\src\hotspot\share\classfile\systemDictionary.cpp, line 327]
Event: 1686.149 Thread 0x000001749ee9f2b0 Exception <a 'java/lang/ClassNotFoundException'{0x000000070e1c1948}: org/gradle/api/internal/project/ant/BasicAntBuilderBeanInfo> (0x000000070e1c1948) 
thrown [s\open\src\hotspot\share\classfile\systemDictionary.cpp, line 327]
Event: 1686.163 Thread 0x000001749ee9f2b0 Exception <a 'java/lang/ClassNotFoundException'{0x000000070e1d6598}: org/gradle/api/AntBuilderBeanInfo> (0x000000070e1d6598) 
thrown [s\open\src\hotspot\share\classfile\systemDictionary.cpp, line 327]
Event: 1686.175 Thread 0x000001749ee9f2b0 Exception <a 'java/lang/ClassNotFoundException'{0x000000070e1eb188}: groovy/ant/AntBuilderBeanInfo> (0x000000070e1eb188) 
thrown [s\open\src\hotspot\share\classfile\systemDictionary.cpp, line 327]
Event: 1686.188 Thread 0x000001749ee9f2b0 Exception <a 'java/lang/ClassNotFoundException'{0x000000070de0a000}: groovy/util/BuilderSupportBeanInfo> (0x000000070de0a000) 
thrown [s\open\src\hotspot\share\classfile\systemDictionary.cpp, line 327]
Event: 1686.197 Thread 0x000001749ee9f2b0 Exception <a 'java/lang/ClassNotFoundException'{0x000000070de1ec68}: groovy/util/BuilderSupportCustomizer> (0x000000070de1ec68) 
thrown [s\open\src\hotspot\share\classfile\systemDictionary.cpp, line 327]
Event: 1686.205 Thread 0x000001749ee9f2b0 Exception <a 'java/lang/ClassNotFoundException'{0x000000070de35e88}: groovy/ant/AntBuilderCustomizer> (0x000000070de35e88) 
thrown [s\open\src\hotspot\share\classfile\systemDictionary.cpp, line 327]
Event: 1686.223 Thread 0x000001749ee9f2b0 Exception <a 'java/lang/ClassNotFoundException'{0x000000070de4f5a8}: org/gradle/api/AntBuilderCustomizer> (0x000000070de4f5a8) 
thrown [s\open\src\hotspot\share\classfile\systemDictionary.cpp, line 327]
Event: 1686.233 Thread 0x000001749ee9f2b0 Exception <a 'java/lang/ClassNotFoundException'{0x000000070de6f528}: org/gradle/api/internal/project/ant/BasicAntBuilderCustomizer> (0x000000070de6f528) 
thrown [s\open\src\hotspot\share\classfile\systemDictionary.cpp, line 327]
Event: 1686.244 Thread 0x000001749ee9f2b0 Exception <a 'java/lang/ClassNotFoundException'{0x000000070de963b0}: org/gradle/api/internal/project/DefaultAntBuilderCustomizer> (0x000000070de963b0) 
thrown [s\open\src\hotspot\share\classfile\systemDictionary.cpp, line 327]
Event: 1687.779 Thread 0x000001749ee9f2b0 Exception <a 'java/lang/NoSuchMethodError'{0x000000070dd7ff48}: 'int java.lang.invoke.DirectMethodHandle$Holder.invokeSpecialIFC(java.lang.Object, java.lang.Object, java.lang.Object, java.lang.Object, java.lang.Object)'> (0x000000070dd7ff48) 
thrown [s\open\src\hotspot\share\interpreter\linkResolver.cpp, line 805]
Event: 1688.539 Thread 0x000001749ee9f2b0 Implicit null exception at 0x0000017449f414c0 to 0x0000017449f43180
Event: 1688.572 Thread 0x000001749ee9f2b0 Implicit null exception at 0x0000017449f2f66c to 0x0000017449f2f928
Event: 1690.585 Thread 0x000001749ee9f2b0 Exception <a 'sun/nio/fs/WindowsException'{0x000000070f5c8990}> (0x000000070f5c8990) 
thrown [s\open\src\hotspot\share\prims\jni.cpp, line 518]
Event: 1690.586 Thread 0x000001749ee9f2b0 Exception <a 'sun/nio/fs/WindowsException'{0x000000070f5ca4a8}> (0x000000070f5ca4a8) 
thrown [s\open\src\hotspot\share\prims\jni.cpp, line 518]
Event: 1703.945 Thread 0x000001749ee9f2b0 Exception <a 'java/lang/IncompatibleClassChangeError'{0x000000071720c590}: Found class java.lang.Object, but interface was expected> (0x000000071720c590) 
thrown [s\open\src\hotspot\share\interpreter\linkResolver.cpp, line 872]
Event: 1704.012 Thread 0x000001749ee9f2b0 Exception <a 'java/lang/NoSuchMethodError'{0x000000071725fb20}: 'int java.lang.invoke.DirectMethodHandle$Holder.invokeStaticInit(java.lang.Object, int)'> (0x000000071725fb20) 
thrown [s\open\src\hotspot\share\interpreter\linkResolver.cpp, line 805]

VM Operations (20 events):
Event: 1636.727 Executing VM operation: RendezvousGCThreads
Event: 1636.727 Executing VM operation: RendezvousGCThreads done
Event: 1684.745 Executing VM operation: G1CollectForAllocation (G1 Evacuation Pause)
Event: 1684.972 Executing VM operation: G1CollectForAllocation (G1 Evacuation Pause) done
Event: 1686.865 Executing VM operation: G1PauseRemark
Event: 1687.439 Executing VM operation: G1PauseRemark done
Event: 1687.580 Executing VM operation: G1PauseCleanup
Event: 1687.580 Executing VM operation: G1PauseCleanup done
Event: 1690.056 Executing VM operation: G1CollectForAllocation (G1 Evacuation Pause)
Event: 1690.176 Executing VM operation: G1CollectForAllocation (G1 Evacuation Pause) done
Event: 1696.395 Executing VM operation: G1CollectForAllocation (G1 Evacuation Pause)
Event: 1696.729 Executing VM operation: G1CollectForAllocation (G1 Evacuation Pause) done
Event: 1696.776 Executing VM operation: HandshakeAllThreads (HandshakeForDeflation)
Event: 1697.342 Executing VM operation: HandshakeAllThreads (HandshakeForDeflation) done
Event: 1697.342 Executing VM operation: RendezvousGCThreads
Event: 1697.342 Executing VM operation: RendezvousGCThreads done
Event: 1698.253 Executing VM operation: G1CollectForAllocation (G1 Evacuation Pause)
Event: 1698.414 Executing VM operation: G1CollectForAllocation (G1 Evacuation Pause) done
Event: 1703.008 Executing VM operation: G1CollectForAllocation (G1 Evacuation Pause)
Event: 1703.037 Executing VM operation: G1CollectForAllocation (G1 Evacuation Pause) done

Memory protections (0 events):
No events

Nmethod flushes (20 events):
Event: 1687.426 Thread 0x00000174583db700 flushing osr nmethod 0x0000017442bfb488
Event: 1687.427 Thread 0x00000174583db700 flushing  nmethod 0x0000017442c3d708
Event: 1687.427 Thread 0x00000174583db700 flushing  nmethod 0x0000017442c63a08
Event: 1687.427 Thread 0x00000174583db700 flushing  nmethod 0x0000017442c64388
Event: 1687.427 Thread 0x00000174583db700 flushing  nmethod 0x0000017442d1a108
Event: 1687.427 Thread 0x00000174583db700 flushing  nmethod 0x0000017442d1f408
Event: 1687.427 Thread 0x00000174583db700 flushing  nmethod 0x0000017442d38588
Event: 1687.427 Thread 0x00000174583db700 flushing  nmethod 0x0000017442d4c908
Event: 1687.428 Thread 0x00000174583db700 flushing  nmethod 0x0000017442d4d508
Event: 1687.428 Thread 0x00000174583db700 flushing  nmethod 0x0000017442f4d788
Event: 1687.428 Thread 0x00000174583db700 flushing  nmethod 0x000001744305c788
Event: 1687.428 Thread 0x00000174583db700 flushing  nmethod 0x000001744311a988
Event: 1687.428 Thread 0x00000174583db700 flushing  nmethod 0x00000174432b7088
Event: 1687.428 Thread 0x00000174583db700 flushing  nmethod 0x00000174432c1d88
Event: 1687.428 Thread 0x00000174583db700 flushing  nmethod 0x000001744336ed88
Event: 1687.428 Thread 0x00000174583db700 flushing  nmethod 0x0000017443399488
Event: 1687.428 Thread 0x00000174583db700 flushing  nmethod 0x00000174433dd208
Event: 1687.428 Thread 0x00000174583db700 flushing  nmethod 0x000001744340c088
Event: 1687.428 Thread 0x00000174583db700 flushing  nmethod 0x0000017443491d88
Event: 1687.428 Thread 0x00000174583db700 flushing  nmethod 0x00000174434a0108

Events (20 events):
Event: 6.281 Thread 0x000001749ee9f2b0 Thread added: 0x000001749ee9e410
Event: 6.292 Thread 0x000001749ee9f2b0 Thread added: 0x000001749ee9eb60
Event: 7.404 Thread 0x000001749ee9f2b0 Thread added: 0x000001749ee9d570
Event: 7.450 Thread 0x000001749ee9f2b0 Thread added: 0x000001749ee9dcc0
Event: 7.522 Thread 0x000001749ee9f2b0 Thread added: 0x000001749fcf9d60
Event: 11.812 Thread 0x000001749ee9f2b0 Thread added: 0x000001749fcfa4b0
Event: 11.846 Thread 0x000001749ee9f2b0 Thread added: 0x000001749fcfac00
Event: 12.409 Thread 0x000001749ee9f2b0 Thread added: 0x000001749fcf3e50
Event: 12.424 Thread 0x000001749ee9f2b0 Thread added: 0x000001749fcfb350
Event: 13.115 Thread 0x000001749ee9f2b0 Thread added: 0x000001749fcf45a0
Event: 13.276 Thread 0x000001749ee9f2b0 Thread added: 0x000001749fcf8770
Event: 14.046 Thread 0x000001749ee9f2b0 Thread added: 0x000001749fcf6a30
Event: 14.446 Thread 0x000001749ee9f2b0 Thread added: 0x000001749fcf4cf0
Event: 15.395 Thread 0x000001749ee9f2b0 Thread added: 0x000001749fcf8ec0
Event: 15.533 Thread 0x000001749ee9f2b0 Thread added: 0x000001749fcf5440
Event: 30.790 Thread 0x000001749ee9f2b0 Thread added: 0x000001749fcf7180
Event: 31.299 Thread 0x000001749ee9f2b0 Thread added: 0x000001749fcf78d0
Event: 34.034 Thread 0x000001749ee9f2b0 Thread added: 0x000001749fcf9610
Event: 124.028 Thread 0x000001749ee9f2b0 Thread added: 0x000001749ffa8ba0
Event: 147.373 Thread 0x000001749ee9f2b0 Thread added: 0x000001749ffa6710


Dynamic libraries:
0x00007ff79b070000 - 0x00007ff79b07e000 	C:\Users\ofatt\.jdks\openjdk-24.0.1\bin\java.exe
0x00007fff15750000 - 0x00007fff15967000 	C:\WINDOWS\SYSTEM32\ntdll.dll
0x00007ffee8280000 - 0x00007ffee82a0000 	C:\Program Files\Avast Software\Avast\aswhook.dll
0x00007fff14eb0000 - 0x00007fff14f74000 	C:\WINDOWS\System32\KERNEL32.DLL
0x00007fff12bb0000 - 0x00007fff12f82000 	C:\WINDOWS\System32\KERNELBASE.dll
0x00007fff0e7a0000 - 0x00007fff0e837000 	C:\WINDOWS\SYSTEM32\apphelp.dll
0x00007fff13240000 - 0x00007fff13351000 	C:\WINDOWS\System32\ucrtbase.dll
0x00007fff07830000 - 0x00007fff07846000 	C:\Users\ofatt\.jdks\openjdk-24.0.1\bin\jli.dll
0x00007fff153a0000 - 0x00007fff15551000 	C:\WINDOWS\System32\USER32.dll
0x00007fff12a10000 - 0x00007fff12a36000 	C:\WINDOWS\System32\win32u.dll
0x00007fff156d0000 - 0x00007fff156f9000 	C:\WINDOWS\System32\GDI32.dll
0x00007fff128e0000 - 0x00007fff12a03000 	C:\WINDOWS\System32\gdi32full.dll
0x00007fff12840000 - 0x00007fff128da000 	C:\WINDOWS\System32\msvcp_win.dll
0x00007ffeffde0000 - 0x00007fff0007b000 	C:\WINDOWS\WinSxS\amd64_microsoft.windows.common-controls_6595b64144ccf1df_6.0.22621.5697_none_27154c497380d676\COMCTL32.dll
0x00007fff07810000 - 0x00007fff0782b000 	C:\Users\ofatt\.jdks\openjdk-24.0.1\bin\VCRUNTIME140.dll
0x00007fff150f0000 - 0x00007fff15197000 	C:\WINDOWS\System32\msvcrt.dll
0x00007fff14e70000 - 0x00007fff14ea1000 	C:\WINDOWS\System32\IMM32.DLL
0x00007fff0c4e0000 - 0x00007fff0c4ec000 	C:\Users\ofatt\.jdks\openjdk-24.0.1\bin\vcruntime140_1.dll
0x00007ffefb660000 - 0x00007ffefb6ee000 	C:\Users\ofatt\.jdks\openjdk-24.0.1\bin\msvcp140.dll
0x00007ffe84140000 - 0x00007ffe84ee2000 	C:\Users\ofatt\.jdks\openjdk-24.0.1\bin\server\jvm.dll
0x00007fff15030000 - 0x00007fff150e1000 	C:\WINDOWS\System32\ADVAPI32.dll
0x00007fff14f80000 - 0x00007fff15028000 	C:\WINDOWS\System32\sechost.dll
0x00007fff12a40000 - 0x00007fff12a68000 	C:\WINDOWS\System32\bcrypt.dll
0x00007fff13af0000 - 0x00007fff13c07000 	C:\WINDOWS\System32\RPCRT4.dll
0x00007fff14bd0000 - 0x00007fff14c41000 	C:\WINDOWS\System32\WS2_32.dll
0x00007fff12720000 - 0x00007fff1276d000 	C:\WINDOWS\SYSTEM32\POWRPROF.dll
0x00007fff08670000 - 0x00007fff086a4000 	C:\WINDOWS\SYSTEM32\WINMM.dll
0x00007fff08560000 - 0x00007fff0856a000 	C:\WINDOWS\SYSTEM32\VERSION.dll
0x00007fff126f0000 - 0x00007fff12703000 	C:\WINDOWS\SYSTEM32\UMPDC.dll
0x00007fff11820000 - 0x00007fff11838000 	C:\WINDOWS\SYSTEM32\kernel.appcore.dll
0x00007ffefb840000 - 0x00007ffefb84a000 	C:\Users\ofatt\.jdks\openjdk-24.0.1\bin\jimage.dll
0x00007fff10090000 - 0x00007fff102c3000 	C:\WINDOWS\SYSTEM32\DBGHELP.DLL
0x00007fff133e0000 - 0x00007fff13772000 	C:\WINDOWS\System32\combase.dll
0x00007fff13a10000 - 0x00007fff13ae8000 	C:\WINDOWS\System32\OLEAUT32.dll
0x00007ffefe340000 - 0x00007ffefe372000 	C:\WINDOWS\SYSTEM32\dbgcore.DLL
0x00007fff13360000 - 0x00007fff133db000 	C:\WINDOWS\System32\bcryptPrimitives.dll
0x00007ffefb650000 - 0x00007ffefb65f000 	C:\Users\ofatt\.jdks\openjdk-24.0.1\bin\instrument.dll
0x00007ffefb630000 - 0x00007ffefb64e000 	C:\Users\ofatt\.jdks\openjdk-24.0.1\bin\java.dll
0x00007fff14cd0000 - 0x00007fff14e70000 	C:\WINDOWS\System32\ole32.dll
0x00007fff13d20000 - 0x00007fff145c1000 	C:\WINDOWS\System32\SHELL32.dll
0x00007fff12a70000 - 0x00007fff12baf000 	C:\WINDOWS\System32\wintypes.dll
0x00007fff10720000 - 0x00007fff1103a000 	C:\WINDOWS\SYSTEM32\windows.storage.dll
0x00007fff15290000 - 0x00007fff1539b000 	C:\WINDOWS\System32\SHCORE.dll
0x00007fff14b60000 - 0x00007fff14bc9000 	C:\WINDOWS\System32\shlwapi.dll
0x00007fff12770000 - 0x00007fff1279b000 	C:\WINDOWS\SYSTEM32\profapi.dll
0x00007ffee2770000 - 0x00007ffee2847000 	C:\Users\ofatt\.jdks\openjdk-24.0.1\bin\jsvml.dll
0x00007ffefb400000 - 0x00007ffefb417000 	C:\Users\ofatt\.jdks\openjdk-24.0.1\bin\zip.dll
0x00007ffefb620000 - 0x00007ffefb630000 	C:\Users\ofatt\.jdks\openjdk-24.0.1\bin\net.dll
0x00007fff11cf0000 - 0x00007fff11d59000 	C:\WINDOWS\system32\mswsock.dll
0x00007ffef3990000 - 0x00007ffef39a6000 	C:\Users\ofatt\.jdks\openjdk-24.0.1\bin\nio.dll
0x00007ffefb390000 - 0x00007ffefb3a0000 	C:\Users\ofatt\.jdks\openjdk-24.0.1\bin\verify.dll
0x00007ffefb470000 - 0x00007ffefb497000 	C:\Users\ofatt\.gradle\native\c067742578af261105cb4f569cf0c3c89f3d7b1fecec35dd04571415982c5e48\windows-amd64\native-platform.dll
0x00007ffeaee80000 - 0x00007ffeaefc4000 	C:\Users\ofatt\.gradle\native\100fb08df4bc3b14c8652ba06237920a3bd2aa13389f12d3474272988ae205f9\windows-amd64\native-platform-file-events.dll
0x00007ffef3980000 - 0x00007ffef398a000 	C:\Users\ofatt\.jdks\openjdk-24.0.1\bin\management.dll
0x00007ffef3740000 - 0x00007ffef374b000 	C:\Users\ofatt\.jdks\openjdk-24.0.1\bin\management_ext.dll
0x00007fff15560000 - 0x00007fff15568000 	C:\WINDOWS\System32\PSAPI.DLL
0x00007fff11f50000 - 0x00007fff11f6b000 	C:\WINDOWS\SYSTEM32\CRYPTSP.dll
0x00007fff11780000 - 0x00007fff117b7000 	C:\WINDOWS\system32\rsaenh.dll
0x00007fff11de0000 - 0x00007fff11e08000 	C:\WINDOWS\SYSTEM32\USERENV.dll
0x00007fff11f40000 - 0x00007fff11f4c000 	C:\WINDOWS\SYSTEM32\CRYPTBASE.dll
0x00007fff11330000 - 0x00007fff1135d000 	C:\WINDOWS\SYSTEM32\IPHLPAPI.DLL
0x00007fff145d0000 - 0x00007fff145d9000 	C:\WINDOWS\System32\NSI.dll
0x00007ffef3680000 - 0x00007ffef3689000 	C:\Users\ofatt\.jdks\openjdk-24.0.1\bin\extnet.dll
0x00007ffef3670000 - 0x00007ffef367e000 	C:\Users\ofatt\.jdks\openjdk-24.0.1\bin\sunmscapi.dll
0x00007fff12f90000 - 0x00007fff130f8000 	C:\WINDOWS\System32\CRYPT32.dll
0x00007fff120e0000 - 0x00007fff1210d000 	C:\WINDOWS\SYSTEM32\ncrypt.dll
0x00007fff120a0000 - 0x00007fff120d7000 	C:\WINDOWS\SYSTEM32\NTASN1.dll
0x00007ffe9d320000 - 0x00007ffe9d328000 	C:\WINDOWS\system32\wshunix.dll

JVMTI agents:
C:\Users\ofatt\.gradle\wrapper\dists\gradle-8.9-bin\90cnw93cvbtalezasaz0blq0a\gradle-8.9\lib\agents\gradle-instrumentation-agent-8.9.jar path:C:\Users\ofatt\.jdks\openjdk-24.0.1\bin\instrument.dll, loaded, initialized, instrumentlib options:none

dbghelp: loaded successfully - version: 4.0.5 - missing functions: none
symbol engine: initialized successfully - sym options: 0x614 - pdb path: .;C:\Users\ofatt\.jdks\openjdk-24.0.1\bin;C:\WINDOWS\SYSTEM32;C:\Program Files\Avast Software\Avast;C:\WINDOWS\WinSxS\amd64_microsoft.windows.common-controls_6595b64144ccf1df_6.0.22621.5697_none_27154c497380d676;C:\Users\ofatt\.jdks\openjdk-24.0.1\bin\server;C:\Users\ofatt\.gradle\native\c067742578af261105cb4f569cf0c3c89f3d7b1fecec35dd04571415982c5e48\windows-amd64;C:\Users\ofatt\.gradle\native\100fb08df4bc3b14c8652ba06237920a3bd2aa13389f12d3474272988ae205f9\windows-amd64

VM Arguments:
jvm_args: --add-opens=java.base/java.util=ALL-UNNAMED --add-opens=java.base/java.lang=ALL-UNNAMED --add-opens=java.base/java.lang.invoke=ALL-UNNAMED --add-opens=java.prefs/java.util.prefs=ALL-UNNAMED --add-exports=jdk.compiler/com.sun.tools.javac.api=ALL-UNNAMED --add-exports=jdk.compiler/com.sun.tools.javac.util=ALL-UNNAMED --add-opens=java.base/java.nio.charset=ALL-UNNAMED --add-opens=java.base/java.net=ALL-UNNAMED --add-opens=java.base/java.util.concurrent.atomic=ALL-UNNAMED -Xmx4096m -Dfile.encoding=UTF-8 -Duser.country=ES -Duser.language=es -Duser.variant -javaagent:C:\Users\ofatt\.gradle\wrapper\dists\gradle-8.9-bin\90cnw93cvbtalezasaz0blq0a\gradle-8.9\lib\agents\gradle-instrumentation-agent-8.9.jar 
java_command: org.gradle.launcher.daemon.bootstrap.GradleDaemon 8.9
java_class_path (initial): C:\Users\ofatt\.gradle\wrapper\dists\gradle-8.9-bin\90cnw93cvbtalezasaz0blq0a\gradle-8.9\lib\gradle-daemon-main-8.9.jar
Launcher Type: SUN_STANDARD

[Global flags]
     intx CICompilerCount                          = 2                                         {product} {ergonomic}
     uint ConcGCThreads                            = 1                                         {product} {ergonomic}
     uint G1ConcRefinementThreads                  = 2                                         {product} {ergonomic}
   size_t G1HeapRegionSize                         = 2097152                                   {product} {ergonomic}
   size_t InitialHeapSize                          = 67108864                                  {product} {ergonomic}
   size_t MarkStackSize                            = 4194304                                   {product} {ergonomic}
   size_t MarkStackSizeMax                         = 536870912                                 {product} {ergonomic}
   size_t MaxHeapSize                              = 4294967296                                {product} {command line}
   size_t MaxNewSize                               = 2575302656                                {product} {ergonomic}
   size_t MinHeapDeltaBytes                        = 2097152                                   {product} {ergonomic}
   size_t MinHeapSize                              = 8388608                                   {product} {ergonomic}
    uintx NonNMethodCodeHeapSize                   = 5767168                                {pd product} {ergonomic}
    uintx NonProfiledCodeHeapSize                  = 123011072                              {pd product} {ergonomic}
    uintx ProfiledCodeHeapSize                     = 122880000                              {pd product} {ergonomic}
    uintx ReservedCodeCacheSize                    = 251658240                              {pd product} {ergonomic}
     bool SegmentedCodeCache                       = true                                      {product} {ergonomic}
   size_t SoftMaxHeapSize                          = 4294967296                             {manageable} {ergonomic}
     bool UseCompressedOops                        = true                           {product lp64_product} {ergonomic}
     bool UseG1GC                                  = true                                      {product} {ergonomic}
     bool UseLargePagesIndividualAllocation        = false                                  {pd product} {ergonomic}

Logging:
Log output configuration:
 #0: stdout all=warning uptime,level,tags foldmultilines=false
 #1: stderr all=off uptime,level,tags foldmultilines=false

Environment Variables:
PATH=C:\Program Files\Common Files\Oracle\Java\javapath;C:\WINDOWS\system32;C:\WINDOWS;C:\WINDOWS\System32\Wbem;C:\WINDOWS\System32\WindowsPowerShell\v1.0\;C:\WINDOWS\System32\OpenSSH\;C:\Program Files (x86)\AutoFirma\AutoFirma;C:\Program Files\GitHub CLI\;C:\Program Files\Git\cmd;C:\Program Files\apache-maven-3.9.9\bin;C:\Program Files\apache-maven-3.9.9;C:\Users\ofatt\AppData\Local\Microsoft\WindowsApps;C:\Users\ofatt\AppData\Local\Microsoft\WinGet\Packages\Schniz.fnm_Microsoft.Winget.Source_8wekyb3d8bbwe;C:\Program Files\heroku\bin;C:\Program Files\Eclipse Adoptium\jdk-21.0.7.6-hotspot\bin;C:\Program Files\Android\Android Studio\jbr\bin;C:\Program Files\apache-maven-3.9.9\apache-maven-3.9.9\bin;C:\Users\ofatt\.gradle\wrapper\dists\gradle-8.9-bin\90cnw93cvbtalezasaz0blq0a

\bin;C:\Users\ofatt\AppData\Local\Programs\cursor\resources\app\bin;C:\Users\ofatt\AppData\Local\Programs\Windsurf\bin
USERNAME=ofatt
OS=Windows_NT
PROCESSOR_IDENTIFIER=Intel64 Family 6 Model 142 Stepping 11, GenuineIntel
TMP=C:\Users\ofatt\AppData\Local\Temp
TEMP=C:\Users\ofatt\AppData\Local\Temp




Periodic native trim disabled

---------------  S Y S T E M  ---------------

OS:
 Windows 11 , 64 bit Build 22621 (10.0.22621.5415)
OS uptime: 1 days 16:08 hours

CPU: total 2 (initial active 2) (2 cores per cpu, 1 threads per core) family 6 model 142 stepping 11 microcode 0xde, cx8, cmov, fxsr, mmx, 3dnowpref, sse, sse2, sse3, ssse3, sse4.1, sse4.2, popcnt, lzcnt, tsc, tscinvbit, aes, erms, clmul, clflush, clflushopt, rdtscp
Processor Information for the first 2 processors :
  Max Mhz: 1800, Current Mhz: 1800, Mhz Limit: 1800

Memory: 4k page, system-wide physical 3976M (88M free)
TotalPageFile size 16264M (AvailPageFile size 6M)
current process WorkingSet (physical memory assigned to process): 363M, peak: 404M
current process commit charge ("private bytes"): 721M, peak: 724M

vm_info: OpenJDK 64-Bit Server VM (24.0.1+9-30) for windows-amd64 JRE (24.0.1+9-30), built on 2025-03-05T07:23:45Z with MS VC++ 17.6 (VS2022)

END.
