#
# There is insufficient memory for the Java Runtime Environment to continue.
# Native memory allocation (malloc) failed to allocate 451376 bytes. Error detail: Chunk::new
# Possible reasons:
#   The system is out of physical RAM or swap space
#   This process is running with CompressedOops enabled, and the Java Heap may be blocking the growth of the native heap
# Possible solutions:
#   Reduce memory load on the system
#   Increase physical memory or swap space
#   Check if swap backing store is full
#   Decrease Java heap size (-Xmx/-Xms)
#   Decrease number of Java threads
#   Decrease Java thread stack sizes (-Xss)
#   Set larger code cache with -XX:ReservedCodeCacheSize=
#   JVM is running with Unscaled Compressed Oops mode in which the Java heap is
#     placed in the first 4GB address space. The Java Heap base address is the
#     maximum limit for the native heap growth. Please use -XX:HeapBaseMinAddress
#     to set the Java Heap base and to place the Java Heap above 4GB virtual address.
# This output file may be truncated or incomplete.
#
#  Out of Memory Error (arena.cpp:168), pid=14488, tid=14468
#
# JRE version: OpenJDK Runtime Environment Temurin-21.0.8+9 (21.0.8+9) (build 21.0.8+9-LTS)
# Java VM: OpenJDK 64-Bit Server VM Temurin-21.0.8+9 (21.0.8+9-LTS, mixed mode, sharing, tiered, compressed oops, compressed class ptrs, parallel gc, windows-amd64)
# No core dump will be written. Minidumps are not enabled by default on client versions of Windows
#

---------------  S U M M A R Y ------------

Command Line: --add-modules=ALL-SYSTEM --add-opens=java.base/java.util=ALL-UNNAMED --add-opens=java.base/java.lang=ALL-UNNAMED --add-opens=java.base/sun.nio.fs=ALL-UNNAMED -Declipse.application=org.eclipse.jdt.ls.core.id1 -Dosgi.bundles.defaultStartLevel=4 -Declipse.product=org.eclipse.jdt.ls.core.product -Djava.import.generatesMetadataFilesAtProjectRoot=false -DDetectVMInstallationsJob.disabled=true -Dfile.encoding=utf8 -XX:+UseParallelGC -XX:GCTimeRatio=4 -XX:AdaptiveSizePolicyWeight=90 -Dsun.zip.disableMemoryMapping=true -Xmx2G -Xms100m -Xlog:disable -javaagent:c:\Users\ofatt\.windsurf\extensions\redhat.java-1.44.0-win32-x64\lombok\lombok-1.18.39-4050.jar c:\Users\ofatt\.windsurf\extensions\redhat.java-1.44.0-win32-x64\server\plugins\org.eclipse.equinox.launcher_1.7.0.v20250519-0528.jar -configuration c:\Users\ofatt\AppData\Roaming\Windsurf\User\globalStorage\redhat.java\1.44.0\config_ss_win -data c:\Users\ofatt\AppData\Roaming\Windsurf\User\workspaceStorage\e9f3279742e0485ccd3bb71a84c86a61\redhat.java\ss_ws --pipe=\\.\pipe\lsp-89d191e6d6477306118e984493917748-sock

Host: Intel(R) Celeron(R) CPU 4205U @ 1.80GHz, 2 cores, 3G,  Windows 11 , 64 bit Build 22621 (10.0.22621.5415)
Time: Fri Aug 15 18:44:54 2025 Hora de verano romance elapsed time: 35.003090 seconds (0d 0h 0m 35s)

---------------  T H R E A D  ---------------

Current thread (0x000001f14428b8c0):  JavaThread "C2 CompilerThread0" daemon [_thread_in_native, id=14468, stack(0x000000b09e000000,0x000000b09e100000) (1024K)]


Current CompileTask:
C2:35003 2424       4       jdk.internal.org.objectweb.asm.Frame::execute (2305 bytes)

Stack: [0x000000b09e000000,0x000000b09e100000]
Native frames: (J=compiled Java code, j=interpreted, Vv=VM code, C=native code)
V  [jvm.dll+0x6d2449]
V  [jvm.dll+0x8ae341]
V  [jvm.dll+0x8b08be]
V  [jvm.dll+0x8b0fa3]
V  [jvm.dll+0x280c96]
V  [jvm.dll+0xc581d]
V  [jvm.dll+0xc5d53]
V  [jvm.dll+0x3b9162]
V  [jvm.dll+0x385315]
V  [jvm.dll+0x38477a]
V  [jvm.dll+0x248ed0]
V  [jvm.dll+0x2484af]
V  [jvm.dll+0x1c89ee]
V  [jvm.dll+0x257d4d]
V  [jvm.dll+0x2562ea]
V  [jvm.dll+0x3f2d16]
V  [jvm.dll+0x857e6b]
V  [jvm.dll+0x6d0b0d]
C  [ucrtbase.dll+0x29333]
C  [KERNEL32.DLL+0x1259d]
C  [ntdll.dll+0x5af78]


---------------  P R O C E S S  ---------------

Threads class SMR info:
_java_thread_list=0x000001f15baa2ef0, length=16, elements={
0x000001f1443d9e80, 0x000001f144282400, 0x000001f144283750, 0x000001f144285660,
0x000001f144288480, 0x000001f14428a040, 0x000001f14428aa90, 0x000001f14428b8c0,
0x000001f1443030d0, 0x000001f144373340, 0x000001f15b858680, 0x000001f15b9cb590,
0x000001f15b92c330, 0x000001f15b75d7a0, 0x000001f15ba18d80, 0x000001f15b98f380
}

Java Threads: ( => current thread )
  0x000001f1443d9e80 JavaThread "main"                              [_thread_blocked, id=16532, stack(0x000000b09d600000,0x000000b09d700000) (1024K)]
  0x000001f144282400 JavaThread "Reference Handler"          daemon [_thread_blocked, id=19768, stack(0x000000b09da00000,0x000000b09db00000) (1024K)]
  0x000001f144283750 JavaThread "Finalizer"                  daemon [_thread_blocked, id=21256, stack(0x000000b09db00000,0x000000b09dc00000) (1024K)]
  0x000001f144285660 JavaThread "Signal Dispatcher"          daemon [_thread_blocked, id=12148, stack(0x000000b09dc00000,0x000000b09dd00000) (1024K)]
  0x000001f144288480 JavaThread "Attach Listener"            daemon [_thread_blocked, id=20368, stack(0x000000b09dd00000,0x000000b09de00000) (1024K)]
  0x000001f14428a040 JavaThread "Service Thread"             daemon [_thread_blocked, id=23364, stack(0x000000b09de00000,0x000000b09df00000) (1024K)]
  0x000001f14428aa90 JavaThread "Monitor Deflation Thread"   daemon [_thread_blocked, id=22408, stack(0x000000b09df00000,0x000000b09e000000) (1024K)]
=>0x000001f14428b8c0 JavaThread "C2 CompilerThread0"         daemon [_thread_in_native, id=14468, stack(0x000000b09e000000,0x000000b09e100000) (1024K)]
  0x000001f1443030d0 JavaThread "C1 CompilerThread0"         daemon [_thread_blocked, id=22432, stack(0x000000b09e100000,0x000000b09e200000) (1024K)]
  0x000001f144373340 JavaThread "Common-Cleaner"             daemon [_thread_blocked, id=23468, stack(0x000000b09e200000,0x000000b09e300000) (1024K)]
  0x000001f15b858680 JavaThread "Notification Thread"        daemon [_thread_blocked, id=11580, stack(0x000000b09e300000,0x000000b09e400000) (1024K)]
  0x000001f15b9cb590 JavaThread "Active Thread: Equinox Container: e5eec2e4-9a85-480c-9c2d-ffe03ce80af8"        [_thread_blocked, id=6612, stack(0x000000b09e500000,0x000000b09e600000) (1024K)]
  0x000001f15b92c330 JavaThread "Framework Event Dispatcher: Equinox Container: e5eec2e4-9a85-480c-9c2d-ffe03ce80af8" daemon [_thread_blocked, id=22800, stack(0x000000b09e600000,0x000000b09e700000) (1024K)]
  0x000001f15b75d7a0 JavaThread "Start Level: Equinox Container: e5eec2e4-9a85-480c-9c2d-ffe03ce80af8" daemon [_thread_in_vm, id=8440, stack(0x000000b09e700000,0x000000b09e800000) (1024K)]
  0x000001f15ba18d80 JavaThread "SCR Component Actor"        daemon [_thread_blocked, id=21584, stack(0x000000b09e800000,0x000000b09e900000) (1024K)]
  0x000001f15b98f380 JavaThread "Worker-JM"                         [_thread_blocked, id=13816, stack(0x000000b09ea00000,0x000000b09eb00000) (1024K)]
Total: 16

Other Threads:
  0x000001f1444749e0 VMThread "VM Thread"                           [id=4260, stack(0x000000b09d900000,0x000000b09da00000) (1024K)]
  0x000001f14425ca10 WatcherThread "VM Periodic Task Thread"        [id=19160, stack(0x000000b09d800000,0x000000b09d900000) (1024K)]
  0x000001f1443f82e0 WorkerThread "GC Thread#0"                     [id=15300, stack(0x000000b09d700000,0x000000b09d800000) (1024K)]
  0x000001f15bb09f00 WorkerThread "GC Thread#1"                     [id=21196, stack(0x000000b09e400000,0x000000b09e500000) (1024K)]
Total: 4

Threads with active compile tasks:
C2 CompilerThread0  35105 2424       4       jdk.internal.org.objectweb.asm.Frame::execute (2305 bytes)
Total: 1

VM state: not at safepoint (normal execution)

VM Mutex/Monitor currently owned by a thread:  ([mutex/lock_event])
[0x00007ff822193458] Metaspace_lock - owner thread: 0x000001f15b75d7a0

Heap address: 0x0000000080000000, size: 2048 MB, Compressed Oops mode: 32-bit

CDS archive(s) mapped at: [0x000001f100000000-0x000001f100ba0000-0x000001f100ba0000), size 12189696, SharedBaseAddress: 0x000001f100000000, ArchiveRelocationMode: 1.
Compressed class space mapped at: 0x000001f101000000-0x000001f141000000, reserved size: 1073741824
Narrow klass base: 0x000001f100000000, Narrow klass shift: 0, Narrow klass range: 0x100000000

GC Precious Log:
 CardTable entry size: 512
 CPUs: 2 total, 2 available
 Memory: 3976M
 Large Page Support: Disabled
 NUMA Support: Disabled
 Compressed Oops: Enabled (32-bit)
 Alignments: Space 512K, Generation 512K, Heap 2M
 Heap Min Capacity: 100M
 Heap Initial Capacity: 100M
 Heap Max Capacity: 2G
 Pre-touch: Disabled
 Parallel Workers: 2

Heap:
 PSYoungGen      total 29696K, used 11678K [0x00000000d5580000, 0x00000000d7680000, 0x0000000100000000)
  eden space 25600K, 29% used [0x00000000d5580000,0x00000000d5cead48,0x00000000d6e80000)
  from space 4096K, 99% used [0x00000000d6e80000,0x00000000d727cd28,0x00000000d7280000)
  to   space 4096K, 0% used [0x00000000d7280000,0x00000000d7280000,0x00000000d7680000)
 ParOldGen       total 68608K, used 2661K [0x0000000080000000, 0x0000000084300000, 0x00000000d5580000)
  object space 68608K, 3% used [0x0000000080000000,0x00000000802996f8,0x0000000084300000)
 Metaspace       used 14076K, committed 14592K, reserved 1114112K
  class space    used 1474K, committed 1728K, reserved 1048576K

Card table byte_map: [0x000001f143d70000,0x000001f144180000] _byte_map_base: 0x000001f143970000

Marking Bits: (ParMarkBitMap*) 0x00007ff82219a340
 Begin Bits: [0x000001f156870000, 0x000001f158870000)
 End Bits:   [0x000001f158870000, 0x000001f15a870000)

Polling page: 0x000001f142050000

Metaspace:

Usage:
  Non-class:     12.31 MB used.
      Class:      1.44 MB used.
       Both:     13.75 MB used.

Virtual space:
  Non-class space:       64.00 MB reserved,      12.56 MB ( 20%) committed,  1 nodes.
      Class space:        1.00 GB reserved,       1.69 MB ( <1%) committed,  1 nodes.
             Both:        1.06 GB reserved,      14.25 MB (  1%) committed. 

Chunk freelists:
   Non-Class:  2.50 MB
       Class:  14.35 MB
        Both:  16.85 MB

MaxMetaspaceSize: unlimited
CompressedClassSpaceSize: 1.00 GB
Initial GC threshold: 21.00 MB
Current GC threshold: 21.00 MB
CDS: on
 - commit_granule_bytes: 65536.
 - commit_granule_words: 8192.
 - virtual_space_node_default_size: 8388608.
 - enlarge_chunks_in_place: 1.
 - use_allocation_guard: 0.


Internal statistics:

num_allocs_failed_limit: 0.
num_arena_births: 406.
num_arena_deaths: 0.
num_vsnodes_births: 2.
num_vsnodes_deaths: 0.
num_space_committed: 228.
num_space_uncommitted: 0.
num_chunks_returned_to_freelist: 0.
num_chunks_taken_from_freelist: 896.
num_chunk_merges: 0.
num_chunk_splits: 569.
num_chunks_enlarged: 357.
num_inconsistent_stats: 0.

CodeHeap 'non-profiled nmethods': size=120064Kb used=1001Kb max_used=1001Kb free=119063Kb
 bounds [0x000001f14f080000, 0x000001f14f2f0000, 0x000001f1565c0000]
CodeHeap 'profiled nmethods': size=120000Kb used=4581Kb max_used=4581Kb free=115418Kb
 bounds [0x000001f1475c0000, 0x000001f147a40000, 0x000001f14eaf0000]
CodeHeap 'non-nmethods': size=5696Kb used=1258Kb max_used=1278Kb free=4438Kb
 bounds [0x000001f14eaf0000, 0x000001f14ed60000, 0x000001f14f080000]
CodeCache: size=245760Kb, used=6840Kb, max_used=6860Kb, free=238919Kb
 total_blobs=2937, nmethods=2404, adapters=440, full_count=0
Compilation: enabled, stopped_count=0, restarted_count=0

Compilation events (20 events):
Event: 34.673 Thread 0x000001f1443030d0 nmethod 2412 0x000001f147a36010 code [0x000001f147a361c0, 0x000001f147a36488]
Event: 34.678 Thread 0x000001f1443030d0 2413       3       java.lang.invoke.MemberName::hashCode (43 bytes)
Event: 34.679 Thread 0x000001f1443030d0 nmethod 2413 0x000001f147a36610 code [0x000001f147a36860, 0x000001f147a373a0]
Event: 34.679 Thread 0x000001f1443030d0 2414       3       java.util.Objects::hash (5 bytes)
Event: 34.679 Thread 0x000001f1443030d0 nmethod 2414 0x000001f147a37710 code [0x000001f147a378c0, 0x000001f147a379d8]
Event: 34.679 Thread 0x000001f1443030d0 2415       3       java.lang.Byte::hashCode (8 bytes)
Event: 34.679 Thread 0x000001f1443030d0 nmethod 2415 0x000001f147a37a90 code [0x000001f147a37c40, 0x000001f147a37da8]
Event: 34.682 Thread 0x000001f1443030d0 2416       3       org.eclipse.core.internal.localstore.SafeChunkyInputStream::compare (45 bytes)
Event: 34.683 Thread 0x000001f1443030d0 nmethod 2416 0x000001f147a37e90 code [0x000001f147a38040, 0x000001f147a382a8]
Event: 34.683 Thread 0x000001f1443030d0 2417       3       org.eclipse.core.internal.localstore.SafeChunkyInputStream::read (71 bytes)
Event: 34.683 Thread 0x000001f14428b8c0 2418 %     4       java.util.Properties::loadConvert @ 8 (540 bytes)
Event: 34.683 Thread 0x000001f1443030d0 nmethod 2417 0x000001f147a38410 code [0x000001f147a38620, 0x000001f147a38ad0]
Event: 34.757 Thread 0x000001f14428b8c0 nmethod 2418% 0x000001f14f177490 code [0x000001f14f177740, 0x000001f14f178b68]
Event: 34.766 Thread 0x000001f1443030d0 2419       3       java.util.ArrayDeque::contains (80 bytes)
Event: 34.767 Thread 0x000001f1443030d0 nmethod 2419 0x000001f147a38c90 code [0x000001f147a38e80, 0x000001f147a392f0]
Event: 34.773 Thread 0x000001f14428b8c0 2420       4       java.util.ArrayList::isEmpty (13 bytes)
Event: 34.774 Thread 0x000001f14428b8c0 nmethod 2420 0x000001f14f179810 code [0x000001f14f1799a0, 0x000001f14f179a38]
Event: 34.949 Thread 0x000001f14428b8c0 2423       4       java.util.concurrent.ConcurrentHashMap::putIfAbsent (8 bytes)
Event: 34.951 Thread 0x000001f14428b8c0 nmethod 2423 0x000001f14f17a110 code [0x000001f14f17a2a0, 0x000001f14f17a358]
Event: 34.970 Thread 0x000001f14428b8c0 2424       4       jdk.internal.org.objectweb.asm.Frame::execute (2305 bytes)

GC Heap History (6 events):
Event: 15.526 GC heap before
{Heap before GC invocations=1 (full 0):
 PSYoungGen      total 29696K, used 25600K [0x00000000d5580000, 0x00000000d7680000, 0x0000000100000000)
  eden space 25600K, 100% used [0x00000000d5580000,0x00000000d6e80000,0x00000000d6e80000)
  from space 4096K, 0% used [0x00000000d7280000,0x00000000d7280000,0x00000000d7680000)
  to   space 4096K, 0% used [0x00000000d6e80000,0x00000000d6e80000,0x00000000d7280000)
 ParOldGen       total 68608K, used 0K [0x0000000080000000, 0x0000000084300000, 0x00000000d5580000)
  object space 68608K, 0% used [0x0000000080000000,0x0000000080000000,0x0000000084300000)
 Metaspace       used 4347K, committed 4608K, reserved 1114112K
  class space    used 473K, committed 576K, reserved 1048576K
}
Event: 15.668 GC heap after
{Heap after GC invocations=1 (full 0):
 PSYoungGen      total 29696K, used 3302K [0x00000000d5580000, 0x00000000d7680000, 0x0000000100000000)
  eden space 25600K, 0% used [0x00000000d5580000,0x00000000d5580000,0x00000000d6e80000)
  from space 4096K, 80% used [0x00000000d6e80000,0x00000000d71b9bb8,0x00000000d7280000)
  to   space 4096K, 0% used [0x00000000d7280000,0x00000000d7280000,0x00000000d7680000)
 ParOldGen       total 68608K, used 0K [0x0000000080000000, 0x0000000084300000, 0x00000000d5580000)
  object space 68608K, 0% used [0x0000000080000000,0x0000000080000000,0x0000000084300000)
 Metaspace       used 4347K, committed 4608K, reserved 1114112K
  class space    used 473K, committed 576K, reserved 1048576K
}
Event: 25.611 GC heap before
{Heap before GC invocations=2 (full 0):
 PSYoungGen      total 29696K, used 28902K [0x00000000d5580000, 0x00000000d7680000, 0x0000000100000000)
  eden space 25600K, 100% used [0x00000000d5580000,0x00000000d6e80000,0x00000000d6e80000)
  from space 4096K, 80% used [0x00000000d6e80000,0x00000000d71b9bb8,0x00000000d7280000)
  to   space 4096K, 0% used [0x00000000d7280000,0x00000000d7280000,0x00000000d7680000)
 ParOldGen       total 68608K, used 0K [0x0000000080000000, 0x0000000084300000, 0x00000000d5580000)
  object space 68608K, 0% used [0x0000000080000000,0x0000000080000000,0x0000000084300000)
 Metaspace       used 8205K, committed 8512K, reserved 1114112K
  class space    used 870K, committed 1024K, reserved 1048576K
}
Event: 25.646 GC heap after
{Heap after GC invocations=2 (full 0):
 PSYoungGen      total 29696K, used 4076K [0x00000000d5580000, 0x00000000d7680000, 0x0000000100000000)
  eden space 25600K, 0% used [0x00000000d5580000,0x00000000d5580000,0x00000000d6e80000)
  from space 4096K, 99% used [0x00000000d7280000,0x00000000d767b3a8,0x00000000d7680000)
  to   space 4096K, 0% used [0x00000000d6e80000,0x00000000d6e80000,0x00000000d7280000)
 ParOldGen       total 68608K, used 896K [0x0000000080000000, 0x0000000084300000, 0x00000000d5580000)
  object space 68608K, 1% used [0x0000000080000000,0x00000000800e0020,0x0000000084300000)
 Metaspace       used 8205K, committed 8512K, reserved 1114112K
  class space    used 870K, committed 1024K, reserved 1048576K
}
Event: 32.932 GC heap before
{Heap before GC invocations=3 (full 0):
 PSYoungGen      total 29696K, used 29676K [0x00000000d5580000, 0x00000000d7680000, 0x0000000100000000)
  eden space 25600K, 100% used [0x00000000d5580000,0x00000000d6e80000,0x00000000d6e80000)
  from space 4096K, 99% used [0x00000000d7280000,0x00000000d767b3a8,0x00000000d7680000)
  to   space 4096K, 0% used [0x00000000d6e80000,0x00000000d6e80000,0x00000000d7280000)
 ParOldGen       total 68608K, used 896K [0x0000000080000000, 0x0000000084300000, 0x00000000d5580000)
  object space 68608K, 1% used [0x0000000080000000,0x00000000800e0020,0x0000000084300000)
 Metaspace       used 13106K, committed 13632K, reserved 1114112K
  class space    used 1378K, committed 1600K, reserved 1048576K
}
Event: 32.949 GC heap after
{Heap after GC invocations=3 (full 0):
 PSYoungGen      total 29696K, used 4083K [0x00000000d5580000, 0x00000000d7680000, 0x0000000100000000)
  eden space 25600K, 0% used [0x00000000d5580000,0x00000000d5580000,0x00000000d6e80000)
  from space 4096K, 99% used [0x00000000d6e80000,0x00000000d727cd28,0x00000000d7280000)
  to   space 4096K, 0% used [0x00000000d7280000,0x00000000d7280000,0x00000000d7680000)
 ParOldGen       total 68608K, used 2661K [0x0000000080000000, 0x0000000084300000, 0x00000000d5580000)
  object space 68608K, 3% used [0x0000000080000000,0x00000000802996f8,0x0000000084300000)
 Metaspace       used 13106K, committed 13632K, reserved 1114112K
  class space    used 1378K, committed 1600K, reserved 1048576K
}

Dll operation events (9 events):
Event: 0.036 Loaded shared library c:\Users\ofatt\.windsurf\extensions\redhat.java-1.44.0-win32-x64\jre\21.0.8-win32-x86_64\bin\java.dll
Event: 2.565 Loaded shared library c:\Users\ofatt\.windsurf\extensions\redhat.java-1.44.0-win32-x64\jre\21.0.8-win32-x86_64\bin\zip.dll
Event: 2.868 Loaded shared library C:\Users\ofatt\.windsurf\extensions\redhat.java-1.44.0-win32-x64\jre\21.0.8-win32-x86_64\bin\instrument.dll
Event: 3.118 Loaded shared library C:\Users\ofatt\.windsurf\extensions\redhat.java-1.44.0-win32-x64\jre\21.0.8-win32-x86_64\bin\net.dll
Event: 3.209 Loaded shared library C:\Users\ofatt\.windsurf\extensions\redhat.java-1.44.0-win32-x64\jre\21.0.8-win32-x86_64\bin\nio.dll
Event: 3.218 Loaded shared library C:\Users\ofatt\.windsurf\extensions\redhat.java-1.44.0-win32-x64\jre\21.0.8-win32-x86_64\bin\zip.dll
Event: 3.951 Loaded shared library C:\Users\ofatt\.windsurf\extensions\redhat.java-1.44.0-win32-x64\jre\21.0.8-win32-x86_64\bin\jimage.dll
Event: 5.894 Loaded shared library c:\Users\ofatt\.windsurf\extensions\redhat.java-1.44.0-win32-x64\jre\21.0.8-win32-x86_64\bin\verify.dll
Event: 24.977 Loaded shared library C:\Users\ofatt\AppData\Roaming\Windsurf\User\globalStorage\redhat.java\1.44.0\config_ss_win\org.eclipse.equinox.launcher\org.eclipse.equinox.launcher.win32.win32.x86_64_1.2.1400.v20250730-1736\eclipse_11913.dll

Deoptimization events (20 events):
Event: 31.071 Thread 0x000001f15b75d7a0 DEOPT PACKING pc=0x000001f14f0e3728 sp=0x000000b09e7fdf80
Event: 31.071 Thread 0x000001f15b75d7a0 DEOPT UNPACKING pc=0x000001f14eb43a9c sp=0x000000b09e7fde60 mode 2
Event: 31.072 Thread 0x000001f15b75d7a0 Uncommon trap: trap_request=0xffffff45 fr.pc=0x000001f14f136b04 relative=0x00000000000004a4
Event: 31.072 Thread 0x000001f15b75d7a0 Uncommon trap: reason=unstable_if action=reinterpret pc=0x000001f14f136b04 method=java.util.jar.Manifest$FastInputStream.readLine([BII)I @ 106 c2
Event: 31.072 Thread 0x000001f15b75d7a0 DEOPT PACKING pc=0x000001f14f136b04 sp=0x000000b09e7fdf20
Event: 31.072 Thread 0x000001f15b75d7a0 DEOPT UNPACKING pc=0x000001f14eb43a9c sp=0x000000b09e7fde58 mode 2
Event: 31.072 Thread 0x000001f15b75d7a0 Uncommon trap: trap_request=0xffffff45 fr.pc=0x000001f14f0de01c relative=0x00000000000004bc
Event: 31.072 Thread 0x000001f15b75d7a0 Uncommon trap: reason=unstable_if action=reinterpret pc=0x000001f14f0de01c method=java.util.jar.Manifest$FastInputStream.readLine([BII)I @ 106 c2
Event: 31.072 Thread 0x000001f15b75d7a0 DEOPT PACKING pc=0x000001f14f0de01c sp=0x000000b09e7fdeb0
Event: 31.072 Thread 0x000001f15b75d7a0 DEOPT UNPACKING pc=0x000001f14eb43a9c sp=0x000000b09e7fde60 mode 2
Event: 31.072 Thread 0x000001f15b75d7a0 Uncommon trap: trap_request=0xffffff45 fr.pc=0x000001f14f0ee45c relative=0x00000000000000bc
Event: 31.072 Thread 0x000001f15b75d7a0 Uncommon trap: reason=unstable_if action=reinterpret pc=0x000001f14f0ee45c method=java.util.jar.Manifest$FastInputStream.peek()B @ 23 c2
Event: 31.072 Thread 0x000001f15b75d7a0 DEOPT PACKING pc=0x000001f14f0ee45c sp=0x000000b09e7fdf80
Event: 31.072 Thread 0x000001f15b75d7a0 DEOPT UNPACKING pc=0x000001f14eb43a9c sp=0x000000b09e7fdf18 mode 2
Event: 33.920 Thread 0x000001f15b75d7a0 DEOPT PACKING pc=0x000001f14768a6a6 sp=0x000000b09e7f77e0
Event: 33.920 Thread 0x000001f15b75d7a0 DEOPT UNPACKING pc=0x000001f14eb44223 sp=0x000000b09e7f6cd8 mode 0
Event: 34.312 Thread 0x000001f15b75d7a0 Uncommon trap: trap_request=0xffffff45 fr.pc=0x000001f14f0bd574 relative=0x0000000000000054
Event: 34.312 Thread 0x000001f15b75d7a0 Uncommon trap: reason=unstable_if action=reinterpret pc=0x000001f14f0bd574 method=java.lang.CharacterData.of(I)Ljava/lang/CharacterData; @ 4 c2
Event: 34.312 Thread 0x000001f15b75d7a0 DEOPT PACKING pc=0x000001f14f0bd574 sp=0x000000b09e7f8d10
Event: 34.313 Thread 0x000001f15b75d7a0 DEOPT UNPACKING pc=0x000001f14eb43a9c sp=0x000000b09e7f8ca8 mode 2

Classes loaded (20 events):
Event: 34.318 Loading class java/text/FieldPosition$Delegate
Event: 34.318 Loading class java/text/FieldPosition$Delegate done
Event: 34.318 Loading class java/text/MessageFormat$Field
Event: 34.319 Loading class java/text/MessageFormat$Field done
Event: 34.578 Loading class java/util/stream/SortedOps
Event: 34.580 Loading class java/util/stream/SortedOps done
Event: 34.580 Loading class java/util/stream/SortedOps$OfRef
Event: 34.580 Loading class java/util/stream/ReferencePipeline$StatefulOp
Event: 34.582 Loading class java/util/stream/ReferencePipeline$StatefulOp done
Event: 34.582 Loading class java/util/stream/SortedOps$OfRef done
Event: 34.582 Loading class java/util/stream/SortedOps$RefSortingSink
Event: 34.582 Loading class java/util/stream/SortedOps$AbstractRefSortingSink
Event: 34.583 Loading class java/util/stream/SortedOps$AbstractRefSortingSink done
Event: 34.584 Loading class java/util/stream/SortedOps$RefSortingSink done
Event: 34.666 Loading class java/util/concurrent/ExecutionException
Event: 34.668 Loading class java/util/concurrent/ExecutionException done
Event: 34.670 Loading class java/util/zip/ZipOutputStream
Event: 34.671 Loading class java/util/zip/DeflaterOutputStream
Event: 34.672 Loading class java/util/zip/DeflaterOutputStream done
Event: 34.672 Loading class java/util/zip/ZipOutputStream done

Classes unloaded (0 events):
No events

Classes redefined (0 events):
No events

Internal exceptions (20 events):
Event: 20.701 Thread 0x000001f1443d9e80 Exception <a 'java/lang/NoSuchMethodError'{0x00000000d629d860}: 'int java.lang.invoke.DirectMethodHandle$Holder.invokeVirtual(java.lang.Object, java.lang.Object)'> (0x00000000d629d860) 
thrown [s\src\hotspot\share\interpreter\linkResolver.cpp, line 773]
Event: 21.270 Thread 0x000001f1443d9e80 Exception <a 'java/lang/NoSuchMethodError'{0x00000000d6425ba0}: 'int java.lang.invoke.DirectMethodHandle$Holder.invokeStaticInit(java.lang.Object, java.lang.Object, java.lang.Object, java.lang.Object)'> (0x00000000d6425ba0) 
thrown [s\src\hotspot\share\interpreter\linkResolver.cpp, line 773]
Event: 21.280 Thread 0x000001f1443d9e80 Exception <a 'java/lang/IncompatibleClassChangeError'{0x00000000d642e028}: Found class java.lang.Object, but interface was expected> (0x00000000d642e028) 
thrown [s\src\hotspot\share\interpreter\linkResolver.cpp, line 840]
Event: 21.286 Thread 0x000001f1443d9e80 Exception <a 'java/lang/NoSuchMethodError'{0x00000000d6434f58}: 'void java.lang.invoke.DirectMethodHandle$Holder.invokeStaticInit(java.lang.Object, java.lang.Object)'> (0x00000000d6434f58) 
thrown [s\src\hotspot\share\interpreter\linkResolver.cpp, line 773]
Event: 21.300 Thread 0x000001f1443d9e80 Exception <a 'java/lang/NoSuchMethodError'{0x00000000d643eab0}: 'int java.lang.invoke.DirectMethodHandle$Holder.invokeStaticInit(java.lang.Object, java.lang.Object)'> (0x00000000d643eab0) 
thrown [s\src\hotspot\share\interpreter\linkResolver.cpp, line 773]
Event: 22.087 Thread 0x000001f1443d9e80 Exception <a 'java/lang/NoSuchMethodError'{0x00000000d668e810}: 'java.lang.Object java.lang.invoke.DirectMethodHandle$Holder.newInvokeSpecial(java.lang.Object, int, java.lang.Object)'> (0x00000000d668e810) 
thrown [s\src\hotspot\share\interpreter\linkResolver.cpp, line 773]
Event: 23.381 Thread 0x000001f1443d9e80 Exception <a 'java/lang/ClassNotFoundException'{0x00000000d68a0f18}: sun/net/www/protocol/plurl/Handler> (0x00000000d68a0f18) 
thrown [s\src\hotspot\share\classfile\systemDictionary.cpp, line 312]
Event: 24.958 Thread 0x000001f1443d9e80 Exception <a 'java/lang/UnsatisfiedLinkError'{0x00000000d6ce8928}: 'void org.eclipse.equinox.launcher.JNIBridge._update_splash()'> (0x00000000d6ce8928) 
thrown [s\src\hotspot\share\prims\nativeLookup.cpp, line 415]
Event: 26.351 Thread 0x000001f15b75d7a0 Exception <a 'java/lang/NullPointerException'{0x00000000d5848998}> (0x00000000d5848998) 
thrown [s\src\hotspot\share\interpreter\linkResolver.cpp, line 1372]
Event: 26.351 Thread 0x000001f15b75d7a0 Exception <a 'java/lang/NullPointerException'{0x00000000d5848c78}> (0x00000000d5848c78) 
thrown [s\src\hotspot\share\interpreter\linkResolver.cpp, line 1372]
Event: 29.095 Thread 0x000001f15b75d7a0 Exception <a 'java/io/FileNotFoundException'{0x00000000d62c5340}> (0x00000000d62c5340) 
thrown [s\src\hotspot\share\prims\jni.cpp, line 520]
Event: 30.044 Thread 0x000001f15b75d7a0 Exception <a 'java/lang/NoSuchMethodError'{0x00000000d65adcf0}: 'java.lang.Object java.lang.invoke.Invokers$Holder.linkToTargetMethod(java.lang.Object, long, java.lang.Object)'> (0x00000000d65adcf0) 
thrown [s\src\hotspot\share\interpreter\linkResolver.cpp, line 773]
Event: 31.808 Thread 0x000001f15b75d7a0 Exception <a 'java/lang/NoSuchMethodError'{0x00000000d695ea38}: 'void java.lang.invoke.DirectMethodHandle$Holder.invokeInterface(java.lang.Object, java.lang.Object, java.lang.Object)'> (0x00000000d695ea38) 
thrown [s\src\hotspot\share\interpreter\linkResolver.cpp, line 773]
Event: 32.207 Thread 0x000001f15b75d7a0 Exception <a 'java/lang/NoSuchMethodError'{0x00000000d6b6e368}: 'void java.lang.invoke.Invokers$Holder.invokeExact_MT(java.lang.Object, java.lang.Object, java.lang.Object)'> (0x00000000d6b6e368) 
thrown [s\src\hotspot\share\interpreter\linkResolver.cpp, line 773]
Event: 32.903 Thread 0x000001f15b75d7a0 Exception <a 'java/lang/NoSuchMethodError'{0x00000000d6e3af68}: 'java.lang.Object java.lang.invoke.DirectMethodHandle$Holder.invokeVirtual(java.lang.Object, java.lang.Object, java.lang.Object)'> (0x00000000d6e3af68) 
thrown [s\src\hotspot\share\interpreter\linkResolver.cpp, line 773]
Event: 32.916 Thread 0x000001f15b75d7a0 Exception <a 'java/lang/NoSuchMethodError'{0x00000000d6e52c48}: 'java.lang.Object java.lang.invoke.DelegatingMethodHandle$Holder.reinvoke_L(java.lang.Object, java.lang.Object, java.lang.Object, java.lang.Object, int, int)'> (0x00000000d6e52c48) 
thrown [s\src\hotspot\share\interpreter\linkResolver.cpp, line 773]
Event: 32.924 Thread 0x000001f15b75d7a0 Exception <a 'java/lang/NoSuchMethodError'{0x00000000d6e6f3e0}: 'java.lang.Object java.lang.invoke.DirectMethodHandle$Holder.newInvokeSpecial(java.lang.Object, java.lang.Object, java.lang.Object, java.lang.Object, java.lang.Object, java.lang.Object)'> (0x00000000d6e6f3e0) 
thrown [s\src\hotspot\share\interpreter\linkResolver.cpp, line 773]
Event: 32.956 Thread 0x000001f15b75d7a0 Exception <a 'java/lang/NoSuchMethodError'{0x00000000d5604c08}: 'void java.lang.invoke.Invokers$Holder.invokeExact_MT(java.lang.Object, java.lang.Object, java.lang.Object, java.lang.Object)'> (0x00000000d5604c08) 
thrown [s\src\hotspot\share\interpreter\linkResolver.cpp, line 773]
Event: 33.789 Thread 0x000001f15b75d7a0 Exception <a 'java/io/FileNotFoundException'{0x00000000d5749f50}> (0x00000000d5749f50) 
thrown [s\src\hotspot\share\prims\jni.cpp, line 520]
Event: 33.791 Thread 0x000001f15b75d7a0 Exception <a 'java/io/FileNotFoundException'{0x00000000d5750b60}> (0x00000000d5750b60) 
thrown [s\src\hotspot\share\prims\jni.cpp, line 520]

ZGC Phase Switch (0 events):
No events

VM Operations (20 events):
Event: 28.519 Executing VM operation: Cleanup
Event: 28.519 Executing VM operation: Cleanup done
Event: 29.519 Executing VM operation: Cleanup
Event: 29.520 Executing VM operation: Cleanup done
Event: 30.521 Executing VM operation: Cleanup
Event: 30.521 Executing VM operation: Cleanup done
Event: 31.558 Executing VM operation: HandshakeAllThreads (Deoptimize)
Event: 31.558 Executing VM operation: HandshakeAllThreads (Deoptimize) done
Event: 31.558 Executing VM operation: Cleanup
Event: 31.558 Executing VM operation: Cleanup done
Event: 32.932 Executing VM operation: ParallelGCFailedAllocation (Allocation Failure)
Event: 32.949 Executing VM operation: ParallelGCFailedAllocation (Allocation Failure) done
Event: 33.949 Executing VM operation: Cleanup
Event: 33.949 Executing VM operation: Cleanup done
Event: 34.016 Executing VM operation: HandshakeAllThreads (Deoptimize)
Event: 34.016 Executing VM operation: HandshakeAllThreads (Deoptimize) done
Event: 34.082 Executing VM operation: HandshakeAllThreads (Deoptimize)
Event: 34.082 Executing VM operation: HandshakeAllThreads (Deoptimize) done
Event: 34.314 Executing VM operation: HandshakeAllThreads (Deoptimize)
Event: 34.314 Executing VM operation: HandshakeAllThreads (Deoptimize) done

Memory protections (0 events):
No events

Nmethod flushes (0 events):
No events

Events (18 events):
Event: 0.722 Thread 0x000001f1443d9e80 Thread added: 0x000001f1443d9e80
Event: 1.555 Thread 0x000001f1443d9e80 Thread added: 0x000001f144282400
Event: 1.562 Thread 0x000001f1443d9e80 Thread added: 0x000001f144283750
Event: 1.568 Thread 0x000001f1443d9e80 Thread added: 0x000001f144285660
Event: 1.569 Thread 0x000001f1443d9e80 Thread added: 0x000001f144288480
Event: 1.569 Thread 0x000001f1443d9e80 Thread added: 0x000001f14428a040
Event: 1.569 Thread 0x000001f1443d9e80 Thread added: 0x000001f14428aa90
Event: 1.570 Thread 0x000001f1443d9e80 Thread added: 0x000001f14428b8c0
Event: 1.769 Thread 0x000001f1443d9e80 Thread added: 0x000001f1443030d0
Event: 2.400 Thread 0x000001f1443d9e80 Thread added: 0x000001f144373340
Event: 8.713 Thread 0x000001f1443d9e80 Thread added: 0x000001f15b858680
Event: 21.858 Thread 0x000001f1443d9e80 Thread added: 0x000001f15b9cb590
Event: 24.823 Thread 0x000001f1443d9e80 Thread added: 0x000001f15b92c330
Event: 24.955 Thread 0x000001f1443d9e80 Thread added: 0x000001f15b75d7a0
Event: 25.743 Thread 0x000001f15b75d7a0 Thread added: 0x000001f15ba18d80
Event: 27.376 Thread 0x000001f15b75d7a0 Thread added: 0x000001f15b31e080
Event: 31.825 Thread 0x000001f15b75d7a0 Thread added: 0x000001f15b98f380
Event: 34.620 Thread 0x000001f15b31e080 Thread exited: 0x000001f15b31e080


Dynamic libraries:
0x00007ff6203f0000 - 0x00007ff6203fe000 	c:\Users\ofatt\.windsurf\extensions\redhat.java-1.44.0-win32-x64\jre\21.0.8-win32-x86_64\bin\java.exe
0x00007ff8bf110000 - 0x00007ff8bf327000 	C:\WINDOWS\SYSTEM32\ntdll.dll
0x00007ff897240000 - 0x00007ff897260000 	C:\Program Files\Avast Software\Avast\aswhook.dll
0x00007ff8be040000 - 0x00007ff8be104000 	C:\WINDOWS\System32\KERNEL32.DLL
0x00007ff8bc410000 - 0x00007ff8bc7e2000 	C:\WINDOWS\System32\KERNELBASE.dll
0x00007ff8bc7f0000 - 0x00007ff8bc901000 	C:\WINDOWS\System32\ucrtbase.dll
0x00007ff8a8d10000 - 0x00007ff8a8d28000 	c:\Users\ofatt\.windsurf\extensions\redhat.java-1.44.0-win32-x64\jre\21.0.8-win32-x86_64\bin\jli.dll
0x00007ff8bcda0000 - 0x00007ff8bcf51000 	C:\WINDOWS\System32\USER32.dll
0x00007ff8bcd70000 - 0x00007ff8bcd96000 	C:\WINDOWS\System32\win32u.dll
0x00007ff8bd0d0000 - 0x00007ff8bd0f9000 	C:\WINDOWS\System32\GDI32.dll
0x00007ff8bcc40000 - 0x00007ff8bcd63000 	C:\WINDOWS\System32\gdi32full.dll
0x00007ff8bc2c0000 - 0x00007ff8bc35a000 	C:\WINDOWS\System32\msvcp_win.dll
0x00007ff8a8ae0000 - 0x00007ff8a8afe000 	c:\Users\ofatt\.windsurf\extensions\redhat.java-1.44.0-win32-x64\jre\21.0.8-win32-x86_64\bin\VCRUNTIME140.dll
0x00007ff8ab6c0000 - 0x00007ff8ab95b000 	C:\WINDOWS\WinSxS\amd64_microsoft.windows.common-controls_6595b64144ccf1df_6.0.22621.5415_none_270d77d17387d7da\COMCTL32.dll
0x00007ff8beba0000 - 0x00007ff8bec47000 	C:\WINDOWS\System32\msvcrt.dll
0x00007ff8be7a0000 - 0x00007ff8be7d1000 	C:\WINDOWS\System32\IMM32.DLL
0x00007ff8a9570000 - 0x00007ff8a957c000 	c:\Users\ofatt\.windsurf\extensions\redhat.java-1.44.0-win32-x64\jre\21.0.8-win32-x86_64\bin\vcruntime140_1.dll
0x00007ff877780000 - 0x00007ff87780d000 	c:\Users\ofatt\.windsurf\extensions\redhat.java-1.44.0-win32-x64\jre\21.0.8-win32-x86_64\bin\msvcp140.dll
0x00007ff8214e0000 - 0x00007ff822277000 	c:\Users\ofatt\.windsurf\extensions\redhat.java-1.44.0-win32-x64\jre\21.0.8-win32-x86_64\bin\server\jvm.dll
0x00007ff8bd4f0000 - 0x00007ff8bd5a1000 	C:\WINDOWS\System32\ADVAPI32.dll
0x00007ff8be130000 - 0x00007ff8be1d8000 	C:\WINDOWS\System32\sechost.dll
0x00007ff8bc360000 - 0x00007ff8bc388000 	C:\WINDOWS\System32\bcrypt.dll
0x00007ff8be310000 - 0x00007ff8be424000 	C:\WINDOWS\System32\RPCRT4.dll
0x00007ff8bd210000 - 0x00007ff8bd281000 	C:\WINDOWS\System32\WS2_32.dll
0x00007ff8bc0e0000 - 0x00007ff8bc12d000 	C:\WINDOWS\SYSTEM32\POWRPROF.dll
0x00007ff8ad770000 - 0x00007ff8ad7a4000 	C:\WINDOWS\SYSTEM32\WINMM.dll
0x00007ff8acf20000 - 0x00007ff8acf2a000 	C:\WINDOWS\SYSTEM32\VERSION.dll
0x00007ff8bc0b0000 - 0x00007ff8bc0c3000 	C:\WINDOWS\SYSTEM32\UMPDC.dll
0x00007ff8bb230000 - 0x00007ff8bb248000 	C:\WINDOWS\SYSTEM32\kernel.appcore.dll
0x00007ff8a94d0000 - 0x00007ff8a94da000 	c:\Users\ofatt\.windsurf\extensions\redhat.java-1.44.0-win32-x64\jre\21.0.8-win32-x86_64\bin\jimage.dll
0x00007ff8b9e00000 - 0x00007ff8ba033000 	C:\WINDOWS\SYSTEM32\DBGHELP.DLL
0x00007ff8be7e0000 - 0x00007ff8beb73000 	C:\WINDOWS\System32\combase.dll
0x00007ff8be1e0000 - 0x00007ff8be2b7000 	C:\WINDOWS\System32\OLEAUT32.dll
0x00007ff8abbe0000 - 0x00007ff8abc12000 	C:\WINDOWS\SYSTEM32\dbgcore.DLL
0x00007ff8bc910000 - 0x00007ff8bc98b000 	C:\WINDOWS\System32\bcryptPrimitives.dll
0x00007ff8a92d0000 - 0x00007ff8a92df000 	c:\Users\ofatt\.windsurf\extensions\redhat.java-1.44.0-win32-x64\jre\21.0.8-win32-x86_64\bin\instrument.dll
0x00007ff8a3860000 - 0x00007ff8a387f000 	c:\Users\ofatt\.windsurf\extensions\redhat.java-1.44.0-win32-x64\jre\21.0.8-win32-x86_64\bin\java.dll
0x00007ff8bd790000 - 0x00007ff8be032000 	C:\WINDOWS\System32\SHELL32.dll
0x00007ff8bcb00000 - 0x00007ff8bcc3f000 	C:\WINDOWS\System32\wintypes.dll
0x00007ff8ba130000 - 0x00007ff8baa4e000 	C:\WINDOWS\SYSTEM32\windows.storage.dll
0x00007ff8bd100000 - 0x00007ff8bd20b000 	C:\WINDOWS\System32\SHCORE.dll
0x00007ff8bd620000 - 0x00007ff8bd689000 	C:\WINDOWS\System32\shlwapi.dll
0x00007ff8bc130000 - 0x00007ff8bc15b000 	C:\WINDOWS\SYSTEM32\profapi.dll
0x00007ff8a3900000 - 0x00007ff8a3918000 	c:\Users\ofatt\.windsurf\extensions\redhat.java-1.44.0-win32-x64\jre\21.0.8-win32-x86_64\bin\zip.dll
0x00007ff8a8f70000 - 0x00007ff8a8f80000 	C:\Users\ofatt\.windsurf\extensions\redhat.java-1.44.0-win32-x64\jre\21.0.8-win32-x86_64\bin\net.dll
0x00007ff8ad590000 - 0x00007ff8ad6bc000 	C:\WINDOWS\SYSTEM32\WINHTTP.dll
0x00007ff8bb6b0000 - 0x00007ff8bb719000 	C:\WINDOWS\system32\mswsock.dll
0x00007ff8a0a70000 - 0x00007ff8a0a86000 	C:\Users\ofatt\.windsurf\extensions\redhat.java-1.44.0-win32-x64\jre\21.0.8-win32-x86_64\bin\nio.dll
0x00007ff8a8da0000 - 0x00007ff8a8db0000 	c:\Users\ofatt\.windsurf\extensions\redhat.java-1.44.0-win32-x64\jre\21.0.8-win32-x86_64\bin\verify.dll
0x00007ff875510000 - 0x00007ff875555000 	C:\Users\ofatt\AppData\Roaming\Windsurf\User\globalStorage\redhat.java\1.44.0\config_ss_win\org.eclipse.equinox.launcher\org.eclipse.equinox.launcher.win32.win32.x86_64_1.2.1400.v20250730-1736\eclipse_11913.dll
0x00007ff8be430000 - 0x00007ff8be5d0000 	C:\WINDOWS\System32\ole32.dll

JVMTI agents:
c:\Users\ofatt\.windsurf\extensions\redhat.java-1.44.0-win32-x64\lombok\lombok-1.18.39-4050.jar path:c:\Users\ofatt\.windsurf\extensions\redhat.java-1.44.0-win32-x64\jre\21.0.8-win32-x86_64\bin\instrument.dll, loaded, initialized, instrumentlib options:none

dbghelp: loaded successfully - version: 4.0.5 - missing functions: none
symbol engine: initialized successfully - sym options: 0x614 - pdb path: .;c:\Users\ofatt\.windsurf\extensions\redhat.java-1.44.0-win32-x64\jre\21.0.8-win32-x86_64\bin;C:\WINDOWS\SYSTEM32;C:\Program Files\Avast Software\Avast;C:\WINDOWS\WinSxS\amd64_microsoft.windows.common-controls_6595b64144ccf1df_6.0.22621.5415_none_270d77d17387d7da;c:\Users\ofatt\.windsurf\extensions\redhat.java-1.44.0-win32-x64\jre\21.0.8-win32-x86_64\bin\server;C:\Users\ofatt\AppData\Roaming\Windsurf\User\globalStorage\redhat.java\1.44.0\config_ss_win\org.eclipse.equinox.launcher\org.eclipse.equinox.launcher.win32.win32.x86_64_1.2.1400.v20250730-1736

VM Arguments:
jvm_args: --add-modules=ALL-SYSTEM --add-opens=java.base/java.util=ALL-UNNAMED --add-opens=java.base/java.lang=ALL-UNNAMED --add-opens=java.base/sun.nio.fs=ALL-UNNAMED -Declipse.application=org.eclipse.jdt.ls.core.id1 -Dosgi.bundles.defaultStartLevel=4 -Declipse.product=org.eclipse.jdt.ls.core.product -Djava.import.generatesMetadataFilesAtProjectRoot=false -DDetectVMInstallationsJob.disabled=true -Dfile.encoding=utf8 -XX:+UseParallelGC -XX:GCTimeRatio=4 -XX:AdaptiveSizePolicyWeight=90 -Dsun.zip.disableMemoryMapping=true -Xmx2G -Xms100m -Xlog:disable -javaagent:c:\Users\ofatt\.windsurf\extensions\redhat.java-1.44.0-win32-x64\lombok\lombok-1.18.39-4050.jar 
java_command: c:\Users\ofatt\.windsurf\extensions\redhat.java-1.44.0-win32-x64\server\plugins\org.eclipse.equinox.launcher_1.7.0.v20250519-0528.jar -configuration c:\Users\ofatt\AppData\Roaming\Windsurf\User\globalStorage\redhat.java\1.44.0\config_ss_win -data c:\Users\ofatt\AppData\Roaming\Windsurf\User\workspaceStorage\e9f3279742e0485ccd3bb71a84c86a61\redhat.java\ss_ws --pipe=\\.\pipe\lsp-89d191e6d6477306118e984493917748-sock
java_class_path (initial): c:\Users\ofatt\.windsurf\extensions\redhat.java-1.44.0-win32-x64\server\plugins\org.eclipse.equinox.launcher_1.7.0.v20250519-0528.jar
Launcher Type: SUN_STANDARD

[Global flags]
    uintx AdaptiveSizePolicyWeight                 = 90                                        {product} {command line}
     intx CICompilerCount                          = 2                                         {product} {ergonomic}
    uintx GCTimeRatio                              = 4                                         {product} {command line}
   size_t InitialHeapSize                          = 104857600                                 {product} {command line}
   size_t MaxHeapSize                              = 2147483648                                {product} {command line}
   size_t MaxNewSize                               = 715653120                                 {product} {ergonomic}
   size_t MinHeapDeltaBytes                        = 524288                                    {product} {ergonomic}
   size_t MinHeapSize                              = 104857600                                 {product} {command line}
   size_t NewSize                                  = 34603008                                  {product} {ergonomic}
    uintx NonNMethodCodeHeapSize                   = 5826188                                {pd product} {ergonomic}
    uintx NonProfiledCodeHeapSize                  = 122916026                              {pd product} {ergonomic}
   size_t OldSize                                  = 70254592                                  {product} {ergonomic}
    uintx ProfiledCodeHeapSize                     = 122916026                              {pd product} {ergonomic}
    uintx ReservedCodeCacheSize                    = 251658240                              {pd product} {ergonomic}
     bool SegmentedCodeCache                       = true                                      {product} {ergonomic}
   size_t SoftMaxHeapSize                          = 2147483648                             {manageable} {ergonomic}
     bool UseCompressedOops                        = true                           {product lp64_product} {ergonomic}
     bool UseLargePagesIndividualAllocation        = false                                  {pd product} {ergonomic}
     bool UseParallelGC                            = true                                      {product} {command line}

Logging:
Log output configuration:
 #0: stdout all=off uptime,level,tags foldmultilines=false
 #1: stderr all=off uptime,level,tags foldmultilines=false

Environment Variables:
PATH=C:\Program Files\Eclipse Adoptium\jdk-21.0.7.6-hotspot\bin;C:\Program Files\Common Files\Oracle\Java\javapath;C:\WINDOWS\system32;C:\WINDOWS;C:\WINDOWS\System32\Wbem;C:\WINDOWS\System32\WindowsPowerShell\v1.0\;C:\WINDOWS\System32\OpenSSH\;C:\Program Files (x86)\AutoFirma\AutoFirma;C:\Program Files\GitHub CLI\;C:\Program Files\Git\cmd;C:\Program Files\apache-maven-3.9.9\bin;C:\Program Files\apache-maven-3.9.9;C:\Users\ofatt\AppData\Local\Microsoft\WindowsApps;C:\Users\ofatt\AppData\Local\Microsoft\WinGet\Packages\Schniz.fnm_Microsoft.Winget.Source_8wekyb3d8bbwe;C:\Program Files\heroku\bin;C:\Program Files\Eclipse Adoptium\jdk-21.0.7.6-hotspot\bin;C:\Program Files\Android\Android Studio\jbr\bin;C:\Program Files\apache-maven-3.9.9\apache-maven-3.9.9\bin;C:\Users\ofatt\.gradle\wrapper\dists\gradle-8.9-bin\90cnw93cvbtalezasaz0blq0a

\bin;C:\Users\ofatt\AppData\Local\Programs\cursor\resources\app\bin;C:\Users\ofatt\AppData\Local\Programs\Windsurf\bin
USERNAME=ofatt
OS=Windows_NT
PROCESSOR_IDENTIFIER=Intel64 Family 6 Model 142 Stepping 11, GenuineIntel
TMP=C:\Users\ofatt\AppData\Local\Temp
TEMP=C:\Users\ofatt\AppData\Local\Temp




Periodic native trim disabled

---------------  S Y S T E M  ---------------

OS:
 Windows 11 , 64 bit Build 22621 (10.0.22621.5415)
OS uptime: 5 days 21:48 hours

CPU: total 2 (initial active 2) (2 cores per cpu, 1 threads per core) family 6 model 142 stepping 11 microcode 0xde, cx8, cmov, fxsr, mmx, 3dnowpref, sse, sse2, sse3, ssse3, sse4.1, sse4.2, popcnt, lzcnt, tsc, tscinvbit, aes, erms, clmul, clflush, clflushopt, rdtscp
Processor Information for the first 2 processors :
  Max Mhz: 1800, Current Mhz: 1800, Mhz Limit: 1800

Memory: 4k page, system-wide physical 3976M (119M free)
TotalPageFile size 16264M (AvailPageFile size 0M)
current process WorkingSet (physical memory assigned to process): 104M, peak: 104M
current process commit charge ("private bytes"): 229M, peak: 229M

vm_info: OpenJDK 64-Bit Server VM (21.0.8+9-LTS) for windows-amd64 JRE (21.0.8+9-LTS), built on 2025-07-15T00:00:00Z by "admin" with MS VC++ 17.7 (VS2022)

END.
