#
# There is insufficient memory for the Java Runtime Environment to continue.
# Native memory allocation (malloc) failed to allocate 32744 bytes. Error detail: Chunk::new
# Possible reasons:
#   The system is out of physical RAM or swap space
#   This process is running with CompressedOops enabled, and the Java Heap may be blocking the growth of the native heap
# Possible solutions:
#   Reduce memory load on the system
#   Increase physical memory or swap space
#   Check if swap backing store is full
#   Decrease Java heap size (-Xmx/-Xms)
#   Decrease number of Java threads
#   Decrease Java thread stack sizes (-Xss)
#   Set larger code cache with -XX:ReservedCodeCacheSize=
#   JVM is running with Unscaled Compressed Oops mode in which the Java heap is
#     placed in the first 4GB address space. The Java Heap base address is the
#     maximum limit for the native heap growth. Please use -XX:HeapBaseMinAddress
#     to set the Java Heap base and to place the Java Heap above 4GB virtual address.
# This output file may be truncated or incomplete.
#
#  Out of Memory Error (arena.cpp:149), pid=1408, tid=20204
#
# JRE version: Java(TM) SE Runtime Environment (23.0.2+7) (build 23.0.2+7-58)
# Java VM: Java HotSpot(TM) 64-Bit Server VM (23.0.2+7-58, mixed mode, sharing, tiered, compressed oops, compressed class ptrs, g1 gc, windows-amd64)
# No core dump will be written. Minidumps are not enabled by default on client versions of Windows
#

---------------  S U M M A R Y ------------

Command Line: -DwatchParentProcess=false -XX:+ExitOnOutOfMemoryError -XX:+HeapDumpOnOutOfMemoryError -XX:HeapDumpPath=c:\Users\ofatt\AppData\Roaming\Cursor\User\globalStorage\redhat.vscode-xml -Xmx64M org.eclipse.lemminx.XMLServerLauncher

Host: Intel(R) Celeron(R) CPU 4205U @ 1.80GHz, 2 cores, 3G,  Windows 11 , 64 bit Build 22621 (10.0.22621.5415)
Time: Thu Sep  4 15:04:28 2025 Hora de verano romance elapsed time: 43.289637 seconds (0d 0h 0m 43s)

---------------  T H R E A D  ---------------

Current thread (0x00000136babdb410):  JavaThread "C1 CompilerThread0" daemon [_thread_in_native, id=20204, stack(0x0000000262c00000,0x0000000262d00000) (1024K)]


Current CompileTask:
C1:43289 1175       3       jdk.internal.classfile.impl.StackCounter::<init> (2261 bytes)

Stack: [0x0000000262c00000,0x0000000262d00000]
Native frames: (J=compiled Java code, j=interpreted, Vv=VM code, C=native code)
V  [jvm.dll+0x6e0b99]  (no source info available)
V  [jvm.dll+0x87e2b3]  (no source info available)
V  [jvm.dll+0x88073e]  (no source info available)
V  [jvm.dll+0x880e13]  (no source info available)
V  [jvm.dll+0x27b006]  (no source info available)
V  [jvm.dll+0xbc06f]  (no source info available)
V  [jvm.dll+0xbc2cb]  (no source info available)
V  [jvm.dll+0x17b81c]  (no source info available)
V  [jvm.dll+0x18683c]  (no source info available)
V  [jvm.dll+0x186960]  (no source info available)
V  [jvm.dll+0x17cf9d]  (no source info available)
V  [jvm.dll+0x17a44e]  (no source info available)
V  [jvm.dll+0x1685c0]  (no source info available)
V  [jvm.dll+0x1509bf]  (no source info available)
V  [jvm.dll+0x15022f]  (no source info available)
V  [jvm.dll+0x1504db]  (no source info available)
V  [jvm.dll+0x14f8a8]  (no source info available)
V  [jvm.dll+0x1516ed]  (no source info available)
V  [jvm.dll+0x253df1]  (no source info available)
V  [jvm.dll+0x2520aa]  (no source info available)
V  [jvm.dll+0x3ee226]  (no source info available)
V  [jvm.dll+0x8254cb]  (no source info available)
V  [jvm.dll+0x6df345]  (no source info available)
C  [ucrtbase.dll+0x29333]  (no source info available)
C  [KERNEL32.DLL+0x1259d]  (no source info available)
C  [ntdll.dll+0x5af78]  (no source info available)

Lock stack of current Java thread (top to bottom):


---------------  P R O C E S S  ---------------

Threads class SMR info:
_java_thread_list=0x00000136801fcd10, length=12, elements={
0x00000136a141d6e0, 0x00000136a141e260, 0x00000136babc12b0, 0x00000136babc23a0,
0x00000136babc6990, 0x00000136babc7000, 0x00000136babc8ea0, 0x00000136babdb410,
0x00000136bac9e630, 0x0000013680071220, 0x00000136802df450, 0x000001369f01a6b0
}

Java Threads: ( => current thread )
  0x00000136a141d6e0 JavaThread "Reference Handler"          daemon [_thread_blocked, id=19584, stack(0x0000000262500000,0x0000000262600000) (1024K)]
  0x00000136a141e260 JavaThread "Finalizer"                  daemon [_thread_blocked, id=23072, stack(0x0000000262600000,0x0000000262700000) (1024K)]
  0x00000136babc12b0 JavaThread "Signal Dispatcher"          daemon [_thread_blocked, id=22628, stack(0x0000000262700000,0x0000000262800000) (1024K)]
  0x00000136babc23a0 JavaThread "Attach Listener"            daemon [_thread_blocked, id=800, stack(0x0000000262800000,0x0000000262900000) (1024K)]
  0x00000136babc6990 JavaThread "Service Thread"             daemon [_thread_blocked, id=1520, stack(0x0000000262900000,0x0000000262a00000) (1024K)]
  0x00000136babc7000 JavaThread "Monitor Deflation Thread"   daemon [_thread_blocked, id=23044, stack(0x0000000262a00000,0x0000000262b00000) (1024K)]
  0x00000136babc8ea0 JavaThread "C2 CompilerThread0"         daemon [_thread_blocked, id=22884, stack(0x0000000262b00000,0x0000000262c00000) (1024K)]
=>0x00000136babdb410 JavaThread "C1 CompilerThread0"         daemon [_thread_in_native, id=20204, stack(0x0000000262c00000,0x0000000262d00000) (1024K)]
  0x00000136bac9e630 JavaThread "Notification Thread"        daemon [_thread_blocked, id=17344, stack(0x0000000262d00000,0x0000000262e00000) (1024K)]
  0x0000013680071220 JavaThread "Common-Cleaner"             daemon [_thread_blocked, id=17072, stack(0x0000000262e00000,0x0000000262f00000) (1024K)]
  0x00000136802df450 JavaThread "pool-4-thread-1"                   [_thread_in_vm, id=22592, stack(0x0000000263000000,0x0000000263100000) (1024K)]
  0x000001369f01a6b0 JavaThread "DestroyJavaVM"                     [_thread_blocked, id=16456, stack(0x0000000261d00000,0x0000000261e00000) (1024K)]
Total: 12

Other Threads:
  0x00000136a1404010 VMThread "VM Thread"                           [id=10896, stack(0x0000000262400000,0x0000000262500000) (1024K)]
  0x00000136babbaec0 WatcherThread "VM Periodic Task Thread"        [id=8796, stack(0x0000000262300000,0x0000000262400000) (1024K)]
  0x00000136a1390620 WorkerThread "GC Thread#0"                     [id=20024, stack(0x0000000261e00000,0x0000000261f00000) (1024K)]
  0x000001368039df60 WorkerThread "GC Thread#1"                     [id=17800, stack(0x0000000262f00000,0x0000000263000000) (1024K)]
  0x00000136a13931e0 ConcurrentGCThread "G1 Main Marker"            [id=14836, stack(0x0000000261f00000,0x0000000262000000) (1024K)]
  0x00000136a1393ea0 WorkerThread "G1 Conc#0"                       [id=21172, stack(0x0000000262000000,0x0000000262100000) (1024K)]
  0x00000136a13e6120 ConcurrentGCThread "G1 Refine#0"               [id=19312, stack(0x0000000262100000,0x0000000262200000) (1024K)]
  0x00000136a13e6ca0 ConcurrentGCThread "G1 Service"                [id=23116, stack(0x0000000262200000,0x0000000262300000) (1024K)]
Total: 8

Threads with active compile tasks:
C1 CompilerThread0  43789 1175       3       jdk.internal.classfile.impl.StackCounter::<init> (2261 bytes)
Total: 1

VM state: not at safepoint (normal execution)

VM Mutex/Monitor currently owned by a thread: None

Heap address: 0x00000000fc000000, size: 64 MB, Compressed Oops mode: 32-bit

CDS archive(s) mapped at: [0x00000136bb000000-0x00000136bbd70000-0x00000136bbd70000), size 14090240, SharedBaseAddress: 0x00000136bb000000, ArchiveRelocationMode: 1.
Compressed class space mapped at: 0x00000136bc000000-0x00000136fc000000, reserved size: 1073741824
Narrow klass base: 0x00000136bb000000, Narrow klass shift: 0, Narrow klass range: 0x41000000

GC Precious Log:
 CardTable entry size: 512
 Card Set container configuration: InlinePtr #cards 5 size 8 Array Of Cards #cards 10 size 36 Howl #buckets 4 coarsen threshold 1843 Howl Bitmap #cards 512 size 80 coarsen threshold 460 Card regions per heap region 1 cards per card region 2048
 CPUs: 2 total, 2 available
 Memory: 3976M
 Large Page Support: Disabled
 NUMA Support: Disabled
 Compressed Oops: Enabled (32-bit)
 Heap Region Size: 1M
 Heap Min Capacity: 8M
 Heap Initial Capacity: 64M
 Heap Max Capacity: 64M
 Pre-touch: Disabled
 Parallel Workers: 2
 Concurrent Workers: 1
 Concurrent Refinement Workers: 2
 Periodic GC: Disabled

Heap:
 garbage-first heap   total reserved 65536K, committed 65536K, used 3427K [0x00000000fc000000, 0x0000000100000000)
  region size 1024K, 2 young (2048K), 1 survivors (1024K)
 Metaspace       used 5332K, committed 5504K, reserved 1114112K
  class space    used 639K, committed 704K, reserved 1048576K

Heap Regions: E=young(eden), S=young(survivor), O=old, HS=humongous(starts), HC=humongous(continues), CS=collection set, F=free, TAMS=top-at-mark-start, PB=parsable bottom
|   0|0x00000000fc000000, 0x00000000fc100000, 0x00000000fc100000|100%|HS|  |TAMS 0x00000000fc000000| PB 0x00000000fc000000| Complete |  0
|   1|0x00000000fc100000, 0x00000000fc200000, 0x00000000fc200000|100%| O|  |TAMS 0x00000000fc100000| PB 0x00000000fc100000| Untracked |  0
|   2|0x00000000fc200000, 0x00000000fc25a2f0, 0x00000000fc300000| 35%| O|  |TAMS 0x00000000fc200000| PB 0x00000000fc200000| Untracked |  0
|   3|0x00000000fc300000, 0x00000000fc300000, 0x00000000fc400000|  0%| F|  |TAMS 0x00000000fc300000| PB 0x00000000fc300000| Untracked |  0
|   4|0x00000000fc400000, 0x00000000fc400000, 0x00000000fc500000|  0%| F|  |TAMS 0x00000000fc400000| PB 0x00000000fc400000| Untracked |  0
|   5|0x00000000fc500000, 0x00000000fc500000, 0x00000000fc600000|  0%| F|  |TAMS 0x00000000fc500000| PB 0x00000000fc500000| Untracked |  0
|   6|0x00000000fc600000, 0x00000000fc600000, 0x00000000fc700000|  0%| F|  |TAMS 0x00000000fc600000| PB 0x00000000fc600000| Untracked |  0
|   7|0x00000000fc700000, 0x00000000fc700000, 0x00000000fc800000|  0%| F|  |TAMS 0x00000000fc700000| PB 0x00000000fc700000| Untracked |  0
|   8|0x00000000fc800000, 0x00000000fc800000, 0x00000000fc900000|  0%| F|  |TAMS 0x00000000fc800000| PB 0x00000000fc800000| Untracked |  0
|   9|0x00000000fc900000, 0x00000000fc900000, 0x00000000fca00000|  0%| F|  |TAMS 0x00000000fc900000| PB 0x00000000fc900000| Untracked |  0
|  10|0x00000000fca00000, 0x00000000fca00000, 0x00000000fcb00000|  0%| F|  |TAMS 0x00000000fca00000| PB 0x00000000fca00000| Untracked |  0
|  11|0x00000000fcb00000, 0x00000000fcb00000, 0x00000000fcc00000|  0%| F|  |TAMS 0x00000000fcb00000| PB 0x00000000fcb00000| Untracked |  0
|  12|0x00000000fcc00000, 0x00000000fcc00000, 0x00000000fcd00000|  0%| F|  |TAMS 0x00000000fcc00000| PB 0x00000000fcc00000| Untracked |  0
|  13|0x00000000fcd00000, 0x00000000fcd00000, 0x00000000fce00000|  0%| F|  |TAMS 0x00000000fcd00000| PB 0x00000000fcd00000| Untracked |  0
|  14|0x00000000fce00000, 0x00000000fce00000, 0x00000000fcf00000|  0%| F|  |TAMS 0x00000000fce00000| PB 0x00000000fce00000| Untracked |  0
|  15|0x00000000fcf00000, 0x00000000fcf00000, 0x00000000fd000000|  0%| F|  |TAMS 0x00000000fcf00000| PB 0x00000000fcf00000| Untracked |  0
|  16|0x00000000fd000000, 0x00000000fd000000, 0x00000000fd100000|  0%| F|  |TAMS 0x00000000fd000000| PB 0x00000000fd000000| Untracked |  0
|  17|0x00000000fd100000, 0x00000000fd100000, 0x00000000fd200000|  0%| F|  |TAMS 0x00000000fd100000| PB 0x00000000fd100000| Untracked |  0
|  18|0x00000000fd200000, 0x00000000fd200000, 0x00000000fd300000|  0%| F|  |TAMS 0x00000000fd200000| PB 0x00000000fd200000| Untracked |  0
|  19|0x00000000fd300000, 0x00000000fd300000, 0x00000000fd400000|  0%| F|  |TAMS 0x00000000fd300000| PB 0x00000000fd300000| Untracked |  0
|  20|0x00000000fd400000, 0x00000000fd400000, 0x00000000fd500000|  0%| F|  |TAMS 0x00000000fd400000| PB 0x00000000fd400000| Untracked |  0
|  21|0x00000000fd500000, 0x00000000fd500000, 0x00000000fd600000|  0%| F|  |TAMS 0x00000000fd500000| PB 0x00000000fd500000| Untracked |  0
|  22|0x00000000fd600000, 0x00000000fd600000, 0x00000000fd700000|  0%| F|  |TAMS 0x00000000fd600000| PB 0x00000000fd600000| Untracked |  0
|  23|0x00000000fd700000, 0x00000000fd700000, 0x00000000fd800000|  0%| F|  |TAMS 0x00000000fd700000| PB 0x00000000fd700000| Untracked |  0
|  24|0x00000000fd800000, 0x00000000fd800000, 0x00000000fd900000|  0%| F|  |TAMS 0x00000000fd800000| PB 0x00000000fd800000| Untracked |  0
|  25|0x00000000fd900000, 0x00000000fd900000, 0x00000000fda00000|  0%| F|  |TAMS 0x00000000fd900000| PB 0x00000000fd900000| Untracked |  0
|  26|0x00000000fda00000, 0x00000000fda00000, 0x00000000fdb00000|  0%| F|  |TAMS 0x00000000fda00000| PB 0x00000000fda00000| Untracked |  0
|  27|0x00000000fdb00000, 0x00000000fdb00000, 0x00000000fdc00000|  0%| F|  |TAMS 0x00000000fdb00000| PB 0x00000000fdb00000| Untracked |  0
|  28|0x00000000fdc00000, 0x00000000fdc00000, 0x00000000fdd00000|  0%| F|  |TAMS 0x00000000fdc00000| PB 0x00000000fdc00000| Untracked |  0
|  29|0x00000000fdd00000, 0x00000000fdd00000, 0x00000000fde00000|  0%| F|  |TAMS 0x00000000fdd00000| PB 0x00000000fdd00000| Untracked |  0
|  30|0x00000000fde00000, 0x00000000fde00000, 0x00000000fdf00000|  0%| F|  |TAMS 0x00000000fde00000| PB 0x00000000fde00000| Untracked |  0
|  31|0x00000000fdf00000, 0x00000000fdf00000, 0x00000000fe000000|  0%| F|  |TAMS 0x00000000fdf00000| PB 0x00000000fdf00000| Untracked |  0
|  32|0x00000000fe000000, 0x00000000fe000000, 0x00000000fe100000|  0%| F|  |TAMS 0x00000000fe000000| PB 0x00000000fe000000| Untracked |  0
|  33|0x00000000fe100000, 0x00000000fe100000, 0x00000000fe200000|  0%| F|  |TAMS 0x00000000fe100000| PB 0x00000000fe100000| Untracked |  0
|  34|0x00000000fe200000, 0x00000000fe200000, 0x00000000fe300000|  0%| F|  |TAMS 0x00000000fe200000| PB 0x00000000fe200000| Untracked |  0
|  35|0x00000000fe300000, 0x00000000fe300000, 0x00000000fe400000|  0%| F|  |TAMS 0x00000000fe300000| PB 0x00000000fe300000| Untracked |  0
|  36|0x00000000fe400000, 0x00000000fe400000, 0x00000000fe500000|  0%| F|  |TAMS 0x00000000fe400000| PB 0x00000000fe400000| Untracked |  0
|  37|0x00000000fe500000, 0x00000000fe500000, 0x00000000fe600000|  0%| F|  |TAMS 0x00000000fe500000| PB 0x00000000fe500000| Untracked |  0
|  38|0x00000000fe600000, 0x00000000fe600000, 0x00000000fe700000|  0%| F|  |TAMS 0x00000000fe600000| PB 0x00000000fe600000| Untracked |  0
|  39|0x00000000fe700000, 0x00000000fe700000, 0x00000000fe800000|  0%| F|  |TAMS 0x00000000fe700000| PB 0x00000000fe700000| Untracked |  0
|  40|0x00000000fe800000, 0x00000000fe800000, 0x00000000fe900000|  0%| F|  |TAMS 0x00000000fe800000| PB 0x00000000fe800000| Untracked |  0
|  41|0x00000000fe900000, 0x00000000fe900000, 0x00000000fea00000|  0%| F|  |TAMS 0x00000000fe900000| PB 0x00000000fe900000| Untracked |  0
|  42|0x00000000fea00000, 0x00000000fea00000, 0x00000000feb00000|  0%| F|  |TAMS 0x00000000fea00000| PB 0x00000000fea00000| Untracked |  0
|  43|0x00000000feb00000, 0x00000000feb00000, 0x00000000fec00000|  0%| F|  |TAMS 0x00000000feb00000| PB 0x00000000feb00000| Untracked |  0
|  44|0x00000000fec00000, 0x00000000fec00000, 0x00000000fed00000|  0%| F|  |TAMS 0x00000000fec00000| PB 0x00000000fec00000| Untracked |  0
|  45|0x00000000fed00000, 0x00000000fed00000, 0x00000000fee00000|  0%| F|  |TAMS 0x00000000fed00000| PB 0x00000000fed00000| Untracked |  0
|  46|0x00000000fee00000, 0x00000000fee00000, 0x00000000fef00000|  0%| F|  |TAMS 0x00000000fee00000| PB 0x00000000fee00000| Untracked |  0
|  47|0x00000000fef00000, 0x00000000fef00000, 0x00000000ff000000|  0%| F|  |TAMS 0x00000000fef00000| PB 0x00000000fef00000| Untracked |  0
|  48|0x00000000ff000000, 0x00000000ff000000, 0x00000000ff100000|  0%| F|  |TAMS 0x00000000ff000000| PB 0x00000000ff000000| Untracked |  0
|  49|0x00000000ff100000, 0x00000000ff100000, 0x00000000ff200000|  0%| F|  |TAMS 0x00000000ff100000| PB 0x00000000ff100000| Untracked |  0
|  50|0x00000000ff200000, 0x00000000ff200000, 0x00000000ff300000|  0%| F|  |TAMS 0x00000000ff200000| PB 0x00000000ff200000| Untracked |  0
|  51|0x00000000ff300000, 0x00000000ff300000, 0x00000000ff400000|  0%| F|  |TAMS 0x00000000ff300000| PB 0x00000000ff300000| Untracked |  0
|  52|0x00000000ff400000, 0x00000000ff400000, 0x00000000ff500000|  0%| F|  |TAMS 0x00000000ff400000| PB 0x00000000ff400000| Untracked |  0
|  53|0x00000000ff500000, 0x00000000ff500000, 0x00000000ff600000|  0%| F|  |TAMS 0x00000000ff500000| PB 0x00000000ff500000| Untracked |  0
|  54|0x00000000ff600000, 0x00000000ff600000, 0x00000000ff700000|  0%| F|  |TAMS 0x00000000ff600000| PB 0x00000000ff600000| Untracked |  0
|  55|0x00000000ff700000, 0x00000000ff700000, 0x00000000ff800000|  0%| F|  |TAMS 0x00000000ff700000| PB 0x00000000ff700000| Untracked |  0
|  56|0x00000000ff800000, 0x00000000ff800000, 0x00000000ff900000|  0%| F|  |TAMS 0x00000000ff800000| PB 0x00000000ff800000| Untracked |  0
|  57|0x00000000ff900000, 0x00000000ff9fe918, 0x00000000ffa00000| 99%| S|CS|TAMS 0x00000000ff900000| PB 0x00000000ff900000| Complete |  0
|  58|0x00000000ffa00000, 0x00000000ffa00000, 0x00000000ffb00000|  0%| F|  |TAMS 0x00000000ffa00000| PB 0x00000000ffa00000| Untracked |  0
|  59|0x00000000ffb00000, 0x00000000ffb00000, 0x00000000ffc00000|  0%| F|  |TAMS 0x00000000ffb00000| PB 0x00000000ffb00000| Untracked |  0
|  60|0x00000000ffc00000, 0x00000000ffc00000, 0x00000000ffd00000|  0%| F|  |TAMS 0x00000000ffc00000| PB 0x00000000ffc00000| Untracked |  0
|  61|0x00000000ffd00000, 0x00000000ffd00000, 0x00000000ffe00000|  0%| F|  |TAMS 0x00000000ffd00000| PB 0x00000000ffd00000| Untracked |  0
|  62|0x00000000ffe00000, 0x00000000ffe00000, 0x00000000fff00000|  0%| F|  |TAMS 0x00000000ffe00000| PB 0x00000000ffe00000| Untracked |  0
|  63|0x00000000fff00000, 0x00000000fff6bf88, 0x0000000100000000| 42%| E|  |TAMS 0x00000000fff00000| PB 0x00000000fff00000| Complete |  0

Card table byte_map: [0x000001369f210000,0x000001369f230000] _byte_map_base: 0x000001369ea30000

Marking Bits: (CMBitMap*) 0x00000136a1391540
 Bits: [0x00000136a0f20000, 0x00000136a1020000)

Polling page: 0x000001369f1c0000

Metaspace:

Usage:
  Non-class:      4.58 MB used.
      Class:    639.61 KB used.
       Both:      5.21 MB used.

Virtual space:
  Non-class space:       64.00 MB reserved,       4.69 MB (  7%) committed,  1 nodes.
      Class space:        1.00 GB reserved,     704.00 KB ( <1%) committed,  1 nodes.
             Both:        1.06 GB reserved,       5.38 MB ( <1%) committed. 

Chunk freelists:
   Non-Class:  9.64 MB
       Class:  15.31 MB
        Both:  24.95 MB

MaxMetaspaceSize: unlimited
CompressedClassSpaceSize: 1.00 GB
Initial GC threshold: 21.00 MB
Current GC threshold: 21.00 MB
CDS: on
 - commit_granule_bytes: 65536.
 - commit_granule_words: 8192.
 - virtual_space_node_default_size: 8388608.
 - enlarge_chunks_in_place: 1.
 - use_allocation_guard: 0.


Internal statistics:

num_allocs_failed_limit: 0.
num_arena_births: 84.
num_arena_deaths: 0.
num_vsnodes_births: 2.
num_vsnodes_deaths: 0.
num_space_committed: 86.
num_space_uncommitted: 0.
num_chunks_returned_to_freelist: 0.
num_chunks_taken_from_freelist: 217.
num_chunk_merges: 0.
num_chunk_splits: 147.
num_chunks_enlarged: 114.
num_inconsistent_stats: 0.

CodeHeap 'non-profiled nmethods': size=120128Kb used=301Kb max_used=301Kb free=119826Kb
 bounds [0x00000136b1550000, 0x00000136b17c0000, 0x00000136b8aa0000]
CodeHeap 'profiled nmethods': size=120000Kb used=1550Kb max_used=1550Kb free=118449Kb
 bounds [0x00000136a9aa0000, 0x00000136a9d10000, 0x00000136b0fd0000]
CodeHeap 'non-nmethods': size=5632Kb used=1333Kb max_used=1341Kb free=4298Kb
 bounds [0x00000136b0fd0000, 0x00000136b1240000, 0x00000136b1550000]
CodeCache: size=245760Kb, used=3184Kb, max_used=3192Kb, free=242573Kb
 total_blobs=1619, nmethods=1171, adapters=355, full_count=0
Compilation: enabled, stopped_count=0, restarted_count=0

Compilation events (20 events):
Event: 43.264 Thread 0x00000136babdb410 nmethod 1165 0x00000136a9c1f888 code [0x00000136a9c1f9c0, 0x00000136a9c1fd50]
Event: 43.264 Thread 0x00000136babdb410 1166       3       jdk.internal.classfile.impl.AbstractPseudoInstruction$ExceptionCatchImpl::writeTo (6 bytes)
Event: 43.264 Thread 0x00000136babdb410 nmethod 1166 0x00000136a9c1fd88 code [0x00000136a9c1fea0, 0x00000136a9c1ffe8]
Event: 43.264 Thread 0x00000136babdb410 1167       3       java.util.List::of (4 bytes)
Event: 43.264 Thread 0x00000136babdb410 nmethod 1167 0x00000136a9c20088 code [0x00000136a9c201a0, 0x00000136a9c20298]
Event: 43.265 Thread 0x00000136babdb410 1168       3       java.util.ArrayList::get (15 bytes)
Event: 43.266 Thread 0x00000136babdb410 nmethod 1168 0x00000136a9c20388 code [0x00000136a9c204c0, 0x00000136a9c20780]
Event: 43.266 Thread 0x00000136babdb410 1169       3       java.lang.classfile.CodeBuilder::loadLocal (15 bytes)
Event: 43.267 Thread 0x00000136babdb410 nmethod 1169 0x00000136a9c20808 code [0x00000136a9c209c0, 0x00000136a9c211b8]
Event: 43.267 Thread 0x00000136babdb410 1170       3       jdk.internal.classfile.impl.BytecodeHelpers::loadOpcode (462 bytes)
Event: 43.268 Thread 0x00000136babdb410 nmethod 1170 0x00000136a9c21288 code [0x00000136a9c21580, 0x00000136a9c22480]
Event: 43.269 Thread 0x00000136babdb410 1171       3       java.lang.classfile.CodeBuilder::aload (11 bytes)
Event: 43.270 Thread 0x00000136babdb410 nmethod 1171 0x00000136a9c22508 code [0x00000136a9c226c0, 0x00000136a9c22ec0]
Event: 43.270 Thread 0x00000136babdb410 1172       3       jdk.internal.classfile.impl.AbstractPoolEntry$Utf8EntryImpl::length (19 bytes)
Event: 43.270 Thread 0x00000136babdb410 nmethod 1172 0x00000136a9c22f88 code [0x00000136a9c230a0, 0x00000136a9c23228]
Event: 43.271 Thread 0x00000136babdb410 1173       3       java.util.TreeMap::put (8 bytes)
Event: 43.271 Thread 0x00000136babdb410 nmethod 1173 0x00000136a9c23288 code [0x00000136a9c233a0, 0x00000136a9c234e0]
Event: 43.271 Thread 0x00000136babdb410 1174       3       java.util.TreeMap$Entry::<init> (25 bytes)
Event: 43.271 Thread 0x00000136babdb410 nmethod 1174 0x00000136a9c23588 code [0x00000136a9c236a0, 0x00000136a9c23920]
Event: 43.272 Thread 0x00000136babdb410 1175       3       jdk.internal.classfile.impl.StackCounter::<init> (2261 bytes)

GC Heap History (4 events):
Event: 39.052 GC heap before
{Heap before GC invocations=0 (full 0):
 garbage-first heap   total reserved 65536K, committed 65536K, used 8192K [0x00000000fc000000, 0x0000000100000000)
  region size 1024K, 7 young (7168K), 0 survivors (0K)
 Metaspace       used 2917K, committed 3072K, reserved 1114112K
  class space    used 363K, committed 448K, reserved 1048576K
}
Event: 39.190 GC heap after
{Heap after GC invocations=1 (full 0):
 garbage-first heap   total reserved 65536K, committed 65536K, used 2456K [0x00000000fc000000, 0x0000000100000000)
  region size 1024K, 1 young (1024K), 1 survivors (1024K)
 Metaspace       used 2917K, committed 3072K, reserved 1114112K
  class space    used 363K, committed 448K, reserved 1048576K
}
Event: 43.222 GC heap before
{Heap before GC invocations=1 (full 0):
 garbage-first heap   total reserved 65536K, committed 65536K, used 8600K [0x00000000fc000000, 0x0000000100000000)
  region size 1024K, 7 young (7168K), 1 survivors (1024K)
 Metaspace       used 5001K, committed 5120K, reserved 1114112K
  class space    used 608K, committed 640K, reserved 1048576K
}
Event: 43.232 GC heap after
{Heap after GC invocations=2 (full 0):
 garbage-first heap   total reserved 65536K, committed 65536K, used 3427K [0x00000000fc000000, 0x0000000100000000)
  region size 1024K, 1 young (1024K), 1 survivors (1024K)
 Metaspace       used 5001K, committed 5120K, reserved 1114112K
  class space    used 608K, committed 640K, reserved 1048576K
}

Dll operation events (6 events):
Event: 2.453 Loaded shared library C:\Program Files\Java\jdk-23\bin\java.dll
Event: 23.618 Loaded shared library C:\Program Files\Java\jdk-23\bin\jsvml.dll
Event: 24.151 Loaded shared library C:\Program Files\Java\jdk-23\bin\net.dll
Event: 24.301 Loaded shared library C:\Program Files\Java\jdk-23\bin\nio.dll
Event: 27.226 Loaded shared library C:\Program Files\Java\jdk-23\bin\zip.dll
Event: 29.324 Loaded shared library C:\Program Files\Java\jdk-23\bin\jimage.dll

Deoptimization events (6 events):
Event: 24.469 Thread 0x000001369f01a6b0 DEOPT PACKING pc=0x00000136a9aa0928 sp=0x0000000261dfd530
Event: 24.497 Thread 0x000001369f01a6b0 DEOPT UNPACKING pc=0x00000136b1024b83 sp=0x0000000261dfc9b8 mode 0
Event: 28.691 Thread 0x000001369f01a6b0 Uncommon trap: trap_request=0xffffff45 fr.pc=0x00000136b1555810 relative=0x0000000000000190
Event: 28.691 Thread 0x000001369f01a6b0 Uncommon trap: reason=unstable_if action=reinterpret pc=0x00000136b1555810 method=jdk.internal.util.ArraysSupport.hashCodeOfUnsigned([BIII)I @ 1 c2
Event: 28.755 Thread 0x000001369f01a6b0 DEOPT PACKING pc=0x00000136b1555810 sp=0x0000000261dfb760
Event: 28.755 Thread 0x000001369f01a6b0 DEOPT UNPACKING pc=0x00000136b10243fc sp=0x0000000261dfb6f0 mode 2

Classes loaded (20 events):
Event: 41.652 Loading class sun/reflect/generics/repository/FieldRepository
Event: 41.653 Loading class sun/reflect/generics/repository/FieldRepository done
Event: 41.870 Loading class jdk/internal/reflect/MethodHandleIntegerFieldAccessorImpl
Event: 41.871 Loading class jdk/internal/reflect/MethodHandleIntegerFieldAccessorImpl done
Event: 42.531 Loading class jdk/internal/reflect/MethodHandleBooleanFieldAccessorImpl
Event: 42.852 Loading class jdk/internal/reflect/MethodHandleBooleanFieldAccessorImpl done
Event: 43.043 Loading class java/lang/NoSuchFieldError
Event: 43.043 Loading class java/lang/NoSuchFieldError done
Event: 43.049 Loading class java/io/InvalidObjectException
Event: 43.049 Loading class java/io/ObjectStreamException
Event: 43.054 Loading class java/io/ObjectStreamException done
Event: 43.054 Loading class java/io/InvalidObjectException done
Event: 43.099 Loading class java/util/ConcurrentModificationException
Event: 43.100 Loading class java/util/ConcurrentModificationException done
Event: 43.160 Loading class sun/reflect/misc/ReflectUtil
Event: 43.161 Loading class sun/reflect/misc/ReflectUtil done
Event: 43.179 Loading class java/lang/invoke/DirectMethodHandle$StaticAccessor
Event: 43.185 Loading class java/lang/invoke/DirectMethodHandle$StaticAccessor done
Event: 43.208 Loading class java/nio/file/PathMatcher
Event: 43.210 Loading class java/nio/file/PathMatcher done

Classes unloaded (0 events):
No events

Classes redefined (0 events):
No events

Internal exceptions (12 events):
Event: 32.246 Thread 0x000001369f01a6b0 Exception <a 'java/lang/NoSuchMethodError'{0x00000000ffda5ef0}: 'void java.lang.invoke.DirectMethodHandle$Holder.invokeSpecial(java.lang.Object, java.lang.Object, java.lang.Object)'> (0x00000000ffda5ef0) 
thrown [s\open\src\hotspot\share\interpreter\linkResolver.cpp, line 796]
Event: 36.955 Thread 0x000001369f01a6b0 Exception <a 'java/lang/NoSuchMethodError'{0x00000000ffb73a88}: 'void java.lang.invoke.DirectMethodHandle$Holder.invokeStatic(java.lang.Object, int, java.lang.Object)'> (0x00000000ffb73a88) 
thrown [s\open\src\hotspot\share\interpreter\linkResolver.cpp, line 796]
Event: 38.322 Thread 0x000001369f01a6b0 Exception <a 'java/lang/NoSuchMethodError'{0x00000000ffa11788}: 'void java.lang.invoke.DirectMethodHandle$Holder.invokeStatic(java.lang.Object, java.lang.Object, java.lang.Object, java.lang.Object)'> (0x00000000ffa11788) 
thrown [s\open\src\hotspot\share\interpreter\linkResolver.cpp, line 796]
Event: 40.453 Thread 0x000001369f01a6b0 Exception <a 'java/lang/NoSuchMethodError'{0x00000000ffd17ce8}: 'void java.lang.invoke.DirectMethodHandle$Holder.invokeSpecial(java.lang.Object, java.lang.Object, java.lang.Object, java.lang.Object, java.lang.Object, java.lang.Object)'> (0x00000000ffd17ce8) 
thrown [s\open\src\hotspot\share\interpreter\linkResolver.cpp, line 796]
Event: 40.455 Thread 0x000001369f01a6b0 Exception <a 'java/lang/NoSuchMethodError'{0x00000000ffd1fb58}: 'java.lang.Object java.lang.invoke.DirectMethodHandle$Holder.invokeInterface(java.lang.Object, java.lang.Object)'> (0x00000000ffd1fb58) 
thrown [s\open\src\hotspot\share\interpreter\linkResolver.cpp, line 796]
Event: 40.489 Thread 0x000001369f01a6b0 Exception <a 'java/lang/IncompatibleClassChangeError'{0x00000000ffd69758}: Found class java.lang.Object, but interface was expected> (0x00000000ffd69758) 
thrown [s\open\src\hotspot\share\interpreter\linkResolver.cpp, line 863]
Event: 40.498 Thread 0x000001369f01a6b0 Exception <a 'java/lang/IncompatibleClassChangeError'{0x00000000ffd90ce0}: Found class java.lang.Object, but interface was expected> (0x00000000ffd90ce0) 
thrown [s\open\src\hotspot\share\interpreter\linkResolver.cpp, line 863]
Event: 41.112 Thread 0x00000136802df450 Exception <a 'java/lang/NoSuchMethodError'{0x00000000ffca0988}: 'int java.lang.invoke.DirectMethodHandle$Holder.invokeSpecial(java.lang.Object, java.lang.Object, java.lang.Object)'> (0x00000000ffca0988) 
thrown [s\open\src\hotspot\share\interpreter\linkResolver.cpp, line 796]
Event: 41.506 Thread 0x00000136802df450 Exception <a 'java/lang/NoSuchMethodError'{0x00000000ffcd1570}: 'void java.lang.invoke.Invokers$Holder.invokeExact_MT(java.lang.Object, java.lang.Object, java.lang.Object, java.lang.Object)'> (0x00000000ffcd1570) 
thrown [s\open\src\hotspot\share\interpreter\linkResolver.cpp, line 796]
Event: 41.872 Thread 0x00000136802df450 Exception <a 'java/lang/NoSuchMethodError'{0x00000000ffb2d3d0}: 'void java.lang.invoke.DelegatingMethodHandle$Holder.reinvoke_L(java.lang.Object, java.lang.Object, int)'> (0x00000000ffb2d3d0) 
thrown [s\open\src\hotspot\share\interpreter\linkResolver.cpp, line 796]
Event: 41.873 Thread 0x00000136802df450 Exception <a 'java/lang/NoSuchMethodError'{0x00000000ffb34030}: 'int java.lang.invoke.Invokers$Holder.invokeExact_MT(java.lang.Object, java.lang.Object, java.lang.Object)'> (0x00000000ffb34030) 
thrown [s\open\src\hotspot\share\interpreter\linkResolver.cpp, line 796]
Event: 43.085 Thread 0x00000136802df450 Exception <a 'java/lang/NoSuchMethodError'{0x00000000ffa9e878}: 'java.lang.Object java.lang.invoke.DirectMethodHandle$Holder.invokeInterface(java.lang.Object, java.lang.Object, java.lang.Object)'> (0x00000000ffa9e878) 
thrown [s\open\src\hotspot\share\interpreter\linkResolver.cpp, line 796]

VM Operations (14 events):
Event: 27.229 Executing VM operation: HandshakeAllThreads (Deoptimize)
Event: 27.231 Executing VM operation: HandshakeAllThreads (Deoptimize) done
Event: 39.047 Executing VM operation: G1CollectForAllocation (G1 Evacuation Pause)
Event: 39.190 Executing VM operation: G1CollectForAllocation (G1 Evacuation Pause) done
Event: 40.801 Executing VM operation: HandshakeAllThreads (Deoptimize)
Event: 40.801 Executing VM operation: HandshakeAllThreads (Deoptimize) done
Event: 43.096 Executing VM operation: HandshakeAllThreads (Deoptimize)
Event: 43.096 Executing VM operation: HandshakeAllThreads (Deoptimize) done
Event: 43.150 Executing VM operation: HandshakeAllThreads (Deoptimize)
Event: 43.150 Executing VM operation: HandshakeAllThreads (Deoptimize) done
Event: 43.206 Executing VM operation: HandshakeAllThreads (Deoptimize)
Event: 43.206 Executing VM operation: HandshakeAllThreads (Deoptimize) done
Event: 43.222 Executing VM operation: G1CollectForAllocation (G1 Evacuation Pause)
Event: 43.232 Executing VM operation: G1CollectForAllocation (G1 Evacuation Pause) done

Memory protections (0 events):
No events

Nmethod flushes (0 events):
No events

Events (14 events):
Event: 11.372 Thread 0x000001369f01a6b0 Thread added: 0x000001369f01a6b0
Event: 22.002 Thread 0x000001369f01a6b0 Thread added: 0x00000136a141d6e0
Event: 22.002 Thread 0x000001369f01a6b0 Thread added: 0x00000136a141e260
Event: 22.047 Thread 0x000001369f01a6b0 Thread added: 0x00000136babc12b0
Event: 22.309 Thread 0x000001369f01a6b0 Thread added: 0x00000136babc23a0
Event: 22.638 Thread 0x000001369f01a6b0 Thread added: 0x00000136babc6990
Event: 22.706 Thread 0x000001369f01a6b0 Thread added: 0x00000136babc7000
Event: 22.794 Thread 0x000001369f01a6b0 Thread added: 0x00000136babc8ea0
Event: 22.820 Thread 0x000001369f01a6b0 Thread added: 0x00000136babdb410
Event: 24.066 Thread 0x000001369f01a6b0 Thread added: 0x00000136bac9e630
Event: 24.106 Thread 0x000001369f01a6b0 Thread added: 0x0000013680071220
Event: 40.938 Thread 0x000001369f01a6b0 Thread added: 0x00000136802df450
Event: 40.943 Thread 0x000001369f01a6b0 Thread exited: 0x000001369f01a6b0
Event: 40.944 Thread 0x000001369f01a6b0 Thread added: 0x000001369f01a6b0


Dynamic libraries:
0x00007ff755ff0000 - 0x00007ff756000000 	C:\Program Files\Java\jdk-23\bin\java.exe
0x00007fff15750000 - 0x00007fff15967000 	C:\WINDOWS\SYSTEM32\ntdll.dll
0x00007ffee8280000 - 0x00007ffee82a0000 	C:\Program Files\Avast Software\Avast\aswhook.dll
0x00007fff14eb0000 - 0x00007fff14f74000 	C:\WINDOWS\System32\KERNEL32.DLL
0x00007fff12bb0000 - 0x00007fff12f82000 	C:\WINDOWS\System32\KERNELBASE.dll
0x00007fff0e7a0000 - 0x00007fff0e837000 	C:\WINDOWS\SYSTEM32\apphelp.dll
0x00007fff13240000 - 0x00007fff13351000 	C:\WINDOWS\System32\ucrtbase.dll
0x00007ffefbca0000 - 0x00007ffefbcbb000 	C:\Program Files\Java\jdk-23\bin\VCRUNTIME140.dll
0x00007ffefcb50000 - 0x00007ffefcb67000 	C:\Program Files\Java\jdk-23\bin\jli.dll
0x00007fff153a0000 - 0x00007fff15551000 	C:\WINDOWS\System32\USER32.dll
0x00007fff12a10000 - 0x00007fff12a36000 	C:\WINDOWS\System32\win32u.dll
0x00007fff156d0000 - 0x00007fff156f9000 	C:\WINDOWS\System32\GDI32.dll
0x00007fff128e0000 - 0x00007fff12a03000 	C:\WINDOWS\System32\gdi32full.dll
0x00007ffeffde0000 - 0x00007fff0007b000 	C:\WINDOWS\WinSxS\amd64_microsoft.windows.common-controls_6595b64144ccf1df_6.0.22621.5697_none_27154c497380d676\COMCTL32.dll
0x00007fff12840000 - 0x00007fff128da000 	C:\WINDOWS\System32\msvcp_win.dll
0x00007fff150f0000 - 0x00007fff15197000 	C:\WINDOWS\System32\msvcrt.dll
0x00007fff14e70000 - 0x00007fff14ea1000 	C:\WINDOWS\System32\IMM32.DLL
0x00007fff0c5d0000 - 0x00007fff0c5dc000 	C:\Program Files\Java\jdk-23\bin\vcruntime140_1.dll
0x00007ffed25a0000 - 0x00007ffed262e000 	C:\Program Files\Java\jdk-23\bin\msvcp140.dll
0x00007ffe81d90000 - 0x00007ffe82ae0000 	C:\Program Files\Java\jdk-23\bin\server\jvm.dll
0x00007fff15030000 - 0x00007fff150e1000 	C:\WINDOWS\System32\ADVAPI32.dll
0x00007fff14f80000 - 0x00007fff15028000 	C:\WINDOWS\System32\sechost.dll
0x00007fff12a40000 - 0x00007fff12a68000 	C:\WINDOWS\System32\bcrypt.dll
0x00007fff13af0000 - 0x00007fff13c07000 	C:\WINDOWS\System32\RPCRT4.dll
0x00007fff14bd0000 - 0x00007fff14c41000 	C:\WINDOWS\System32\WS2_32.dll
0x00007fff12720000 - 0x00007fff1276d000 	C:\WINDOWS\SYSTEM32\POWRPROF.dll
0x00007fff08670000 - 0x00007fff086a4000 	C:\WINDOWS\SYSTEM32\WINMM.dll
0x00007fff08560000 - 0x00007fff0856a000 	C:\WINDOWS\SYSTEM32\VERSION.dll
0x00007fff126f0000 - 0x00007fff12703000 	C:\WINDOWS\SYSTEM32\UMPDC.dll
0x00007fff11820000 - 0x00007fff11838000 	C:\WINDOWS\SYSTEM32\kernel.appcore.dll
0x00007ffeffb50000 - 0x00007ffeffb5a000 	C:\Program Files\Java\jdk-23\bin\jimage.dll
0x00007fff10090000 - 0x00007fff102c3000 	C:\WINDOWS\SYSTEM32\DBGHELP.DLL
0x00007fff133e0000 - 0x00007fff13772000 	C:\WINDOWS\System32\combase.dll
0x00007fff13a10000 - 0x00007fff13ae8000 	C:\WINDOWS\System32\OLEAUT32.dll
0x00007ffefe340000 - 0x00007ffefe372000 	C:\WINDOWS\SYSTEM32\dbgcore.DLL
0x00007fff13360000 - 0x00007fff133db000 	C:\WINDOWS\System32\bcryptPrimitives.dll
0x00007ffefbc80000 - 0x00007ffefbc9e000 	C:\Program Files\Java\jdk-23\bin\java.dll
0x00007fff14cd0000 - 0x00007fff14e70000 	C:\WINDOWS\System32\ole32.dll
0x00007fff13d20000 - 0x00007fff145c1000 	C:\WINDOWS\System32\SHELL32.dll
0x00007fff12a70000 - 0x00007fff12baf000 	C:\WINDOWS\System32\wintypes.dll
0x00007fff10720000 - 0x00007fff1103a000 	C:\WINDOWS\SYSTEM32\windows.storage.dll
0x00007fff15290000 - 0x00007fff1539b000 	C:\WINDOWS\System32\SHCORE.dll
0x00007fff14b60000 - 0x00007fff14bc9000 	C:\WINDOWS\System32\shlwapi.dll
0x00007fff12770000 - 0x00007fff1279b000 	C:\WINDOWS\SYSTEM32\profapi.dll
0x00007ffeb1550000 - 0x00007ffeb1627000 	C:\Program Files\Java\jdk-23\bin\jsvml.dll
0x00007ffefef70000 - 0x00007ffefef80000 	C:\Program Files\Java\jdk-23\bin\net.dll
0x00007fff11cf0000 - 0x00007fff11d59000 	C:\WINDOWS\system32\mswsock.dll
0x00007ffef91d0000 - 0x00007ffef91e6000 	C:\Program Files\Java\jdk-23\bin\nio.dll
0x00007ffef39e0000 - 0x00007ffef39f7000 	C:\Program Files\Java\jdk-23\bin\zip.dll

dbghelp: loaded successfully - version: 4.0.5 - missing functions: none
symbol engine: initialized successfully - sym options: 0x614 - pdb path: .;C:\Program Files\Java\jdk-23\bin;C:\WINDOWS\SYSTEM32;C:\Program Files\Avast Software\Avast;C:\WINDOWS\WinSxS\amd64_microsoft.windows.common-controls_6595b64144ccf1df_6.0.22621.5697_none_27154c497380d676;C:\Program Files\Java\jdk-23\bin\server

VM Arguments:
jvm_args: -DwatchParentProcess=false -XX:+ExitOnOutOfMemoryError -XX:+HeapDumpOnOutOfMemoryError -XX:HeapDumpPath=c:\Users\ofatt\AppData\Roaming\Cursor\User\globalStorage\redhat.vscode-xml -Xmx64M 
java_command: org.eclipse.lemminx.XMLServerLauncher
java_class_path (initial): c:\Users\ofatt\.cursor\extensions\redhat.vscode-xml-0.29.0-win32-x64\server\org.eclipse.lemminx-0.31.0-uber.jar
Launcher Type: SUN_STANDARD

[Global flags]
     intx CICompilerCount                          = 2                                         {product} {ergonomic}
     uint ConcGCThreads                            = 1                                         {product} {ergonomic}
     bool ExitOnOutOfMemoryError                   = true                                      {product} {command line}
     uint G1ConcRefinementThreads                  = 2                                         {product} {ergonomic}
   size_t G1HeapRegionSize                         = 1048576                                   {product} {ergonomic}
     bool HeapDumpOnOutOfMemoryError               = true                                   {manageable} {command line}
    ccstr HeapDumpPath                             = c:\Users\ofatt\AppData\Roaming\Cursor\User\globalStorage\redhat.vscode-xml         {manageable} {command line}
   size_t InitialHeapSize                          = 67108864                                  {product} {ergonomic}
   size_t MarkStackSize                            = 4194304                                   {product} {ergonomic}
   size_t MarkStackSizeMax                         = 536870912                                 {product} {ergonomic}
   size_t MaxHeapSize                              = 67108864                                  {product} {command line}
   size_t MaxNewSize                               = 39845888                                  {product} {ergonomic}
   size_t MinHeapDeltaBytes                        = 1048576                                   {product} {ergonomic}
   size_t MinHeapSize                              = 8388608                                   {product} {ergonomic}
    uintx NonNMethodCodeHeapSize                   = 5767168                                {pd product} {ergonomic}
    uintx NonProfiledCodeHeapSize                  = 123011072                              {pd product} {ergonomic}
    uintx ProfiledCodeHeapSize                     = 122880000                              {pd product} {ergonomic}
    uintx ReservedCodeCacheSize                    = 251658240                              {pd product} {ergonomic}
     bool SegmentedCodeCache                       = true                                      {product} {ergonomic}
   size_t SoftMaxHeapSize                          = 67108864                               {manageable} {ergonomic}
     bool UseCompressedOops                        = true                           {product lp64_product} {ergonomic}
     bool UseG1GC                                  = true                                      {product} {ergonomic}
     bool UseLargePagesIndividualAllocation        = false                                  {pd product} {ergonomic}

Logging:
Log output configuration:
 #0: stdout all=warning uptime,level,tags foldmultilines=false
 #1: stderr all=off uptime,level,tags foldmultilines=false

Environment Variables:
PATH=C:\Program Files\Common Files\Oracle\Java\javapath;C:\WINDOWS\system32;C:\WINDOWS;C:\WINDOWS\System32\Wbem;C:\WINDOWS\System32\WindowsPowerShell\v1.0\;C:\WINDOWS\System32\OpenSSH\;C:\Program Files (x86)\AutoFirma\AutoFirma;C:\Program Files\GitHub CLI\;C:\Program Files\Git\cmd;C:\Program Files\apache-maven-3.9.9\bin;C:\Program Files\apache-maven-3.9.9;C:\Users\ofatt\AppData\Local\Microsoft\WindowsApps;C:\Users\ofatt\AppData\Local\Microsoft\WinGet\Packages\Schniz.fnm_Microsoft.Winget.Source_8wekyb3d8bbwe;C:\Program Files\heroku\bin;C:\Program Files\Eclipse Adoptium\jdk-21.0.7.6-hotspot\bin;C:\Program Files\Android\Android Studio\jbr\bin;C:\Program Files\apache-maven-3.9.9\apache-maven-3.9.9\bin;C:\Users\ofatt\.gradle\wrapper\dists\gradle-8.9-bin\90cnw93cvbtalezasaz0blq0a

\bin;C:\Users\ofatt\AppData\Local\Programs\cursor\resources\app\bin;C:\Users\ofatt\AppData\Local\Programs\Windsurf\bin
USERNAME=ofatt
OS=Windows_NT
PROCESSOR_IDENTIFIER=Intel64 Family 6 Model 142 Stepping 11, GenuineIntel
TMP=C:\Users\ofatt\AppData\Local\Temp
TEMP=C:\Users\ofatt\AppData\Local\Temp




Periodic native trim disabled

---------------  S Y S T E M  ---------------

OS:
 Windows 11 , 64 bit Build 22621 (10.0.22621.5415)
OS uptime: 1 days 16:42 hours

CPU: total 2 (initial active 2) (2 cores per cpu, 1 threads per core) family 6 model 142 stepping 11 microcode 0xde, cx8, cmov, fxsr, mmx, 3dnowpref, sse, sse2, sse3, ssse3, sse4.1, sse4.2, popcnt, lzcnt, tsc, tscinvbit, aes, erms, clmul, clflush, clflushopt, rdtscp
Processor Information for the first 2 processors :
  Max Mhz: 1800, Current Mhz: 1800, Mhz Limit: 1800

Memory: 4k page, system-wide physical 3976M (291M free)
TotalPageFile size 16264M (AvailPageFile size 796M)
current process WorkingSet (physical memory assigned to process): 61M, peak: 61M
current process commit charge ("private bytes"): 143M, peak: 143M

vm_info: Java HotSpot(TM) 64-Bit Server VM (23.0.2+7-58) for windows-amd64 JRE (23.0.2+7-58), built on 2024-11-29T09:34:55Z with MS VC++ 17.6 (VS2022)

END.
