#
# There is insufficient memory for the Java Runtime Environment to continue.
# Native memory allocation (malloc) failed to allocate 32744 bytes. Error detail: Chunk::new
# Possible reasons:
#   The system is out of physical RAM or swap space
#   This process is running with CompressedOops enabled, and the Java Heap may be blocking the growth of the native heap
# Possible solutions:
#   Reduce memory load on the system
#   Increase physical memory or swap space
#   Check if swap backing store is full
#   Decrease Java heap size (-Xmx/-Xms)
#   Decrease number of Java threads
#   Decrease Java thread stack sizes (-Xss)
#   Set larger code cache with -XX:ReservedCodeCacheSize=
#   JVM is running with Unscaled Compressed Oops mode in which the Java heap is
#     placed in the first 4GB address space. The Java Heap base address is the
#     maximum limit for the native heap growth. Please use -XX:HeapBaseMinAddress
#     to set the Java Heap base and to place the Java Heap above 4GB virtual address.
# This output file may be truncated or incomplete.
#
#  Out of Memory Error (arena.cpp:168), pid=20036, tid=13320
#
# JRE version: OpenJDK Runtime Environment Temurin-21.0.7+6 (21.0.7+6) (build 21.0.7+6-LTS)
# Java VM: OpenJDK 64-Bit Server VM Temurin-21.0.7+6 (21.0.7+6-LTS, mixed mode, tiered, compressed oops, compressed class ptrs, g1 gc, windows-amd64)
# No core dump will be written. Minidumps are not enabled by default on client versions of Windows
#

---------------  S U M M A R Y ------------

Command Line: -Dfile.encoding=utf8 c:\Users\ofatt\.cursor\extensions\vscjava.vscode-gradle-3.15.0-universal\lib\gradle-language-server.jar

Host: Intel(R) Celeron(R) CPU 4205U @ 1.80GHz, 2 cores, 3G,  Windows 11 , 64 bit Build 22621 (10.0.22621.5415)
Time: Fri Aug 15 12:37:59 2025 Hora de verano romance elapsed time: 7.008740 seconds (0d 0h 0m 7s)

---------------  T H R E A D  ---------------

Current thread (0x0000024f001f1640):  JavaThread "C2 CompilerThread0" daemon [_thread_in_native, id=13320, stack(0x0000008a7bb00000,0x0000008a7bc00000) (1024K)]


Current CompileTask:
C2:7008   99       4       jdk.internal.util.ArraysSupport::signedHashCode (37 bytes)

Stack: [0x0000008a7bb00000,0x0000008a7bc00000]
Native frames: (J=compiled Java code, j=interpreted, Vv=VM code, C=native code)
V  [jvm.dll+0x6ce119]
V  [jvm.dll+0x8a84a1]
V  [jvm.dll+0x8aa9ce]
V  [jvm.dll+0x8ab0b3]
V  [jvm.dll+0x27f8a6]
V  [jvm.dll+0xc507d]
V  [jvm.dll+0xc55b3]
V  [jvm.dll+0x656dfb]
V  [jvm.dll+0x656f9f]
V  [jvm.dll+0x656f9f]
V  [jvm.dll+0x65c9d9]
V  [jvm.dll+0x65d9c6]
V  [jvm.dll+0x65bd5e]
V  [jvm.dll+0x247975]
V  [jvm.dll+0x2470cf]
V  [jvm.dll+0x1c760e]
V  [jvm.dll+0x25695a]
V  [jvm.dll+0x254efa]
V  [jvm.dll+0x3f03f6]
V  [jvm.dll+0x851f6b]
V  [jvm.dll+0x6cc7dd]
C  [ucrtbase.dll+0x29333]
C  [KERNEL32.DLL+0x1259d]
C  [ntdll.dll+0x5af78]


---------------  P R O C E S S  ---------------

Threads class SMR info:
_java_thread_list=0x0000024f002dc2a0, length=11, elements={
0x0000024f62ca2ca0, 0x0000024f00218070, 0x0000024f001e9f40, 0x0000024f001eb5b0,
0x0000024f001ed410, 0x0000024f001efe70, 0x0000024f001f08c0, 0x0000024f001f1640,
0x0000024f002769f0, 0x0000024f00315200, 0x0000024f0031fa20
}

Java Threads: ( => current thread )
  0x0000024f62ca2ca0 JavaThread "main"                              [_thread_in_vm, id=20312, stack(0x0000008a7ac00000,0x0000008a7ad00000) (1024K)]
  0x0000024f00218070 JavaThread "Reference Handler"          daemon [_thread_blocked, id=8680, stack(0x0000008a7b500000,0x0000008a7b600000) (1024K)]
  0x0000024f001e9f40 JavaThread "Finalizer"                  daemon [_thread_blocked, id=3300, stack(0x0000008a7b600000,0x0000008a7b700000) (1024K)]
  0x0000024f001eb5b0 JavaThread "Signal Dispatcher"          daemon [_thread_blocked, id=22480, stack(0x0000008a7b700000,0x0000008a7b800000) (1024K)]
  0x0000024f001ed410 JavaThread "Attach Listener"            daemon [_thread_blocked, id=23300, stack(0x0000008a7b800000,0x0000008a7b900000) (1024K)]
  0x0000024f001efe70 JavaThread "Service Thread"             daemon [_thread_blocked, id=13592, stack(0x0000008a7b900000,0x0000008a7ba00000) (1024K)]
  0x0000024f001f08c0 JavaThread "Monitor Deflation Thread"   daemon [_thread_blocked, id=20544, stack(0x0000008a7ba00000,0x0000008a7bb00000) (1024K)]
=>0x0000024f001f1640 JavaThread "C2 CompilerThread0"         daemon [_thread_in_native, id=13320, stack(0x0000008a7bb00000,0x0000008a7bc00000) (1024K)]
  0x0000024f002769f0 JavaThread "C1 CompilerThread0"         daemon [_thread_blocked, id=20460, stack(0x0000008a7bc00000,0x0000008a7bd00000) (1024K)]
  0x0000024f00315200 JavaThread "Notification Thread"        daemon [_thread_blocked, id=17076, stack(0x0000008a7bd00000,0x0000008a7be00000) (1024K)]
  0x0000024f0031fa20 JavaThread "Common-Cleaner"             daemon [_thread_blocked, id=22624, stack(0x0000008a7be00000,0x0000008a7bf00000) (1024K)]
Total: 11

Other Threads:
  0x0000024f00152f70 VMThread "VM Thread"                           [id=12508, stack(0x0000008a7b400000,0x0000008a7b500000) (1024K)]
  0x0000024f0011ace0 WatcherThread "VM Periodic Task Thread"        [id=8260, stack(0x0000008a7b300000,0x0000008a7b400000) (1024K)]
  0x0000024f65015d40 WorkerThread "GC Thread#0"                     [id=17688, stack(0x0000008a7ae00000,0x0000008a7af00000) (1024K)]
  0x0000024f650213d0 ConcurrentGCThread "G1 Main Marker"            [id=20892, stack(0x0000008a7af00000,0x0000008a7b000000) (1024K)]
  0x0000024f65021ed0 WorkerThread "G1 Conc#0"                       [id=18904, stack(0x0000008a7b000000,0x0000008a7b100000) (1024K)]
  0x0000024f65073b50 ConcurrentGCThread "G1 Refine#0"               [id=4240, stack(0x0000008a7b100000,0x0000008a7b200000) (1024K)]
  0x0000024f65074940 ConcurrentGCThread "G1 Service"                [id=2840, stack(0x0000008a7b200000,0x0000008a7b300000) (1024K)]
Total: 7

Threads with active compile tasks:
C2 CompilerThread0  7145   99       4       jdk.internal.util.ArraysSupport::signedHashCode (37 bytes)
Total: 1

VM state: not at safepoint (normal execution)

VM Mutex/Monitor currently owned by a thread: None

Heap address: 0x00000000c1c00000, size: 996 MB, Compressed Oops mode: 32-bit

CDS archive(s) not mapped
Compressed class space mapped at: 0x0000000100000000-0x0000000140000000, reserved size: 1073741824
Narrow klass base: 0x0000000000000000, Narrow klass shift: 3, Narrow klass range: 0x140000000

GC Precious Log:
 CardTable entry size: 512
 Card Set container configuration: InlinePtr #cards 5 size 8 Array Of Cards #cards 12 size 40 Howl #buckets 4 coarsen threshold 1843 Howl Bitmap #cards 512 size 80 coarsen threshold 460 Card regions per heap region 1 cards per card region 2048
 CPUs: 2 total, 2 available
 Memory: 3976M
 Large Page Support: Disabled
 NUMA Support: Disabled
 Compressed Oops: Enabled (32-bit)
 Heap Region Size: 1M
 Heap Min Capacity: 8M
 Heap Initial Capacity: 64M
 Heap Max Capacity: 996M
 Pre-touch: Disabled
 Parallel Workers: 2
 Concurrent Workers: 1
 Concurrent Refinement Workers: 2
 Periodic GC: Disabled

Heap:
 garbage-first heap   total 65536K, used 1024K [0x00000000c1c00000, 0x0000000100000000)
  region size 1024K, 3 young (3072K), 0 survivors (0K)
 Metaspace       used 5389K, committed 5504K, reserved 1114112K
  class space    used 429K, committed 448K, reserved 1048576K

Heap Regions: E=young(eden), S=young(survivor), O=old, HS=humongous(starts), HC=humongous(continues), CS=collection set, F=free, TAMS=top-at-mark-start, PB=parsable bottom
|   0|0x00000000c1c00000, 0x00000000c1c00000, 0x00000000c1d00000|  0%| F|  |TAMS 0x00000000c1c00000| PB 0x00000000c1c00000| Untracked 
|   1|0x00000000c1d00000, 0x00000000c1d00000, 0x00000000c1e00000|  0%| F|  |TAMS 0x00000000c1d00000| PB 0x00000000c1d00000| Untracked 
|   2|0x00000000c1e00000, 0x00000000c1e00000, 0x00000000c1f00000|  0%| F|  |TAMS 0x00000000c1e00000| PB 0x00000000c1e00000| Untracked 
|   3|0x00000000c1f00000, 0x00000000c1f00000, 0x00000000c2000000|  0%| F|  |TAMS 0x00000000c1f00000| PB 0x00000000c1f00000| Untracked 
|   4|0x00000000c2000000, 0x00000000c2000000, 0x00000000c2100000|  0%| F|  |TAMS 0x00000000c2000000| PB 0x00000000c2000000| Untracked 
|   5|0x00000000c2100000, 0x00000000c2100000, 0x00000000c2200000|  0%| F|  |TAMS 0x00000000c2100000| PB 0x00000000c2100000| Untracked 
|   6|0x00000000c2200000, 0x00000000c2200000, 0x00000000c2300000|  0%| F|  |TAMS 0x00000000c2200000| PB 0x00000000c2200000| Untracked 
|   7|0x00000000c2300000, 0x00000000c2300000, 0x00000000c2400000|  0%| F|  |TAMS 0x00000000c2300000| PB 0x00000000c2300000| Untracked 
|   8|0x00000000c2400000, 0x00000000c2400000, 0x00000000c2500000|  0%| F|  |TAMS 0x00000000c2400000| PB 0x00000000c2400000| Untracked 
|   9|0x00000000c2500000, 0x00000000c2500000, 0x00000000c2600000|  0%| F|  |TAMS 0x00000000c2500000| PB 0x00000000c2500000| Untracked 
|  10|0x00000000c2600000, 0x00000000c2600000, 0x00000000c2700000|  0%| F|  |TAMS 0x00000000c2600000| PB 0x00000000c2600000| Untracked 
|  11|0x00000000c2700000, 0x00000000c2700000, 0x00000000c2800000|  0%| F|  |TAMS 0x00000000c2700000| PB 0x00000000c2700000| Untracked 
|  12|0x00000000c2800000, 0x00000000c2800000, 0x00000000c2900000|  0%| F|  |TAMS 0x00000000c2800000| PB 0x00000000c2800000| Untracked 
|  13|0x00000000c2900000, 0x00000000c2900000, 0x00000000c2a00000|  0%| F|  |TAMS 0x00000000c2900000| PB 0x00000000c2900000| Untracked 
|  14|0x00000000c2a00000, 0x00000000c2a00000, 0x00000000c2b00000|  0%| F|  |TAMS 0x00000000c2a00000| PB 0x00000000c2a00000| Untracked 
|  15|0x00000000c2b00000, 0x00000000c2b00000, 0x00000000c2c00000|  0%| F|  |TAMS 0x00000000c2b00000| PB 0x00000000c2b00000| Untracked 
|  16|0x00000000c2c00000, 0x00000000c2c00000, 0x00000000c2d00000|  0%| F|  |TAMS 0x00000000c2c00000| PB 0x00000000c2c00000| Untracked 
|  17|0x00000000c2d00000, 0x00000000c2d00000, 0x00000000c2e00000|  0%| F|  |TAMS 0x00000000c2d00000| PB 0x00000000c2d00000| Untracked 
|  18|0x00000000c2e00000, 0x00000000c2e00000, 0x00000000c2f00000|  0%| F|  |TAMS 0x00000000c2e00000| PB 0x00000000c2e00000| Untracked 
|  19|0x00000000c2f00000, 0x00000000c2f00000, 0x00000000c3000000|  0%| F|  |TAMS 0x00000000c2f00000| PB 0x00000000c2f00000| Untracked 
|  20|0x00000000c3000000, 0x00000000c3000000, 0x00000000c3100000|  0%| F|  |TAMS 0x00000000c3000000| PB 0x00000000c3000000| Untracked 
|  21|0x00000000c3100000, 0x00000000c3100000, 0x00000000c3200000|  0%| F|  |TAMS 0x00000000c3100000| PB 0x00000000c3100000| Untracked 
|  22|0x00000000c3200000, 0x00000000c3200000, 0x00000000c3300000|  0%| F|  |TAMS 0x00000000c3200000| PB 0x00000000c3200000| Untracked 
|  23|0x00000000c3300000, 0x00000000c3300000, 0x00000000c3400000|  0%| F|  |TAMS 0x00000000c3300000| PB 0x00000000c3300000| Untracked 
|  24|0x00000000c3400000, 0x00000000c3400000, 0x00000000c3500000|  0%| F|  |TAMS 0x00000000c3400000| PB 0x00000000c3400000| Untracked 
|  25|0x00000000c3500000, 0x00000000c3500000, 0x00000000c3600000|  0%| F|  |TAMS 0x00000000c3500000| PB 0x00000000c3500000| Untracked 
|  26|0x00000000c3600000, 0x00000000c3600000, 0x00000000c3700000|  0%| F|  |TAMS 0x00000000c3600000| PB 0x00000000c3600000| Untracked 
|  27|0x00000000c3700000, 0x00000000c3700000, 0x00000000c3800000|  0%| F|  |TAMS 0x00000000c3700000| PB 0x00000000c3700000| Untracked 
|  28|0x00000000c3800000, 0x00000000c3800000, 0x00000000c3900000|  0%| F|  |TAMS 0x00000000c3800000| PB 0x00000000c3800000| Untracked 
|  29|0x00000000c3900000, 0x00000000c3900000, 0x00000000c3a00000|  0%| F|  |TAMS 0x00000000c3900000| PB 0x00000000c3900000| Untracked 
|  30|0x00000000c3a00000, 0x00000000c3a00000, 0x00000000c3b00000|  0%| F|  |TAMS 0x00000000c3a00000| PB 0x00000000c3a00000| Untracked 
|  31|0x00000000c3b00000, 0x00000000c3b00000, 0x00000000c3c00000|  0%| F|  |TAMS 0x00000000c3b00000| PB 0x00000000c3b00000| Untracked 
|  32|0x00000000c3c00000, 0x00000000c3c00000, 0x00000000c3d00000|  0%| F|  |TAMS 0x00000000c3c00000| PB 0x00000000c3c00000| Untracked 
|  33|0x00000000c3d00000, 0x00000000c3d00000, 0x00000000c3e00000|  0%| F|  |TAMS 0x00000000c3d00000| PB 0x00000000c3d00000| Untracked 
|  34|0x00000000c3e00000, 0x00000000c3e00000, 0x00000000c3f00000|  0%| F|  |TAMS 0x00000000c3e00000| PB 0x00000000c3e00000| Untracked 
|  35|0x00000000c3f00000, 0x00000000c3f00000, 0x00000000c4000000|  0%| F|  |TAMS 0x00000000c3f00000| PB 0x00000000c3f00000| Untracked 
|  36|0x00000000c4000000, 0x00000000c4000000, 0x00000000c4100000|  0%| F|  |TAMS 0x00000000c4000000| PB 0x00000000c4000000| Untracked 
|  37|0x00000000c4100000, 0x00000000c4100000, 0x00000000c4200000|  0%| F|  |TAMS 0x00000000c4100000| PB 0x00000000c4100000| Untracked 
|  38|0x00000000c4200000, 0x00000000c4200000, 0x00000000c4300000|  0%| F|  |TAMS 0x00000000c4200000| PB 0x00000000c4200000| Untracked 
|  39|0x00000000c4300000, 0x00000000c4300000, 0x00000000c4400000|  0%| F|  |TAMS 0x00000000c4300000| PB 0x00000000c4300000| Untracked 
|  40|0x00000000c4400000, 0x00000000c4400000, 0x00000000c4500000|  0%| F|  |TAMS 0x00000000c4400000| PB 0x00000000c4400000| Untracked 
|  41|0x00000000c4500000, 0x00000000c4500000, 0x00000000c4600000|  0%| F|  |TAMS 0x00000000c4500000| PB 0x00000000c4500000| Untracked 
|  42|0x00000000c4600000, 0x00000000c4600000, 0x00000000c4700000|  0%| F|  |TAMS 0x00000000c4600000| PB 0x00000000c4600000| Untracked 
|  43|0x00000000c4700000, 0x00000000c4700000, 0x00000000c4800000|  0%| F|  |TAMS 0x00000000c4700000| PB 0x00000000c4700000| Untracked 
|  44|0x00000000c4800000, 0x00000000c4800000, 0x00000000c4900000|  0%| F|  |TAMS 0x00000000c4800000| PB 0x00000000c4800000| Untracked 
|  45|0x00000000c4900000, 0x00000000c4900000, 0x00000000c4a00000|  0%| F|  |TAMS 0x00000000c4900000| PB 0x00000000c4900000| Untracked 
|  46|0x00000000c4a00000, 0x00000000c4a00000, 0x00000000c4b00000|  0%| F|  |TAMS 0x00000000c4a00000| PB 0x00000000c4a00000| Untracked 
|  47|0x00000000c4b00000, 0x00000000c4b00000, 0x00000000c4c00000|  0%| F|  |TAMS 0x00000000c4b00000| PB 0x00000000c4b00000| Untracked 
|  48|0x00000000c4c00000, 0x00000000c4c00000, 0x00000000c4d00000|  0%| F|  |TAMS 0x00000000c4c00000| PB 0x00000000c4c00000| Untracked 
|  49|0x00000000c4d00000, 0x00000000c4d00000, 0x00000000c4e00000|  0%| F|  |TAMS 0x00000000c4d00000| PB 0x00000000c4d00000| Untracked 
|  50|0x00000000c4e00000, 0x00000000c4e00000, 0x00000000c4f00000|  0%| F|  |TAMS 0x00000000c4e00000| PB 0x00000000c4e00000| Untracked 
|  51|0x00000000c4f00000, 0x00000000c4f00000, 0x00000000c5000000|  0%| F|  |TAMS 0x00000000c4f00000| PB 0x00000000c4f00000| Untracked 
|  52|0x00000000c5000000, 0x00000000c5000000, 0x00000000c5100000|  0%| F|  |TAMS 0x00000000c5000000| PB 0x00000000c5000000| Untracked 
|  53|0x00000000c5100000, 0x00000000c5100000, 0x00000000c5200000|  0%| F|  |TAMS 0x00000000c5100000| PB 0x00000000c5100000| Untracked 
|  54|0x00000000c5200000, 0x00000000c5200000, 0x00000000c5300000|  0%| F|  |TAMS 0x00000000c5200000| PB 0x00000000c5200000| Untracked 
|  55|0x00000000c5300000, 0x00000000c5300000, 0x00000000c5400000|  0%| F|  |TAMS 0x00000000c5300000| PB 0x00000000c5300000| Untracked 
|  56|0x00000000c5400000, 0x00000000c5400000, 0x00000000c5500000|  0%| F|  |TAMS 0x00000000c5400000| PB 0x00000000c5400000| Untracked 
|  57|0x00000000c5500000, 0x00000000c5500000, 0x00000000c5600000|  0%| F|  |TAMS 0x00000000c5500000| PB 0x00000000c5500000| Untracked 
|  58|0x00000000c5600000, 0x00000000c5600000, 0x00000000c5700000|  0%| F|  |TAMS 0x00000000c5600000| PB 0x00000000c5600000| Untracked 
|  59|0x00000000c5700000, 0x00000000c5700000, 0x00000000c5800000|  0%| F|  |TAMS 0x00000000c5700000| PB 0x00000000c5700000| Untracked 
|  60|0x00000000c5800000, 0x00000000c5800000, 0x00000000c5900000|  0%| F|  |TAMS 0x00000000c5800000| PB 0x00000000c5800000| Untracked 
|  61|0x00000000c5900000, 0x00000000c59458a8, 0x00000000c5a00000| 27%| E|  |TAMS 0x00000000c5900000| PB 0x00000000c5900000| Complete 
|  62|0x00000000c5a00000, 0x00000000c5afe2e8, 0x00000000c5b00000| 99%| E|  |TAMS 0x00000000c5a00000| PB 0x00000000c5a00000| Complete 
|  63|0x00000000c5b00000, 0x00000000c5c00000, 0x00000000c5c00000|100%| E|CS|TAMS 0x00000000c5b00000| PB 0x00000000c5b00000| Complete 

Card table byte_map: [0x0000024f7c6d0000,0x0000024f7c8d0000] _byte_map_base: 0x0000024f7c0c2000

Marking Bits: (CMBitMap*) 0x0000024f65016440
 Bits: [0x0000024f7c8d0000, 0x0000024f7d860000)

Polling page: 0x0000024f647a0000

Metaspace:

Usage:
  Non-class:      4.84 MB used.
      Class:    429.15 KB used.
       Both:      5.26 MB used.

Virtual space:
  Non-class space:       64.00 MB reserved,       4.94 MB (  8%) committed,  1 nodes.
      Class space:        1.00 GB reserved,     448.00 KB ( <1%) committed,  1 nodes.
             Both:        1.06 GB reserved,       5.38 MB ( <1%) committed. 

Chunk freelists:
   Non-Class:  10.99 MB
       Class:  15.56 MB
        Both:  26.55 MB

MaxMetaspaceSize: unlimited
CompressedClassSpaceSize: 1.00 GB
Initial GC threshold: 21.00 MB
Current GC threshold: 21.00 MB
CDS: off
 - commit_granule_bytes: 65536.
 - commit_granule_words: 8192.
 - virtual_space_node_default_size: 8388608.
 - enlarge_chunks_in_place: 1.
 - use_allocation_guard: 0.


Internal statistics:

num_allocs_failed_limit: 0.
num_arena_births: 4.
num_arena_deaths: 0.
num_vsnodes_births: 2.
num_vsnodes_deaths: 0.
num_space_committed: 86.
num_space_uncommitted: 0.
num_chunks_returned_to_freelist: 0.
num_chunks_taken_from_freelist: 7.
num_chunk_merges: 0.
num_chunk_splits: 4.
num_chunks_enlarged: 1.
num_inconsistent_stats: 0.

CodeHeap 'non-profiled nmethods': size=120064Kb used=27Kb max_used=27Kb free=120036Kb
 bounds [0x0000024f75190000, 0x0000024f75400000, 0x0000024f7c6d0000]
CodeHeap 'profiled nmethods': size=120000Kb used=213Kb max_used=213Kb free=119786Kb
 bounds [0x0000024f6d6d0000, 0x0000024f6d940000, 0x0000024f74c00000]
CodeHeap 'non-nmethods': size=5696Kb used=1205Kb max_used=1218Kb free=4490Kb
 bounds [0x0000024f74c00000, 0x0000024f74e70000, 0x0000024f75190000]
 total_blobs=461 nmethods=125 adapters=242
 compilation: enabled
              stopped_count=0, restarted_count=0
 full_count=0

Compilation events (20 events):
Event: 6.960 Thread 0x0000024f002769f0   88       3       java.util.HashMap::get (19 bytes)
Event: 6.960 Thread 0x0000024f002769f0 nmethod 88 0x0000024f6d6eb210 code [0x0000024f6d6eb3c0, 0x0000024f6d6eb570]
Event: 6.963 Thread 0x0000024f001f1640   89 %     4       java.lang.StringCoding::countPositives @ 7 (33 bytes)
Event: 6.971 Thread 0x0000024f001f1640 nmethod 89% 0x0000024f75195710 code [0x0000024f751958a0, 0x0000024f75195b18]
Event: 6.976 Thread 0x0000024f001f1640   90       4       java.lang.StringCoding::countPositives (33 bytes)
Event: 6.981 Thread 0x0000024f002769f0   91       3       java.util.jar.Manifest::toLower (24 bytes)
Event: 6.981 Thread 0x0000024f002769f0 nmethod 91 0x0000024f6d6eb690 code [0x0000024f6d6eb840, 0x0000024f6d6eb9c8]
Event: 6.981 Thread 0x0000024f002769f0   92       3       java.util.HashMap::newNode (13 bytes)
Event: 6.981 Thread 0x0000024f002769f0 nmethod 92 0x0000024f6d6eba90 code [0x0000024f6d6ebc40, 0x0000024f6d6ebf78]
Event: 6.981 Thread 0x0000024f002769f0   93       3       java.util.HashMap::afterNodeInsertion (1 bytes)
Event: 6.981 Thread 0x0000024f002769f0 nmethod 93 0x0000024f6d6ec090 code [0x0000024f6d6ec220, 0x0000024f6d6ec328]
Event: 6.982 Thread 0x0000024f001f1640 nmethod 90 0x0000024f75195c90 code [0x0000024f75195e20, 0x0000024f75195fe0]
Event: 6.988 Thread 0x0000024f002769f0   94       3       java.util.jar.Manifest$FastInputStream::readLine (9 bytes)
Event: 6.989 Thread 0x0000024f002769f0 nmethod 94 0x0000024f6d6ec390 code [0x0000024f6d6ec540, 0x0000024f6d6ec6a0]
Event: 6.991 Thread 0x0000024f002769f0   95       3       java.lang.String::checkBoundsOffCount (10 bytes)
Event: 6.991 Thread 0x0000024f002769f0 nmethod 95 0x0000024f6d6ec790 code [0x0000024f6d6ec940, 0x0000024f6d6ecb48]
Event: 6.991 Thread 0x0000024f002769f0   96       3       java.util.ImmutableCollections$MapN::get (35 bytes)
Event: 6.992 Thread 0x0000024f002769f0 nmethod 96 0x0000024f6d6ecc90 code [0x0000024f6d6ece80, 0x0000024f6d6ed218]
Event: 6.992 Thread 0x0000024f002769f0   97   !   3       java.lang.String::<init> (890 bytes)
Event: 6.992 Thread 0x0000024f001f1640   99       4       jdk.internal.util.ArraysSupport::signedHashCode (37 bytes)

GC Heap History (0 events):
No events

Dll operation events (5 events):
Event: 0.396 Loaded shared library C:\Program Files\Eclipse Adoptium\jdk-21.0.7.6-hotspot\bin\java.dll
Event: 5.946 Loaded shared library C:\Program Files\Eclipse Adoptium\jdk-21.0.7.6-hotspot\bin\jsvml.dll
Event: 6.727 Loaded shared library C:\Program Files\Eclipse Adoptium\jdk-21.0.7.6-hotspot\bin\net.dll
Event: 6.742 Loaded shared library C:\Program Files\Eclipse Adoptium\jdk-21.0.7.6-hotspot\bin\nio.dll
Event: 6.790 Loaded shared library C:\Program Files\Eclipse Adoptium\jdk-21.0.7.6-hotspot\bin\zip.dll

Deoptimization events (2 events):
Event: 6.980 Thread 0x0000024f62ca2ca0 DEOPT PACKING pc=0x0000024f6d6da9c9 sp=0x0000008a7acfc2c0
Event: 6.980 Thread 0x0000024f62ca2ca0 DEOPT UNPACKING pc=0x0000024f74c54e23 sp=0x0000008a7acfb748 mode 0

Classes loaded (20 events):
Event: 6.839 Loading class java/security/PermissionCollection done
Event: 6.839 Loading class sun/security/util/LazyCodeSourcePermissionCollection done
Event: 6.839 Loading class java/security/Permissions
Event: 6.840 Loading class java/security/Permissions done
Event: 6.840 Loading class java/lang/RuntimePermission
Event: 6.840 Loading class java/security/BasicPermission
Event: 6.841 Loading class java/security/Permission
Event: 6.841 Loading class java/security/Guard
Event: 6.841 Loading class java/security/Guard done
Event: 6.841 Loading class java/security/Permission done
Event: 6.841 Loading class java/security/BasicPermission done
Event: 6.841 Loading class java/lang/RuntimePermission done
Event: 6.842 Loading class java/security/BasicPermissionCollection
Event: 6.842 Loading class java/security/BasicPermissionCollection done
Event: 6.843 Loading class java/security/AllPermission
Event: 6.843 Loading class java/security/AllPermission done
Event: 6.843 Loading class java/security/UnresolvedPermission
Event: 6.845 Loading class java/security/UnresolvedPermission done
Event: 6.845 Loading class java/security/SecureClassLoader$DebugHolder
Event: 6.846 Loading class java/security/SecureClassLoader$DebugHolder done

Classes unloaded (0 events):
No events

Classes redefined (0 events):
No events

Internal exceptions (0 events):
No events

ZGC Phase Switch (0 events):
No events

VM Operations (0 events):
No events

Memory protections (0 events):
No events

Nmethod flushes (0 events):
No events

Events (11 events):
Event: 4.822 Thread 0x0000024f62ca2ca0 Thread added: 0x0000024f62ca2ca0
Event: 5.893 Thread 0x0000024f62ca2ca0 Thread added: 0x0000024f00218070
Event: 5.894 Thread 0x0000024f62ca2ca0 Thread added: 0x0000024f001e9f40
Event: 5.910 Thread 0x0000024f62ca2ca0 Thread added: 0x0000024f001eb5b0
Event: 5.915 Thread 0x0000024f62ca2ca0 Thread added: 0x0000024f001ed410
Event: 5.928 Thread 0x0000024f62ca2ca0 Thread added: 0x0000024f001efe70
Event: 5.929 Thread 0x0000024f62ca2ca0 Thread added: 0x0000024f001f08c0
Event: 5.931 Thread 0x0000024f62ca2ca0 Thread added: 0x0000024f001f1640
Event: 6.026 Thread 0x0000024f62ca2ca0 Thread added: 0x0000024f002769f0
Event: 6.540 Thread 0x0000024f62ca2ca0 Thread added: 0x0000024f00315200
Event: 6.557 Thread 0x0000024f62ca2ca0 Thread added: 0x0000024f0031fa20


Dynamic libraries:
0x00007ff719db0000 - 0x00007ff719dbe000 	C:\Program Files\Eclipse Adoptium\jdk-21.0.7.6-hotspot\bin\java.exe
0x00007ff8bf110000 - 0x00007ff8bf327000 	C:\WINDOWS\SYSTEM32\ntdll.dll
0x00007ff897240000 - 0x00007ff897260000 	C:\Program Files\Avast Software\Avast\aswhook.dll
0x00007ff8be040000 - 0x00007ff8be104000 	C:\WINDOWS\System32\KERNEL32.DLL
0x00007ff8bc410000 - 0x00007ff8bc7e2000 	C:\WINDOWS\System32\KERNELBASE.dll
0x00007ff8bc7f0000 - 0x00007ff8bc901000 	C:\WINDOWS\System32\ucrtbase.dll
0x00007ff8a8f50000 - 0x00007ff8a8f68000 	C:\Program Files\Eclipse Adoptium\jdk-21.0.7.6-hotspot\bin\jli.dll
0x00007ff8bcda0000 - 0x00007ff8bcf51000 	C:\WINDOWS\System32\USER32.dll
0x00007ff8bcd70000 - 0x00007ff8bcd96000 	C:\WINDOWS\System32\win32u.dll
0x00007ff8bd0d0000 - 0x00007ff8bd0f9000 	C:\WINDOWS\System32\GDI32.dll
0x00007ff8bcc40000 - 0x00007ff8bcd63000 	C:\WINDOWS\System32\gdi32full.dll
0x00007ff8bc2c0000 - 0x00007ff8bc35a000 	C:\WINDOWS\System32\msvcp_win.dll
0x00007ff8a94a0000 - 0x00007ff8a94be000 	C:\Program Files\Eclipse Adoptium\jdk-21.0.7.6-hotspot\bin\VCRUNTIME140.dll
0x00007ff8ab6c0000 - 0x00007ff8ab95b000 	C:\WINDOWS\WinSxS\amd64_microsoft.windows.common-controls_6595b64144ccf1df_6.0.22621.5415_none_270d77d17387d7da\COMCTL32.dll
0x00007ff8beba0000 - 0x00007ff8bec47000 	C:\WINDOWS\System32\msvcrt.dll
0x00007ff8be7a0000 - 0x00007ff8be7d1000 	C:\WINDOWS\System32\IMM32.DLL
0x00007ff8ae230000 - 0x00007ff8ae23c000 	C:\Program Files\Eclipse Adoptium\jdk-21.0.7.6-hotspot\bin\vcruntime140_1.dll
0x00007ff8a8c80000 - 0x00007ff8a8d0d000 	C:\Program Files\Eclipse Adoptium\jdk-21.0.7.6-hotspot\bin\msvcp140.dll
0x00007ff82a5e0000 - 0x00007ff82b370000 	C:\Program Files\Eclipse Adoptium\jdk-21.0.7.6-hotspot\bin\server\jvm.dll
0x00007ff8bd4f0000 - 0x00007ff8bd5a1000 	C:\WINDOWS\System32\ADVAPI32.dll
0x00007ff8be130000 - 0x00007ff8be1d8000 	C:\WINDOWS\System32\sechost.dll
0x00007ff8bc360000 - 0x00007ff8bc388000 	C:\WINDOWS\System32\bcrypt.dll
0x00007ff8be310000 - 0x00007ff8be424000 	C:\WINDOWS\System32\RPCRT4.dll
0x00007ff8bd210000 - 0x00007ff8bd281000 	C:\WINDOWS\System32\WS2_32.dll
0x00007ff8bc0e0000 - 0x00007ff8bc12d000 	C:\WINDOWS\SYSTEM32\POWRPROF.dll
0x00007ff8ad770000 - 0x00007ff8ad7a4000 	C:\WINDOWS\SYSTEM32\WINMM.dll
0x00007ff8acf20000 - 0x00007ff8acf2a000 	C:\WINDOWS\SYSTEM32\VERSION.dll
0x00007ff8bc0b0000 - 0x00007ff8bc0c3000 	C:\WINDOWS\SYSTEM32\UMPDC.dll
0x00007ff8bb230000 - 0x00007ff8bb248000 	C:\WINDOWS\SYSTEM32\kernel.appcore.dll
0x00007ff8ae1b0000 - 0x00007ff8ae1ba000 	C:\Program Files\Eclipse Adoptium\jdk-21.0.7.6-hotspot\bin\jimage.dll
0x00007ff8b9e00000 - 0x00007ff8ba033000 	C:\WINDOWS\SYSTEM32\DBGHELP.DLL
0x00007ff8be7e0000 - 0x00007ff8beb73000 	C:\WINDOWS\System32\combase.dll
0x00007ff8be1e0000 - 0x00007ff8be2b7000 	C:\WINDOWS\System32\OLEAUT32.dll
0x00007ff8abbe0000 - 0x00007ff8abc12000 	C:\WINDOWS\SYSTEM32\dbgcore.DLL
0x00007ff8bc910000 - 0x00007ff8bc98b000 	C:\WINDOWS\System32\bcryptPrimitives.dll
0x00007ff8a8e10000 - 0x00007ff8a8e2f000 	C:\Program Files\Eclipse Adoptium\jdk-21.0.7.6-hotspot\bin\java.dll
0x00007ff8bd790000 - 0x00007ff8be032000 	C:\WINDOWS\System32\SHELL32.dll
0x00007ff8bcb00000 - 0x00007ff8bcc3f000 	C:\WINDOWS\System32\wintypes.dll
0x00007ff8ba130000 - 0x00007ff8baa4e000 	C:\WINDOWS\SYSTEM32\windows.storage.dll
0x00007ff8bd100000 - 0x00007ff8bd20b000 	C:\WINDOWS\System32\SHCORE.dll
0x00007ff8bd620000 - 0x00007ff8bd689000 	C:\WINDOWS\System32\shlwapi.dll
0x00007ff8bc130000 - 0x00007ff8bc15b000 	C:\WINDOWS\SYSTEM32\profapi.dll
0x00007ff899580000 - 0x00007ff899657000 	C:\Program Files\Eclipse Adoptium\jdk-21.0.7.6-hotspot\bin\jsvml.dll
0x00007ff8ae1a0000 - 0x00007ff8ae1b0000 	C:\Program Files\Eclipse Adoptium\jdk-21.0.7.6-hotspot\bin\net.dll
0x00007ff8ad590000 - 0x00007ff8ad6bc000 	C:\WINDOWS\SYSTEM32\WINHTTP.dll
0x00007ff8bb6b0000 - 0x00007ff8bb719000 	C:\WINDOWS\system32\mswsock.dll
0x00007ff8a8d50000 - 0x00007ff8a8d66000 	C:\Program Files\Eclipse Adoptium\jdk-21.0.7.6-hotspot\bin\nio.dll
0x00007ff8a8c60000 - 0x00007ff8a8c78000 	C:\Program Files\Eclipse Adoptium\jdk-21.0.7.6-hotspot\bin\zip.dll

dbghelp: loaded successfully - version: 4.0.5 - missing functions: none
symbol engine: initialized successfully - sym options: 0x614 - pdb path: .;C:\Program Files\Eclipse Adoptium\jdk-21.0.7.6-hotspot\bin;C:\WINDOWS\SYSTEM32;C:\Program Files\Avast Software\Avast;C:\WINDOWS\WinSxS\amd64_microsoft.windows.common-controls_6595b64144ccf1df_6.0.22621.5415_none_270d77d17387d7da;C:\Program Files\Eclipse Adoptium\jdk-21.0.7.6-hotspot\bin\server

VM Arguments:
jvm_args: -Dfile.encoding=utf8 
java_command: c:\Users\ofatt\.cursor\extensions\vscjava.vscode-gradle-3.15.0-universal\lib\gradle-language-server.jar
java_class_path (initial): c:\Users\ofatt\.cursor\extensions\vscjava.vscode-gradle-3.15.0-universal\lib\gradle-language-server.jar
Launcher Type: SUN_STANDARD

[Global flags]
     intx CICompilerCount                          = 2                                         {product} {ergonomic}
     uint ConcGCThreads                            = 1                                         {product} {ergonomic}
     uint G1ConcRefinementThreads                  = 2                                         {product} {ergonomic}
   size_t G1HeapRegionSize                         = 1048576                                   {product} {ergonomic}
    uintx GCDrainStackTargetSize                   = 64                                        {product} {ergonomic}
   size_t InitialHeapSize                          = 67108864                                  {product} {ergonomic}
   size_t MarkStackSize                            = 4194304                                   {product} {ergonomic}
   size_t MaxHeapSize                              = 1044381696                                {product} {ergonomic}
   size_t MaxNewSize                               = 625999872                                 {product} {ergonomic}
   size_t MinHeapDeltaBytes                        = 1048576                                   {product} {ergonomic}
   size_t MinHeapSize                              = 8388608                                   {product} {ergonomic}
    uintx NonNMethodCodeHeapSize                   = 5826188                                {pd product} {ergonomic}
    uintx NonProfiledCodeHeapSize                  = 122916026                              {pd product} {ergonomic}
    uintx ProfiledCodeHeapSize                     = 122916026                              {pd product} {ergonomic}
    uintx ReservedCodeCacheSize                    = 251658240                              {pd product} {ergonomic}
     bool SegmentedCodeCache                       = true                                      {product} {ergonomic}
   size_t SoftMaxHeapSize                          = 1044381696                             {manageable} {ergonomic}
     bool UseCompressedOops                        = true                           {product lp64_product} {ergonomic}
     bool UseG1GC                                  = true                                      {product} {ergonomic}
     bool UseLargePagesIndividualAllocation        = false                                  {pd product} {ergonomic}

Logging:
Log output configuration:
 #0: stdout all=warning uptime,level,tags foldmultilines=false
 #1: stderr all=off uptime,level,tags foldmultilines=false

Environment Variables:
PATH=C:\Program Files\Eclipse Adoptium\jdk-21.0.7.6-hotspot\bin;C:\Program Files\Common Files\Oracle\Java\javapath;C:\WINDOWS\system32;C:\WINDOWS;C:\WINDOWS\System32\Wbem;C:\WINDOWS\System32\WindowsPowerShell\v1.0\;C:\WINDOWS\System32\OpenSSH\;C:\Program Files (x86)\AutoFirma\AutoFirma;C:\Program Files\GitHub CLI\;C:\Program Files\Git\cmd;C:\Program Files\apache-maven-3.9.9\bin;C:\Program Files\apache-maven-3.9.9;C:\Users\ofatt\AppData\Local\Microsoft\WindowsApps;C:\Users\ofatt\AppData\Local\Microsoft\WinGet\Packages\Schniz.fnm_Microsoft.Winget.Source_8wekyb3d8bbwe;C:\Program Files\heroku\bin;C:\Program Files\Eclipse Adoptium\jdk-21.0.7.6-hotspot\bin;C:\Program Files\Android\Android Studio\jbr\bin;C:\Program Files\apache-maven-3.9.9\apache-maven-3.9.9\bin;C:\Users\ofatt\.gradle\wrapper\dists\gradle-8.9-bin\90cnw93cvbtalezasaz0blq0a

\bin;C:\Users\ofatt\AppData\Local\Programs\cursor\resources\app\bin;C:\Users\ofatt\AppData\Local\Programs\Windsurf\bin
USERNAME=ofatt
OS=Windows_NT
PROCESSOR_IDENTIFIER=Intel64 Family 6 Model 142 Stepping 11, GenuineIntel
TMP=C:\Users\ofatt\AppData\Local\Temp
TEMP=C:\Users\ofatt\AppData\Local\Temp




Periodic native trim disabled

---------------  S Y S T E M  ---------------

OS:
 Windows 11 , 64 bit Build 22621 (10.0.22621.5415)
OS uptime: 5 days 15:41 hours

CPU: total 2 (initial active 2) (2 cores per cpu, 1 threads per core) family 6 model 142 stepping 11 microcode 0xde, cx8, cmov, fxsr, mmx, 3dnowpref, sse, sse2, sse3, ssse3, sse4.1, sse4.2, popcnt, lzcnt, tsc, tscinvbit, aes, erms, clmul, clflush, clflushopt, rdtscp
Processor Information for the first 2 processors :
  Max Mhz: 1800, Current Mhz: 1800, Mhz Limit: 1800

Memory: 4k page, system-wide physical 3976M (303M free)
TotalPageFile size 16264M (AvailPageFile size 0M)
current process WorkingSet (physical memory assigned to process): 32M, peak: 32M
current process commit charge ("private bytes"): 126M, peak: 126M

vm_info: OpenJDK 64-Bit Server VM (21.0.7+6-LTS) for windows-amd64 JRE (21.0.7+6-LTS), built on 2025-04-15T00:00:00Z by "admin" with MS VC++ 17.7 (VS2022)

END.
