#
# There is insufficient memory for the Java Runtime Environment to continue.
# Native memory allocation (malloc) failed to allocate 32744 bytes. Error detail: Chunk::new
# Possible reasons:
#   The system is out of physical RAM or swap space
#   This process is running with CompressedOops enabled, and the Java Heap may be blocking the growth of the native heap
# Possible solutions:
#   Reduce memory load on the system
#   Increase physical memory or swap space
#   Check if swap backing store is full
#   Decrease Java heap size (-Xmx/-Xms)
#   Decrease number of Java threads
#   Decrease Java thread stack sizes (-Xss)
#   Set larger code cache with -XX:ReservedCodeCacheSize=
#   JVM is running with Unscaled Compressed Oops mode in which the Java heap is
#     placed in the first 4GB address space. The Java Heap base address is the
#     maximum limit for the native heap growth. Please use -XX:HeapBaseMinAddress
#     to set the Java Heap base and to place the Java Heap above 4GB virtual address.
# This output file may be truncated or incomplete.
#
#  Out of Memory Error (arena.cpp:149), pid=14196, tid=18816
#
# JRE version: Java(TM) SE Runtime Environment (23.0.2+7) (build 23.0.2+7-58)
# Java VM: Java HotSpot(TM) 64-Bit Server VM (23.0.2+7-58, mixed mode, sharing, tiered, compressed oops, compressed class ptrs, g1 gc, windows-amd64)
# No core dump will be written. Minidumps are not enabled by default on client versions of Windows
#

---------------  S U M M A R Y ------------

Command Line: -DwatchParentProcess=false -XX:+ExitOnOutOfMemoryError -XX:+HeapDumpOnOutOfMemoryError -XX:HeapDumpPath=c:\Users\ofatt\AppData\Roaming\Cursor\User\globalStorage\redhat.vscode-xml -Xmx64M org.eclipse.lemminx.XMLServerLauncher

Host: Intel(R) Celeron(R) CPU 4205U @ 1.80GHz, 2 cores, 3G,  Windows 11 , 64 bit Build 22621 (10.0.22621.5415)
Time: Thu Sep  4 15:02:17 2025 Hora de verano romance elapsed time: 19.134109 seconds (0d 0h 0m 19s)

---------------  T H R E A D  ---------------

Current thread (0x0000021ec5a90220):  JavaThread "C1 CompilerThread0" daemon [_thread_in_native, id=18816, stack(0x000000c3be700000,0x000000c3be800000) (1024K)]


Current CompileTask:
C1:19134  782   !   3       java.net.URL::<init> (543 bytes)

Stack: [0x000000c3be700000,0x000000c3be800000]
Native frames: (J=compiled Java code, j=interpreted, Vv=VM code, C=native code)
V  [jvm.dll+0x6e0b99]  (no source info available)
V  [jvm.dll+0x87e2b3]  (no source info available)
V  [jvm.dll+0x88073e]  (no source info available)
V  [jvm.dll+0x880e13]  (no source info available)
V  [jvm.dll+0x27b006]  (no source info available)
V  [jvm.dll+0xbc06f]  (no source info available)
V  [jvm.dll+0xbc2cb]  (no source info available)
V  [jvm.dll+0x13b8ce]  (no source info available)
V  [jvm.dll+0x13ad97]  (no source info available)
V  [jvm.dll+0x194d8d]  (no source info available)
V  [jvm.dll+0x195666]  (no source info available)
V  [jvm.dll+0x150a72]  (no source info available)
V  [jvm.dll+0x15022f]  (no source info available)
V  [jvm.dll+0x1504db]  (no source info available)
V  [jvm.dll+0x14f8a8]  (no source info available)
V  [jvm.dll+0x1516ed]  (no source info available)
V  [jvm.dll+0x253df1]  (no source info available)
V  [jvm.dll+0x2520aa]  (no source info available)
V  [jvm.dll+0x3ee226]  (no source info available)
V  [jvm.dll+0x8254cb]  (no source info available)
V  [jvm.dll+0x6df345]  (no source info available)
C  [ucrtbase.dll+0x29333]  (no source info available)
C  [KERNEL32.DLL+0x1259d]  (no source info available)
C  [ntdll.dll+0x5af78]  (no source info available)

Lock stack of current Java thread (top to bottom):


---------------  P R O C E S S  ---------------

Threads class SMR info:
_java_thread_list=0x0000021f0b079770, length=11, elements={
0x0000021eaa048d90, 0x0000021eac2d9550, 0x0000021eac2dc5a0, 0x0000021ec5a7eb60,
0x0000021ec5a81120, 0x0000021ec5a81d30, 0x0000021ec5a86630, 0x0000021ec5a873c0,
0x0000021ec5a90220, 0x0000021f0b09a990, 0x0000021f0b0a6850
}

Java Threads: ( => current thread )
  0x0000021eaa048d90 JavaThread "main"                              [_thread_in_native, id=5084, stack(0x000000c3bd800000,0x000000c3bd900000) (1024K)]
  0x0000021eac2d9550 JavaThread "Reference Handler"          daemon [_thread_blocked, id=12696, stack(0x000000c3be000000,0x000000c3be100000) (1024K)]
  0x0000021eac2dc5a0 JavaThread "Finalizer"                  daemon [_thread_blocked, id=18352, stack(0x000000c3be100000,0x000000c3be200000) (1024K)]
  0x0000021ec5a7eb60 JavaThread "Signal Dispatcher"          daemon [_thread_blocked, id=3596, stack(0x000000c3be200000,0x000000c3be300000) (1024K)]
  0x0000021ec5a81120 JavaThread "Attach Listener"            daemon [_thread_blocked, id=21800, stack(0x000000c3be300000,0x000000c3be400000) (1024K)]
  0x0000021ec5a81d30 JavaThread "Service Thread"             daemon [_thread_blocked, id=17440, stack(0x000000c3be400000,0x000000c3be500000) (1024K)]
  0x0000021ec5a86630 JavaThread "Monitor Deflation Thread"   daemon [_thread_blocked, id=23476, stack(0x000000c3be500000,0x000000c3be600000) (1024K)]
  0x0000021ec5a873c0 JavaThread "C2 CompilerThread0"         daemon [_thread_blocked, id=13448, stack(0x000000c3be600000,0x000000c3be700000) (1024K)]
=>0x0000021ec5a90220 JavaThread "C1 CompilerThread0"         daemon [_thread_in_native, id=18816, stack(0x000000c3be700000,0x000000c3be800000) (1024K)]
  0x0000021f0b09a990 JavaThread "Notification Thread"        daemon [_thread_blocked, id=17512, stack(0x000000c3be800000,0x000000c3be900000) (1024K)]
  0x0000021f0b0a6850 JavaThread "Common-Cleaner"             daemon [_thread_blocked, id=18152, stack(0x000000c3be900000,0x000000c3bea00000) (1024K)]
Total: 11

Other Threads:
  0x0000021eac2c2820 VMThread "VM Thread"                           [id=21880, stack(0x000000c3bdf00000,0x000000c3be000000) (1024K)]
  0x0000021ec5a7aec0 WatcherThread "VM Periodic Task Thread"        [id=18160, stack(0x000000c3bde00000,0x000000c3bdf00000) (1024K)]
  0x0000021eac24f110 WorkerThread "GC Thread#0"                     [id=20112, stack(0x000000c3bd900000,0x000000c3bda00000) (1024K)]
  0x0000021f0b36a2a0 WorkerThread "GC Thread#1"                     [id=1400, stack(0x000000c3bea00000,0x000000c3beb00000) (1024K)]
  0x0000021eac251370 ConcurrentGCThread "G1 Main Marker"            [id=13344, stack(0x000000c3bda00000,0x000000c3bdb00000) (1024K)]
  0x0000021eac252100 WorkerThread "G1 Conc#0"                       [id=20104, stack(0x000000c3bdb00000,0x000000c3bdc00000) (1024K)]
  0x0000021eac2a3290 ConcurrentGCThread "G1 Refine#0"               [id=8232, stack(0x000000c3bdc00000,0x000000c3bdd00000) (1024K)]
  0x0000021eac2a3fc0 ConcurrentGCThread "G1 Service"                [id=22408, stack(0x000000c3bdd00000,0x000000c3bde00000) (1024K)]
Total: 8

Threads with active compile tasks:
C1 CompilerThread0  19421  782   !   3       java.net.URL::<init> (543 bytes)
Total: 1

VM state: not at safepoint (normal execution)

VM Mutex/Monitor currently owned by a thread: None

Heap address: 0x00000000fc000000, size: 64 MB, Compressed Oops mode: 32-bit

CDS archive(s) mapped at: [0x0000021ec6000000-0x0000021ec6d70000-0x0000021ec6d70000), size 14090240, SharedBaseAddress: 0x0000021ec6000000, ArchiveRelocationMode: 1.
Compressed class space mapped at: 0x0000021ec7000000-0x0000021f07000000, reserved size: 1073741824
Narrow klass base: 0x0000021ec6000000, Narrow klass shift: 0, Narrow klass range: 0x41000000

GC Precious Log:
 CardTable entry size: 512
 Card Set container configuration: InlinePtr #cards 5 size 8 Array Of Cards #cards 10 size 36 Howl #buckets 4 coarsen threshold 1843 Howl Bitmap #cards 512 size 80 coarsen threshold 460 Card regions per heap region 1 cards per card region 2048
 CPUs: 2 total, 2 available
 Memory: 3976M
 Large Page Support: Disabled
 NUMA Support: Disabled
 Compressed Oops: Enabled (32-bit)
 Heap Region Size: 1M
 Heap Min Capacity: 8M
 Heap Initial Capacity: 64M
 Heap Max Capacity: 64M
 Pre-touch: Disabled
 Parallel Workers: 2
 Concurrent Workers: 1
 Concurrent Refinement Workers: 2
 Periodic GC: Disabled

Heap:
 garbage-first heap   total reserved 65536K, committed 65536K, used 3464K [0x00000000fc000000, 0x0000000100000000)
  region size 1024K, 3 young (3072K), 1 survivors (1024K)
 Metaspace       used 3520K, committed 3712K, reserved 1114112K
  class space    used 432K, committed 512K, reserved 1048576K

Heap Regions: E=young(eden), S=young(survivor), O=old, HS=humongous(starts), HC=humongous(continues), CS=collection set, F=free, TAMS=top-at-mark-start, PB=parsable bottom
|   0|0x00000000fc000000, 0x00000000fc100000, 0x00000000fc100000|100%|HS|  |TAMS 0x00000000fc000000| PB 0x00000000fc000000| Complete |  0
|   1|0x00000000fc100000, 0x00000000fc162030, 0x00000000fc200000| 38%| O|  |TAMS 0x00000000fc100000| PB 0x00000000fc100000| Untracked |  0
|   2|0x00000000fc200000, 0x00000000fc200000, 0x00000000fc300000|  0%| F|  |TAMS 0x00000000fc200000| PB 0x00000000fc200000| Untracked |  0
|   3|0x00000000fc300000, 0x00000000fc300000, 0x00000000fc400000|  0%| F|  |TAMS 0x00000000fc300000| PB 0x00000000fc300000| Untracked |  0
|   4|0x00000000fc400000, 0x00000000fc400000, 0x00000000fc500000|  0%| F|  |TAMS 0x00000000fc400000| PB 0x00000000fc400000| Untracked |  0
|   5|0x00000000fc500000, 0x00000000fc500000, 0x00000000fc600000|  0%| F|  |TAMS 0x00000000fc500000| PB 0x00000000fc500000| Untracked |  0
|   6|0x00000000fc600000, 0x00000000fc600000, 0x00000000fc700000|  0%| F|  |TAMS 0x00000000fc600000| PB 0x00000000fc600000| Untracked |  0
|   7|0x00000000fc700000, 0x00000000fc700000, 0x00000000fc800000|  0%| F|  |TAMS 0x00000000fc700000| PB 0x00000000fc700000| Untracked |  0
|   8|0x00000000fc800000, 0x00000000fc800000, 0x00000000fc900000|  0%| F|  |TAMS 0x00000000fc800000| PB 0x00000000fc800000| Untracked |  0
|   9|0x00000000fc900000, 0x00000000fc900000, 0x00000000fca00000|  0%| F|  |TAMS 0x00000000fc900000| PB 0x00000000fc900000| Untracked |  0
|  10|0x00000000fca00000, 0x00000000fca00000, 0x00000000fcb00000|  0%| F|  |TAMS 0x00000000fca00000| PB 0x00000000fca00000| Untracked |  0
|  11|0x00000000fcb00000, 0x00000000fcb00000, 0x00000000fcc00000|  0%| F|  |TAMS 0x00000000fcb00000| PB 0x00000000fcb00000| Untracked |  0
|  12|0x00000000fcc00000, 0x00000000fcc00000, 0x00000000fcd00000|  0%| F|  |TAMS 0x00000000fcc00000| PB 0x00000000fcc00000| Untracked |  0
|  13|0x00000000fcd00000, 0x00000000fcd00000, 0x00000000fce00000|  0%| F|  |TAMS 0x00000000fcd00000| PB 0x00000000fcd00000| Untracked |  0
|  14|0x00000000fce00000, 0x00000000fce00000, 0x00000000fcf00000|  0%| F|  |TAMS 0x00000000fce00000| PB 0x00000000fce00000| Untracked |  0
|  15|0x00000000fcf00000, 0x00000000fcf00000, 0x00000000fd000000|  0%| F|  |TAMS 0x00000000fcf00000| PB 0x00000000fcf00000| Untracked |  0
|  16|0x00000000fd000000, 0x00000000fd000000, 0x00000000fd100000|  0%| F|  |TAMS 0x00000000fd000000| PB 0x00000000fd000000| Untracked |  0
|  17|0x00000000fd100000, 0x00000000fd100000, 0x00000000fd200000|  0%| F|  |TAMS 0x00000000fd100000| PB 0x00000000fd100000| Untracked |  0
|  18|0x00000000fd200000, 0x00000000fd200000, 0x00000000fd300000|  0%| F|  |TAMS 0x00000000fd200000| PB 0x00000000fd200000| Untracked |  0
|  19|0x00000000fd300000, 0x00000000fd300000, 0x00000000fd400000|  0%| F|  |TAMS 0x00000000fd300000| PB 0x00000000fd300000| Untracked |  0
|  20|0x00000000fd400000, 0x00000000fd400000, 0x00000000fd500000|  0%| F|  |TAMS 0x00000000fd400000| PB 0x00000000fd400000| Untracked |  0
|  21|0x00000000fd500000, 0x00000000fd500000, 0x00000000fd600000|  0%| F|  |TAMS 0x00000000fd500000| PB 0x00000000fd500000| Untracked |  0
|  22|0x00000000fd600000, 0x00000000fd600000, 0x00000000fd700000|  0%| F|  |TAMS 0x00000000fd600000| PB 0x00000000fd600000| Untracked |  0
|  23|0x00000000fd700000, 0x00000000fd700000, 0x00000000fd800000|  0%| F|  |TAMS 0x00000000fd700000| PB 0x00000000fd700000| Untracked |  0
|  24|0x00000000fd800000, 0x00000000fd800000, 0x00000000fd900000|  0%| F|  |TAMS 0x00000000fd800000| PB 0x00000000fd800000| Untracked |  0
|  25|0x00000000fd900000, 0x00000000fd900000, 0x00000000fda00000|  0%| F|  |TAMS 0x00000000fd900000| PB 0x00000000fd900000| Untracked |  0
|  26|0x00000000fda00000, 0x00000000fda00000, 0x00000000fdb00000|  0%| F|  |TAMS 0x00000000fda00000| PB 0x00000000fda00000| Untracked |  0
|  27|0x00000000fdb00000, 0x00000000fdb00000, 0x00000000fdc00000|  0%| F|  |TAMS 0x00000000fdb00000| PB 0x00000000fdb00000| Untracked |  0
|  28|0x00000000fdc00000, 0x00000000fdc00000, 0x00000000fdd00000|  0%| F|  |TAMS 0x00000000fdc00000| PB 0x00000000fdc00000| Untracked |  0
|  29|0x00000000fdd00000, 0x00000000fdd00000, 0x00000000fde00000|  0%| F|  |TAMS 0x00000000fdd00000| PB 0x00000000fdd00000| Untracked |  0
|  30|0x00000000fde00000, 0x00000000fde00000, 0x00000000fdf00000|  0%| F|  |TAMS 0x00000000fde00000| PB 0x00000000fde00000| Untracked |  0
|  31|0x00000000fdf00000, 0x00000000fdf00000, 0x00000000fe000000|  0%| F|  |TAMS 0x00000000fdf00000| PB 0x00000000fdf00000| Untracked |  0
|  32|0x00000000fe000000, 0x00000000fe000000, 0x00000000fe100000|  0%| F|  |TAMS 0x00000000fe000000| PB 0x00000000fe000000| Untracked |  0
|  33|0x00000000fe100000, 0x00000000fe100000, 0x00000000fe200000|  0%| F|  |TAMS 0x00000000fe100000| PB 0x00000000fe100000| Untracked |  0
|  34|0x00000000fe200000, 0x00000000fe200000, 0x00000000fe300000|  0%| F|  |TAMS 0x00000000fe200000| PB 0x00000000fe200000| Untracked |  0
|  35|0x00000000fe300000, 0x00000000fe300000, 0x00000000fe400000|  0%| F|  |TAMS 0x00000000fe300000| PB 0x00000000fe300000| Untracked |  0
|  36|0x00000000fe400000, 0x00000000fe400000, 0x00000000fe500000|  0%| F|  |TAMS 0x00000000fe400000| PB 0x00000000fe400000| Untracked |  0
|  37|0x00000000fe500000, 0x00000000fe500000, 0x00000000fe600000|  0%| F|  |TAMS 0x00000000fe500000| PB 0x00000000fe500000| Untracked |  0
|  38|0x00000000fe600000, 0x00000000fe600000, 0x00000000fe700000|  0%| F|  |TAMS 0x00000000fe600000| PB 0x00000000fe600000| Untracked |  0
|  39|0x00000000fe700000, 0x00000000fe700000, 0x00000000fe800000|  0%| F|  |TAMS 0x00000000fe700000| PB 0x00000000fe700000| Untracked |  0
|  40|0x00000000fe800000, 0x00000000fe800000, 0x00000000fe900000|  0%| F|  |TAMS 0x00000000fe800000| PB 0x00000000fe800000| Untracked |  0
|  41|0x00000000fe900000, 0x00000000fe900000, 0x00000000fea00000|  0%| F|  |TAMS 0x00000000fe900000| PB 0x00000000fe900000| Untracked |  0
|  42|0x00000000fea00000, 0x00000000fea00000, 0x00000000feb00000|  0%| F|  |TAMS 0x00000000fea00000| PB 0x00000000fea00000| Untracked |  0
|  43|0x00000000feb00000, 0x00000000feb00000, 0x00000000fec00000|  0%| F|  |TAMS 0x00000000feb00000| PB 0x00000000feb00000| Untracked |  0
|  44|0x00000000fec00000, 0x00000000fec00000, 0x00000000fed00000|  0%| F|  |TAMS 0x00000000fec00000| PB 0x00000000fec00000| Untracked |  0
|  45|0x00000000fed00000, 0x00000000fed00000, 0x00000000fee00000|  0%| F|  |TAMS 0x00000000fed00000| PB 0x00000000fed00000| Untracked |  0
|  46|0x00000000fee00000, 0x00000000fee00000, 0x00000000fef00000|  0%| F|  |TAMS 0x00000000fee00000| PB 0x00000000fee00000| Untracked |  0
|  47|0x00000000fef00000, 0x00000000fef00000, 0x00000000ff000000|  0%| F|  |TAMS 0x00000000fef00000| PB 0x00000000fef00000| Untracked |  0
|  48|0x00000000ff000000, 0x00000000ff000000, 0x00000000ff100000|  0%| F|  |TAMS 0x00000000ff000000| PB 0x00000000ff000000| Untracked |  0
|  49|0x00000000ff100000, 0x00000000ff100000, 0x00000000ff200000|  0%| F|  |TAMS 0x00000000ff100000| PB 0x00000000ff100000| Untracked |  0
|  50|0x00000000ff200000, 0x00000000ff200000, 0x00000000ff300000|  0%| F|  |TAMS 0x00000000ff200000| PB 0x00000000ff200000| Untracked |  0
|  51|0x00000000ff300000, 0x00000000ff300000, 0x00000000ff400000|  0%| F|  |TAMS 0x00000000ff300000| PB 0x00000000ff300000| Untracked |  0
|  52|0x00000000ff400000, 0x00000000ff400000, 0x00000000ff500000|  0%| F|  |TAMS 0x00000000ff400000| PB 0x00000000ff400000| Untracked |  0
|  53|0x00000000ff500000, 0x00000000ff500000, 0x00000000ff600000|  0%| F|  |TAMS 0x00000000ff500000| PB 0x00000000ff500000| Untracked |  0
|  54|0x00000000ff600000, 0x00000000ff600000, 0x00000000ff700000|  0%| F|  |TAMS 0x00000000ff600000| PB 0x00000000ff600000| Untracked |  0
|  55|0x00000000ff700000, 0x00000000ff700000, 0x00000000ff800000|  0%| F|  |TAMS 0x00000000ff700000| PB 0x00000000ff700000| Untracked |  0
|  56|0x00000000ff800000, 0x00000000ff900000, 0x00000000ff900000|100%| S|CS|TAMS 0x00000000ff800000| PB 0x00000000ff800000| Complete |  0
|  57|0x00000000ff900000, 0x00000000ff900000, 0x00000000ffa00000|  0%| F|  |TAMS 0x00000000ff900000| PB 0x00000000ff900000| Untracked |  0
|  58|0x00000000ffa00000, 0x00000000ffa00000, 0x00000000ffb00000|  0%| F|  |TAMS 0x00000000ffa00000| PB 0x00000000ffa00000| Untracked |  0
|  59|0x00000000ffb00000, 0x00000000ffb00000, 0x00000000ffc00000|  0%| F|  |TAMS 0x00000000ffb00000| PB 0x00000000ffb00000| Untracked |  0
|  60|0x00000000ffc00000, 0x00000000ffc00000, 0x00000000ffd00000|  0%| F|  |TAMS 0x00000000ffc00000| PB 0x00000000ffc00000| Untracked |  0
|  61|0x00000000ffd00000, 0x00000000ffd00000, 0x00000000ffe00000|  0%| F|  |TAMS 0x00000000ffd00000| PB 0x00000000ffd00000| Untracked |  0
|  62|0x00000000ffe00000, 0x00000000ffe7b330, 0x00000000fff00000| 48%| E|  |TAMS 0x00000000ffe00000| PB 0x00000000ffe00000| Complete |  0
|  63|0x00000000fff00000, 0x0000000100000000, 0x0000000100000000|100%| E|CS|TAMS 0x00000000fff00000| PB 0x00000000fff00000| Complete |  0

Card table byte_map: [0x0000021eabe20000,0x0000021eabe40000] _byte_map_base: 0x0000021eab640000

Marking Bits: (CMBitMap*) 0x0000021eac250030
 Bits: [0x0000021eabe40000, 0x0000021eabf40000)

Polling page: 0x0000021eaa000000

Metaspace:

Usage:
  Non-class:      3.02 MB used.
      Class:    432.27 KB used.
       Both:      3.44 MB used.

Virtual space:
  Non-class space:       64.00 MB reserved,       3.12 MB (  5%) committed,  1 nodes.
      Class space:        1.00 GB reserved,     512.00 KB ( <1%) committed,  1 nodes.
             Both:        1.06 GB reserved,       3.62 MB ( <1%) committed. 

Chunk freelists:
   Non-Class:  10.55 MB
       Class:  15.48 MB
        Both:  26.03 MB

MaxMetaspaceSize: unlimited
CompressedClassSpaceSize: 1.00 GB
Initial GC threshold: 21.00 MB
Current GC threshold: 21.00 MB
CDS: on
 - commit_granule_bytes: 65536.
 - commit_granule_words: 8192.
 - virtual_space_node_default_size: 8388608.
 - enlarge_chunks_in_place: 1.
 - use_allocation_guard: 0.


Internal statistics:

num_allocs_failed_limit: 0.
num_arena_births: 26.
num_arena_deaths: 0.
num_vsnodes_births: 2.
num_vsnodes_deaths: 0.
num_space_committed: 58.
num_space_uncommitted: 0.
num_chunks_returned_to_freelist: 0.
num_chunks_taken_from_freelist: 109.
num_chunk_merges: 0.
num_chunk_splits: 74.
num_chunks_enlarged: 61.
num_inconsistent_stats: 0.

CodeHeap 'non-profiled nmethods': size=120128Kb used=211Kb max_used=211Kb free=119916Kb
 bounds [0x0000021ebc410000, 0x0000021ebc680000, 0x0000021ec3960000]
CodeHeap 'profiled nmethods': size=120000Kb used=908Kb max_used=908Kb free=119091Kb
 bounds [0x0000021eb4960000, 0x0000021eb4bd0000, 0x0000021ebbe90000]
CodeHeap 'non-nmethods': size=5632Kb used=1314Kb max_used=1330Kb free=4317Kb
 bounds [0x0000021ebbe90000, 0x0000021ebc100000, 0x0000021ebc410000]
CodeCache: size=245760Kb, used=2433Kb, max_used=2449Kb, free=243324Kb
 total_blobs=1212, nmethods=779, adapters=340, full_count=0
Compilation: enabled, stopped_count=0, restarted_count=0

Compilation events (20 events):
Event: 19.117 Thread 0x0000021ec5a90220 nmethod 772 0x0000021eb4a3f208 code [0x0000021eb4a3f360, 0x0000021eb4a3f810]
Event: 19.118 Thread 0x0000021ec5a90220  773       3       java.util.zip.ZipFile$ZipFileInflaterInputStream::fill (80 bytes)
Event: 19.118 Thread 0x0000021ec5a90220 nmethod 773 0x0000021eb4a3f888 code [0x0000021eb4a3f9e0, 0x0000021eb4a3fdc0]
Event: 19.119 Thread 0x0000021ec5a90220  774   !   3       java.util.zip.ZipFile$ZipFileInputStream::read (135 bytes)
Event: 19.119 Thread 0x0000021ec5a90220 nmethod 774 0x0000021eb4a3fe08 code [0x0000021eb4a3ffa0, 0x0000021eb4a40718]
Event: 19.120 Thread 0x0000021ec5a90220  775       3       java.util.zip.ZipUtils::LOCNAM (7 bytes)
Event: 19.120 Thread 0x0000021ec5a90220 nmethod 775 0x0000021eb4a40788 code [0x0000021eb4a408a0, 0x0000021eb4a40a40]
Event: 19.120 Thread 0x0000021ec5a90220  776       3       java.util.zip.ZipUtils::LOCEXT (7 bytes)
Event: 19.121 Thread 0x0000021ec5a90220 nmethod 776 0x0000021eb4a40a88 code [0x0000021eb4a40ba0, 0x0000021eb4a40d40]
Event: 19.121 Thread 0x0000021ec5a90220  777   !   3       java.util.zip.ZipFile$ZipFileInflaterInputStream::close (67 bytes)
Event: 19.122 Thread 0x0000021ec5a90220 nmethod 777 0x0000021eb4a40d88 code [0x0000021eb4a40f40, 0x0000021eb4a41820]
Event: 19.122 Thread 0x0000021ec5a90220  778       3       java.util.zip.ZipFile$InflaterCleanupAction::run (12 bytes)
Event: 19.122 Thread 0x0000021ec5a90220 nmethod 778 0x0000021eb4a41888 code [0x0000021eb4a419a0, 0x0000021eb4a41b00]
Event: 19.123 Thread 0x0000021ec5a90220  779   !   3       java.util.zip.Inflater::reset (64 bytes)
Event: 19.123 Thread 0x0000021ec5a90220 nmethod 779 0x0000021eb4a41b88 code [0x0000021eb4a41ce0, 0x0000021eb4a42100]
Event: 19.124 Thread 0x0000021ec5a90220  780       3       java.util.jar.JarFile::getEntry (35 bytes)
Event: 19.125 Thread 0x0000021ec5a90220 nmethod 780 0x0000021eb4a42188 code [0x0000021eb4a42300, 0x0000021eb4a42768]
Event: 19.125 Thread 0x0000021ec5a90220  781   !   3       jdk.internal.loader.URLClassPath$JarLoader::checkResource (73 bytes)
Event: 19.126 Thread 0x0000021ec5a90220 nmethod 781 0x0000021eb4a42788 code [0x0000021eb4a42940, 0x0000021eb4a43238]
Event: 19.126 Thread 0x0000021ec5a90220  782   !   3       java.net.URL::<init> (543 bytes)

GC Heap History (2 events):
Event: 16.883 GC heap before
{Heap before GC invocations=0 (full 0):
 garbage-first heap   total reserved 65536K, committed 65536K, used 8192K [0x00000000fc000000, 0x0000000100000000)
  region size 1024K, 7 young (7168K), 0 survivors (0K)
 Metaspace       used 2898K, committed 3072K, reserved 1114112K
  class space    used 361K, committed 448K, reserved 1048576K
}
Event: 17.241 GC heap after
{Heap after GC invocations=1 (full 0):
 garbage-first heap   total reserved 65536K, committed 65536K, used 2440K [0x00000000fc000000, 0x0000000100000000)
  region size 1024K, 1 young (1024K), 1 survivors (1024K)
 Metaspace       used 2898K, committed 3072K, reserved 1114112K
  class space    used 361K, committed 448K, reserved 1048576K
}

Dll operation events (6 events):
Event: 0.395 Loaded shared library C:\Program Files\Java\jdk-23\bin\java.dll
Event: 6.486 Loaded shared library C:\Program Files\Java\jdk-23\bin\jsvml.dll
Event: 7.693 Loaded shared library C:\Program Files\Java\jdk-23\bin\net.dll
Event: 7.885 Loaded shared library C:\Program Files\Java\jdk-23\bin\nio.dll
Event: 8.199 Loaded shared library C:\Program Files\Java\jdk-23\bin\zip.dll
Event: 8.585 Loaded shared library C:\Program Files\Java\jdk-23\bin\jimage.dll

Deoptimization events (4 events):
Event: 8.416 Thread 0x0000021eaa048d90 Uncommon trap: trap_request=0xffffff45 fr.pc=0x0000021ebc415710 relative=0x0000000000000190
Event: 8.417 Thread 0x0000021eaa048d90 Uncommon trap: reason=unstable_if action=reinterpret pc=0x0000021ebc415710 method=jdk.internal.util.ArraysSupport.hashCodeOfUnsigned([BIII)I @ 1 c2
Event: 8.417 Thread 0x0000021eaa048d90 DEOPT PACKING pc=0x0000021ebc415710 sp=0x000000c3bd8fbe80
Event: 8.417 Thread 0x0000021eaa048d90 DEOPT UNPACKING pc=0x0000021ebbee43fc sp=0x000000c3bd8fbe10 mode 2

Classes loaded (20 events):
Event: 17.715 Loading class java/io/Reader
Event: 18.255 Loading class java/io/Reader done
Event: 18.255 Loading class java/io/StringReader
Event: 18.256 Loading class java/io/StringReader done
Event: 18.295 Loading class java/io/EOFException
Event: 18.303 Loading class java/io/EOFException done
Event: 18.317 Loading class java/lang/NumberFormatException
Event: 18.318 Loading class java/lang/NumberFormatException done
Event: 18.318 Loading class java/math/BigDecimal
Event: 18.324 Loading class java/math/BigDecimal done
Event: 18.324 Loading class java/util/LinkedList
Event: 18.326 Loading class java/util/AbstractSequentialList
Event: 18.331 Loading class java/util/AbstractSequentialList done
Event: 18.331 Loading class java/util/LinkedList done
Event: 19.049 Loading class jdk/internal/module/ModulePatcher$PatchedModuleReader
Event: 19.049 Loading class jdk/internal/module/ModulePatcher$PatchedModuleReader done
Event: 19.052 Loading class sun/net/www/protocol/jrt/Handler
Event: 19.053 Loading class sun/net/www/protocol/jrt/Handler done
Event: 19.069 Loading class java/text/ParseException
Event: 19.069 Loading class java/text/ParseException done

Classes unloaded (0 events):
No events

Classes redefined (0 events):
No events

Internal exceptions (3 events):
Event: 8.844 Thread 0x0000021eaa048d90 Exception <a 'java/lang/NoSuchMethodError'{0x00000000ffda5d68}: 'void java.lang.invoke.DirectMethodHandle$Holder.invokeSpecial(java.lang.Object, java.lang.Object, java.lang.Object)'> (0x00000000ffda5d68) 
thrown [s\open\src\hotspot\share\interpreter\linkResolver.cpp, line 796]
Event: 12.962 Thread 0x0000021eaa048d90 Exception <a 'java/lang/NoSuchMethodError'{0x00000000ffb73a70}: 'void java.lang.invoke.DirectMethodHandle$Holder.invokeStatic(java.lang.Object, int, java.lang.Object)'> (0x00000000ffb73a70) 
thrown [s\open\src\hotspot\share\interpreter\linkResolver.cpp, line 796]
Event: 14.653 Thread 0x0000021eaa048d90 Exception <a 'java/lang/NoSuchMethodError'{0x00000000ffa118d0}: 'void java.lang.invoke.DirectMethodHandle$Holder.invokeStatic(java.lang.Object, java.lang.Object, java.lang.Object, java.lang.Object)'> (0x00000000ffa118d0) 
thrown [s\open\src\hotspot\share\interpreter\linkResolver.cpp, line 796]

VM Operations (4 events):
Event: 8.215 Executing VM operation: HandshakeAllThreads (Deoptimize)
Event: 8.215 Executing VM operation: HandshakeAllThreads (Deoptimize) done
Event: 16.879 Executing VM operation: G1CollectForAllocation (G1 Evacuation Pause)
Event: 17.241 Executing VM operation: G1CollectForAllocation (G1 Evacuation Pause) done

Memory protections (0 events):
No events

Nmethod flushes (0 events):
No events

Events (11 events):
Event: 1.321 Thread 0x0000021eaa048d90 Thread added: 0x0000021eaa048d90
Event: 5.861 Thread 0x0000021eaa048d90 Thread added: 0x0000021eac2d9550
Event: 5.874 Thread 0x0000021eaa048d90 Thread added: 0x0000021eac2dc5a0
Event: 5.947 Thread 0x0000021eaa048d90 Thread added: 0x0000021ec5a7eb60
Event: 6.178 Thread 0x0000021eaa048d90 Thread added: 0x0000021ec5a81120
Event: 6.286 Thread 0x0000021eaa048d90 Thread added: 0x0000021ec5a81d30
Event: 6.287 Thread 0x0000021eaa048d90 Thread added: 0x0000021ec5a86630
Event: 6.288 Thread 0x0000021eaa048d90 Thread added: 0x0000021ec5a873c0
Event: 6.291 Thread 0x0000021eaa048d90 Thread added: 0x0000021ec5a90220
Event: 6.922 Thread 0x0000021eaa048d90 Thread added: 0x0000021f0b09a990
Event: 7.076 Thread 0x0000021eaa048d90 Thread added: 0x0000021f0b0a6850


Dynamic libraries:
0x00007ff755ff0000 - 0x00007ff756000000 	C:\Program Files\Java\jdk-23\bin\java.exe
0x00007fff15750000 - 0x00007fff15967000 	C:\WINDOWS\SYSTEM32\ntdll.dll
0x00007ffee8280000 - 0x00007ffee82a0000 	C:\Program Files\Avast Software\Avast\aswhook.dll
0x00007fff14eb0000 - 0x00007fff14f74000 	C:\WINDOWS\System32\KERNEL32.DLL
0x00007fff12bb0000 - 0x00007fff12f82000 	C:\WINDOWS\System32\KERNELBASE.dll
0x00007fff0e7a0000 - 0x00007fff0e837000 	C:\WINDOWS\SYSTEM32\apphelp.dll
0x00007fff13240000 - 0x00007fff13351000 	C:\WINDOWS\System32\ucrtbase.dll
0x00007ffefcb50000 - 0x00007ffefcb67000 	C:\Program Files\Java\jdk-23\bin\jli.dll
0x00007fff153a0000 - 0x00007fff15551000 	C:\WINDOWS\System32\USER32.dll
0x00007fff12a10000 - 0x00007fff12a36000 	C:\WINDOWS\System32\win32u.dll
0x00007fff156d0000 - 0x00007fff156f9000 	C:\WINDOWS\System32\GDI32.dll
0x00007fff128e0000 - 0x00007fff12a03000 	C:\WINDOWS\System32\gdi32full.dll
0x00007fff12840000 - 0x00007fff128da000 	C:\WINDOWS\System32\msvcp_win.dll
0x00007ffefbca0000 - 0x00007ffefbcbb000 	C:\Program Files\Java\jdk-23\bin\VCRUNTIME140.dll
0x00007ffeffde0000 - 0x00007fff0007b000 	C:\WINDOWS\WinSxS\amd64_microsoft.windows.common-controls_6595b64144ccf1df_6.0.22621.5697_none_27154c497380d676\COMCTL32.dll
0x00007fff150f0000 - 0x00007fff15197000 	C:\WINDOWS\System32\msvcrt.dll
0x00007fff14e70000 - 0x00007fff14ea1000 	C:\WINDOWS\System32\IMM32.DLL
0x00007fff0c5d0000 - 0x00007fff0c5dc000 	C:\Program Files\Java\jdk-23\bin\vcruntime140_1.dll
0x00007ffed25a0000 - 0x00007ffed262e000 	C:\Program Files\Java\jdk-23\bin\msvcp140.dll
0x00007ffe81d90000 - 0x00007ffe82ae0000 	C:\Program Files\Java\jdk-23\bin\server\jvm.dll
0x00007fff15030000 - 0x00007fff150e1000 	C:\WINDOWS\System32\ADVAPI32.dll
0x00007fff14f80000 - 0x00007fff15028000 	C:\WINDOWS\System32\sechost.dll
0x00007fff12a40000 - 0x00007fff12a68000 	C:\WINDOWS\System32\bcrypt.dll
0x00007fff13af0000 - 0x00007fff13c07000 	C:\WINDOWS\System32\RPCRT4.dll
0x00007fff14bd0000 - 0x00007fff14c41000 	C:\WINDOWS\System32\WS2_32.dll
0x00007fff12720000 - 0x00007fff1276d000 	C:\WINDOWS\SYSTEM32\POWRPROF.dll
0x00007fff08670000 - 0x00007fff086a4000 	C:\WINDOWS\SYSTEM32\WINMM.dll
0x00007fff08560000 - 0x00007fff0856a000 	C:\WINDOWS\SYSTEM32\VERSION.dll
0x00007fff126f0000 - 0x00007fff12703000 	C:\WINDOWS\SYSTEM32\UMPDC.dll
0x00007fff11820000 - 0x00007fff11838000 	C:\WINDOWS\SYSTEM32\kernel.appcore.dll
0x00007ffeffb50000 - 0x00007ffeffb5a000 	C:\Program Files\Java\jdk-23\bin\jimage.dll
0x00007fff10090000 - 0x00007fff102c3000 	C:\WINDOWS\SYSTEM32\DBGHELP.DLL
0x00007fff133e0000 - 0x00007fff13772000 	C:\WINDOWS\System32\combase.dll
0x00007fff13a10000 - 0x00007fff13ae8000 	C:\WINDOWS\System32\OLEAUT32.dll
0x00007ffefe340000 - 0x00007ffefe372000 	C:\WINDOWS\SYSTEM32\dbgcore.DLL
0x00007fff13360000 - 0x00007fff133db000 	C:\WINDOWS\System32\bcryptPrimitives.dll
0x00007ffefbc80000 - 0x00007ffefbc9e000 	C:\Program Files\Java\jdk-23\bin\java.dll
0x00007fff14cd0000 - 0x00007fff14e70000 	C:\WINDOWS\System32\ole32.dll
0x00007fff13d20000 - 0x00007fff145c1000 	C:\WINDOWS\System32\SHELL32.dll
0x00007fff12a70000 - 0x00007fff12baf000 	C:\WINDOWS\System32\wintypes.dll
0x00007fff10720000 - 0x00007fff1103a000 	C:\WINDOWS\SYSTEM32\windows.storage.dll
0x00007fff15290000 - 0x00007fff1539b000 	C:\WINDOWS\System32\SHCORE.dll
0x00007fff14b60000 - 0x00007fff14bc9000 	C:\WINDOWS\System32\shlwapi.dll
0x00007fff12770000 - 0x00007fff1279b000 	C:\WINDOWS\SYSTEM32\profapi.dll
0x00007ffeb1550000 - 0x00007ffeb1627000 	C:\Program Files\Java\jdk-23\bin\jsvml.dll
0x00007ffefef70000 - 0x00007ffefef80000 	C:\Program Files\Java\jdk-23\bin\net.dll
0x00007fff11cf0000 - 0x00007fff11d59000 	C:\WINDOWS\system32\mswsock.dll
0x00007ffef91d0000 - 0x00007ffef91e6000 	C:\Program Files\Java\jdk-23\bin\nio.dll
0x00007ffef39e0000 - 0x00007ffef39f7000 	C:\Program Files\Java\jdk-23\bin\zip.dll

dbghelp: loaded successfully - version: 4.0.5 - missing functions: none
symbol engine: initialized successfully - sym options: 0x614 - pdb path: .;C:\Program Files\Java\jdk-23\bin;C:\WINDOWS\SYSTEM32;C:\Program Files\Avast Software\Avast;C:\WINDOWS\WinSxS\amd64_microsoft.windows.common-controls_6595b64144ccf1df_6.0.22621.5697_none_27154c497380d676;C:\Program Files\Java\jdk-23\bin\server

VM Arguments:
jvm_args: -DwatchParentProcess=false -XX:+ExitOnOutOfMemoryError -XX:+HeapDumpOnOutOfMemoryError -XX:HeapDumpPath=c:\Users\ofatt\AppData\Roaming\Cursor\User\globalStorage\redhat.vscode-xml -Xmx64M 
java_command: org.eclipse.lemminx.XMLServerLauncher
java_class_path (initial): c:\Users\ofatt\.cursor\extensions\redhat.vscode-xml-0.29.0-win32-x64\server\org.eclipse.lemminx-0.31.0-uber.jar
Launcher Type: SUN_STANDARD

[Global flags]
     intx CICompilerCount                          = 2                                         {product} {ergonomic}
     uint ConcGCThreads                            = 1                                         {product} {ergonomic}
     bool ExitOnOutOfMemoryError                   = true                                      {product} {command line}
     uint G1ConcRefinementThreads                  = 2                                         {product} {ergonomic}
   size_t G1HeapRegionSize                         = 1048576                                   {product} {ergonomic}
     bool HeapDumpOnOutOfMemoryError               = true                                   {manageable} {command line}
    ccstr HeapDumpPath                             = c:\Users\ofatt\AppData\Roaming\Cursor\User\globalStorage\redhat.vscode-xml         {manageable} {command line}
   size_t InitialHeapSize                          = 67108864                                  {product} {ergonomic}
   size_t MarkStackSize                            = 4194304                                   {product} {ergonomic}
   size_t MarkStackSizeMax                         = 536870912                                 {product} {ergonomic}
   size_t MaxHeapSize                              = 67108864                                  {product} {command line}
   size_t MaxNewSize                               = 39845888                                  {product} {ergonomic}
   size_t MinHeapDeltaBytes                        = 1048576                                   {product} {ergonomic}
   size_t MinHeapSize                              = 8388608                                   {product} {ergonomic}
    uintx NonNMethodCodeHeapSize                   = 5767168                                {pd product} {ergonomic}
    uintx NonProfiledCodeHeapSize                  = 123011072                              {pd product} {ergonomic}
    uintx ProfiledCodeHeapSize                     = 122880000                              {pd product} {ergonomic}
    uintx ReservedCodeCacheSize                    = 251658240                              {pd product} {ergonomic}
     bool SegmentedCodeCache                       = true                                      {product} {ergonomic}
   size_t SoftMaxHeapSize                          = 67108864                               {manageable} {ergonomic}
     bool UseCompressedOops                        = true                           {product lp64_product} {ergonomic}
     bool UseG1GC                                  = true                                      {product} {ergonomic}
     bool UseLargePagesIndividualAllocation        = false                                  {pd product} {ergonomic}

Logging:
Log output configuration:
 #0: stdout all=warning uptime,level,tags foldmultilines=false
 #1: stderr all=off uptime,level,tags foldmultilines=false

Environment Variables:
PATH=C:\Program Files\Common Files\Oracle\Java\javapath;C:\WINDOWS\system32;C:\WINDOWS;C:\WINDOWS\System32\Wbem;C:\WINDOWS\System32\WindowsPowerShell\v1.0\;C:\WINDOWS\System32\OpenSSH\;C:\Program Files (x86)\AutoFirma\AutoFirma;C:\Program Files\GitHub CLI\;C:\Program Files\Git\cmd;C:\Program Files\apache-maven-3.9.9\bin;C:\Program Files\apache-maven-3.9.9;C:\Users\ofatt\AppData\Local\Microsoft\WindowsApps;C:\Users\ofatt\AppData\Local\Microsoft\WinGet\Packages\Schniz.fnm_Microsoft.Winget.Source_8wekyb3d8bbwe;C:\Program Files\heroku\bin;C:\Program Files\Eclipse Adoptium\jdk-21.0.7.6-hotspot\bin;C:\Program Files\Android\Android Studio\jbr\bin;C:\Program Files\apache-maven-3.9.9\apache-maven-3.9.9\bin;C:\Users\ofatt\.gradle\wrapper\dists\gradle-8.9-bin\90cnw93cvbtalezasaz0blq0a

\bin;C:\Users\ofatt\AppData\Local\Programs\cursor\resources\app\bin;C:\Users\ofatt\AppData\Local\Programs\Windsurf\bin
USERNAME=ofatt
OS=Windows_NT
PROCESSOR_IDENTIFIER=Intel64 Family 6 Model 142 Stepping 11, GenuineIntel
TMP=C:\Users\ofatt\AppData\Local\Temp
TEMP=C:\Users\ofatt\AppData\Local\Temp




Periodic native trim disabled

---------------  S Y S T E M  ---------------

OS:
 Windows 11 , 64 bit Build 22621 (10.0.22621.5415)
OS uptime: 1 days 16:40 hours

CPU: total 2 (initial active 2) (2 cores per cpu, 1 threads per core) family 6 model 142 stepping 11 microcode 0xde, cx8, cmov, fxsr, mmx, 3dnowpref, sse, sse2, sse3, ssse3, sse4.1, sse4.2, popcnt, lzcnt, tsc, tscinvbit, aes, erms, clmul, clflush, clflushopt, rdtscp
Processor Information for the first 2 processors :
  Max Mhz: 1800, Current Mhz: 1800, Mhz Limit: 1800

Memory: 4k page, system-wide physical 3976M (91M free)
TotalPageFile size 16264M (AvailPageFile size 1M)
current process WorkingSet (physical memory assigned to process): 53M, peak: 53M
current process commit charge ("private bytes"): 137M, peak: 137M

vm_info: Java HotSpot(TM) 64-Bit Server VM (23.0.2+7-58) for windows-amd64 JRE (23.0.2+7-58), built on 2024-11-29T09:34:55Z with MS VC++ 17.6 (VS2022)

END.
