#
# There is insufficient memory for the Java Runtime Environment to continue.
# Native memory allocation (mmap) failed to map 48234496 bytes. Error detail: G1 virtual space
# Possible reasons:
#   The system is out of physical RAM or swap space
#   This process is running with CompressedOops enabled, and the Java Heap may be blocking the growth of the native heap
# Possible solutions:
#   Reduce memory load on the system
#   Increase physical memory or swap space
#   Check if swap backing store is full
#   Decrease Java heap size (-Xmx/-Xms)
#   Decrease number of Java threads
#   Decrease Java thread stack sizes (-Xss)
#   Set larger code cache with -XX:ReservedCodeCacheSize=
#   JVM is running with Zero Based Compressed Oops mode in which the Java heap is
#     placed in the first 32GB address space. The Java Heap base address is the
#     maximum limit for the native heap growth. Please use -XX:HeapBaseMinAddress
#     to set the Java Heap base and to place the Java Heap above 32GB virtual address.
# This output file may be truncated or incomplete.
#
#  Out of Memory Error (os_windows.cpp:3815), pid=7152, tid=13076
#
# JRE version: OpenJDK Runtime Environment (21.0.3) (build 21.0.3+-12282718-b509.11)
# Java VM: OpenJDK 64-Bit Server VM (21.0.3+-12282718-b509.11, mixed mode, tiered, compressed oops, compressed class ptrs, g1 gc, windows-amd64)
# No core dump will be written. Minidumps are not enabled by default on client versions of Windows
#

---------------  S U M M A R Y ------------

Command Line: --add-opens=java.base/java.util=ALL-UNNAMED --add-opens=java.base/java.lang=ALL-UNNAMED --add-opens=java.base/java.lang.invoke=ALL-UNNAMED --add-opens=java.prefs/java.util.prefs=ALL-UNNAMED --add-opens=java.base/java.nio.charset=ALL-UNNAMED --add-opens=java.base/java.net=ALL-UNNAMED --add-opens=java.base/java.util.concurrent.atomic=ALL-UNNAMED -Xmx4096m -Dfile.encoding=UTF-8 -Duser.country=ES -Duser.language=es -Duser.variant -javaagent:C:\Users\ofatt\.gradle\wrapper\dists\gradle-8.6-bin\afr5mpiioh2wthjmwnkmdsd5w\gradle-8.6\lib\agents\gradle-instrumentation-agent-8.6.jar org.gradle.launcher.daemon.bootstrap.GradleDaemon 8.6

Host: Intel(R) Celeron(R) CPU 4205U @ 1.80GHz, 2 cores, 3G,  Windows 11 , 64 bit Build 22621 (10.0.22621.4974)
Time: Mon Mar 24 19:17:59 2025 Hora estándar romance elapsed time: 37.953402 seconds (0d 0h 0m 37s)

---------------  T H R E A D  ---------------

Current thread (0x000002067f256ab0):  VMThread "VM Thread"          [id=13076, stack(0x000000c362200000,0x000000c362300000) (1024K)]

Stack: [0x000000c362200000,0x000000c362300000]
Native frames: (J=compiled Java code, j=interpreted, Vv=VM code, C=native code)
V  [jvm.dll+0x6cafb9]
V  [jvm.dll+0x858523]
V  [jvm.dll+0x85aa7e]
V  [jvm.dll+0x85b163]
V  [jvm.dll+0x27d356]
V  [jvm.dll+0x6c7865]
V  [jvm.dll+0x6bbd3a]
V  [jvm.dll+0x35199b]
V  [jvm.dll+0x3595d6]
V  [jvm.dll+0x3aa826]
V  [jvm.dll+0x3aaaf8]
V  [jvm.dll+0x3240bc]
V  [jvm.dll+0x324147]
V  [jvm.dll+0x36a00c]
V  [jvm.dll+0x36879e]
V  [jvm.dll+0x3237c1]
V  [jvm.dll+0x367eb0]
V  [jvm.dll+0x860ac8]
V  [jvm.dll+0x861bc4]
V  [jvm.dll+0x862100]
V  [jvm.dll+0x862393]
V  [jvm.dll+0x800d78]
V  [jvm.dll+0x6c98cd]
C  [ucrtbase.dll+0x29333]
C  [KERNEL32.DLL+0x1259d]
C  [ntdll.dll+0x5af38]

VM_Operation (0x000000c3634f5dd0): G1CollectForAllocation, mode: safepoint, requested by thread 0x0000020604fb5580


---------------  P R O C E S S  ---------------

Threads class SMR info:
_java_thread_list=0x00000206068d2640, length=35, elements={
0x0000020663cb1a20, 0x000002067f306630, 0x000002067f2e5120, 0x000002067f308190,
0x000002067f2f3780, 0x000002067f2ed260, 0x000002067f2f1a90, 0x000002067f313760,
0x000002067f315140, 0x000002067f37f610, 0x000002067f7ea0c0, 0x0000020604299200,
0x0000020604065030, 0x00000206046f5ef0, 0x000002067f96ae70, 0x000002067f96b4e0,
0x00000206041b38d0, 0x0000020604fb5580, 0x000002060432dd40, 0x000002060432f780,
0x0000020604330b30, 0x00000206043311c0, 0x000002060432fe10, 0x00000206043304a0,
0x000002060432ea60, 0x000002060432f0f0, 0x0000020606b3b130, 0x0000020606b3df20,
0x0000020606b3a410, 0x0000020606b39060, 0x0000020606b3d890, 0x0000020606b3aaa0,
0x0000020606b3b7c0, 0x0000020606b389d0, 0x0000020606b396f0
}

Java Threads: ( => current thread )
  0x0000020663cb1a20 JavaThread "main"                              [_thread_blocked, id=9876, stack(0x000000c361b00000,0x000000c361c00000) (1024K)]
  0x000002067f306630 JavaThread "Reference Handler"          daemon [_thread_blocked, id=14872, stack(0x000000c362300000,0x000000c362400000) (1024K)]
  0x000002067f2e5120 JavaThread "Finalizer"                  daemon [_thread_blocked, id=5612, stack(0x000000c362400000,0x000000c362500000) (1024K)]
  0x000002067f308190 JavaThread "Signal Dispatcher"          daemon [_thread_blocked, id=12720, stack(0x000000c362500000,0x000000c362600000) (1024K)]
  0x000002067f2f3780 JavaThread "Attach Listener"            daemon [_thread_blocked, id=8704, stack(0x000000c362600000,0x000000c362700000) (1024K)]
  0x000002067f2ed260 JavaThread "Service Thread"             daemon [_thread_blocked, id=15316, stack(0x000000c362700000,0x000000c362800000) (1024K)]
  0x000002067f2f1a90 JavaThread "Monitor Deflation Thread"   daemon [_thread_blocked, id=14468, stack(0x000000c362800000,0x000000c362900000) (1024K)]
  0x000002067f313760 JavaThread "C2 CompilerThread0"         daemon [_thread_in_native, id=14484, stack(0x000000c362900000,0x000000c362a00000) (1024K)]
  0x000002067f315140 JavaThread "C1 CompilerThread0"         daemon [_thread_blocked, id=14256, stack(0x000000c362a00000,0x000000c362b00000) (1024K)]
  0x000002067f37f610 JavaThread "Common-Cleaner"             daemon [_thread_blocked, id=520, stack(0x000000c362b00000,0x000000c362c00000) (1024K)]
  0x000002067f7ea0c0 JavaThread "Notification Thread"        daemon [_thread_blocked, id=10584, stack(0x000000c362c00000,0x000000c362d00000) (1024K)]
  0x0000020604299200 JavaThread "Daemon health stats"               [_thread_blocked, id=13592, stack(0x000000c362e00000,0x000000c362f00000) (1024K)]
  0x0000020604065030 JavaThread "Incoming local TCP Connector on port 62598"        [_thread_in_native, id=14844, stack(0x000000c362f00000,0x000000c363000000) (1024K)]
  0x00000206046f5ef0 JavaThread "Daemon periodic checks"            [_thread_blocked, id=10632, stack(0x000000c363000000,0x000000c363100000) (1024K)]
  0x000002067f96ae70 JavaThread "Daemon"                            [_thread_blocked, id=12552, stack(0x000000c363100000,0x000000c363200000) (1024K)]
  0x000002067f96b4e0 JavaThread "Handler for socket connection from /127.0.0.1:62598 to /127.0.0.1:62599"        [_thread_in_native, id=13492, stack(0x000000c363200000,0x000000c363300000) (1024K)]
  0x00000206041b38d0 JavaThread "Cancel handler"                    [_thread_blocked, id=13916, stack(0x000000c363300000,0x000000c363400000) (1024K)]
  0x0000020604fb5580 JavaThread "Daemon worker"                     [_thread_blocked, id=14108, stack(0x000000c363400000,0x000000c363500000) (1024K)]
  0x000002060432dd40 JavaThread "Asynchronous log dispatcher for DefaultDaemonConnection: socket connection from /127.0.0.1:62598 to /127.0.0.1:62599"        [_thread_blocked, id=12020, stack(0x000000c363500000,0x000000c363600000) (1024K)]
  0x000002060432f780 JavaThread "Stdin handler"                     [_thread_blocked, id=5072, stack(0x000000c363600000,0x000000c363700000) (1024K)]
  0x0000020604330b30 JavaThread "Daemon client event forwarder"        [_thread_blocked, id=8956, stack(0x000000c363700000,0x000000c363800000) (1024K)]
  0x00000206043311c0 JavaThread "Cache worker for journal cache (C:\Users\ofatt\.gradle\caches\journal-1)"        [_thread_blocked, id=14292, stack(0x000000c363800000,0x000000c363900000) (1024K)]
  0x000002060432fe10 JavaThread "File lock request listener"        [_thread_in_native, id=11532, stack(0x000000c363900000,0x000000c363a00000) (1024K)]
  0x00000206043304a0 JavaThread "Cache worker for file hash cache (C:\Users\ofatt\.gradle\caches\8.6\fileHashes)"        [_thread_blocked, id=1288, stack(0x000000c363a00000,0x000000c363b00000) (1024K)]
  0x000002060432ea60 JavaThread "File watcher server"        daemon [_thread_in_native, id=308, stack(0x000000c363b00000,0x000000c363c00000) (1024K)]
  0x000002060432f0f0 JavaThread "File watcher consumer"      daemon [_thread_blocked, id=5396, stack(0x000000c363c00000,0x000000c363d00000) (1024K)]
  0x0000020606b3b130 JavaThread "jar transforms"                    [_thread_blocked, id=9116, stack(0x000000c363d00000,0x000000c363e00000) (1024K)]
  0x0000020606b3df20 JavaThread "jar transforms Thread 2"           [_thread_blocked, id=14008, stack(0x000000c363e00000,0x000000c363f00000) (1024K)]
  0x0000020606b3a410 JavaThread "Cache worker for checksums cache (C:\Users\ofatt\AndroidStudioProjects\GameBooster\.gradle\8.6\checksums)"        [_thread_blocked, id=13320, stack(0x000000c363f00000,0x000000c364000000) (1024K)]
  0x0000020606b39060 JavaThread "Cache worker for file hash cache (C:\Users\ofatt\AndroidStudioProjects\GameBooster\.gradle\8.6\fileHashes)"        [_thread_blocked, id=8588, stack(0x000000c364000000,0x000000c364100000) (1024K)]
  0x0000020606b3d890 JavaThread "Cache worker for cache directory md-supplier (C:\Users\ofatt\.gradle\caches\8.6\md-supplier)"        [_thread_blocked, id=13628, stack(0x000000c364100000,0x000000c364200000) (1024K)]
  0x0000020606b3aaa0 JavaThread "Cache worker for cache directory md-rule (C:\Users\ofatt\.gradle\caches\8.6\md-rule)"        [_thread_blocked, id=5992, stack(0x000000c364200000,0x000000c364300000) (1024K)]
  0x0000020606b3b7c0 JavaThread "Cache worker for file content cache (C:\Users\ofatt\.gradle\caches\8.6\fileContent)"        [_thread_blocked, id=9884, stack(0x000000c364300000,0x000000c364400000) (1024K)]
  0x0000020606b389d0 JavaThread "Unconstrained build operations"        [_thread_blocked, id=8308, stack(0x000000c364400000,0x000000c364500000) (1024K)]
  0x0000020606b396f0 JavaThread "Unconstrained build operations Thread 2"        [_thread_blocked, id=9908, stack(0x000000c364500000,0x000000c364600000) (1024K)]
Total: 35

Other Threads:
=>0x000002067f256ab0 VMThread "VM Thread"                           [id=13076, stack(0x000000c362200000,0x000000c362300000) (1024K)]
  0x0000020666017b40 WatcherThread "VM Periodic Task Thread"        [id=11372, stack(0x000000c362100000,0x000000c362200000) (1024K)]
  0x0000020665fc6240 WorkerThread "GC Thread#0"                     [id=7132, stack(0x000000c361c00000,0x000000c361d00000) (1024K)]
  0x000002067f5dcde0 WorkerThread "GC Thread#1"                     [id=4660, stack(0x000000c362d00000,0x000000c362e00000) (1024K)]
  0x0000020665fd7390 ConcurrentGCThread "G1 Main Marker"            [id=5752, stack(0x000000c361d00000,0x000000c361e00000) (1024K)]
  0x0000020665fd8630 WorkerThread "G1 Conc#0"                       [id=1452, stack(0x000000c361e00000,0x000000c361f00000) (1024K)]
  0x000002066600a900 ConcurrentGCThread "G1 Refine#0"               [id=2452, stack(0x000000c361f00000,0x000000c362000000) (1024K)]
  0x000002066600b470 ConcurrentGCThread "G1 Service"                [id=12556, stack(0x000000c362000000,0x000000c362100000) (1024K)]
Total: 8

Threads with active compile tasks:
C2 CompilerThread0    38049 6108       4       org.objectweb.asm.ClassReader::readCode (5117 bytes)
Total: 1

VM state: at safepoint (normal execution)

VM Mutex/Monitor currently owned by a thread:  ([mutex/lock_event])
[0x00007ffa3bfc20c8] Threads_lock - owner thread: 0x000002067f256ab0
[0x00007ffa3bfc21c8] Heap_lock - owner thread: 0x0000020604fb5580

Heap address: 0x0000000700000000, size: 4096 MB, Compressed Oops mode: Zero based, Oop shift amount: 3

CDS archive(s) not mapped
Compressed class space mapped at: 0x0000000800000000-0x0000000840000000, reserved size: 1073741824
Narrow klass base: 0x0000000800000000, Narrow klass shift: 0, Narrow klass range: 0x40000000

GC Precious Log:
 CardTable entry size: 512
 Card Set container configuration: InlinePtr #cards 4 size 8 Array Of Cards #cards 16 size 48 Howl #buckets 8 coarsen threshold 3686 Howl Bitmap #cards 512 size 80 coarsen threshold 460 Card regions per heap region 1 cards per card region 4096
 CPUs: 2 total, 2 available
 Memory: 3976M
 Large Page Support: Disabled
 NUMA Support: Disabled
 Compressed Oops: Enabled (Zero based)
 Heap Region Size: 2M
 Heap Min Capacity: 8M
 Heap Initial Capacity: 64M
 Heap Max Capacity: 4G
 Pre-touch: Disabled
 Parallel Workers: 2
 Concurrent Workers: 1
 Concurrent Refinement Workers: 2
 Periodic GC: Disabled

Heap:
 garbage-first heap   total 229376K, used 80119K [0x0000000700000000, 0x0000000800000000)
  region size 2048K, 5 young (10240K), 5 survivors (10240K)
 Metaspace       used 57424K, committed 58816K, reserved 1114112K
  class space    used 7642K, committed 8320K, reserved 1048576K

Heap Regions: E=young(eden), S=young(survivor), O=old, HS=humongous(starts), HC=humongous(continues), CS=collection set, F=free, TAMS=top-at-mark-start, PB=parsable bottom
|   0|0x0000000700000000, 0x0000000700200000, 0x0000000700200000|100%| O|  |TAMS 0x0000000700200000| PB 0x0000000700000000| Untracked 
|   1|0x0000000700200000, 0x0000000700400000, 0x0000000700400000|100%|HS|  |TAMS 0x0000000700400000| PB 0x0000000700200000| Complete 
|   2|0x0000000700400000, 0x0000000700600000, 0x0000000700600000|100%|HC|  |TAMS 0x0000000700600000| PB 0x0000000700400000| Complete 
|   3|0x0000000700600000, 0x0000000700800000, 0x0000000700800000|100%| O|  |TAMS 0x0000000700800000| PB 0x0000000700600000| Untracked 
|   4|0x0000000700800000, 0x0000000700a00000, 0x0000000700a00000|100%| O|  |TAMS 0x0000000700a00000| PB 0x0000000700800000| Untracked 
|   5|0x0000000700a00000, 0x0000000700c00000, 0x0000000700c00000|100%| O|  |TAMS 0x0000000700c00000| PB 0x0000000700a00000| Untracked 
|   6|0x0000000700c00000, 0x0000000700e00000, 0x0000000700e00000|100%| O|  |TAMS 0x0000000700e00000| PB 0x0000000700c00000| Untracked 
|   7|0x0000000700e00000, 0x0000000701000000, 0x0000000701000000|100%| O|  |TAMS 0x0000000701000000| PB 0x0000000700e00000| Untracked 
|   8|0x0000000701000000, 0x0000000701200000, 0x0000000701200000|100%| O|  |TAMS 0x0000000701200000| PB 0x0000000701000000| Untracked 
|   9|0x0000000701200000, 0x0000000701400000, 0x0000000701400000|100%| O|  |TAMS 0x0000000701400000| PB 0x0000000701200000| Untracked 
|  10|0x0000000701400000, 0x0000000701600000, 0x0000000701600000|100%|HS|  |TAMS 0x0000000701600000| PB 0x0000000701400000| Complete 
|  11|0x0000000701600000, 0x0000000701800000, 0x0000000701800000|100%|HC|  |TAMS 0x0000000701800000| PB 0x0000000701600000| Complete 
|  12|0x0000000701800000, 0x0000000701a00000, 0x0000000701a00000|100%|HS|  |TAMS 0x0000000701a00000| PB 0x0000000701800000| Complete 
|  13|0x0000000701a00000, 0x0000000701c00000, 0x0000000701c00000|100%| O|  |TAMS 0x0000000701c00000| PB 0x0000000701a00000| Untracked 
|  14|0x0000000701c00000, 0x0000000701e00000, 0x0000000701e00000|100%| O|  |TAMS 0x0000000701e00000| PB 0x0000000701c00000| Untracked 
|  15|0x0000000701e00000, 0x0000000702000000, 0x0000000702000000|100%|HS|  |TAMS 0x0000000702000000| PB 0x0000000701e00000| Complete 
|  16|0x0000000702000000, 0x0000000702200000, 0x0000000702200000|100%|HC|  |TAMS 0x0000000702200000| PB 0x0000000702000000| Complete 
|  17|0x0000000702200000, 0x0000000702400000, 0x0000000702400000|100%|HC|  |TAMS 0x0000000702400000| PB 0x0000000702200000| Complete 
|  18|0x0000000702400000, 0x0000000702600000, 0x0000000702600000|100%| O|  |TAMS 0x0000000702600000| PB 0x0000000702400000| Untracked 
|  19|0x0000000702600000, 0x0000000702800000, 0x0000000702800000|100%| O|  |TAMS 0x0000000702800000| PB 0x0000000702600000| Untracked 
|  20|0x0000000702800000, 0x0000000702a00000, 0x0000000702a00000|100%| O|  |TAMS 0x0000000702a00000| PB 0x0000000702800000| Untracked 
|  21|0x0000000702a00000, 0x0000000702c00000, 0x0000000702c00000|100%| O|  |TAMS 0x0000000702c00000| PB 0x0000000702a00000| Untracked 
|  22|0x0000000702c00000, 0x0000000702e00000, 0x0000000702e00000|100%| O|  |TAMS 0x0000000702e00000| PB 0x0000000702c00000| Untracked 
|  23|0x0000000702e00000, 0x0000000703000000, 0x0000000703000000|100%|HS|  |TAMS 0x0000000703000000| PB 0x0000000702e00000| Complete 
|  24|0x0000000703000000, 0x0000000703200000, 0x0000000703200000|100%| O|  |TAMS 0x0000000703200000| PB 0x0000000703000000| Untracked 
|  25|0x0000000703200000, 0x0000000703400000, 0x0000000703400000|100%| O|  |TAMS 0x0000000703400000| PB 0x0000000703200000| Untracked 
|  26|0x0000000703400000, 0x0000000703600000, 0x0000000703600000|100%| O|  |TAMS 0x0000000703600000| PB 0x0000000703400000| Untracked 
|  27|0x0000000703600000, 0x000000070378ee90, 0x0000000703800000| 77%| O|  |TAMS 0x0000000703755748| PB 0x0000000703600000| Untracked 
|  28|0x0000000703800000, 0x0000000703800000, 0x0000000703a00000|  0%| F|  |TAMS 0x0000000703800000| PB 0x0000000703800000| Untracked 
|  29|0x0000000703a00000, 0x0000000703c00000, 0x0000000703c00000|100%|HS|  |TAMS 0x0000000703c00000| PB 0x0000000703a00000| Complete 
|  30|0x0000000703c00000, 0x0000000703e00000, 0x0000000703e00000|100%|HC|  |TAMS 0x0000000703e00000| PB 0x0000000703c00000| Complete 
|  31|0x0000000703e00000, 0x0000000704000000, 0x0000000704000000|100%|HC|  |TAMS 0x0000000704000000| PB 0x0000000703e00000| Complete 
|  32|0x0000000704000000, 0x0000000704000000, 0x0000000704200000|  0%| F|  |TAMS 0x0000000704000000| PB 0x0000000704000000| Untracked 
|  33|0x0000000704200000, 0x0000000704200000, 0x0000000704400000|  0%| F|  |TAMS 0x0000000704200000| PB 0x0000000704200000| Untracked 
|  34|0x0000000704400000, 0x0000000704400000, 0x0000000704600000|  0%| F|  |TAMS 0x0000000704400000| PB 0x0000000704400000| Untracked 
|  35|0x0000000704600000, 0x0000000704600000, 0x0000000704800000|  0%| F|  |TAMS 0x0000000704600000| PB 0x0000000704600000| Untracked 
|  36|0x0000000704800000, 0x0000000704800000, 0x0000000704a00000|  0%| F|  |TAMS 0x0000000704800000| PB 0x0000000704800000| Untracked 
|  37|0x0000000704a00000, 0x0000000704aaf0f0, 0x0000000704c00000| 34%| S|CS|TAMS 0x0000000704a00000| PB 0x0000000704a00000| Complete 
|  38|0x0000000704c00000, 0x0000000704c00000, 0x0000000704e00000|  0%| F|  |TAMS 0x0000000704c00000| PB 0x0000000704c00000| Untracked 
|  39|0x0000000704e00000, 0x0000000705000000, 0x0000000705000000|100%| S|CS|TAMS 0x0000000704e00000| PB 0x0000000704e00000| Complete 
|  40|0x0000000705000000, 0x0000000705200000, 0x0000000705200000|100%| S|CS|TAMS 0x0000000705000000| PB 0x0000000705000000| Complete 
|  41|0x0000000705200000, 0x0000000705200000, 0x0000000705400000|  0%| F|  |TAMS 0x0000000705200000| PB 0x0000000705200000| Untracked 
|  42|0x0000000705400000, 0x0000000705400000, 0x0000000705600000|  0%| F|  |TAMS 0x0000000705400000| PB 0x0000000705400000| Untracked 
|  43|0x0000000705600000, 0x0000000705600000, 0x0000000705800000|  0%| F|  |TAMS 0x0000000705600000| PB 0x0000000705600000| Untracked 
|  44|0x0000000705800000, 0x0000000705a00000, 0x0000000705a00000|100%| S|CS|TAMS 0x0000000705800000| PB 0x0000000705800000| Complete 
|  45|0x0000000705a00000, 0x0000000705c00000, 0x0000000705c00000|100%|HS|  |TAMS 0x0000000705c00000| PB 0x0000000705a00000| Complete 
|  46|0x0000000705c00000, 0x0000000705e00000, 0x0000000705e00000|100%|HC|  |TAMS 0x0000000705e00000| PB 0x0000000705c00000| Complete 
|  47|0x0000000705e00000, 0x0000000706000000, 0x0000000706000000|100%|HC|  |TAMS 0x0000000706000000| PB 0x0000000705e00000| Complete 
|  48|0x0000000706000000, 0x0000000706200000, 0x0000000706200000|100%| S|CS|TAMS 0x0000000706000000| PB 0x0000000706000000| Complete 
|  49|0x0000000706200000, 0x0000000706200000, 0x0000000706400000|  0%| F|  |TAMS 0x0000000706200000| PB 0x0000000706200000| Untracked 
|  50|0x0000000706400000, 0x0000000706400000, 0x0000000706600000|  0%| F|  |TAMS 0x0000000706400000| PB 0x0000000706400000| Untracked 
|  51|0x0000000706600000, 0x0000000706600000, 0x0000000706800000|  0%| F|  |TAMS 0x0000000706600000| PB 0x0000000706600000| Untracked 
|  52|0x0000000706800000, 0x0000000706800000, 0x0000000706a00000|  0%| F|  |TAMS 0x0000000706800000| PB 0x0000000706800000| Untracked 
|  53|0x0000000706a00000, 0x0000000706a00000, 0x0000000706c00000|  0%| F|  |TAMS 0x0000000706a00000| PB 0x0000000706a00000| Untracked 
|  54|0x0000000706c00000, 0x0000000706c00000, 0x0000000706e00000|  0%| F|  |TAMS 0x0000000706c00000| PB 0x0000000706c00000| Untracked 
|  55|0x0000000706e00000, 0x0000000706e00000, 0x0000000707000000|  0%| F|  |TAMS 0x0000000706e00000| PB 0x0000000706e00000| Untracked 
|  56|0x0000000707000000, 0x0000000707000000, 0x0000000707200000|  0%| F|  |TAMS 0x0000000707000000| PB 0x0000000707000000| Untracked 
|  57|0x0000000707200000, 0x0000000707200000, 0x0000000707400000|  0%| F|  |TAMS 0x0000000707200000| PB 0x0000000707200000| Untracked 
|  58|0x0000000707400000, 0x0000000707400000, 0x0000000707600000|  0%| F|  |TAMS 0x0000000707400000| PB 0x0000000707400000| Untracked 
|  59|0x0000000707600000, 0x0000000707600000, 0x0000000707800000|  0%| F|  |TAMS 0x0000000707600000| PB 0x0000000707600000| Untracked 
|  60|0x0000000707800000, 0x0000000707800000, 0x0000000707a00000|  0%| F|  |TAMS 0x0000000707800000| PB 0x0000000707800000| Untracked 
|  61|0x0000000707a00000, 0x0000000707a00000, 0x0000000707c00000|  0%| F|  |TAMS 0x0000000707a00000| PB 0x0000000707a00000| Untracked 
|  62|0x0000000707c00000, 0x0000000707c00000, 0x0000000707e00000|  0%| F|  |TAMS 0x0000000707c00000| PB 0x0000000707c00000| Untracked 
|  63|0x0000000707e00000, 0x0000000707e00000, 0x0000000708000000|  0%| F|  |TAMS 0x0000000707e00000| PB 0x0000000707e00000| Untracked 
|  64|0x0000000708000000, 0x0000000708000000, 0x0000000708200000|  0%| F|  |TAMS 0x0000000708000000| PB 0x0000000708000000| Untracked 
|  65|0x0000000708200000, 0x0000000708200000, 0x0000000708400000|  0%| F|  |TAMS 0x0000000708200000| PB 0x0000000708200000| Untracked 
|  66|0x0000000708400000, 0x0000000708400000, 0x0000000708600000|  0%| F|  |TAMS 0x0000000708400000| PB 0x0000000708400000| Untracked 
|  67|0x0000000708600000, 0x0000000708600000, 0x0000000708800000|  0%| F|  |TAMS 0x0000000708600000| PB 0x0000000708600000| Untracked 
|  68|0x0000000708800000, 0x0000000708800000, 0x0000000708a00000|  0%| F|  |TAMS 0x0000000708800000| PB 0x0000000708800000| Untracked 
|  69|0x0000000708a00000, 0x0000000708a00000, 0x0000000708c00000|  0%| F|  |TAMS 0x0000000708a00000| PB 0x0000000708a00000| Untracked 
|  70|0x0000000708c00000, 0x0000000708c00000, 0x0000000708e00000|  0%| F|  |TAMS 0x0000000708c00000| PB 0x0000000708c00000| Untracked 
|  71|0x0000000708e00000, 0x0000000708e00000, 0x0000000709000000|  0%| F|  |TAMS 0x0000000708e00000| PB 0x0000000708e00000| Untracked 
|  72|0x0000000709000000, 0x0000000709000000, 0x0000000709200000|  0%| F|  |TAMS 0x0000000709000000| PB 0x0000000709000000| Untracked 
|  73|0x0000000709200000, 0x0000000709200000, 0x0000000709400000|  0%| F|  |TAMS 0x0000000709200000| PB 0x0000000709200000| Untracked 
|  74|0x0000000709400000, 0x0000000709400000, 0x0000000709600000|  0%| F|  |TAMS 0x0000000709400000| PB 0x0000000709400000| Untracked 
|  75|0x0000000709600000, 0x0000000709600000, 0x0000000709800000|  0%| F|  |TAMS 0x0000000709600000| PB 0x0000000709600000| Untracked 
|  76|0x0000000709800000, 0x0000000709800000, 0x0000000709a00000|  0%| F|  |TAMS 0x0000000709800000| PB 0x0000000709800000| Untracked 
|  77|0x0000000709a00000, 0x0000000709a00000, 0x0000000709c00000|  0%| F|  |TAMS 0x0000000709a00000| PB 0x0000000709a00000| Untracked 
|  78|0x0000000709c00000, 0x0000000709c00000, 0x0000000709e00000|  0%| F|  |TAMS 0x0000000709c00000| PB 0x0000000709c00000| Untracked 
|  79|0x0000000709e00000, 0x0000000709e00000, 0x000000070a000000|  0%| F|  |TAMS 0x0000000709e00000| PB 0x0000000709e00000| Untracked 
|  80|0x000000070a000000, 0x000000070a000000, 0x000000070a200000|  0%| F|  |TAMS 0x000000070a000000| PB 0x000000070a000000| Untracked 
|  81|0x000000070a200000, 0x000000070a200000, 0x000000070a400000|  0%| F|  |TAMS 0x000000070a200000| PB 0x000000070a200000| Untracked 
|  82|0x000000070a400000, 0x000000070a400000, 0x000000070a600000|  0%| F|  |TAMS 0x000000070a400000| PB 0x000000070a400000| Untracked 
|  83|0x000000070a600000, 0x000000070a600000, 0x000000070a800000|  0%| F|  |TAMS 0x000000070a600000| PB 0x000000070a600000| Untracked 
|  84|0x000000070a800000, 0x000000070a800000, 0x000000070aa00000|  0%| F|  |TAMS 0x000000070a800000| PB 0x000000070a800000| Untracked 
|  85|0x000000070aa00000, 0x000000070aa00000, 0x000000070ac00000|  0%| F|  |TAMS 0x000000070aa00000| PB 0x000000070aa00000| Untracked 
|  86|0x000000070ac00000, 0x000000070ac00000, 0x000000070ae00000|  0%| F|  |TAMS 0x000000070ac00000| PB 0x000000070ac00000| Untracked 
|  87|0x000000070ae00000, 0x000000070ae00000, 0x000000070b000000|  0%| F|  |TAMS 0x000000070ae00000| PB 0x000000070ae00000| Untracked 
|  88|0x000000070b000000, 0x000000070b000000, 0x000000070b200000|  0%| F|  |TAMS 0x000000070b000000| PB 0x000000070b000000| Untracked 
|  89|0x000000070b200000, 0x000000070b200000, 0x000000070b400000|  0%| F|  |TAMS 0x000000070b200000| PB 0x000000070b200000| Untracked 
|  90|0x000000070b400000, 0x000000070b400000, 0x000000070b600000|  0%| F|  |TAMS 0x000000070b400000| PB 0x000000070b400000| Untracked 
|  91|0x000000070b600000, 0x000000070b600000, 0x000000070b800000|  0%| F|  |TAMS 0x000000070b600000| PB 0x000000070b600000| Untracked 
|  92|0x000000070b800000, 0x000000070b800000, 0x000000070ba00000|  0%| F|  |TAMS 0x000000070b800000| PB 0x000000070b800000| Untracked 
|  93|0x000000070ba00000, 0x000000070ba00000, 0x000000070bc00000|  0%| F|  |TAMS 0x000000070ba00000| PB 0x000000070ba00000| Untracked 
|  94|0x000000070bc00000, 0x000000070bc00000, 0x000000070be00000|  0%| F|  |TAMS 0x000000070bc00000| PB 0x000000070bc00000| Untracked 
|  95|0x000000070be00000, 0x000000070be00000, 0x000000070c000000|  0%| F|  |TAMS 0x000000070be00000| PB 0x000000070be00000| Untracked 
|  96|0x000000070c000000, 0x000000070c000000, 0x000000070c200000|  0%| F|  |TAMS 0x000000070c000000| PB 0x000000070c000000| Untracked 
|  97|0x000000070c200000, 0x000000070c200000, 0x000000070c400000|  0%| F|  |TAMS 0x000000070c200000| PB 0x000000070c200000| Untracked 
|  98|0x000000070c400000, 0x000000070c400000, 0x000000070c600000|  0%| F|  |TAMS 0x000000070c400000| PB 0x000000070c400000| Untracked 
|  99|0x000000070c600000, 0x000000070c600000, 0x000000070c800000|  0%| F|  |TAMS 0x000000070c600000| PB 0x000000070c600000| Untracked 
| 100|0x000000070c800000, 0x000000070c800000, 0x000000070ca00000|  0%| F|  |TAMS 0x000000070c800000| PB 0x000000070c800000| Untracked 
| 101|0x000000070ca00000, 0x000000070ca00000, 0x000000070cc00000|  0%| F|  |TAMS 0x000000070ca00000| PB 0x000000070ca00000| Untracked 
| 102|0x000000070cc00000, 0x000000070cc00000, 0x000000070ce00000|  0%| F|  |TAMS 0x000000070cc00000| PB 0x000000070cc00000| Untracked 
| 103|0x000000070ce00000, 0x000000070ce00000, 0x000000070d000000|  0%| F|  |TAMS 0x000000070ce00000| PB 0x000000070ce00000| Untracked 
| 104|0x000000070d000000, 0x000000070d000000, 0x000000070d200000|  0%| F|  |TAMS 0x000000070d000000| PB 0x000000070d000000| Untracked 
| 105|0x000000070d200000, 0x000000070d200000, 0x000000070d400000|  0%| F|  |TAMS 0x000000070d200000| PB 0x000000070d200000| Untracked 
| 106|0x000000070d400000, 0x000000070d400000, 0x000000070d600000|  0%| F|  |TAMS 0x000000070d400000| PB 0x000000070d400000| Untracked 
| 107|0x000000070d600000, 0x000000070d600000, 0x000000070d800000|  0%| F|  |TAMS 0x000000070d600000| PB 0x000000070d600000| Untracked 
| 108|0x000000070d800000, 0x000000070d800000, 0x000000070da00000|  0%| F|  |TAMS 0x000000070d800000| PB 0x000000070d800000| Untracked 
| 109|0x000000070da00000, 0x000000070da00000, 0x000000070dc00000|  0%| F|  |TAMS 0x000000070da00000| PB 0x000000070da00000| Untracked 
|2046|0x00000007ffc00000, 0x00000007ffc00000, 0x00000007ffe00000|  0%| F|  |TAMS 0x00000007ffc00000| PB 0x00000007ffc00000| Untracked 
|2047|0x00000007ffe00000, 0x0000000800000000, 0x0000000800000000|100%| O|  |TAMS 0x0000000800000000| PB 0x00000007ffe00000| Untracked 

Card table byte_map: [0x00000206788a0000,0x00000206790a0000] _byte_map_base: 0x00000206750a0000

Marking Bits: (CMBitMap*) 0x0000020665fc6940
 Bits: [0x00000206790a0000, 0x000002067d0a0000)

Polling page: 0x0000020663e80000

Metaspace:

Usage:
  Non-class:     48.62 MB used.
      Class:      7.46 MB used.
       Both:     56.08 MB used.

Virtual space:
  Non-class space:       64.00 MB reserved,      49.31 MB ( 77%) committed,  1 nodes.
      Class space:        1.00 GB reserved,       8.12 MB ( <1%) committed,  1 nodes.
             Both:        1.06 GB reserved,      57.44 MB (  5%) committed. 

Chunk freelists:
   Non-Class:  14.26 MB
       Class:  7.81 MB
        Both:  22.07 MB

MaxMetaspaceSize: unlimited
CompressedClassSpaceSize: 1.00 GB
Initial GC threshold: 21.00 MB
Current GC threshold: 95.56 MB
CDS: off
 - commit_granule_bytes: 65536.
 - commit_granule_words: 8192.
 - virtual_space_node_default_size: 8388608.
 - enlarge_chunks_in_place: 1.
 - use_allocation_guard: 0.


Internal statistics:

num_allocs_failed_limit: 3.
num_arena_births: 2616.
num_arena_deaths: 0.
num_vsnodes_births: 2.
num_vsnodes_deaths: 0.
num_space_committed: 919.
num_space_uncommitted: 0.
num_chunks_returned_to_freelist: 3.
num_chunks_taken_from_freelist: 4811.
num_chunk_merges: 3.
num_chunk_splits: 3120.
num_chunks_enlarged: 1939.
num_inconsistent_stats: 0.

CodeHeap 'non-profiled nmethods': size=120064Kb used=3821Kb max_used=3821Kb free=116242Kb
 bounds [0x0000020670b60000, 0x0000020670f40000, 0x00000206780a0000]
CodeHeap 'profiled nmethods': size=120000Kb used=9427Kb max_used=10143Kb free=110572Kb
 bounds [0x00000206690a0000, 0x0000020669ae0000, 0x00000206705d0000]
CodeHeap 'non-nmethods': size=5696Kb used=2708Kb max_used=2806Kb free=2987Kb
 bounds [0x00000206705d0000, 0x00000206708b0000, 0x0000020670b60000]
 total_blobs=5744 nmethods=4892 adapters=757
 compilation: enabled
              stopped_count=0, restarted_count=0
 full_count=0

Compilation events (20 events):
Event: 37.023 Thread 0x000002067f315140 6116       3       org.gradle.internal.logging.console.StyledTextOutputBackedRenderer::onOutput (260 bytes)
Event: 37.027 Thread 0x000002067f315140 nmethod 6116 0x0000020669a26810 code [0x0000020669a26cc0, 0x0000020669a29a48]
Event: 37.067 Thread 0x000002067f315140 6117       1       net.rubygrapefruit.platform.internal.WindowsFileStat::getLastModifiedTime (5 bytes)
Event: 37.067 Thread 0x000002067f315140 nmethod 6117 0x0000020670debd10 code [0x0000020670debea0, 0x0000020670debf68]
Event: 37.067 Thread 0x000002067f315140 6118       1       net.rubygrapefruit.platform.internal.WindowsFileStat::getSize (5 bytes)
Event: 37.067 Thread 0x000002067f315140 nmethod 6118 0x0000020670deba10 code [0x0000020670debba0, 0x0000020670debc68]
Event: 37.090 Thread 0x000002067f315140 6119       3       org.gradle.internal.serialize.InputStreamBackedDecoder::readInt (8 bytes)
Event: 37.091 Thread 0x000002067f315140 nmethod 6119 0x0000020669542790 code [0x00000206695429a0, 0x0000020669543028]
Event: 37.378 Thread 0x000002067f315140 6121       3       javax.management.ObjectName::<init> (15 bytes)
Event: 37.378 Thread 0x000002067f315140 nmethod 6121 0x00000206693e5810 code [0x00000206693e59c0, 0x00000206693e5b60]
Event: 37.378 Thread 0x000002067f315140 6122       3       sun.management.Util::newObjectName (11 bytes)
Event: 37.380 Thread 0x000002067f315140 nmethod 6122 0x00000206692d4410 code [0x00000206692d4840, 0x00000206692d6fe0]
Event: 37.498 Thread 0x000002067f315140 6123   !   3       org.gradle.internal.classpath.ClasspathWalker::visitJarContents (107 bytes)
Event: 37.500 Thread 0x000002067f315140 nmethod 6123 0x00000206690e5f10 code [0x00000206690e61e0, 0x00000206690e72f0]
Event: 37.591 Thread 0x000002067f315140 6124   !   3       jdk.proxy1.$Proxy0::onOutput (34 bytes)
Event: 37.592 Thread 0x000002067f315140 nmethod 6124 0x0000020669139490 code [0x0000020669139660, 0x0000020669139b90]
Event: 37.600 Thread 0x000002067f315140 6125       1       org.gradle.internal.serialize.Serializers$StatefulSerializerAdapter::access$000 (5 bytes)
Event: 37.600 Thread 0x000002067f315140 nmethod 6125 0x0000020670deb710 code [0x0000020670deb8a0, 0x0000020670deb950]
Event: 37.657 Thread 0x000002067f315140 6126       3       org.objectweb.asm.FieldVisitor::visitAnnotation (19 bytes)
Event: 37.657 Thread 0x000002067f315140 nmethod 6126 0x00000206691bb290 code [0x00000206691bb440, 0x00000206691bb680]

GC Heap History (20 events):
Event: 31.158 GC heap after
{Heap after GC invocations=43 (full 0):
 garbage-first heap   total 190464K, used 74804K [0x0000000700000000, 0x0000000800000000)
  region size 2048K, 3 young (6144K), 3 survivors (6144K)
 Metaspace       used 57391K, committed 58816K, reserved 1114112K
  class space    used 7641K, committed 8320K, reserved 1048576K
}
Event: 31.954 GC heap before
{Heap before GC invocations=43 (full 0):
 garbage-first heap   total 190464K, used 171060K [0x0000000700000000, 0x0000000800000000)
  region size 2048K, 50 young (102400K), 3 survivors (6144K)
 Metaspace       used 57392K, committed 58816K, reserved 1114112K
  class space    used 7641K, committed 8320K, reserved 1048576K
}
Event: 31.968 GC heap after
{Heap after GC invocations=44 (full 0):
 garbage-first heap   total 190464K, used 74014K [0x0000000700000000, 0x0000000800000000)
  region size 2048K, 3 young (6144K), 3 survivors (6144K)
 Metaspace       used 57392K, committed 58816K, reserved 1114112K
  class space    used 7641K, committed 8320K, reserved 1048576K
}
Event: 32.400 GC heap before
{Heap before GC invocations=44 (full 0):
 garbage-first heap   total 190464K, used 170270K [0x0000000700000000, 0x0000000800000000)
  region size 2048K, 50 young (102400K), 3 survivors (6144K)
 Metaspace       used 57392K, committed 58816K, reserved 1114112K
  class space    used 7641K, committed 8320K, reserved 1048576K
}
Event: 32.407 GC heap after
{Heap after GC invocations=45 (full 0):
 garbage-first heap   total 229376K, used 73738K [0x0000000700000000, 0x0000000800000000)
  region size 2048K, 3 young (6144K), 3 survivors (6144K)
 Metaspace       used 57392K, committed 58816K, reserved 1114112K
  class space    used 7641K, committed 8320K, reserved 1048576K
}
Event: 33.062 GC heap before
{Heap before GC invocations=46 (full 0):
 garbage-first heap   total 229376K, used 204810K [0x0000000700000000, 0x0000000800000000)
  region size 2048K, 67 young (137216K), 3 survivors (6144K)
 Metaspace       used 57392K, committed 58816K, reserved 1114112K
  class space    used 7641K, committed 8320K, reserved 1048576K
}
Event: 33.069 GC heap after
{Heap after GC invocations=47 (full 0):
 garbage-first heap   total 229376K, used 74384K [0x0000000700000000, 0x0000000800000000)
  region size 2048K, 3 young (6144K), 3 survivors (6144K)
 Metaspace       used 57392K, committed 58816K, reserved 1114112K
  class space    used 7641K, committed 8320K, reserved 1048576K
}
Event: 33.900 GC heap before
{Heap before GC invocations=47 (full 0):
 garbage-first heap   total 229376K, used 205456K [0x0000000700000000, 0x0000000800000000)
  region size 2048K, 67 young (137216K), 3 survivors (6144K)
 Metaspace       used 57396K, committed 58816K, reserved 1114112K
  class space    used 7642K, committed 8320K, reserved 1048576K
}
Event: 33.908 GC heap after
{Heap after GC invocations=48 (full 0):
 garbage-first heap   total 229376K, used 75002K [0x0000000700000000, 0x0000000800000000)
  region size 2048K, 3 young (6144K), 3 survivors (6144K)
 Metaspace       used 57396K, committed 58816K, reserved 1114112K
  class space    used 7642K, committed 8320K, reserved 1048576K
}
Event: 34.507 GC heap before
{Heap before GC invocations=49 (full 0):
 garbage-first heap   total 229376K, used 206074K [0x0000000700000000, 0x0000000800000000)
  region size 2048K, 67 young (137216K), 3 survivors (6144K)
 Metaspace       used 57401K, committed 58816K, reserved 1114112K
  class space    used 7642K, committed 8320K, reserved 1048576K
}
Event: 34.517 GC heap after
{Heap after GC invocations=50 (full 0):
 garbage-first heap   total 229376K, used 76050K [0x0000000700000000, 0x0000000800000000)
  region size 2048K, 3 young (6144K), 3 survivors (6144K)
 Metaspace       used 57401K, committed 58816K, reserved 1114112K
  class space    used 7642K, committed 8320K, reserved 1048576K
}
Event: 35.118 GC heap before
{Heap before GC invocations=50 (full 0):
 garbage-first heap   total 229376K, used 207122K [0x0000000700000000, 0x0000000800000000)
  region size 2048K, 67 young (137216K), 3 survivors (6144K)
 Metaspace       used 57401K, committed 58816K, reserved 1114112K
  class space    used 7642K, committed 8320K, reserved 1048576K
}
Event: 35.127 GC heap after
{Heap after GC invocations=51 (full 0):
 garbage-first heap   total 229376K, used 76390K [0x0000000700000000, 0x0000000800000000)
  region size 2048K, 3 young (6144K), 3 survivors (6144K)
 Metaspace       used 57401K, committed 58816K, reserved 1114112K
  class space    used 7642K, committed 8320K, reserved 1048576K
}
Event: 35.879 GC heap before
{Heap before GC invocations=52 (full 0):
 garbage-first heap   total 229376K, used 207462K [0x0000000700000000, 0x0000000800000000)
  region size 2048K, 67 young (137216K), 3 survivors (6144K)
 Metaspace       used 57402K, committed 58816K, reserved 1114112K
  class space    used 7642K, committed 8320K, reserved 1048576K
}
Event: 35.890 GC heap after
{Heap after GC invocations=53 (full 0):
 garbage-first heap   total 229376K, used 77405K [0x0000000700000000, 0x0000000800000000)
  region size 2048K, 4 young (8192K), 4 survivors (8192K)
 Metaspace       used 57402K, committed 58816K, reserved 1114112K
  class space    used 7642K, committed 8320K, reserved 1048576K
}
Event: 36.419 GC heap before
{Heap before GC invocations=53 (full 0):
 garbage-first heap   total 229376K, used 204381K [0x0000000700000000, 0x0000000800000000)
  region size 2048K, 66 young (135168K), 4 survivors (8192K)
 Metaspace       used 57404K, committed 58816K, reserved 1114112K
  class space    used 7642K, committed 8320K, reserved 1048576K
}
Event: 36.430 GC heap after
{Heap after GC invocations=54 (full 0):
 garbage-first heap   total 229376K, used 78263K [0x0000000700000000, 0x0000000800000000)
  region size 2048K, 4 young (8192K), 4 survivors (8192K)
 Metaspace       used 57404K, committed 58816K, reserved 1114112K
  class space    used 7642K, committed 8320K, reserved 1048576K
}
Event: 37.255 GC heap before
{Heap before GC invocations=55 (full 0):
 garbage-first heap   total 229376K, used 205239K [0x0000000700000000, 0x0000000800000000)
  region size 2048K, 66 young (135168K), 4 survivors (8192K)
 Metaspace       used 57414K, committed 58816K, reserved 1114112K
  class space    used 7642K, committed 8320K, reserved 1048576K
}
Event: 37.266 GC heap after
{Heap after GC invocations=56 (full 0):
 garbage-first heap   total 229376K, used 79189K [0x0000000700000000, 0x0000000800000000)
  region size 2048K, 4 young (8192K), 4 survivors (8192K)
 Metaspace       used 57414K, committed 58816K, reserved 1114112K
  class space    used 7642K, committed 8320K, reserved 1048576K
}
Event: 37.931 GC heap before
{Heap before GC invocations=56 (full 0):
 garbage-first heap   total 229376K, used 206165K [0x0000000700000000, 0x0000000800000000)
  region size 2048K, 66 young (135168K), 4 survivors (8192K)
 Metaspace       used 57424K, committed 58816K, reserved 1114112K
  class space    used 7642K, committed 8320K, reserved 1048576K
}

Dll operation events (3 events):
Event: 0.038 Loaded shared library C:\Program Files\Android\Android Studio\jbr\bin\java.dll
Event: 0.060 Loaded shared library C:\Program Files\Android\Android Studio\jbr\bin\zip.dll
Event: 1.394 Loaded shared library C:\Program Files\Android\Android Studio\jbr\bin\verify.dll

Deoptimization events (20 events):
Event: 35.660 Thread 0x0000020604fb5580 DEOPT PACKING pc=0x0000020670f08930 sp=0x000000c3634f7800
Event: 35.660 Thread 0x0000020604fb5580 DEOPT UNPACKING pc=0x000002067062469c sp=0x000000c3634f7740 mode 2
Event: 36.097 Thread 0x0000020604fb5580 Uncommon trap: trap_request=0xffffff45 fr.pc=0x0000020670cfbbb0 relative=0x00000000000003b0
Event: 36.097 Thread 0x0000020604fb5580 Uncommon trap: reason=unstable_if action=reinterpret pc=0x0000020670cfbbb0 method=org.objectweb.asm.MethodWriter.visitVarInsn(II)V @ 20 c2
Event: 36.097 Thread 0x0000020604fb5580 DEOPT PACKING pc=0x0000020670cfbbb0 sp=0x000000c3634f6fb0
Event: 36.097 Thread 0x0000020604fb5580 DEOPT UNPACKING pc=0x000002067062469c sp=0x000000c3634f6f48 mode 2
Event: 36.709 Thread 0x0000020604fb5580 DEOPT PACKING pc=0x0000020669ac70e7 sp=0x000000c3634f7040
Event: 36.709 Thread 0x0000020604fb5580 DEOPT UNPACKING pc=0x0000020670624e23 sp=0x000000c3634f6750 mode 0
Event: 36.759 Thread 0x0000020604fb5580 DEOPT PACKING pc=0x0000020669ac7ab1 sp=0x000000c3634f7040
Event: 36.759 Thread 0x0000020604fb5580 DEOPT UNPACKING pc=0x0000020670624e23 sp=0x000000c3634f6750 mode 0
Event: 36.785 Thread 0x0000020604fb5580 DEOPT PACKING pc=0x0000020669ac7ab1 sp=0x000000c3634f7040
Event: 36.786 Thread 0x0000020604fb5580 DEOPT UNPACKING pc=0x0000020670624e23 sp=0x000000c3634f6750 mode 0
Event: 36.825 Thread 0x0000020604fb5580 DEOPT PACKING pc=0x0000020669ac70e7 sp=0x000000c3634f7040
Event: 36.825 Thread 0x0000020604fb5580 DEOPT UNPACKING pc=0x0000020670624e23 sp=0x000000c3634f6750 mode 0
Event: 37.058 Thread 0x0000020604fb5580 DEOPT PACKING pc=0x0000020669ac70e7 sp=0x000000c3634f7040
Event: 37.058 Thread 0x0000020604fb5580 DEOPT UNPACKING pc=0x0000020670624e23 sp=0x000000c3634f6750 mode 0
Event: 37.501 Thread 0x0000020604fb5580 DEOPT PACKING pc=0x0000020669ac70e7 sp=0x000000c3634f7040
Event: 37.501 Thread 0x0000020604fb5580 DEOPT UNPACKING pc=0x0000020670624e23 sp=0x000000c3634f6750 mode 0
Event: 37.855 Thread 0x0000020604fb5580 DEOPT PACKING pc=0x0000020669ac7ab1 sp=0x000000c3634f6ff0
Event: 37.855 Thread 0x0000020604fb5580 DEOPT UNPACKING pc=0x0000020670624e23 sp=0x000000c3634f6700 mode 0

Classes loaded (20 events):
Event: 21.371 Loading class java/lang/ClassCustomizer
Event: 21.371 Loading class java/lang/ClassCustomizer done
Event: 21.372 Loading class sun/reflect/generics/tree/BooleanSignature
Event: 21.372 Loading class sun/reflect/generics/tree/BooleanSignature done
Event: 21.373 Loading class sun/reflect/generics/reflectiveObjects/GenericArrayTypeImpl
Event: 21.373 Loading class sun/reflect/generics/reflectiveObjects/GenericArrayTypeImpl done
Event: 21.383 Loading class jdk/internal/vm/annotation/ForceInline
Event: 21.383 Loading class jdk/internal/vm/annotation/ForceInline done
Event: 21.749 Loading class java/util/BitSet$1BitSetSpliterator
Event: 21.752 Loading class java/util/BitSet$1BitSetSpliterator done
Event: 21.790 Loading class java/util/Collections$SynchronizedRandomAccessList
Event: 21.790 Loading class java/util/Collections$SynchronizedList
Event: 21.791 Loading class java/util/Collections$SynchronizedList done
Event: 21.791 Loading class java/util/Collections$SynchronizedRandomAccessList done
Event: 22.599 Loading class java/util/zip/ZipFile$ZipEntryIterator
Event: 22.601 Loading class java/util/zip/ZipFile$ZipEntryIterator done
Event: 28.998 Loading class java/lang/foreign/MemorySegment
Event: 28.999 Loading class java/lang/foreign/MemorySegment done
Event: 30.306 Loading class java/util/regex/Pattern$Caret
Event: 30.329 Loading class java/util/regex/Pattern$Caret done

Classes unloaded (0 events):
No events

Classes redefined (0 events):
No events

Internal exceptions (20 events):
Event: 21.418 Thread 0x0000020604fb5580 Exception <a 'java/lang/ClassNotFoundException'{0x0000000704319f58}: org/gradle/internal/service/scopes/GradleScopeServicesCustomizer> (0x0000000704319f58) 
thrown [s\src\hotspot\share\classfile\systemDictionary.cpp, line 312]
Event: 21.424 Thread 0x0000020604fb5580 Exception <a 'java/lang/ClassNotFoundException'{0x0000000704364598}: org/gradle/internal/extensibility/DefaultConventionBeanInfo> (0x0000000704364598) 
thrown [s\src\hotspot\share\classfile\systemDictionary.cpp, line 312]
Event: 21.425 Thread 0x0000020604fb5580 Exception <a 'java/lang/ClassNotFoundException'{0x0000000704379688}: org/gradle/internal/extensibility/DefaultConventionCustomizer> (0x0000000704379688) 
thrown [s\src\hotspot\share\classfile\systemDictionary.cpp, line 312]
Event: 21.441 Thread 0x0000020604fb5580 Exception <a 'java/lang/ClassNotFoundException'{0x000000070400df40}: com/intellij/gradle/toolingExtension/impl/modelBuilder/ExtraModelBuilderBeanInfo> (0x000000070400df40) 
thrown [s\src\hotspot\share\classfile\systemDictionary.cpp, line 312]
Event: 21.442 Thread 0x0000020604fb5580 Exception <a 'java/lang/ClassNotFoundException'{0x00000007040195a0}: com/intellij/gradle/toolingExtension/impl/modelBuilder/ExtraModelBuilderCustomizer> (0x00000007040195a0) 
thrown [s\src\hotspot\share\classfile\systemDictionary.cpp, line 312]
Event: 21.757 Thread 0x0000020604fb5580 Exception <a 'java/lang/IncompatibleClassChangeError'{0x000000070508a670}: Found class java.lang.Object, but interface was expected> (0x000000070508a670) 
thrown [s\src\hotspot\share\interpreter\linkResolver.cpp, line 851]
Event: 21.769 Thread 0x0000020604fb5580 Exception <a 'sun/nio/fs/WindowsException'{0x00000007050c7500}> (0x00000007050c7500) 
thrown [s\src\hotspot\share\prims\jni.cpp, line 535]
Event: 21.769 Thread 0x0000020604fb5580 Exception <a 'sun/nio/fs/WindowsException'{0x00000007050c8cc0}> (0x00000007050c8cc0) 
thrown [s\src\hotspot\share\prims\jni.cpp, line 535]
Event: 21.770 Thread 0x0000020604fb5580 Exception <a 'sun/nio/fs/WindowsException'{0x00000007050ca440}> (0x00000007050ca440) 
thrown [s\src\hotspot\share\prims\jni.cpp, line 535]
Event: 21.770 Thread 0x0000020604fb5580 Exception <a 'sun/nio/fs/WindowsException'{0x00000007050cbbd0}> (0x00000007050cbbd0) 
thrown [s\src\hotspot\share\prims\jni.cpp, line 535]
Event: 21.773 Thread 0x0000020604fb5580 Exception <a 'java/lang/NoSuchMethodError'{0x00000007050dc170}: 'java.lang.Object java.lang.invoke.Invokers$Holder.invoker(java.lang.Object, java.lang.Object, java.lang.Object, java.lang.Object, java.lang.Object, java.lang.Object)'> (0x00000007050dc170) 
thrown [s\src\hotspot\share\interpreter\linkResolver.cpp, line 784]
Event: 21.801 Thread 0x0000020604fb5580 Exception <a 'java/lang/NoSuchMethodError'{0x00000007051bf468}: 'java.lang.Object java.lang.invoke.Invokers$Holder.invoker(java.lang.Object, java.lang.Object, java.lang.Object, java.lang.Object, java.lang.Object)'> (0x00000007051bf468) 
thrown [s\src\hotspot\share\interpreter\linkResolver.cpp, line 784]
Event: 21.811 Thread 0x0000020604fb5580 Exception <a 'java/lang/NoSuchMethodError'{0x00000007051db060}: 'java.lang.Object java.lang.invoke.DirectMethodHandle$Holder.invokeSpecial(java.lang.Object, java.lang.Object, java.lang.Object, java.lang.Object, java.lang.Object, java.lang.Object, java.lang.Object, java.lang.Object, java.lang.Object, java.lang.Object, java.lang.Object, java.lang.Object, java.lang.Object, java.lang.Object, java.lang.Object, java.lang.Object, java.lang.Object, java.lang.Object, java.lang.Object, java.lang.Object, java.lang.Ob
Event: 21.812 Thread 0x0000020604fb5580 Exception <a 'java/lang/NoSuchMethodError'{0x00000007051e0e00}: 'java.lang.Object java.lang.invoke.DelegatingMethodHandle$Holder.reinvoke_L(java.lang.Object, java.lang.Object, java.lang.Object, java.lang.Object, java.lang.Object, java.lang.Object, java.lang.Object, java.lang.Object, java.lang.Object, java.lang.Object, java.lang.Object, java.lang.Object, java.lang.Object, java.lang.Object, java.lang.Object, java.lang.Object, java.lang.Object, java.lang.Object, java.lang.Object, java.lang.Object, java.lang.O
Event: 21.815 Thread 0x0000020604fb5580 Exception <a 'java/lang/NoSuchMethodError'{0x00000007051ec1a8}: 'java.lang.Object java.lang.invoke.Invokers$Holder.invoker(java.lang.Object, java.lang.Object, java.lang.Object, java.lang.Object, java.lang.Object, java.lang.Object, java.lang.Object, java.lang.Object, java.lang.Object, java.lang.Object, java.lang.Object, java.lang.Object, java.lang.Object, java.lang.Object, java.lang.Object, java.lang.Object, java.lang.Object, java.lang.Object, java.lang.Object, java.lang.Object, java.lang.Object, java.lang.
Event: 21.816 Thread 0x0000020604fb5580 Exception <a 'java/lang/NoSuchMethodError'{0x00000007051f2718}: 'java.lang.Object java.lang.invoke.DelegatingMethodHandle$Holder.delegate(java.lang.Object, java.lang.Object, java.lang.Object, java.lang.Object, java.lang.Object, java.lang.Object, java.lang.Object, java.lang.Object, java.lang.Object, java.lang.Object, java.lang.Object, java.lang.Object, java.lang.Object, java.lang.Object, java.lang.Object, java.lang.Object, java.lang.Object, java.lang.Object, java.lang.Object, java.lang.Object, java.lang.Obj
Event: 22.583 Thread 0x0000020604fb5580 Exception <a 'sun/nio/fs/WindowsException'{0x00000007061d0718}> (0x00000007061d0718) 
thrown [s\src\hotspot\share\prims\jni.cpp, line 535]
Event: 22.583 Thread 0x0000020604fb5580 Exception <a 'sun/nio/fs/WindowsException'{0x00000007061d1fb0}> (0x00000007061d1fb0) 
thrown [s\src\hotspot\share\prims\jni.cpp, line 535]
Event: 22.620 Thread 0x0000020604fb5580 Implicit null exception at 0x0000020670b92912 to 0x0000020670b934f8
Event: 30.737 Thread 0x0000020604fb5580 Implicit null exception at 0x0000020670e857af to 0x0000020670e85ec4

ZGC Phase Switch (0 events):
No events

VM Operations (20 events):
Event: 34.019 Executing VM operation: G1PauseCleanup done
Event: 34.507 Executing VM operation: G1CollectForAllocation (G1 Evacuation Pause)
Event: 34.517 Executing VM operation: G1CollectForAllocation (G1 Evacuation Pause) done
Event: 35.118 Executing VM operation: G1CollectForAllocation (G1 Evacuation Pause)
Event: 35.163 Executing VM operation: G1CollectForAllocation (G1 Evacuation Pause) done
Event: 35.271 Executing VM operation: G1PauseRemark
Event: 35.278 Executing VM operation: G1PauseRemark done
Event: 35.310 Executing VM operation: G1PauseCleanup
Event: 35.310 Executing VM operation: G1PauseCleanup done
Event: 35.879 Executing VM operation: G1CollectForAllocation (G1 Evacuation Pause)
Event: 35.922 Executing VM operation: G1CollectForAllocation (G1 Evacuation Pause) done
Event: 36.419 Executing VM operation: G1CollectForAllocation (G1 Evacuation Pause)
Event: 36.430 Executing VM operation: G1CollectForAllocation (G1 Evacuation Pause) done
Event: 36.628 Executing VM operation: G1PauseRemark
Event: 36.643 Executing VM operation: G1PauseRemark done
Event: 36.673 Executing VM operation: G1PauseCleanup
Event: 36.685 Executing VM operation: G1PauseCleanup done
Event: 37.255 Executing VM operation: G1CollectForAllocation (G1 Evacuation Pause)
Event: 37.271 Executing VM operation: G1CollectForAllocation (G1 Evacuation Pause) done
Event: 37.931 Executing VM operation: G1CollectForAllocation (G1 Evacuation Pause)

Events (20 events):
Event: 35.277 Thread 0x000002067f256ab0 flushing nmethod 0x0000020669238d10
Event: 35.277 Thread 0x000002067f256ab0 flushing nmethod 0x00000206691d2f90
Event: 35.277 Thread 0x000002067f256ab0 flushing nmethod 0x00000206691a4c10
Event: 35.277 Thread 0x000002067f256ab0 flushing nmethod 0x00000206691a2c10
Event: 35.277 Thread 0x000002067f256ab0 flushing nmethod 0x0000020669198710
Event: 35.277 Thread 0x000002067f256ab0 flushing nmethod 0x000002066916c810
Event: 35.277 Thread 0x000002067f256ab0 flushing nmethod 0x0000020669143f90
Event: 35.277 Thread 0x000002067f256ab0 flushing nmethod 0x0000020669135d90
Event: 35.277 Thread 0x000002067f256ab0 flushing nmethod 0x00000206690d2b10
Event: 35.277 Thread 0x000002067f256ab0 flushing nmethod 0x0000020670ed7c90
Event: 35.277 Thread 0x000002067f256ab0 flushing nmethod 0x0000020670e46a90
Event: 35.277 Thread 0x000002067f256ab0 flushing nmethod 0x0000020670de6290
Event: 36.635 Thread 0x000002067f256ab0 flushing nmethod 0x0000020669a27610
Event: 36.635 Thread 0x000002067f256ab0 flushing nmethod 0x00000206699f2e10
Event: 36.635 Thread 0x000002067f256ab0 flushing nmethod 0x00000206699f2990
Event: 36.635 Thread 0x000002067f256ab0 flushing nmethod 0x00000206698d4210
Event: 36.635 Thread 0x000002067f256ab0 flushing nmethod 0x00000206696be890
Event: 36.635 Thread 0x000002067f256ab0 flushing nmethod 0x00000206693e5810
Event: 36.635 Thread 0x000002067f256ab0 flushing nmethod 0x0000020669198d90
Event: 36.635 Thread 0x000002067f256ab0 flushing nmethod 0x00000206690ed610


Dynamic libraries:
0x00007ff767fa0000 - 0x00007ff767faa000 	C:\Program Files\Android\Android Studio\jbr\bin\java.exe
0x00007ffad7ef0000 - 0x00007ffad8107000 	C:\WINDOWS\SYSTEM32\ntdll.dll
0x00007ffab13c0000 - 0x00007ffab13da000 	C:\Program Files\Avast Software\Avast\aswhook.dll
0x00007ffad71c0000 - 0x00007ffad7284000 	C:\WINDOWS\System32\KERNEL32.DLL
0x00007ffad5530000 - 0x00007ffad5901000 	C:\WINDOWS\System32\KERNELBASE.dll
0x00007ffad5410000 - 0x00007ffad5521000 	C:\WINDOWS\System32\ucrtbase.dll
0x00007ffac2500000 - 0x00007ffac2518000 	C:\Program Files\Android\Android Studio\jbr\bin\jli.dll
0x00007ffaced80000 - 0x00007ffaced9b000 	C:\Program Files\Android\Android Studio\jbr\bin\VCRUNTIME140.dll
0x00007ffad7290000 - 0x00007ffad7441000 	C:\WINDOWS\System32\USER32.dll
0x00007ffad5270000 - 0x00007ffad5296000 	C:\WINDOWS\System32\win32u.dll
0x00007ffad7170000 - 0x00007ffad7199000 	C:\WINDOWS\System32\GDI32.dll
0x00007ffad5030000 - 0x00007ffad514b000 	C:\WINDOWS\System32\gdi32full.dll
0x00007ffad5150000 - 0x00007ffad51ea000 	C:\WINDOWS\System32\msvcp_win.dll
0x00007ffac2700000 - 0x00007ffac2992000 	C:\WINDOWS\WinSxS\amd64_microsoft.windows.common-controls_6595b64144ccf1df_6.0.22621.4830_none_270fe7d773858e80\COMCTL32.dll
0x00007ffad7450000 - 0x00007ffad74f7000 	C:\WINDOWS\System32\msvcrt.dll
0x00007ffad6b50000 - 0x00007ffad6b81000 	C:\WINDOWS\System32\IMM32.DLL
0x00007ffad1a80000 - 0x00007ffad1a8c000 	C:\Program Files\Android\Android Studio\jbr\bin\vcruntime140_1.dll
0x00007ffa93320000 - 0x00007ffa933ad000 	C:\Program Files\Android\Android Studio\jbr\bin\msvcp140.dll
0x00007ffa3b420000 - 0x00007ffa3c09d000 	C:\Program Files\Android\Android Studio\jbr\bin\server\jvm.dll
0x00007ffad6710000 - 0x00007ffad67c1000 	C:\WINDOWS\System32\ADVAPI32.dll
0x00007ffad7690000 - 0x00007ffad7737000 	C:\WINDOWS\System32\sechost.dll
0x00007ffad5910000 - 0x00007ffad5938000 	C:\WINDOWS\System32\bcrypt.dll
0x00007ffad5ce0000 - 0x00007ffad5df4000 	C:\WINDOWS\System32\RPCRT4.dll
0x00007ffad5e00000 - 0x00007ffad5e71000 	C:\WINDOWS\System32\WS2_32.dll
0x00007ffad4f00000 - 0x00007ffad4f4d000 	C:\WINDOWS\SYSTEM32\POWRPROF.dll
0x00007ffac4ea0000 - 0x00007ffac4ed4000 	C:\WINDOWS\SYSTEM32\WINMM.dll
0x00007ffac9c60000 - 0x00007ffac9c6a000 	C:\WINDOWS\SYSTEM32\VERSION.dll
0x00007ffad4ee0000 - 0x00007ffad4ef3000 	C:\WINDOWS\SYSTEM32\UMPDC.dll
0x00007ffad4080000 - 0x00007ffad4098000 	C:\WINDOWS\SYSTEM32\kernel.appcore.dll
0x00007ffac57e0000 - 0x00007ffac57ea000 	C:\Program Files\Android\Android Studio\jbr\bin\jimage.dll
0x00007ffad21f0000 - 0x00007ffad2422000 	C:\WINDOWS\SYSTEM32\DBGHELP.DLL
0x00007ffad6de0000 - 0x00007ffad7170000 	C:\WINDOWS\System32\combase.dll
0x00007ffad77b0000 - 0x00007ffad7887000 	C:\WINDOWS\System32\OLEAUT32.dll
0x00007ffac0de0000 - 0x00007ffac0e12000 	C:\WINDOWS\SYSTEM32\dbgcore.DLL
0x00007ffad5940000 - 0x00007ffad59bb000 	C:\WINDOWS\System32\bcryptPrimitives.dll
0x00007ffac9e60000 - 0x00007ffac9e6e000 	C:\Program Files\Android\Android Studio\jbr\bin\instrument.dll
0x00007ffabe090000 - 0x00007ffabe0af000 	C:\Program Files\Android\Android Studio\jbr\bin\java.dll
0x00007ffabe070000 - 0x00007ffabe088000 	C:\Program Files\Android\Android Studio\jbr\bin\zip.dll
0x00007ffad5e80000 - 0x00007ffad6708000 	C:\WINDOWS\System32\SHELL32.dll
0x00007ffad5a80000 - 0x00007ffad5bbf000 	C:\WINDOWS\System32\wintypes.dll
0x00007ffad2f90000 - 0x00007ffad389d000 	C:\WINDOWS\SYSTEM32\windows.storage.dll
0x00007ffad6c70000 - 0x00007ffad6d7a000 	C:\WINDOWS\System32\SHCORE.dll
0x00007ffad6d80000 - 0x00007ffad6dde000 	C:\WINDOWS\System32\shlwapi.dll
0x00007ffad4f60000 - 0x00007ffad4f8b000 	C:\WINDOWS\SYSTEM32\profapi.dll
0x00007ffac24f0000 - 0x00007ffac2500000 	C:\Program Files\Android\Android Studio\jbr\bin\net.dll
0x00007ffac3e20000 - 0x00007ffac3f4c000 	C:\WINDOWS\SYSTEM32\WINHTTP.dll
0x00007ffad44f0000 - 0x00007ffad455a000 	C:\WINDOWS\system32\mswsock.dll
0x00007ffab73f0000 - 0x00007ffab7406000 	C:\Program Files\Android\Android Studio\jbr\bin\nio.dll
0x00007ffab6000000 - 0x00007ffab6010000 	C:\Program Files\Android\Android Studio\jbr\bin\verify.dll
0x00007ffaa0220000 - 0x00007ffaa0247000 	C:\Users\ofatt\.gradle\native\c067742578af261105cb4f569cf0c3c89f3d7b1fecec35dd04571415982c5e48\windows-amd64\native-platform.dll
0x00007ffa84c80000 - 0x00007ffa84dc4000 	C:\Users\ofatt\.gradle\native\38dada09dfb8b06ba9b0570ebf7e218e3eb74d4ef43ca46872605cf95ebc2f47\windows-amd64\native-platform-file-events.dll
0x00007ffabde70000 - 0x00007ffabde79000 	C:\Program Files\Android\Android Studio\jbr\bin\management.dll
0x00007ffab6020000 - 0x00007ffab602b000 	C:\Program Files\Android\Android Studio\jbr\bin\management_ext.dll
0x00007ffad7500000 - 0x00007ffad7508000 	C:\WINDOWS\System32\PSAPI.DLL
0x00007ffad4740000 - 0x00007ffad475b000 	C:\WINDOWS\SYSTEM32\CRYPTSP.dll
0x00007ffad3fe0000 - 0x00007ffad4017000 	C:\WINDOWS\system32\rsaenh.dll
0x00007ffad45e0000 - 0x00007ffad4608000 	C:\WINDOWS\SYSTEM32\USERENV.dll
0x00007ffad4760000 - 0x00007ffad476c000 	C:\WINDOWS\SYSTEM32\CRYPTBASE.dll
0x00007ffad3b90000 - 0x00007ffad3bbd000 	C:\WINDOWS\SYSTEM32\IPHLPAPI.DLL
0x00007ffad7890000 - 0x00007ffad7899000 	C:\WINDOWS\System32\NSI.dll
0x00007ffabdea0000 - 0x00007ffabdea9000 	C:\Program Files\Android\Android Studio\jbr\bin\extnet.dll
0x00007ffabdd00000 - 0x00007ffabdd08000 	C:\WINDOWS\system32\wshunix.dll

dbghelp: loaded successfully - version: 4.0.5 - missing functions: none
symbol engine: initialized successfully - sym options: 0x614 - pdb path: .;C:\Program Files\Android\Android Studio\jbr\bin;C:\WINDOWS\SYSTEM32;C:\Program Files\Avast Software\Avast;C:\WINDOWS\WinSxS\amd64_microsoft.windows.common-controls_6595b64144ccf1df_6.0.22621.4830_none_270fe7d773858e80;C:\Program Files\Android\Android Studio\jbr\bin\server;C:\Users\ofatt\.gradle\native\c067742578af261105cb4f569cf0c3c89f3d7b1fecec35dd04571415982c5e48\windows-amd64;C:\Users\ofatt\.gradle\native\38dada09dfb8b06ba9b0570ebf7e218e3eb74d4ef43ca46872605cf95ebc2f47\windows-amd64

VM Arguments:
jvm_args: --add-opens=java.base/java.util=ALL-UNNAMED --add-opens=java.base/java.lang=ALL-UNNAMED --add-opens=java.base/java.lang.invoke=ALL-UNNAMED --add-opens=java.prefs/java.util.prefs=ALL-UNNAMED --add-opens=java.base/java.nio.charset=ALL-UNNAMED --add-opens=java.base/java.net=ALL-UNNAMED --add-opens=java.base/java.util.concurrent.atomic=ALL-UNNAMED -Xmx4096m -Dfile.encoding=UTF-8 -Duser.country=ES -Duser.language=es -Duser.variant -javaagent:C:\Users\ofatt\.gradle\wrapper\dists\gradle-8.6-bin\afr5mpiioh2wthjmwnkmdsd5w\gradle-8.6\lib\agents\gradle-instrumentation-agent-8.6.jar 
java_command: org.gradle.launcher.daemon.bootstrap.GradleDaemon 8.6
java_class_path (initial): C:\Users\ofatt\.gradle\wrapper\dists\gradle-8.6-bin\afr5mpiioh2wthjmwnkmdsd5w\gradle-8.6\lib\gradle-launcher-8.6.jar
Launcher Type: SUN_STANDARD

[Global flags]
     intx CICompilerCount                          = 2                                         {product} {ergonomic}
     uint ConcGCThreads                            = 1                                         {product} {ergonomic}
     uint G1ConcRefinementThreads                  = 2                                         {product} {ergonomic}
   size_t G1HeapRegionSize                         = 2097152                                   {product} {ergonomic}
    uintx GCDrainStackTargetSize                   = 64                                        {product} {ergonomic}
   size_t InitialHeapSize                          = 67108864                                  {product} {ergonomic}
   size_t MarkStackSize                            = 4194304                                   {product} {ergonomic}
   size_t MaxHeapSize                              = 4294967296                                {product} {command line}
   size_t MaxNewSize                               = 2575302656                                {product} {ergonomic}
   size_t MinHeapDeltaBytes                        = 2097152                                   {product} {ergonomic}
   size_t MinHeapSize                              = 8388608                                   {product} {ergonomic}
    uintx NonNMethodCodeHeapSize                   = 5826188                                {pd product} {ergonomic}
    uintx NonProfiledCodeHeapSize                  = 122916026                              {pd product} {ergonomic}
    uintx ProfiledCodeHeapSize                     = 122916026                              {pd product} {ergonomic}
    uintx ReservedCodeCacheSize                    = 251658240                              {pd product} {ergonomic}
     bool SegmentedCodeCache                       = true                                      {product} {ergonomic}
   size_t SoftMaxHeapSize                          = 4294967296                             {manageable} {ergonomic}
     bool UseCompressedOops                        = true                           {product lp64_product} {ergonomic}
     bool UseG1GC                                  = true                                      {product} {ergonomic}
     bool UseLargePagesIndividualAllocation        = false                                  {pd product} {ergonomic}

Logging:
Log output configuration:
 #0: stdout all=warning uptime,level,tags foldmultilines=false
 #1: stderr all=off uptime,level,tags foldmultilines=false

Environment Variables:
PATH=C:\Program Files\Common Files\Oracle\Java\javapath;C:\WINDOWS\system32;C:\WINDOWS;C:\WINDOWS\System32\Wbem;C:\WINDOWS\System32\WindowsPowerShell\v1.0\;C:\WINDOWS\System32\OpenSSH\;C:\Program Files (x86)\AutoFirma\AutoFirma;C:\Program Files\GitHub CLI\;C:\Program Files\Git\cmd;C:\Users\ofatt\AppData\Local\Microsoft\WindowsApps;C:\Users\ofatt\AppData\Local\Microsoft\WinGet\Packages\Schniz.fnm_Microsoft.Winget.Source_8wekyb3d8bbwe;C:\Program Files\heroku\bin;C:\Program Files\Java\jdk-23\bin;C:\Program Files\Android\Android Studio\jbr\bin;
USERNAME=ofatt
OS=Windows_NT
PROCESSOR_IDENTIFIER=Intel64 Family 6 Model 142 Stepping 11, GenuineIntel
TMP=C:\Users\ofatt\AppData\Local\Temp
TEMP=C:\Users\ofatt\AppData\Local\Temp




Periodic native trim disabled

JNI global refs:
JNI global refs: 24, weak refs: 3

JNI global refs memory usage: 835, weak refs: 833

Process memory usage:
Resident Set Size: 358568K (8% of 4071668K total physical memory with 294348K free physical memory)

OOME stack traces (most recent first):
Classloader memory used:
Loader org.gradle.internal.classloader.VisitableURLClassLoader                         : 26912K
Loader bootstrap                                                                       : 22186K
Loader org.gradle.initialization.MixInLegacyTypesClassLoader                           : 5980K
Loader org.gradle.internal.classloader.VisitableURLClassLoader                         : 716K
Loader org.gradle.internal.classloader.VisitableURLClassLoader$InstrumentingVisitableURLClassLoader: 567K
Loader jdk.internal.loader.ClassLoaders$PlatformClassLoader                            : 547K
Loader jdk.internal.loader.ClassLoaders$AppClassLoader                                 : 229K
Loader jdk.internal.reflect.DelegatingClassLoader                                      : 151K
Loader org.gradle.groovy.scripts.internal.DefaultScriptCompilationHandler$ScriptClassLoader: 89752B
Loader org.codehaus.groovy.runtime.callsite.CallSiteClassLoader                        : 44336B

Classes loaded by more than one classloader:
Class org.gradle.api.GradleException                                                  : loaded 3 times (x 79B)
Class org.gradle.internal.classloader.ClassLoaderHierarchy                            : loaded 2 times (x 67B)
Class org.gradle.api.internal.classpath.ManifestUtil                                  : loaded 2 times (x 68B)
Class org.gradle.internal.operations.MultipleBuildOperationFailures                   : loaded 2 times (x 92B)
Class org.gradle.internal.classloader.DefaultClassLoaderFactory                       : loaded 2 times (x 79B)
Class kotlin.collections.AbstractList$Companion                                       : loaded 2 times (x 68B)
Class org.gradle.internal.classloader.ClassLoaderVisitor                              : loaded 2 times (x 73B)
Class org.gradle.api.internal.classpath.EffectiveClassPath                            : loaded 2 times (x 87B)
Class org.gradle.api.internal.DefaultClassPathProvider                                : loaded 2 times (x 73B)
Class [Lorg.gradle.api.internal.ClassPathProvider;                                    : loaded 2 times (x 66B)
Class org.gradle.api.internal.ClassPathProvider                                       : loaded 2 times (x 67B)
Class org.gradle.internal.service.UnknownServiceException                             : loaded 2 times (x 80B)
Class org.gradle.internal.classpath.TransformedClassPath                              : loaded 2 times (x 93B)
Class kotlin.enums.EnumEntriesList                                                    : loaded 2 times (x 220B)
Class org.gradle.internal.service.ServiceLocator                                      : loaded 2 times (x 67B)
Class org.gradle.internal.InternalTransformer                                         : loaded 2 times (x 67B)
Class org.gradle.internal.time.DefaultTimer                                           : loaded 2 times (x 77B)
Class org.gradle.internal.classloader.ClasspathUtil$1                                 : loaded 2 times (x 73B)
Class ijInit1_26h1dpjaott9ve14j810zytez                                               : loaded 2 times (x 176B)
Class org.gradle.api.internal.classpath.DefaultModuleRegistry$DefaultModule           : loaded 2 times (x 83B)
Class org.gradle.internal.time.DefaultCountdownTimer                                  : loaded 2 times (x 85B)
Class kotlin.Function                                                                 : loaded 2 times (x 67B)
Class org.gradle.api.internal.classpath.Module                                        : loaded 2 times (x 67B)
Class org.gradle.api.internal.classpath.UnknownModuleException                        : loaded 2 times (x 79B)
Class org.gradle.cache.GlobalCache                                                    : loaded 2 times (x 67B)
Class org.gradle.api.internal.DefaultClassPathRegistry                                : loaded 2 times (x 73B)
Class org.gradle.api.internal.ClassPathRegistry                                       : loaded 2 times (x 67B)
Class org.gradle.internal.classpath.DefaultClassPath$ImmutableUniqueList              : loaded 2 times (x 196B)
Class org.gradle.internal.classpath.ClassPath                                         : loaded 2 times (x 67B)
Class org.gradle.api.UncheckedIOException                                             : loaded 2 times (x 79B)
Class sync_studio_tooling1488_8lg2s3hbcqmy85f2bttxu1gb3                               : loaded 2 times (x 176B)
Class kotlin.UninitializedPropertyAccessException                                     : loaded 2 times (x 79B)
Class org.gradle.internal.installation.GradleInstallation$1                           : loaded 2 times (x 72B)
Class org.gradle.api.internal.classpath.ModuleRegistry                                : loaded 2 times (x 67B)
Class org.gradle.api.internal.classpath.DefaultModuleRegistry                         : loaded 2 times (x 83B)
Class org.gradle.internal.time.MonotonicClock                                         : loaded 2 times (x 74B)
Class org.gradle.internal.service.ServiceLookupException                              : loaded 2 times (x 79B)
Class org.gradle.internal.classloader.ClassLoaderFactory                              : loaded 2 times (x 67B)
Class org.gradle.internal.service.CachingServiceLocator                               : loaded 2 times (x 79B)
Class org.gradle.internal.time.TimeSource                                             : loaded 2 times (x 67B)
Class kotlin.enums.EnumEntries                                                        : loaded 2 times (x 67B)
Class org.gradle.internal.exceptions.ResolutionProvider                               : loaded 2 times (x 67B)
Class org.gradle.internal.classloader.ClasspathUtil                                   : loaded 2 times (x 68B)
Class org.gradle.internal.time.TimeSource$1                                           : loaded 2 times (x 74B)
Class org.gradle.api.specs.Spec                                                       : loaded 2 times (x 67B)
Class org.gradle.internal.time.Clock                                                  : loaded 2 times (x 67B)
Class kotlin.collections.AbstractList                                                 : loaded 2 times (x 194B)
Class kotlin.collections.AbstractCollection                                           : loaded 2 times (x 114B)
Class org.gradle.internal.classloader.VisitableURLClassLoader$InstrumentingVisitableURLClassLoader: loaded 2 times (x 120B)
Class org.gradle.internal.classloader.VisitableURLClassLoader$Spec                    : loaded 2 times (x 71B)
Class org.gradle.internal.classpath.DefaultClassPath                                  : loaded 2 times (x 87B)
Class org.gradle.internal.classloader.ClassLoaderSpec                                 : loaded 2 times (x 68B)
Class org.gradle.internal.classloader.VisitableURLClassLoader                         : loaded 2 times (x 114B)
Class org.gradle.internal.Cast                                                        : loaded 2 times (x 68B)
Class org.gradle.api.Action                                                           : loaded 2 times (x 67B)
Class kotlin.jvm.functions.Function1                                                  : loaded 2 times (x 67B)
Class org.gradle.internal.agents.InstrumentingClassLoader                             : loaded 2 times (x 67B)
Class org.gradle.internal.classpath.DefaultClassPath$ImmutableUniqueList$Builder      : loaded 2 times (x 72B)
Class org.gradle.internal.classloader.FilteringClassLoader                            : loaded 2 times (x 102B)
Class org.gradle.internal.exceptions.NonGradleCauseExceptionsHolder                   : loaded 2 times (x 67B)
Class kotlin.enums.EnumEntriesKt                                                      : loaded 2 times (x 68B)
Class org.gradle.internal.IoActions                                                   : loaded 2 times (x 68B)
Class org.gradle.internal.classloader.SystemClassLoaderSpec                           : loaded 2 times (x 68B)
Class org.gradle.internal.exceptions.MultiCauseException                              : loaded 2 times (x 67B)
Class org.gradle.internal.time.CountdownTimer                                         : loaded 2 times (x 67B)
Class kotlin.jvm.internal.Intrinsics                                                  : loaded 2 times (x 68B)
Class org.gradle.tooling.model.ProjectModel                                           : loaded 2 times (x 67B)
Class kotlin.KotlinNullPointerException                                               : loaded 2 times (x 80B)
Class org.gradle.internal.exceptions.DefaultMultiCauseException                       : loaded 2 times (x 92B)
Class org.gradle.internal.time.Time                                                   : loaded 2 times (x 68B)
Class org.gradle.internal.time.Timer                                                  : loaded 2 times (x 67B)
Class kotlin.jvm.internal.markers.KMappedMarker                                       : loaded 2 times (x 67B)
Class org.gradle.internal.installation.CurrentGradleInstallationLocator               : loaded 2 times (x 68B)
Class org.gradle.internal.service.DefaultServiceLocator                               : loaded 2 times (x 80B)
Class org.gradle.util.GradleVersion                                                   : loaded 2 times (x 80B)
Class org.gradle.internal.installation.CurrentGradleInstallation                      : loaded 2 times (x 70B)
Class org.gradle.util.internal.GUtil                                                  : loaded 2 times (x 68B)
Class sync_studio_tooling1488_8lg2s3hbcqmy85f2bttxu1gb3$_run_closure1                 : loaded 2 times (x 136B)
Class org.gradle.internal.installation.GradleInstallation                             : loaded 2 times (x 72B)

---------------  S Y S T E M  ---------------

OS:
 Windows 11 , 64 bit Build 22621 (10.0.22621.4974)
OS uptime: 0 days 9:55 hours

CPU: total 2 (initial active 2) (2 cores per cpu, 1 threads per core) family 6 model 142 stepping 11 microcode 0xde, cx8, cmov, fxsr, mmx, 3dnowpref, sse, sse2, sse3, ssse3, sse4.1, sse4.2, popcnt, lzcnt, tsc, tscinvbit, aes, erms, clmul, clflush, clflushopt, rdtscp
Processor Information for all 2 processors :
  Max Mhz: 1800, Current Mhz: 1800, Mhz Limit: 1800

Memory: 4k page, system-wide physical 3976M (287M free)
TotalPageFile size 16264M (AvailPageFile size 17M)
current process WorkingSet (physical memory assigned to process): 350M, peak: 381M
current process commit charge ("private bytes"): 436M, peak: 483M

vm_info: OpenJDK 64-Bit Server VM (21.0.3+-12282718-b509.11) for windows-amd64 JRE (21.0.3+-12282718-b509.11), built on 2024-08-27T17:34:15Z by "builder" with MS VC++ 16.10 / 16.11 (VS2019)

END.
