#
# There is insufficient memory for the Java Runtime Environment to continue.
# Native memory allocation (mmap) failed to map 65536 bytes. Error detail: Failed to commit metaspace.
# Possible reasons:
#   The system is out of physical RAM or swap space
#   This process is running with CompressedOops enabled, and the Java Heap may be blocking the growth of the native heap
# Possible solutions:
#   Reduce memory load on the system
#   Increase physical memory or swap space
#   Check if swap backing store is full
#   Decrease Java heap size (-Xmx/-Xms)
#   Decrease number of Java threads
#   Decrease Java thread stack sizes (-Xss)
#   Set larger code cache with -XX:ReservedCodeCacheSize=
#   JVM is running with Zero Based Compressed Oops mode in which the Java heap is
#     placed in the first 32GB address space. The Java Heap base address is the
#     maximum limit for the native heap growth. Please use -XX:HeapBaseMinAddress
#     to set the Java Heap base and to place the Java Heap above 32GB virtual address.
# This output file may be truncated or incomplete.
#
#  Out of Memory Error (virtualSpaceNode.cpp:113), pid=13604, tid=16712
#
# JRE version: OpenJDK Runtime Environment Temurin-21.0.7+6 (21.0.7+6) (build 21.0.7+6-LTS)
# Java VM: OpenJDK 64-Bit Server VM Temurin-21.0.7+6 (21.0.7+6-LTS, mixed mode, sharing, tiered, compressed oops, compressed class ptrs, g1 gc, windows-amd64)
# No core dump will be written. Minidumps are not enabled by default on client versions of Windows
#

---------------  S U M M A R Y ------------

Command Line: --add-opens=java.base/java.util=ALL-UNNAMED --add-opens=java.base/java.lang=ALL-UNNAMED --add-opens=java.base/java.lang.invoke=ALL-UNNAMED --add-opens=java.prefs/java.util.prefs=ALL-UNNAMED --add-exports=jdk.compiler/com.sun.tools.javac.api=ALL-UNNAMED --add-exports=jdk.compiler/com.sun.tools.javac.util=ALL-UNNAMED --add-opens=java.base/java.nio.charset=ALL-UNNAMED --add-opens=java.base/java.net=ALL-UNNAMED --add-opens=java.base/java.util.concurrent.atomic=ALL-UNNAMED -Xmx4096m -Dfile.encoding=UTF-8 -Duser.country=ES -Duser.language=es -Duser.variant -javaagent:C:\Users\ofatt\.gradle\wrapper\dists\gradle-8.9-bin\90cnw93cvbtalezasaz0blq0a\gradle-8.9\lib\agents\gradle-instrumentation-agent-8.9.jar org.gradle.launcher.daemon.bootstrap.GradleDaemon 8.9

Host: Intel(R) Celeron(R) CPU 4205U @ 1.80GHz, 2 cores, 3G,  Windows 11 , 64 bit Build 22621 (10.0.22621.5415)
Time: Tue Aug 12 10:35:57 2025 Hora de verano romance elapsed time: 434.667283 seconds (0d 0h 7m 14s)

---------------  T H R E A D  ---------------

Current thread (0x00000242863b9fb0):  JavaThread "File watcher server" daemon [_thread_in_vm, id=16712, stack(0x000000e395900000,0x000000e395a00000) (1024K)]

Stack: [0x000000e395900000,0x000000e395a00000]
Native frames: (J=compiled Java code, j=interpreted, Vv=VM code, C=native code)
V  [jvm.dll+0x6ce119]
V  [jvm.dll+0x8a84a1]
V  [jvm.dll+0x8aa9ce]
V  [jvm.dll+0x8ab0b3]
V  [jvm.dll+0x27f8a6]
V  [jvm.dll+0x8a41ee]
V  [jvm.dll+0x670575]
V  [jvm.dll+0x6705da]
V  [jvm.dll+0x672dc2]
V  [jvm.dll+0x672c92]
V  [jvm.dll+0x670f4e]
V  [jvm.dll+0x2695bf]
V  [jvm.dll+0x67b1b5]
V  [jvm.dll+0x21563d]
V  [jvm.dll+0x215bba]
V  [jvm.dll+0x2165e5]
V  [jvm.dll+0x20bbae]
V  [jvm.dll+0x5ae58c]
V  [jvm.dll+0x21d26a]
V  [jvm.dll+0x820d6c]
V  [jvm.dll+0x821d94]
V  [jvm.dll+0x822362]
V  [jvm.dll+0x821fe8]
V  [jvm.dll+0x26cf1b]
V  [jvm.dll+0x3d493e]
C  0x00000242ab43a771

The last pc belongs to new (printed below).
Java frames: (J=compiled Java code, j=interpreted, Vv=VM code)
j  java.util.logging.Logger.log(Ljava/util/logging/Level;Ljava/lang/String;)V+9 java.logging@21.0.7
j  net.rubygrapefruit.platform.internal.jni.NativeLogger.log(ILjava/lang/String;)V+12
v  ~StubRoutines::call_stub 0x00000242ab421015
j  net.rubygrapefruit.platform.internal.jni.AbstractNativeFileEventFunctions$NativeFileWatcher.executeRunLoop0(Ljava/lang/Object;)V+0
j  net.rubygrapefruit.platform.internal.jni.AbstractNativeFileEventFunctions$NativeFileWatcher.executeRunLoop()V+5
j  net.rubygrapefruit.platform.internal.jni.AbstractFileEventFunctions$AbstractFileWatcher$1.run()V+21
v  ~StubRoutines::call_stub 0x00000242ab421015
new  187 new  [0x00000242ab43a5e0, 0x00000242ab43a7e0]  512 bytes
[MachCode]
  0x00000242ab43a5e0: 4883 ec08 | f30f 1104 | 24eb 1f48 | 83ec 10f2 | 0f11 0424 | eb14 4883 | ec10 4889 | 0424 48c7 
  0x00000242ab43a600: 4424 0800 | 0000 00eb | 0150 410f | b755 010f | cac1 ea10 | 488b 4de8 | 488b 4908 | 488b 4908 
  0x00000242ab43a620: 488b 4108 | 807c 1004 | 070f 85d3 | 0000 0066 | 8b54 d148 | 488b 4928 | 488b 4cd1 | 0851 80b9 
  0x00000242ab43a640: 2101 0000 | 040f 85b6 | 0000 008b | 5108 f6c2 | 010f 85aa | 0000 0049 | 8b87 b801 | 0000 488d 
  0x00000242ab43a660: 1c10 493b | 9fc8 0100 | 000f 8792 | 0000 0049 | 899f b801 | 0000 4883 | ea10 0f84 | 0f00 0000 
  0x00000242ab43a680: 33c9 c1ea | 0348 894c | d008 48ff | ca75 f648 | c700 0100 | 0000 5933 | f689 700c | 49ba 0000 
  0x00000242ab43a6a0: 00ba 4202 | 0000 492b | ca89 4808 | 49ba 3e5b | 272b f87f | 0000 4180 | 3a00 0f84 | 3c00 0000 
  0x00000242ab43a6c0: 5048 8bc8 | 4883 ec20 | 40f6 c40f | 0f84 1900 | 0000 4883 | ec08 48b8 | 904b d12a | f87f 0000 
  0x00000242ab43a6e0: ffd0 4883 | c408 e90c | 0000 0048 | b890 4bd1 | 2af8 7f00 | 00ff d048 | 83c4 2058 | e9c5 0000 
  0x00000242ab43a700: 0059 488b | 55e8 488b | 5208 488b | 5208 450f | b745 0141 | 0fc8 41c1 | e810 e805 | 0000 00e9 
  0x00000242ab43a720: a200 0000 | 488d 4424 | 084c 896d | c049 8bcf | 4989 afa8 | 0300 0049 | 8987 9803 | 0000 4883 
  0x00000242ab43a740: ec20 40f6 | c40f 0f84 | 1900 0000 | 4883 ec08 | 48b8 f048 | 9b2a f87f | 0000 ffd0 | 4883 c408 
  0x00000242ab43a760: e90c 0000 | 0048 b8f0 | 489b 2af8 | 7f00 00ff | d048 83c4 | 2049 c787 | 9803 0000 | 0000 0000 
  0x00000242ab43a780: 49c7 87a8 | 0300 0000 | 0000 0049 | c787 a003 | 0000 0000 | 0000 4983 | 7f08 000f | 8405 0000 
  0x00000242ab43a7a0: 00e9 5a67 | feff 498b | 87f0 0300 | 0049 c787 | f003 0000 | 0000 0000 | 4c8b 6dc0 | 4c8b 75c8 
  0x00000242ab43a7c0: 4e8d 74f5 | 00c3 410f | b65d 0349 | 83c5 0349 | bab0 202a | 2bf8 7f00 | 0041 ff24 | da66 6690 
[/MachCode]

---------------  P R O C E S S  ---------------

Threads class SMR info:
_java_thread_list=0x000002428a2a6050, length=60, elements={
0x00000242994c66d0, 0x00000242fb151b80, 0x00000242fb1532e0, 0x00000242fb154d40,
0x00000242fb155790, 0x00000242fb1561e0, 0x00000242fb156c30, 0x00000242fb1579b0,
0x00000242fb1caaf0, 0x0000024284030060, 0x0000024284217380, 0x000002428449cc30,
0x00000242855f4020, 0x00000242856de030, 0x0000024284b49be0, 0x000002428541abb0,
0x0000024284c465c0, 0x00000242851d0000, 0x0000024284e14630, 0x00000242857428f0,
0x0000024285740820, 0x0000024285743ca0, 0x0000024285743610, 0x0000024285741540,
0x0000024285741bd0, 0x00000242863bc710, 0x00000242863b9fb0, 0x00000242863bacd0,
0x00000242863bc080, 0x00000242863b7850, 0x00000242863bdac0, 0x00000242863b7ee0,
0x00000242863be7e0, 0x00000242863b8570, 0x0000024286559d80, 0x00000242865596f0,
0x000002428655b7c0, 0x0000024289f4ae50, 0x0000024289f48d80, 0x0000024289f49410,
0x0000024289f486f0, 0x0000024289f4c200, 0x0000024289f4a130, 0x0000024289f4e2d0,
0x0000024289f4e960, 0x00000242863ba640, 0x00000242863bb360, 0x00000242863b9290,
0x0000024286558340, 0x00000242865589d0, 0x000002428655be50, 0x0000024286555550,
0x0000024286555be0, 0x0000024286556270, 0x0000024286556900, 0x0000024289f49aa0,
0x0000024289f48060, 0x0000024289f4f680, 0x000002428974a960, 0x000002428974aff0
}

Java Threads: ( => current thread )
  0x00000242994c66d0 JavaThread "main"                              [_thread_blocked, id=17088, stack(0x000000e393700000,0x000000e393800000) (1024K)]
  0x00000242fb151b80 JavaThread "Reference Handler"          daemon [_thread_blocked, id=16052, stack(0x000000e393f00000,0x000000e394000000) (1024K)]
  0x00000242fb1532e0 JavaThread "Finalizer"                  daemon [_thread_blocked, id=2600, stack(0x000000e394000000,0x000000e394100000) (1024K)]
  0x00000242fb154d40 JavaThread "Signal Dispatcher"          daemon [_thread_blocked, id=14312, stack(0x000000e394100000,0x000000e394200000) (1024K)]
  0x00000242fb155790 JavaThread "Attach Listener"            daemon [_thread_blocked, id=8084, stack(0x000000e394200000,0x000000e394300000) (1024K)]
  0x00000242fb1561e0 JavaThread "Service Thread"             daemon [_thread_blocked, id=3988, stack(0x000000e394300000,0x000000e394400000) (1024K)]
  0x00000242fb156c30 JavaThread "Monitor Deflation Thread"   daemon [_thread_blocked, id=15992, stack(0x000000e394400000,0x000000e394500000) (1024K)]
  0x00000242fb1579b0 JavaThread "C2 CompilerThread0"         daemon [_thread_blocked, id=6304, stack(0x000000e394500000,0x000000e394600000) (1024K)]
  0x00000242fb1caaf0 JavaThread "C1 CompilerThread0"         daemon [_thread_blocked, id=6120, stack(0x000000e394600000,0x000000e394700000) (1024K)]
  0x0000024284030060 JavaThread "Common-Cleaner"             daemon [_thread_blocked, id=15424, stack(0x000000e394700000,0x000000e394800000) (1024K)]
  0x0000024284217380 JavaThread "Notification Thread"        daemon [_thread_blocked, id=12760, stack(0x000000e394800000,0x000000e394900000) (1024K)]
  0x000002428449cc30 JavaThread "Daemon health stats"               [_thread_blocked, id=19040, stack(0x000000e394a00000,0x000000e394b00000) (1024K)]
  0x00000242855f4020 JavaThread "Incoming local TCP Connector on port 60237"        [_thread_in_native, id=6776, stack(0x000000e394b00000,0x000000e394c00000) (1024K)]
  0x00000242856de030 JavaThread "Daemon periodic checks"            [_thread_blocked, id=3256, stack(0x000000e394c00000,0x000000e394d00000) (1024K)]
  0x0000024284b49be0 JavaThread "Daemon"                            [_thread_blocked, id=9400, stack(0x000000e394d00000,0x000000e394e00000) (1024K)]
  0x000002428541abb0 JavaThread "Handler for socket connection from /127.0.0.1:60237 to /127.0.0.1:60240"        [_thread_in_native, id=17060, stack(0x000000e394e00000,0x000000e394f00000) (1024K)]
  0x0000024284c465c0 JavaThread "Cancel handler"                    [_thread_blocked, id=18068, stack(0x000000e394f00000,0x000000e395000000) (1024K)]
  0x00000242851d0000 JavaThread "Daemon worker"                     [_thread_blocked, id=19280, stack(0x000000e395000000,0x000000e395100000) (1024K)]
  0x0000024284e14630 JavaThread "Asynchronous log dispatcher for DefaultDaemonConnection: socket connection from /127.0.0.1:60237 to /127.0.0.1:60240"        [_thread_blocked, id=16484, stack(0x000000e395100000,0x000000e395200000) (1024K)]
  0x00000242857428f0 JavaThread "Stdin handler"                     [_thread_blocked, id=2940, stack(0x000000e395200000,0x000000e395300000) (1024K)]
  0x0000024285740820 JavaThread "Daemon client event forwarder"        [_thread_blocked, id=18836, stack(0x000000e395300000,0x000000e395400000) (1024K)]
  0x0000024285743ca0 JavaThread "Cache worker for journal cache (C:\Users\ofatt\.gradle\caches\journal-1)"        [_thread_blocked, id=16720, stack(0x000000e395400000,0x000000e395500000) (1024K)]
  0x0000024285743610 JavaThread "File lock request listener"        [_thread_in_native, id=8404, stack(0x000000e395500000,0x000000e395600000) (1024K)]
  0x0000024285741540 JavaThread "Cache worker for file hash cache (C:\Users\ofatt\.gradle\caches\8.9\fileHashes)"        [_thread_blocked, id=10788, stack(0x000000e395600000,0x000000e395700000) (1024K)]
  0x0000024285741bd0 JavaThread "Cache worker for file hash cache (C:\Users\ofatt\AndroidStudioProjects\GameBooster\.gradle\8.9\fileHashes)"        [_thread_blocked, id=9512, stack(0x000000e395700000,0x000000e395800000) (1024K)]
  0x00000242863bc710 JavaThread "Cache worker for Build Output Cleanup Cache (C:\Users\ofatt\AndroidStudioProjects\GameBooster\.gradle\buildOutputCleanup)"        [_thread_blocked, id=17308, stack(0x000000e395800000,0x000000e395900000) (1024K)]
=>0x00000242863b9fb0 JavaThread "File watcher server"        daemon [_thread_in_vm, id=16712, stack(0x000000e395900000,0x000000e395a00000) (1024K)]
  0x00000242863bacd0 JavaThread "File watcher consumer"      daemon [_thread_blocked, id=16652, stack(0x000000e395a00000,0x000000e395b00000) (1024K)]
  0x00000242863bc080 JavaThread "Cache worker for checksums cache (C:\Users\ofatt\AndroidStudioProjects\GameBooster\.gradle\8.9\checksums)"        [_thread_blocked, id=19220, stack(0x000000e395b00000,0x000000e395c00000) (1024K)]
  0x00000242863b7850 JavaThread "Cache worker for file content cache (C:\Users\ofatt\.gradle\caches\8.9\fileContent)"        [_thread_blocked, id=18868, stack(0x000000e395c00000,0x000000e395d00000) (1024K)]
  0x00000242863bdac0 JavaThread "Cache worker for cache directory md-rule (C:\Users\ofatt\.gradle\caches\8.9\md-rule)"        [_thread_blocked, id=18540, stack(0x000000e395d00000,0x000000e395e00000) (1024K)]
  0x00000242863b7ee0 JavaThread "Cache worker for cache directory md-supplier (C:\Users\ofatt\.gradle\caches\8.9\md-supplier)"        [_thread_blocked, id=16420, stack(0x000000e395e00000,0x000000e395f00000) (1024K)]
  0x00000242863be7e0 JavaThread "Unconstrained build operations"        [_thread_blocked, id=12992, stack(0x000000e393500000,0x000000e393600000) (1024K)]
  0x00000242863b8570 JavaThread "Unconstrained build operations Thread 2"        [_thread_blocked, id=5320, stack(0x000000e393600000,0x000000e393700000) (1024K)]
  0x0000024286559d80 JavaThread "Unconstrained build operations Thread 3"        [_thread_blocked, id=2688, stack(0x000000e395f00000,0x000000e396000000) (1024K)]
  0x00000242865596f0 JavaThread "Memory manager"                    [_thread_blocked, id=13476, stack(0x000000e396000000,0x000000e396100000) (1024K)]
  0x000002428655b7c0 JavaThread "build event listener"              [_thread_blocked, id=18508, stack(0x000000e396100000,0x000000e396200000) (1024K)]
  0x0000024289f4ae50 JavaThread "included builds"                   [_thread_blocked, id=16312, stack(0x000000e396300000,0x000000e396400000) (1024K)]
  0x0000024289f48d80 JavaThread "Execution worker"                  [_thread_blocked, id=2616, stack(0x000000e396400000,0x000000e396500000) (1024K)]
  0x0000024289f49410 JavaThread "Cache worker for execution history cache (C:\Users\ofatt\AndroidStudioProjects\GameBooster\.gradle\8.9\executionHistory)"        [_thread_blocked, id=18892, stack(0x000000e396500000,0x000000e396600000) (1024K)]
  0x0000024289f486f0 JavaThread "Unconstrained build operations Thread 4"        [_thread_blocked, id=11304, stack(0x000000e396800000,0x000000e396900000) (1024K)]
  0x0000024289f4c200 JavaThread "Unconstrained build operations Thread 5"        [_thread_blocked, id=18244, stack(0x000000e396200000,0x000000e396300000) (1024K)]
  0x0000024289f4a130 JavaThread "Unconstrained build operations Thread 6"        [_thread_blocked, id=12596, stack(0x000000e396900000,0x000000e396a00000) (1024K)]
  0x0000024289f4e2d0 JavaThread "Unconstrained build operations Thread 7"        [_thread_blocked, id=12700, stack(0x000000e396a00000,0x000000e396b00000) (1024K)]
  0x0000024289f4e960 JavaThread "Unconstrained build operations Thread 8"        [_thread_blocked, id=8804, stack(0x000000e396b00000,0x000000e396c00000) (1024K)]
  0x00000242863ba640 JavaThread "Unconstrained build operations Thread 9"        [_thread_blocked, id=6568, stack(0x000000e396c00000,0x000000e396d00000) (1024K)]
  0x00000242863bb360 JavaThread "Unconstrained build operations Thread 10"        [_thread_blocked, id=17420, stack(0x000000e396d00000,0x000000e396e00000) (1024K)]
  0x00000242863b9290 JavaThread "Unconstrained build operations Thread 11"        [_thread_blocked, id=4760, stack(0x000000e396e00000,0x000000e396f00000) (1024K)]
  0x0000024286558340 JavaThread "Unconstrained build operations Thread 12"        [_thread_blocked, id=15904, stack(0x000000e396f00000,0x000000e397000000) (1024K)]
  0x00000242865589d0 JavaThread "WorkerExecutor Queue"              [_thread_blocked, id=13524, stack(0x000000e397000000,0x000000e397100000) (1024K)]
  0x000002428655be50 JavaThread "Unconstrained build operations Thread 13"        [_thread_blocked, id=12336, stack(0x000000e397100000,0x000000e397200000) (1024K)]
  0x0000024286555550 JavaThread "Unconstrained build operations Thread 14"        [_thread_blocked, id=8216, stack(0x000000e397200000,0x000000e397300000) (1024K)]
  0x0000024286555be0 JavaThread "Unconstrained build operations Thread 15"        [_thread_blocked, id=6468, stack(0x000000e397300000,0x000000e397400000) (1024K)]
  0x0000024286556270 JavaThread "WorkerExecutor Queue Thread 2"        [_thread_blocked, id=14376, stack(0x000000e396600000,0x000000e396700000) (1024K)]
  0x0000024286556900 JavaThread "Unconstrained build operations Thread 16"        [_thread_blocked, id=11144, stack(0x000000e397400000,0x000000e397500000) (1024K)]
  0x0000024289f49aa0 JavaThread "pool-3-thread-1"                   [_thread_blocked, id=13456, stack(0x000000e397500000,0x000000e397600000) (1024K)]
  0x0000024289f48060 JavaThread "stderr"                            [_thread_in_native, id=944, stack(0x000000e397600000,0x000000e397700000) (1024K)]
  0x0000024289f4f680 JavaThread "stdout"                            [_thread_in_native, id=10888, stack(0x000000e397700000,0x000000e397800000) (1024K)]
  0x000002428974a960 JavaThread "Unconstrained build operations Thread 17"        [_thread_blocked, id=1884, stack(0x000000e397800000,0x000000e397900000) (1024K)]
  0x000002428974aff0 JavaThread "Unconstrained build operations Thread 18"        [_thread_blocked, id=17864, stack(0x000000e397900000,0x000000e397a00000) (1024K)]
Total: 60

Other Threads:
  0x00000242fb134d60 VMThread "VM Thread"                           [id=2888, stack(0x000000e393e00000,0x000000e393f00000) (1024K)] _threads_hazard_ptr=0x000002428a2a6050
  0x00000242fb124c20 WatcherThread "VM Periodic Task Thread"        [id=18444, stack(0x000000e393d00000,0x000000e393e00000) (1024K)]
  0x000002429b86c790 WorkerThread "GC Thread#0"                     [id=18488, stack(0x000000e393800000,0x000000e393900000) (1024K)]
  0x00000242841f4ef0 WorkerThread "GC Thread#1"                     [id=18368, stack(0x000000e394900000,0x000000e394a00000) (1024K)]
  0x000002429b87e780 ConcurrentGCThread "G1 Main Marker"            [id=12500, stack(0x000000e393900000,0x000000e393a00000) (1024K)]
  0x000002429b87f280 WorkerThread "G1 Conc#0"                       [id=14048, stack(0x000000e393a00000,0x000000e393b00000) (1024K)]
  0x000002429b8b61b0 ConcurrentGCThread "G1 Refine#0"               [id=12388, stack(0x000000e393b00000,0x000000e393c00000) (1024K)]
  0x000002429b8b6d20 ConcurrentGCThread "G1 Service"                [id=18456, stack(0x000000e393c00000,0x000000e393d00000) (1024K)]
Total: 8

Threads with active compile tasks:
Total: 0

VM state: synchronizing (normal execution)

VM Mutex/Monitor currently owned by a thread:  ([mutex/lock_event])
[0x00007ff82b28c308] Metaspace_lock - owner thread: 0x00000242863b9fb0
[0x00007ff82b28e308] Threads_lock - owner thread: 0x00000242fb134d60

Heap address: 0x0000000700000000, size: 4096 MB, Compressed Oops mode: Zero based, Oop shift amount: 3

CDS archive(s) mapped at: [0x00000242ba000000-0x00000242bac80000-0x00000242bac80000), size 13107200, SharedBaseAddress: 0x00000242ba000000, ArchiveRelocationMode: 1.
Compressed class space mapped at: 0x00000242bb000000-0x00000242fb000000, reserved size: 1073741824
Narrow klass base: 0x00000242ba000000, Narrow klass shift: 0, Narrow klass range: 0x100000000

GC Precious Log:
 CardTable entry size: 512
 Card Set container configuration: InlinePtr #cards 4 size 8 Array Of Cards #cards 16 size 48 Howl #buckets 8 coarsen threshold 3686 Howl Bitmap #cards 512 size 80 coarsen threshold 460 Card regions per heap region 1 cards per card region 4096
 CPUs: 2 total, 2 available
 Memory: 3976M
 Large Page Support: Disabled
 NUMA Support: Disabled
 Compressed Oops: Enabled (Zero based)
 Heap Region Size: 2M
 Heap Min Capacity: 8M
 Heap Initial Capacity: 64M
 Heap Max Capacity: 4G
 Pre-touch: Disabled
 Parallel Workers: 2
 Concurrent Workers: 1
 Concurrent Refinement Workers: 2
 Periodic GC: Disabled

Heap:
 garbage-first heap   total 256000K, used 199803K [0x0000000700000000, 0x0000000800000000)
  region size 2048K, 39 young (79872K), 5 survivors (10240K)
 Metaspace       used 103353K, committed 105600K, reserved 1179648K
  class space    used 14156K, committed 15296K, reserved 1048576K

Heap Regions: E=young(eden), S=young(survivor), O=old, HS=humongous(starts), HC=humongous(continues), CS=collection set, F=free, TAMS=top-at-mark-start, PB=parsable bottom
|   0|0x0000000700000000, 0x0000000700200000, 0x0000000700200000|100%| O|  |TAMS 0x0000000700000000| PB 0x0000000700000000| Untracked 
|   1|0x0000000700200000, 0x0000000700400000, 0x0000000700400000|100%|HS|  |TAMS 0x0000000700200000| PB 0x0000000700200000| Complete 
|   2|0x0000000700400000, 0x0000000700600000, 0x0000000700600000|100%|HC|  |TAMS 0x0000000700400000| PB 0x0000000700400000| Complete 
|   3|0x0000000700600000, 0x0000000700800000, 0x0000000700800000|100%| O|  |TAMS 0x0000000700600000| PB 0x0000000700600000| Untracked 
|   4|0x0000000700800000, 0x0000000700a00000, 0x0000000700a00000|100%| O|  |TAMS 0x0000000700800000| PB 0x0000000700800000| Untracked 
|   5|0x0000000700a00000, 0x0000000700c00000, 0x0000000700c00000|100%| O|  |TAMS 0x0000000700a00000| PB 0x0000000700a00000| Untracked 
|   6|0x0000000700c00000, 0x0000000700e00000, 0x0000000700e00000|100%| O|  |TAMS 0x0000000700c00000| PB 0x0000000700c00000| Untracked 
|   7|0x0000000700e00000, 0x0000000701000000, 0x0000000701000000|100%| O|  |TAMS 0x0000000700e00000| PB 0x0000000700e00000| Untracked 
|   8|0x0000000701000000, 0x0000000701200000, 0x0000000701200000|100%| O|  |TAMS 0x0000000701000000| PB 0x0000000701000000| Untracked 
|   9|0x0000000701200000, 0x0000000701400000, 0x0000000701400000|100%| O|  |TAMS 0x0000000701200000| PB 0x0000000701200000| Untracked 
|  10|0x0000000701400000, 0x0000000701600000, 0x0000000701600000|100%| O|  |TAMS 0x0000000701400000| PB 0x0000000701400000| Untracked 
|  11|0x0000000701600000, 0x0000000701800000, 0x0000000701800000|100%| O|  |TAMS 0x0000000701600000| PB 0x0000000701600000| Untracked 
|  12|0x0000000701800000, 0x0000000701a00000, 0x0000000701a00000|100%| O|  |TAMS 0x0000000701800000| PB 0x0000000701800000| Untracked 
|  13|0x0000000701a00000, 0x0000000701c00000, 0x0000000701c00000|100%| O|  |TAMS 0x0000000701a00000| PB 0x0000000701a00000| Untracked 
|  14|0x0000000701c00000, 0x0000000701e00000, 0x0000000701e00000|100%| O|  |TAMS 0x0000000701c00000| PB 0x0000000701c00000| Untracked 
|  15|0x0000000701e00000, 0x0000000702000000, 0x0000000702000000|100%| O|  |TAMS 0x0000000701e00000| PB 0x0000000701e00000| Untracked 
|  16|0x0000000702000000, 0x0000000702200000, 0x0000000702200000|100%| O|  |TAMS 0x0000000702000000| PB 0x0000000702000000| Untracked 
|  17|0x0000000702200000, 0x0000000702400000, 0x0000000702400000|100%| O|  |TAMS 0x0000000702200000| PB 0x0000000702200000| Untracked 
|  18|0x0000000702400000, 0x0000000702600000, 0x0000000702600000|100%| O|  |TAMS 0x0000000702400000| PB 0x0000000702400000| Untracked 
|  19|0x0000000702600000, 0x0000000702800000, 0x0000000702800000|100%| O|  |TAMS 0x0000000702600000| PB 0x0000000702600000| Untracked 
|  20|0x0000000702800000, 0x0000000702a00000, 0x0000000702a00000|100%| O|  |TAMS 0x0000000702800000| PB 0x0000000702800000| Untracked 
|  21|0x0000000702a00000, 0x0000000702c00000, 0x0000000702c00000|100%| O|  |TAMS 0x0000000702a00000| PB 0x0000000702a00000| Untracked 
|  22|0x0000000702c00000, 0x0000000702e00000, 0x0000000702e00000|100%| O|  |TAMS 0x0000000702c00000| PB 0x0000000702c00000| Untracked 
|  23|0x0000000702e00000, 0x0000000703000000, 0x0000000703000000|100%| O|  |TAMS 0x0000000702e00000| PB 0x0000000702e00000| Untracked 
|  24|0x0000000703000000, 0x0000000703200000, 0x0000000703200000|100%| O|  |TAMS 0x0000000703000000| PB 0x0000000703000000| Untracked 
|  25|0x0000000703200000, 0x0000000703400000, 0x0000000703400000|100%|HS|  |TAMS 0x0000000703200000| PB 0x0000000703200000| Complete 
|  26|0x0000000703400000, 0x0000000703600000, 0x0000000703600000|100%|HS|  |TAMS 0x0000000703400000| PB 0x0000000703400000| Complete 
|  27|0x0000000703600000, 0x0000000703800000, 0x0000000703800000|100%| O|  |TAMS 0x0000000703600000| PB 0x0000000703600000| Untracked 
|  28|0x0000000703800000, 0x0000000703a00000, 0x0000000703a00000|100%| O|  |TAMS 0x0000000703800000| PB 0x0000000703800000| Untracked 
|  29|0x0000000703a00000, 0x0000000703c00000, 0x0000000703c00000|100%| O|  |TAMS 0x0000000703a00000| PB 0x0000000703a00000| Untracked 
|  30|0x0000000703c00000, 0x0000000703e00000, 0x0000000703e00000|100%|HS|  |TAMS 0x0000000703c00000| PB 0x0000000703c00000| Complete 
|  31|0x0000000703e00000, 0x0000000704000000, 0x0000000704000000|100%|HC|  |TAMS 0x0000000703e00000| PB 0x0000000703e00000| Complete 
|  32|0x0000000704000000, 0x0000000704200000, 0x0000000704200000|100%| O|  |TAMS 0x0000000704000000| PB 0x0000000704000000| Untracked 
|  33|0x0000000704200000, 0x0000000704400000, 0x0000000704400000|100%| O|  |TAMS 0x0000000704200000| PB 0x0000000704200000| Untracked 
|  34|0x0000000704400000, 0x0000000704600000, 0x0000000704600000|100%| O|  |TAMS 0x0000000704400000| PB 0x0000000704400000| Untracked 
|  35|0x0000000704600000, 0x0000000704800000, 0x0000000704800000|100%| O|  |TAMS 0x0000000704600000| PB 0x0000000704600000| Untracked 
|  36|0x0000000704800000, 0x000000070491ee58, 0x0000000704a00000| 56%| O|  |TAMS 0x0000000704800000| PB 0x0000000704800000| Untracked 
|  37|0x0000000704a00000, 0x0000000704c00000, 0x0000000704c00000|100%|HS|  |TAMS 0x0000000704a00000| PB 0x0000000704a00000| Complete 
|  38|0x0000000704c00000, 0x0000000704e00000, 0x0000000704e00000|100%|HC|  |TAMS 0x0000000704c00000| PB 0x0000000704c00000| Complete 
|  39|0x0000000704e00000, 0x0000000705000000, 0x0000000705000000|100%| O|  |TAMS 0x0000000704e00000| PB 0x0000000704e00000| Untracked 
|  40|0x0000000705000000, 0x0000000705200000, 0x0000000705200000|100%| O|  |TAMS 0x0000000705000000| PB 0x0000000705000000| Untracked 
|  41|0x0000000705200000, 0x0000000705400000, 0x0000000705400000|100%| O|  |TAMS 0x0000000705200000| PB 0x0000000705200000| Untracked 
|  42|0x0000000705400000, 0x0000000705600000, 0x0000000705600000|100%| O|  |TAMS 0x0000000705400000| PB 0x0000000705400000| Untracked 
|  43|0x0000000705600000, 0x0000000705800000, 0x0000000705800000|100%| O|  |TAMS 0x0000000705600000| PB 0x0000000705600000| Untracked 
|  44|0x0000000705800000, 0x0000000705a00000, 0x0000000705a00000|100%| O|  |TAMS 0x0000000705800000| PB 0x0000000705800000| Untracked 
|  45|0x0000000705a00000, 0x0000000705c00000, 0x0000000705c00000|100%| O|  |TAMS 0x0000000705a00000| PB 0x0000000705a00000| Untracked 
|  46|0x0000000705c00000, 0x0000000705e00000, 0x0000000705e00000|100%| O|  |TAMS 0x0000000705c00000| PB 0x0000000705c00000| Untracked 
|  47|0x0000000705e00000, 0x0000000706000000, 0x0000000706000000|100%| O|  |TAMS 0x0000000705e00000| PB 0x0000000705e00000| Untracked 
|  48|0x0000000706000000, 0x0000000706200000, 0x0000000706200000|100%| O|  |TAMS 0x0000000706000000| PB 0x0000000706000000| Untracked 
|  49|0x0000000706200000, 0x0000000706400000, 0x0000000706400000|100%| O|  |TAMS 0x0000000706200000| PB 0x0000000706200000| Untracked 
|  50|0x0000000706400000, 0x0000000706600000, 0x0000000706600000|100%| O|  |TAMS 0x0000000706400000| PB 0x0000000706400000| Untracked 
|  51|0x0000000706600000, 0x0000000706800000, 0x0000000706800000|100%| O|  |TAMS 0x0000000706600000| PB 0x0000000706600000| Untracked 
|  52|0x0000000706800000, 0x0000000706a00000, 0x0000000706a00000|100%| O|  |TAMS 0x0000000706800000| PB 0x0000000706800000| Untracked 
|  53|0x0000000706a00000, 0x0000000706c00000, 0x0000000706c00000|100%| O|  |TAMS 0x0000000706a00000| PB 0x0000000706a00000| Untracked 
|  54|0x0000000706c00000, 0x0000000706e00000, 0x0000000706e00000|100%| O|  |TAMS 0x0000000706c00000| PB 0x0000000706c00000| Untracked 
|  55|0x0000000706e00000, 0x0000000707000000, 0x0000000707000000|100%| O|  |TAMS 0x0000000706e00000| PB 0x0000000706e00000| Untracked 
|  56|0x0000000707000000, 0x0000000707200000, 0x0000000707200000|100%| O|  |TAMS 0x0000000707000000| PB 0x0000000707000000| Untracked 
|  57|0x0000000707200000, 0x0000000707200000, 0x0000000707400000|  0%| F|  |TAMS 0x0000000707200000| PB 0x0000000707200000| Untracked 
|  58|0x0000000707400000, 0x0000000707600000, 0x0000000707600000|100%| O|  |TAMS 0x0000000707400000| PB 0x0000000707400000| Untracked 
|  59|0x0000000707600000, 0x0000000707600000, 0x0000000707800000|  0%| F|  |TAMS 0x0000000707600000| PB 0x0000000707600000| Untracked 
|  60|0x0000000707800000, 0x0000000707800000, 0x0000000707a00000|  0%| F|  |TAMS 0x0000000707800000| PB 0x0000000707800000| Untracked 
|  61|0x0000000707a00000, 0x0000000707a00000, 0x0000000707c00000|  0%| F|  |TAMS 0x0000000707a00000| PB 0x0000000707a00000| Untracked 
|  62|0x0000000707c00000, 0x0000000707c00000, 0x0000000707e00000|  0%| F|  |TAMS 0x0000000707c00000| PB 0x0000000707c00000| Untracked 
|  63|0x0000000707e00000, 0x0000000707e00000, 0x0000000708000000|  0%| F|  |TAMS 0x0000000707e00000| PB 0x0000000707e00000| Untracked 
|  64|0x0000000708000000, 0x0000000708000000, 0x0000000708200000|  0%| F|  |TAMS 0x0000000708000000| PB 0x0000000708000000| Untracked 
|  65|0x0000000708200000, 0x0000000708200000, 0x0000000708400000|  0%| F|  |TAMS 0x0000000708200000| PB 0x0000000708200000| Untracked 
|  66|0x0000000708400000, 0x0000000708400000, 0x0000000708600000|  0%| F|  |TAMS 0x0000000708400000| PB 0x0000000708400000| Untracked 
|  67|0x0000000708600000, 0x0000000708600000, 0x0000000708800000|  0%| F|  |TAMS 0x0000000708600000| PB 0x0000000708600000| Untracked 
|  68|0x0000000708800000, 0x0000000708800000, 0x0000000708a00000|  0%| F|  |TAMS 0x0000000708800000| PB 0x0000000708800000| Untracked 
|  69|0x0000000708a00000, 0x0000000708a00000, 0x0000000708c00000|  0%| F|  |TAMS 0x0000000708a00000| PB 0x0000000708a00000| Untracked 
|  70|0x0000000708c00000, 0x0000000708c00000, 0x0000000708e00000|  0%| F|  |TAMS 0x0000000708c00000| PB 0x0000000708c00000| Untracked 
|  71|0x0000000708e00000, 0x0000000709000000, 0x0000000709000000|100%| S|CS|TAMS 0x0000000708e00000| PB 0x0000000708e00000| Complete 
|  72|0x0000000709000000, 0x0000000709200000, 0x0000000709200000|100%| S|CS|TAMS 0x0000000709000000| PB 0x0000000709000000| Complete 
|  73|0x0000000709200000, 0x0000000709400000, 0x0000000709400000|100%| S|CS|TAMS 0x0000000709200000| PB 0x0000000709200000| Complete 
|  74|0x0000000709400000, 0x0000000709600000, 0x0000000709600000|100%| S|CS|TAMS 0x0000000709400000| PB 0x0000000709400000| Complete 
|  75|0x0000000709600000, 0x0000000709800000, 0x0000000709800000|100%| S|CS|TAMS 0x0000000709600000| PB 0x0000000709600000| Complete 
|  76|0x0000000709800000, 0x0000000709800000, 0x0000000709a00000|  0%| F|  |TAMS 0x0000000709800000| PB 0x0000000709800000| Untracked 
|  77|0x0000000709a00000, 0x0000000709a00000, 0x0000000709c00000|  0%| F|  |TAMS 0x0000000709a00000| PB 0x0000000709a00000| Untracked 
|  78|0x0000000709c00000, 0x0000000709c00000, 0x0000000709e00000|  0%| F|  |TAMS 0x0000000709c00000| PB 0x0000000709c00000| Untracked 
|  79|0x0000000709e00000, 0x0000000709e00000, 0x000000070a000000|  0%| F|  |TAMS 0x0000000709e00000| PB 0x0000000709e00000| Untracked 
|  80|0x000000070a000000, 0x000000070a000000, 0x000000070a200000|  0%| F|  |TAMS 0x000000070a000000| PB 0x000000070a000000| Untracked 
|  81|0x000000070a200000, 0x000000070a200000, 0x000000070a400000|  0%| F|  |TAMS 0x000000070a200000| PB 0x000000070a200000| Untracked 
|  82|0x000000070a400000, 0x000000070a400000, 0x000000070a600000|  0%| F|  |TAMS 0x000000070a400000| PB 0x000000070a400000| Untracked 
|  83|0x000000070a600000, 0x000000070a600000, 0x000000070a800000|  0%| F|  |TAMS 0x000000070a600000| PB 0x000000070a600000| Untracked 
|  84|0x000000070a800000, 0x000000070a800000, 0x000000070aa00000|  0%| F|  |TAMS 0x000000070a800000| PB 0x000000070a800000| Untracked 
|  85|0x000000070aa00000, 0x000000070aa00000, 0x000000070ac00000|  0%| F|  |TAMS 0x000000070aa00000| PB 0x000000070aa00000| Untracked 
|  86|0x000000070ac00000, 0x000000070ac00000, 0x000000070ae00000|  0%| F|  |TAMS 0x000000070ac00000| PB 0x000000070ac00000| Untracked 
|  87|0x000000070ae00000, 0x000000070ae00000, 0x000000070b000000|  0%| F|  |TAMS 0x000000070ae00000| PB 0x000000070ae00000| Untracked 
|  88|0x000000070b000000, 0x000000070b000000, 0x000000070b200000|  0%| F|  |TAMS 0x000000070b000000| PB 0x000000070b000000| Untracked 
|  89|0x000000070b200000, 0x000000070b2e9e08, 0x000000070b400000| 45%| E|  |TAMS 0x000000070b200000| PB 0x000000070b200000| Complete 
|  90|0x000000070b400000, 0x000000070b600000, 0x000000070b600000|100%| E|CS|TAMS 0x000000070b400000| PB 0x000000070b400000| Complete 
|  91|0x000000070b600000, 0x000000070b800000, 0x000000070b800000|100%| E|CS|TAMS 0x000000070b600000| PB 0x000000070b600000| Complete 
|  92|0x000000070b800000, 0x000000070ba00000, 0x000000070ba00000|100%| E|CS|TAMS 0x000000070b800000| PB 0x000000070b800000| Complete 
|  93|0x000000070ba00000, 0x000000070bc00000, 0x000000070bc00000|100%| E|CS|TAMS 0x000000070ba00000| PB 0x000000070ba00000| Complete 
|  94|0x000000070bc00000, 0x000000070be00000, 0x000000070be00000|100%| E|CS|TAMS 0x000000070bc00000| PB 0x000000070bc00000| Complete 
|  95|0x000000070be00000, 0x000000070c000000, 0x000000070c000000|100%| E|CS|TAMS 0x000000070be00000| PB 0x000000070be00000| Complete 
|  96|0x000000070c000000, 0x000000070c200000, 0x000000070c200000|100%| E|CS|TAMS 0x000000070c000000| PB 0x000000070c000000| Complete 
|  97|0x000000070c200000, 0x000000070c400000, 0x000000070c400000|100%| E|CS|TAMS 0x000000070c200000| PB 0x000000070c200000| Complete 
|  98|0x000000070c400000, 0x000000070c600000, 0x000000070c600000|100%| E|CS|TAMS 0x000000070c400000| PB 0x000000070c400000| Complete 
|  99|0x000000070c600000, 0x000000070c800000, 0x000000070c800000|100%| E|CS|TAMS 0x000000070c600000| PB 0x000000070c600000| Complete 
| 100|0x000000070c800000, 0x000000070ca00000, 0x000000070ca00000|100%| E|CS|TAMS 0x000000070c800000| PB 0x000000070c800000| Complete 
| 101|0x000000070ca00000, 0x000000070cc00000, 0x000000070cc00000|100%| E|CS|TAMS 0x000000070ca00000| PB 0x000000070ca00000| Complete 
| 102|0x000000070cc00000, 0x000000070ce00000, 0x000000070ce00000|100%| E|CS|TAMS 0x000000070cc00000| PB 0x000000070cc00000| Complete 
| 103|0x000000070ce00000, 0x000000070d000000, 0x000000070d000000|100%| E|CS|TAMS 0x000000070ce00000| PB 0x000000070ce00000| Complete 
| 104|0x000000070d000000, 0x000000070d200000, 0x000000070d200000|100%| E|CS|TAMS 0x000000070d000000| PB 0x000000070d000000| Complete 
| 105|0x000000070d200000, 0x000000070d400000, 0x000000070d400000|100%| E|CS|TAMS 0x000000070d200000| PB 0x000000070d200000| Complete 
| 106|0x000000070d400000, 0x000000070d600000, 0x000000070d600000|100%| E|CS|TAMS 0x000000070d400000| PB 0x000000070d400000| Complete 
| 107|0x000000070d600000, 0x000000070d800000, 0x000000070d800000|100%| E|CS|TAMS 0x000000070d600000| PB 0x000000070d600000| Complete 
| 108|0x000000070d800000, 0x000000070da00000, 0x000000070da00000|100%| E|CS|TAMS 0x000000070d800000| PB 0x000000070d800000| Complete 
| 109|0x000000070da00000, 0x000000070dc00000, 0x000000070dc00000|100%| E|CS|TAMS 0x000000070da00000| PB 0x000000070da00000| Complete 
| 110|0x000000070dc00000, 0x000000070de00000, 0x000000070de00000|100%| E|CS|TAMS 0x000000070dc00000| PB 0x000000070dc00000| Complete 
| 111|0x000000070de00000, 0x000000070e000000, 0x000000070e000000|100%| E|CS|TAMS 0x000000070de00000| PB 0x000000070de00000| Complete 
| 112|0x000000070e000000, 0x000000070e200000, 0x000000070e200000|100%| E|CS|TAMS 0x000000070e000000| PB 0x000000070e000000| Complete 
| 113|0x000000070e200000, 0x000000070e400000, 0x000000070e400000|100%| E|CS|TAMS 0x000000070e200000| PB 0x000000070e200000| Complete 
| 114|0x000000070e400000, 0x000000070e600000, 0x000000070e600000|100%| E|CS|TAMS 0x000000070e400000| PB 0x000000070e400000| Complete 
| 115|0x000000070e600000, 0x000000070e800000, 0x000000070e800000|100%| E|CS|TAMS 0x000000070e600000| PB 0x000000070e600000| Complete 
| 116|0x000000070e800000, 0x000000070ea00000, 0x000000070ea00000|100%| E|CS|TAMS 0x000000070e800000| PB 0x000000070e800000| Complete 
| 117|0x000000070ea00000, 0x000000070ec00000, 0x000000070ec00000|100%| E|CS|TAMS 0x000000070ea00000| PB 0x000000070ea00000| Complete 
| 118|0x000000070ec00000, 0x000000070ee00000, 0x000000070ee00000|100%| E|CS|TAMS 0x000000070ec00000| PB 0x000000070ec00000| Complete 
| 119|0x000000070ee00000, 0x000000070f000000, 0x000000070f000000|100%| E|CS|TAMS 0x000000070ee00000| PB 0x000000070ee00000| Complete 
| 120|0x000000070f000000, 0x000000070f200000, 0x000000070f200000|100%| E|CS|TAMS 0x000000070f000000| PB 0x000000070f000000| Complete 
| 121|0x000000070f200000, 0x000000070f400000, 0x000000070f400000|100%| E|CS|TAMS 0x000000070f200000| PB 0x000000070f200000| Complete 
| 122|0x000000070f400000, 0x000000070f600000, 0x000000070f600000|100%| E|CS|TAMS 0x000000070f400000| PB 0x000000070f400000| Complete 
|2046|0x00000007ffc00000, 0x00000007ffe00000, 0x00000007ffe00000|100%| O|  |TAMS 0x00000007ffc00000| PB 0x00000007ffc00000| Untracked 
|2047|0x00000007ffe00000, 0x0000000800000000, 0x0000000800000000|100%| O|  |TAMS 0x00000007ffe00000| PB 0x00000007ffe00000| Untracked 

Card table byte_map: [0x00000242b36f0000,0x00000242b3ef0000] _byte_map_base: 0x00000242afef0000

Marking Bits: (CMBitMap*) 0x000002429b86dea0
 Bits: [0x00000242b3ef0000, 0x00000242b7ef0000)

Polling page: 0x0000024299850000

Metaspace:

Usage:
  Non-class:     87.11 MB used.
      Class:     13.82 MB used.
       Both:    100.93 MB used.

Virtual space:
  Non-class space:      128.00 MB reserved,      88.19 MB ( 69%) committed,  2 nodes.
      Class space:        1.00 GB reserved,      14.94 MB (  1%) committed,  1 nodes.
             Both:        1.12 GB reserved,     103.12 MB (  9%) committed. 

Chunk freelists:
   Non-Class:  7.09 MB
       Class:  996.00 KB
        Both:  8.07 MB

MaxMetaspaceSize: unlimited
CompressedClassSpaceSize: 1.00 GB
Initial GC threshold: 21.00 MB
Current GC threshold: 164.19 MB
CDS: on
 - commit_granule_bytes: 65536.
 - commit_granule_words: 8192.
 - virtual_space_node_default_size: 8388608.
 - enlarge_chunks_in_place: 1.
 - use_allocation_guard: 0.


Internal statistics:

num_allocs_failed_limit: 6.
num_arena_births: 4100.
num_arena_deaths: 0.
num_vsnodes_births: 3.
num_vsnodes_deaths: 0.
num_space_committed: 1649.
num_space_uncommitted: 0.
num_chunks_returned_to_freelist: 6.
num_chunks_taken_from_freelist: 8805.
num_chunk_merges: 6.
num_chunk_splits: 5777.
num_chunks_enlarged: 3612.
num_inconsistent_stats: 0.

CodeHeap 'non-profiled nmethods': size=120064Kb used=9468Kb max_used=9468Kb free=110595Kb
 bounds [0x00000242ab9b0000, 0x00000242ac2f0000, 0x00000242b2ef0000]
CodeHeap 'profiled nmethods': size=120000Kb used=24979Kb max_used=24979Kb free=95020Kb
 bounds [0x00000242a3ef0000, 0x00000242a5760000, 0x00000242ab420000]
CodeHeap 'non-nmethods': size=5696Kb used=2171Kb max_used=2249Kb free=3524Kb
 bounds [0x00000242ab420000, 0x00000242ab690000, 0x00000242ab9b0000]
 total_blobs=13838 nmethods=12963 adapters=779
 compilation: enabled
              stopped_count=0, restarted_count=0
 full_count=0

Compilation events (20 events):
Event: 423.547 Thread 0x00000242fb1579b0 15351       4       com.google.common.collect.AbstractMapBasedMultimap$WrappedCollection$WrappedIterator::hasNext (14 bytes)
Event: 423.551 Thread 0x00000242fb1579b0 nmethod 15351 0x00000242ac2e9a90 code [0x00000242ac2e9c40, 0x00000242ac2e9ea0]
Event: 423.551 Thread 0x00000242fb1579b0 15352       4       org.gradle.api.internal.artifacts.ivyservice.resolveengine.artifact.ArtifactVisitorToResolvedFileVisitorAdapter::prepareForVisit (11 bytes)
Event: 423.552 Thread 0x00000242fb1caaf0 15354       2       org.gradle.internal.operations.BuildOperationState::getId (8 bytes)
Event: 423.552 Thread 0x00000242fb1579b0 nmethod 15352 0x00000242ac2ea110 code [0x00000242ac2ea2a0, 0x00000242ac2ea3a0]
Event: 423.552 Thread 0x00000242fb1579b0 15353       4       org.gradle.internal.fingerprint.impl.DefaultFileCollectionSnapshotter$1::<init> (20 bytes)
Event: 423.552 Thread 0x00000242fb1caaf0 nmethod 15354 0x00000242a5753010 code [0x00000242a57531a0, 0x00000242a57532b8]
Event: 423.555 Thread 0x00000242fb1579b0 nmethod 15353 0x00000242ac2ea490 code [0x00000242ac2ea620, 0x00000242ac2ea8c0]
Event: 423.559 Thread 0x00000242fb1579b0 15355       4       org.gradle.internal.operations.OperationProgressEvent::<init> (15 bytes)
Event: 423.562 Thread 0x00000242fb1579b0 nmethod 15355 0x00000242ac2ea910 code [0x00000242ac2eaaa0, 0x00000242ac2eac20]
Event: 423.563 Thread 0x00000242fb1579b0 15356       4       org.gradle.internal.component.external.model.ModuleComponentFileArtifactIdentifier::getComponentIdentifier (5 bytes)
Event: 423.564 Thread 0x00000242fb1579b0 nmethod 15356 0x00000242ac2eac90 code [0x00000242ac2eae20, 0x00000242ac2eaee8]
Event: 423.565 Thread 0x00000242fb1579b0 15357       4       org.gradle.internal.operations.DefaultBuildOperationListenerManager$1::progress (47 bytes)
Event: 423.581 Thread 0x00000242fb1579b0 nmethod 15357 0x00000242ac2eb010 code [0x00000242ac2eb200, 0x00000242ac2eb830]
Event: 423.581 Thread 0x00000242fb1579b0 15358       4       org.gradle.internal.fingerprint.impl.AbstractFileCollectionFingerprinter::fingerprint (10 bytes)
Event: 423.608 Thread 0x00000242fb1579b0 nmethod 15358 0x00000242ac2ebe90 code [0x00000242ac2ec0e0, 0x00000242ac2ecb08]
Event: 423.717 Thread 0x00000242fb1579b0 15359       4       com.google.common.collect.CollectCollectors$$Lambda/0x00000242bb34bbd0::accept (9 bytes)
Event: 423.727 Thread 0x00000242fb1579b0 nmethod 15359 0x00000242ac2ed090 code [0x00000242ac2ed260, 0x00000242ac2ed8a8]
Event: 427.112 Thread 0x00000242fb1caaf0 15360       3       org.gradle.internal.time.Time::startCountdownTimer (13 bytes)
Event: 427.113 Thread 0x00000242fb1caaf0 nmethod 15360 0x00000242a5753390 code [0x00000242a57535a0, 0x00000242a5753b70]

GC Heap History (20 events):
Event: 299.952 GC heap before
{Heap before GC invocations=66 (full 0):
 garbage-first heap   total 194560K, used 122880K [0x0000000700000000, 0x0000000800000000)
  region size 2048K, 4 young (8192K), 1 survivors (2048K)
 Metaspace       used 98128K, committed 100352K, reserved 1179648K
  class space    used 13648K, committed 14784K, reserved 1048576K
}
Event: 299.979 GC heap after
{Heap after GC invocations=67 (full 0):
 garbage-first heap   total 194560K, used 118041K [0x0000000700000000, 0x0000000800000000)
  region size 2048K, 1 young (2048K), 1 survivors (2048K)
 Metaspace       used 98128K, committed 100352K, reserved 1179648K
  class space    used 13648K, committed 14784K, reserved 1048576K
}
Event: 302.202 GC heap before
{Heap before GC invocations=67 (full 0):
 garbage-first heap   total 194560K, used 122137K [0x0000000700000000, 0x0000000800000000)
  region size 2048K, 4 young (8192K), 1 survivors (2048K)
 Metaspace       used 98132K, committed 100352K, reserved 1179648K
  class space    used 13648K, committed 14784K, reserved 1048576K
}
Event: 302.235 GC heap after
{Heap after GC invocations=68 (full 0):
 garbage-first heap   total 194560K, used 118387K [0x0000000700000000, 0x0000000800000000)
  region size 2048K, 1 young (2048K), 1 survivors (2048K)
 Metaspace       used 98132K, committed 100352K, reserved 1179648K
  class space    used 13648K, committed 14784K, reserved 1048576K
}
Event: 323.811 GC heap before
{Heap before GC invocations=68 (full 0):
 garbage-first heap   total 194560K, used 159347K [0x0000000700000000, 0x0000000800000000)
  region size 2048K, 22 young (45056K), 1 survivors (2048K)
 Metaspace       used 98152K, committed 100416K, reserved 1179648K
  class space    used 13648K, committed 14784K, reserved 1048576K
}
Event: 323.861 GC heap after
{Heap after GC invocations=69 (full 0):
 garbage-first heap   total 194560K, used 119981K [0x0000000700000000, 0x0000000800000000)
  region size 2048K, 2 young (4096K), 2 survivors (4096K)
 Metaspace       used 98152K, committed 100416K, reserved 1179648K
  class space    used 13648K, committed 14784K, reserved 1048576K
}
Event: 334.336 GC heap before
{Heap before GC invocations=69 (full 0):
 garbage-first heap   total 194560K, used 171181K [0x0000000700000000, 0x0000000800000000)
  region size 2048K, 27 young (55296K), 2 survivors (4096K)
 Metaspace       used 98196K, committed 100416K, reserved 1179648K
  class space    used 13649K, committed 14784K, reserved 1048576K
}
Event: 334.385 GC heap after
{Heap after GC invocations=70 (full 0):
 garbage-first heap   total 194560K, used 122345K [0x0000000700000000, 0x0000000800000000)
  region size 2048K, 3 young (6144K), 3 survivors (6144K)
 Metaspace       used 98196K, committed 100416K, reserved 1179648K
  class space    used 13649K, committed 14784K, reserved 1048576K
}
Event: 351.869 GC heap before
{Heap before GC invocations=70 (full 0):
 garbage-first heap   total 194560K, used 171497K [0x0000000700000000, 0x0000000800000000)
  region size 2048K, 28 young (57344K), 3 survivors (6144K)
 Metaspace       used 98603K, committed 100864K, reserved 1179648K
  class space    used 13731K, committed 14848K, reserved 1048576K
}
Event: 351.940 GC heap after
{Heap after GC invocations=71 (full 0):
 garbage-first heap   total 194560K, used 124176K [0x0000000700000000, 0x0000000800000000)
  region size 2048K, 4 young (8192K), 4 survivors (8192K)
 Metaspace       used 98603K, committed 100864K, reserved 1179648K
  class space    used 13731K, committed 14848K, reserved 1048576K
}
Event: 363.011 GC heap before
{Heap before GC invocations=72 (full 0):
 garbage-first heap   total 212992K, used 169232K [0x0000000700000000, 0x0000000800000000)
  region size 2048K, 27 young (55296K), 4 survivors (8192K)
 Metaspace       used 98614K, committed 100864K, reserved 1179648K
  class space    used 13731K, committed 14848K, reserved 1048576K
}
Event: 363.062 GC heap after
{Heap after GC invocations=73 (full 0):
 garbage-first heap   total 212992K, used 125158K [0x0000000700000000, 0x0000000800000000)
  region size 2048K, 2 young (4096K), 2 survivors (4096K)
 Metaspace       used 98614K, committed 100864K, reserved 1179648K
  class space    used 13731K, committed 14848K, reserved 1048576K
}
Event: 363.410 GC heap before
{Heap before GC invocations=73 (full 0):
 garbage-first heap   total 212992K, used 131302K [0x0000000700000000, 0x0000000800000000)
  region size 2048K, 5 young (10240K), 2 survivors (4096K)
 Metaspace       used 98614K, committed 100864K, reserved 1179648K
  class space    used 13731K, committed 14848K, reserved 1048576K
}
Event: 363.443 GC heap after
{Heap after GC invocations=74 (full 0):
 garbage-first heap   total 212992K, used 123919K [0x0000000700000000, 0x0000000800000000)
  region size 2048K, 1 young (2048K), 1 survivors (2048K)
 Metaspace       used 98614K, committed 100864K, reserved 1179648K
  class space    used 13731K, committed 14848K, reserved 1048576K
}
Event: 365.043 GC heap before
{Heap before GC invocations=74 (full 0):
 garbage-first heap   total 212992K, used 142351K [0x0000000700000000, 0x0000000800000000)
  region size 2048K, 11 young (22528K), 1 survivors (2048K)
 Metaspace       used 98643K, committed 100928K, reserved 1179648K
  class space    used 13731K, committed 14848K, reserved 1048576K
}
Event: 365.067 GC heap after
{Heap after GC invocations=75 (full 0):
 garbage-first heap   total 256000K, used 124998K [0x0000000700000000, 0x0000000800000000)
  region size 2048K, 2 young (4096K), 2 survivors (4096K)
 Metaspace       used 98643K, committed 100928K, reserved 1179648K
  class space    used 13731K, committed 14848K, reserved 1048576K
}
Event: 395.694 GC heap before
{Heap before GC invocations=75 (full 0):
 garbage-first heap   total 256000K, used 225350K [0x0000000700000000, 0x0000000800000000)
  region size 2048K, 52 young (106496K), 2 survivors (4096K)
 Metaspace       used 102466K, committed 104704K, reserved 1179648K
  class space    used 14044K, committed 15168K, reserved 1048576K
}
Event: 395.786 GC heap after
{Heap after GC invocations=76 (full 0):
 garbage-first heap   total 256000K, used 129107K [0x0000000700000000, 0x0000000800000000)
  region size 2048K, 4 young (8192K), 4 survivors (8192K)
 Metaspace       used 102466K, committed 104704K, reserved 1179648K
  class space    used 14044K, committed 15168K, reserved 1048576K
}
Event: 405.036 GC heap before
{Heap before GC invocations=76 (full 0):
 garbage-first heap   total 256000K, used 223315K [0x0000000700000000, 0x0000000800000000)
  region size 2048K, 51 young (104448K), 4 survivors (8192K)
 Metaspace       used 103302K, committed 105536K, reserved 1179648K
  class space    used 14152K, committed 15296K, reserved 1048576K
}
Event: 405.092 GC heap after
{Heap after GC invocations=77 (full 0):
 garbage-first heap   total 256000K, used 132219K [0x0000000700000000, 0x0000000800000000)
  region size 2048K, 5 young (10240K), 5 survivors (10240K)
 Metaspace       used 103302K, committed 105536K, reserved 1179648K
  class space    used 14152K, committed 15296K, reserved 1048576K
}

Dll operation events (15 events):
Event: 0.428 Loaded shared library C:\Program Files\Eclipse Adoptium\jdk-21.0.7.6-hotspot\bin\java.dll
Event: 2.282 Loaded shared library C:\Program Files\Eclipse Adoptium\jdk-21.0.7.6-hotspot\bin\jsvml.dll
Event: 4.442 Loaded shared library C:\Program Files\Eclipse Adoptium\jdk-21.0.7.6-hotspot\bin\zip.dll
Event: 4.454 Loaded shared library C:\Program Files\Eclipse Adoptium\jdk-21.0.7.6-hotspot\bin\instrument.dll
Event: 4.579 Loaded shared library C:\Program Files\Eclipse Adoptium\jdk-21.0.7.6-hotspot\bin\net.dll
Event: 4.594 Loaded shared library C:\Program Files\Eclipse Adoptium\jdk-21.0.7.6-hotspot\bin\nio.dll
Event: 4.612 Loaded shared library C:\Program Files\Eclipse Adoptium\jdk-21.0.7.6-hotspot\bin\zip.dll
Event: 9.813 Loaded shared library C:\Program Files\Eclipse Adoptium\jdk-21.0.7.6-hotspot\bin\jimage.dll
Event: 12.304 Loaded shared library C:\Program Files\Eclipse Adoptium\jdk-21.0.7.6-hotspot\bin\verify.dll
Event: 14.028 Loaded shared library C:\Users\ofatt\.gradle\native\c067742578af261105cb4f569cf0c3c89f3d7b1fecec35dd04571415982c5e48\windows-amd64\native-platform.dll
Event: 14.100 Loaded shared library C:\Users\ofatt\.gradle\native\100fb08df4bc3b14c8652ba06237920a3bd2aa13389f12d3474272988ae205f9\windows-amd64\native-platform-file-events.dll
Event: 47.368 Loaded shared library C:\Program Files\Eclipse Adoptium\jdk-21.0.7.6-hotspot\bin\management.dll
Event: 47.726 Loaded shared library C:\Program Files\Eclipse Adoptium\jdk-21.0.7.6-hotspot\bin\management_ext.dll
Event: 54.260 Loaded shared library C:\Program Files\Eclipse Adoptium\jdk-21.0.7.6-hotspot\bin\extnet.dll
Event: 60.152 Loaded shared library C:\Program Files\Eclipse Adoptium\jdk-21.0.7.6-hotspot\bin\sunmscapi.dll

Deoptimization events (20 events):
Event: 409.276 Thread 0x0000024289f4ae50 Uncommon trap: trap_request=0xffffffbe fr.pc=0x00000242ac1bcddc relative=0x000000000000201c
Event: 409.276 Thread 0x0000024289f4ae50 Uncommon trap: reason=profile_predicate action=maybe_recompile pc=0x00000242ac1bcddc method=com.google.common.collect.MapMakerInternalMap$Segment.expand()V @ 59 c2
Event: 409.277 Thread 0x0000024289f4ae50 DEOPT PACKING pc=0x00000242ac1bcddc sp=0x000000e3963f91d0
Event: 409.277 Thread 0x0000024289f4ae50 DEOPT UNPACKING pc=0x00000242ab47469c sp=0x000000e3963f9178 mode 2
Event: 410.235 Thread 0x0000024289f4ae50 Uncommon trap: trap_request=0xffffffbe fr.pc=0x00000242ac1bcddc relative=0x000000000000201c
Event: 410.235 Thread 0x0000024289f4ae50 Uncommon trap: reason=profile_predicate action=maybe_recompile pc=0x00000242ac1bcddc method=com.google.common.collect.MapMakerInternalMap$Segment.expand()V @ 59 c2
Event: 410.235 Thread 0x0000024289f4ae50 DEOPT PACKING pc=0x00000242ac1bcddc sp=0x000000e3963f9410
Event: 410.235 Thread 0x0000024289f4ae50 DEOPT UNPACKING pc=0x00000242ab47469c sp=0x000000e3963f93b8 mode 2
Event: 411.910 Thread 0x0000024289f4ae50 Uncommon trap: trap_request=0xffffff45 fr.pc=0x00000242ac056dc8 relative=0x0000000000003a08
Event: 411.910 Thread 0x0000024289f4ae50 Uncommon trap: reason=unstable_if action=reinterpret pc=0x00000242ac056dc8 method=java.util.concurrent.FutureTask.awaitDone(ZJ)I @ 23 c2
Event: 411.910 Thread 0x0000024289f4ae50 DEOPT PACKING pc=0x00000242ac056dc8 sp=0x000000e3963f9050
Event: 411.910 Thread 0x0000024289f4ae50 DEOPT UNPACKING pc=0x00000242ab47469c sp=0x000000e3963f8b98 mode 2
Event: 423.299 Thread 0x0000024289f4ae50 Uncommon trap: trap_request=0xffffffde fr.pc=0x00000242ac225144 relative=0x0000000000000884
Event: 423.300 Thread 0x0000024289f4ae50 Uncommon trap: reason=class_check action=maybe_recompile pc=0x00000242ac225144 method=org.gradle.internal.snapshot.impl.AbstractValueProcessor.processValue(Ljava/lang/Object;Lorg/gradle/internal/snapshot/impl/AbstractValueProcessor$ValueVisitor;)Ljava/lan
Event: 423.300 Thread 0x0000024289f4ae50 DEOPT PACKING pc=0x00000242ac225144 sp=0x000000e3963f9c80
Event: 423.300 Thread 0x0000024289f4ae50 DEOPT UNPACKING pc=0x00000242ab47469c sp=0x000000e3963f9c20 mode 2
Event: 423.529 Thread 0x0000024289f4ae50 Uncommon trap: trap_request=0xffffffde fr.pc=0x00000242ac224f34 relative=0x0000000000000674
Event: 423.529 Thread 0x0000024289f4ae50 Uncommon trap: reason=class_check action=maybe_recompile pc=0x00000242ac224f34 method=org.gradle.internal.snapshot.impl.AbstractValueProcessor.processValue(Ljava/lang/Object;Lorg/gradle/internal/snapshot/impl/AbstractValueProcessor$ValueVisitor;)Ljava/lan
Event: 423.529 Thread 0x0000024289f4ae50 DEOPT PACKING pc=0x00000242ac224f34 sp=0x000000e3963f9c80
Event: 423.529 Thread 0x0000024289f4ae50 DEOPT UNPACKING pc=0x00000242ab47469c sp=0x000000e3963f9c18 mode 2

Classes loaded (20 events):
Event: 378.728 Loading class com/sun/org/apache/xerces/internal/dom/DeepNodeListImpl done
Event: 387.195 Loading class java/util/LinkedList$LLSpliterator
Event: 387.197 Loading class java/util/LinkedList$LLSpliterator done
Event: 399.539 Loading class java/io/SerialCallbackContext
Event: 399.541 Loading class java/io/SerialCallbackContext done
Event: 401.004 Loading class java/util/concurrent/Executors$DelegatedScheduledExecutorService
Event: 401.006 Loading class java/util/concurrent/Executors$DelegatedExecutorService
Event: 401.006 Loading class java/util/concurrent/Executors$DelegatedExecutorService done
Event: 401.006 Loading class java/util/concurrent/Executors$DelegatedScheduledExecutorService done
Event: 401.020 Loading class java/lang/ProcessImpl
Event: 401.022 Loading class java/lang/ProcessImpl done
Event: 402.301 Loading class java/lang/ProcessHandleImpl
Event: 402.303 Loading class java/lang/ProcessHandleImpl done
Event: 402.307 Loading class java/lang/ProcessImpl$2
Event: 402.307 Loading class java/lang/ProcessImpl$2 done
Event: 402.307 Loading class java/lang/Process$PipeInputStream
Event: 402.318 Loading class java/lang/Process$PipeInputStream done
Event: 402.322 Loading class jdk/internal/event/ProcessStartEvent
Event: 402.341 Loading class jdk/internal/event/ProcessStartEvent done
Event: 429.660 Loading class java/util/logging/LogRecord

Classes unloaded (0 events):
No events

Classes redefined (0 events):
No events

Internal exceptions (20 events):
Event: 399.310 Thread 0x0000024289f48d80 Exception <a 'sun/nio/fs/WindowsException'{0x000000070cb48c08}> (0x000000070cb48c08) 
thrown [s\src\hotspot\share\prims\jni.cpp, line 520]
Event: 399.326 Thread 0x0000024289f48d80 Exception <a 'sun/nio/fs/WindowsException'{0x000000070cb49da8}> (0x000000070cb49da8) 
thrown [s\src\hotspot\share\prims\jni.cpp, line 520]
Event: 399.337 Thread 0x0000024289f48d80 Exception <a 'sun/nio/fs/WindowsException'{0x000000070cb4aca0}> (0x000000070cb4aca0) 
thrown [s\src\hotspot\share\prims\jni.cpp, line 520]
Event: 399.337 Thread 0x0000024289f48d80 Exception <a 'sun/nio/fs/WindowsException'{0x000000070cb4ae38}> (0x000000070cb4ae38) 
thrown [s\src\hotspot\share\prims\jni.cpp, line 520]
Event: 399.337 Thread 0x0000024289f48d80 Exception <a 'sun/nio/fs/WindowsException'{0x000000070cb4bf90}> (0x000000070cb4bf90) 
thrown [s\src\hotspot\share\prims\jni.cpp, line 520]
Event: 399.338 Thread 0x0000024289f48d80 Exception <a 'sun/nio/fs/WindowsException'{0x000000070cb4cea0}> (0x000000070cb4cea0) 
thrown [s\src\hotspot\share\prims\jni.cpp, line 520]
Event: 399.338 Thread 0x0000024289f48d80 Exception <a 'sun/nio/fs/WindowsException'{0x000000070cb4d050}> (0x000000070cb4d050) 
thrown [s\src\hotspot\share\prims\jni.cpp, line 520]
Event: 399.338 Thread 0x0000024289f48d80 Exception <a 'sun/nio/fs/WindowsException'{0x000000070cb4e148}> (0x000000070cb4e148) 
thrown [s\src\hotspot\share\prims\jni.cpp, line 520]
Event: 399.338 Thread 0x0000024289f48d80 Exception <a 'sun/nio/fs/WindowsException'{0x000000070cb4f028}> (0x000000070cb4f028) 
thrown [s\src\hotspot\share\prims\jni.cpp, line 520]
Event: 399.338 Thread 0x0000024289f48d80 Exception <a 'sun/nio/fs/WindowsException'{0x000000070cb4f1a8}> (0x000000070cb4f1a8) 
thrown [s\src\hotspot\share\prims\jni.cpp, line 520]
Event: 399.338 Thread 0x0000024289f48d80 Exception <a 'sun/nio/fs/WindowsException'{0x000000070cb502c0}> (0x000000070cb502c0) 
thrown [s\src\hotspot\share\prims\jni.cpp, line 520]
Event: 399.507 Thread 0x0000024289f48d80 Exception <a 'java/lang/NoSuchMethodError'{0x000000070c8afac0}: static Lcom/android/builder/internal/aapt/AaptOptions;.<clinit>()V> (0x000000070c8afac0) 
thrown [s\src\hotspot\share\prims\jni.cpp, line 1111]
Event: 399.510 Thread 0x0000024289f48d80 Exception <a 'java/lang/NoSuchMethodError'{0x000000070c8c4f68}: static Ljava/lang/Object;.<clinit>()V> (0x000000070c8c4f68) 
thrown [s\src\hotspot\share\prims\jni.cpp, line 1111]
Event: 399.537 Thread 0x0000024289f48d80 Exception <a 'java/lang/NoSuchMethodError'{0x000000070c8f7700}: static Lcom/android/build/api/variant/impl/SerializableApplicationMultiOutputHandler;.<clinit>()V> (0x000000070c8f7700) 
thrown [s\src\hotspot\share\prims\jni.cpp, line 1111]
Event: 399.558 Thread 0x0000024289f48d80 Exception <a 'java/lang/NoSuchMethodError'{0x000000070c91f6f0}: static Lcom/android/build/api/variant/impl/VariantOutputImpl$SerializedForm;.<clinit>()V> (0x000000070c91f6f0) 
thrown [s\src\hotspot\share\prims\jni.cpp, line 1111]
Event: 399.576 Thread 0x0000024289f48d80 Exception <a 'java/lang/NoSuchMethodError'{0x000000070c934898}: static Lcom/android/build/api/variant/impl/VariantOutputConfigurationImpl;.<clinit>()V> (0x000000070c934898) 
thrown [s\src\hotspot\share\prims\jni.cpp, line 1111]
Event: 399.675 Thread 0x0000024289f4ae50 Exception <a 'sun/nio/fs/WindowsException'{0x000000070c7536c8}> (0x000000070c7536c8) 
thrown [s\src\hotspot\share\prims\jni.cpp, line 520]
Event: 399.709 Thread 0x0000024289f4ae50 Exception <a 'java/lang/NoSuchMethodError'{0x000000070c77c9f0}: 'int java.lang.invoke.DirectMethodHandle$Holder.invokeSpecial(java.lang.Object, java.lang.Object, java.lang.Object, java.lang.Object, java.lang.Object)'> (0x000000070c77c9f0) 
thrown [s\src\hotspot\share\interpreter\linkResolver.cpp, line 773]
Event: 402.289 Thread 0x00000242865589d0 Exception <a 'java/lang/NoSuchMethodError'{0x000000070bd8e3b8}: 'void java.lang.invoke.DirectMethodHandle$Holder.invokeStatic(java.lang.Object, long)'> (0x000000070bd8e3b8) 
thrown [s\src\hotspot\share\interpreter\linkResolver.cpp, line 773]
Event: 402.305 Thread 0x00000242865589d0 Exception <a 'java/lang/NoSuchMethodError'{0x000000070bd98ad0}: 'java.lang.Object java.lang.invoke.DirectMethodHandle$Holder.invokeStaticInit(java.lang.Object, long, java.lang.Object)'> (0x000000070bd98ad0) 
thrown [s\src\hotspot\share\interpreter\linkResolver.cpp, line 773]

ZGC Phase Switch (0 events):
No events

VM Operations (20 events):
Event: 414.838 Executing VM operation: Cleanup
Event: 414.838 Executing VM operation: Cleanup done
Event: 416.287 Executing VM operation: Cleanup
Event: 416.287 Executing VM operation: Cleanup done
Event: 418.290 Executing VM operation: Cleanup
Event: 418.290 Executing VM operation: Cleanup done
Event: 419.290 Executing VM operation: Cleanup
Event: 419.337 Executing VM operation: Cleanup done
Event: 421.300 Executing VM operation: HandshakeAllThreads (HandshakeForDeflation)
Event: 421.301 Executing VM operation: HandshakeAllThreads (HandshakeForDeflation) done
Event: 421.301 Executing VM operation: Cleanup
Event: 421.301 Executing VM operation: Cleanup done
Event: 421.301 Executing VM operation: RendezvousGCThreads
Event: 421.301 Executing VM operation: RendezvousGCThreads done
Event: 423.314 Executing VM operation: Cleanup
Event: 423.314 Executing VM operation: Cleanup done
Event: 424.331 Executing VM operation: Cleanup
Event: 424.331 Executing VM operation: Cleanup done
Event: 427.468 Executing VM operation: Cleanup
Event: 427.468 Executing VM operation: Cleanup done

Memory protections (0 events):
No events

Nmethod flushes (20 events):
Event: 353.568 Thread 0x00000242fb134d60 flushing  nmethod 0x00000242a4d5d290
Event: 353.568 Thread 0x00000242fb134d60 flushing  nmethod 0x00000242a4e40010
Event: 353.569 Thread 0x00000242fb134d60 flushing  nmethod 0x00000242a4f53b10
Event: 353.569 Thread 0x00000242fb134d60 flushing  nmethod 0x00000242a4fa7610
Event: 353.569 Thread 0x00000242fb134d60 flushing  nmethod 0x00000242a4fbfd90
Event: 353.569 Thread 0x00000242fb134d60 flushing  nmethod 0x00000242a5093610
Event: 353.569 Thread 0x00000242fb134d60 flushing  nmethod 0x00000242a514a510
Event: 353.569 Thread 0x00000242fb134d60 flushing  nmethod 0x00000242a518d490
Event: 353.569 Thread 0x00000242fb134d60 flushing  nmethod 0x00000242a51a2210
Event: 353.569 Thread 0x00000242fb134d60 flushing  nmethod 0x00000242a51a3b10
Event: 353.569 Thread 0x00000242fb134d60 flushing  nmethod 0x00000242a51a4190
Event: 353.569 Thread 0x00000242fb134d60 flushing  nmethod 0x00000242a51b0910
Event: 353.569 Thread 0x00000242fb134d60 flushing  nmethod 0x00000242a51b2c90
Event: 353.569 Thread 0x00000242fb134d60 flushing  nmethod 0x00000242a51b3410
Event: 353.569 Thread 0x00000242fb134d60 flushing  nmethod 0x00000242a51b5490
Event: 353.569 Thread 0x00000242fb134d60 flushing  nmethod 0x00000242a51b5910
Event: 353.569 Thread 0x00000242fb134d60 flushing  nmethod 0x00000242a51b5e10
Event: 353.569 Thread 0x00000242fb134d60 flushing  nmethod 0x00000242a51b8990
Event: 353.569 Thread 0x00000242fb134d60 flushing  nmethod 0x00000242a51b9990
Event: 353.569 Thread 0x00000242fb134d60 flushing  nmethod 0x00000242a51bda90

Events (20 events):
Event: 287.209 Thread 0x0000024289f4ae50 Thread added: 0x0000024289f486f0
Event: 333.689 Thread 0x0000024289f4ae50 Thread added: 0x0000024289f4c200
Event: 337.587 Thread 0x0000024289f4ae50 Thread added: 0x0000024289f4a130
Event: 349.800 Thread 0x0000024289f48d80 Thread added: 0x0000024289f4e2d0
Event: 350.427 Thread 0x0000024289f48d80 Thread added: 0x0000024289f4e960
Event: 359.882 Thread 0x0000024289f48d80 Thread added: 0x00000242863ba640
Event: 362.196 Thread 0x0000024289f48d80 Thread added: 0x00000242863bb360
Event: 364.570 Thread 0x0000024289f48d80 Thread added: 0x00000242863b9290
Event: 367.489 Thread 0x0000024289f48d80 Thread added: 0x0000024286558340
Event: 387.533 Thread 0x0000024289f48d80 Thread added: 0x00000242865589d0
Event: 393.439 Thread 0x0000024289f4ae50 Thread added: 0x000002428655be50
Event: 396.142 Thread 0x0000024289f48d80 Thread added: 0x0000024286555550
Event: 396.293 Thread 0x0000024289f48d80 Thread added: 0x0000024286555be0
Event: 399.607 Thread 0x0000024289f48d80 Thread added: 0x0000024286556270
Event: 399.803 Thread 0x0000024289f4ae50 Thread added: 0x0000024286556900
Event: 401.007 Thread 0x00000242865589d0 Thread added: 0x0000024289f49aa0
Event: 402.406 Thread 0x00000242865589d0 Thread added: 0x0000024289f48060
Event: 402.407 Thread 0x00000242865589d0 Thread added: 0x0000024289f4f680
Event: 403.720 Thread 0x0000024289f4ae50 Thread added: 0x000002428974a960
Event: 423.549 Thread 0x0000024289f4ae50 Thread added: 0x000002428974aff0


Dynamic libraries:
0x00007ff719db0000 - 0x00007ff719dbe000 	C:\Program Files\Eclipse Adoptium\jdk-21.0.7.6-hotspot\bin\java.exe
0x00007ff8bf110000 - 0x00007ff8bf327000 	C:\WINDOWS\SYSTEM32\ntdll.dll
0x00007ff897240000 - 0x00007ff897260000 	C:\Program Files\Avast Software\Avast\aswhook.dll
0x00007ff8be040000 - 0x00007ff8be104000 	C:\WINDOWS\System32\KERNEL32.DLL
0x00007ff8bc410000 - 0x00007ff8bc7e2000 	C:\WINDOWS\System32\KERNELBASE.dll
0x00007ff8bc7f0000 - 0x00007ff8bc901000 	C:\WINDOWS\System32\ucrtbase.dll
0x00007ff8a8f50000 - 0x00007ff8a8f68000 	C:\Program Files\Eclipse Adoptium\jdk-21.0.7.6-hotspot\bin\jli.dll
0x00007ff8bcda0000 - 0x00007ff8bcf51000 	C:\WINDOWS\System32\USER32.dll
0x00007ff8bcd70000 - 0x00007ff8bcd96000 	C:\WINDOWS\System32\win32u.dll
0x00007ff8bd0d0000 - 0x00007ff8bd0f9000 	C:\WINDOWS\System32\GDI32.dll
0x00007ff8bcc40000 - 0x00007ff8bcd63000 	C:\WINDOWS\System32\gdi32full.dll
0x00007ff8bc2c0000 - 0x00007ff8bc35a000 	C:\WINDOWS\System32\msvcp_win.dll
0x00007ff8a94a0000 - 0x00007ff8a94be000 	C:\Program Files\Eclipse Adoptium\jdk-21.0.7.6-hotspot\bin\VCRUNTIME140.dll
0x00007ff8ab6c0000 - 0x00007ff8ab95b000 	C:\WINDOWS\WinSxS\amd64_microsoft.windows.common-controls_6595b64144ccf1df_6.0.22621.5415_none_270d77d17387d7da\COMCTL32.dll
0x00007ff8beba0000 - 0x00007ff8bec47000 	C:\WINDOWS\System32\msvcrt.dll
0x00007ff8be7a0000 - 0x00007ff8be7d1000 	C:\WINDOWS\System32\IMM32.DLL
0x00007ff8ae230000 - 0x00007ff8ae23c000 	C:\Program Files\Eclipse Adoptium\jdk-21.0.7.6-hotspot\bin\vcruntime140_1.dll
0x00007ff8a8c80000 - 0x00007ff8a8d0d000 	C:\Program Files\Eclipse Adoptium\jdk-21.0.7.6-hotspot\bin\msvcp140.dll
0x00007ff82a5e0000 - 0x00007ff82b370000 	C:\Program Files\Eclipse Adoptium\jdk-21.0.7.6-hotspot\bin\server\jvm.dll
0x00007ff8bd4f0000 - 0x00007ff8bd5a1000 	C:\WINDOWS\System32\ADVAPI32.dll
0x00007ff8be130000 - 0x00007ff8be1d8000 	C:\WINDOWS\System32\sechost.dll
0x00007ff8bc360000 - 0x00007ff8bc388000 	C:\WINDOWS\System32\bcrypt.dll
0x00007ff8be310000 - 0x00007ff8be424000 	C:\WINDOWS\System32\RPCRT4.dll
0x00007ff8bd210000 - 0x00007ff8bd281000 	C:\WINDOWS\System32\WS2_32.dll
0x00007ff8bc0e0000 - 0x00007ff8bc12d000 	C:\WINDOWS\SYSTEM32\POWRPROF.dll
0x00007ff8ad770000 - 0x00007ff8ad7a4000 	C:\WINDOWS\SYSTEM32\WINMM.dll
0x00007ff8acf20000 - 0x00007ff8acf2a000 	C:\WINDOWS\SYSTEM32\VERSION.dll
0x00007ff8bc0b0000 - 0x00007ff8bc0c3000 	C:\WINDOWS\SYSTEM32\UMPDC.dll
0x00007ff8bb230000 - 0x00007ff8bb248000 	C:\WINDOWS\SYSTEM32\kernel.appcore.dll
0x00007ff8ae1b0000 - 0x00007ff8ae1ba000 	C:\Program Files\Eclipse Adoptium\jdk-21.0.7.6-hotspot\bin\jimage.dll
0x00007ff8b9e00000 - 0x00007ff8ba033000 	C:\WINDOWS\SYSTEM32\DBGHELP.DLL
0x00007ff8be7e0000 - 0x00007ff8beb73000 	C:\WINDOWS\System32\combase.dll
0x00007ff8be1e0000 - 0x00007ff8be2b7000 	C:\WINDOWS\System32\OLEAUT32.dll
0x00007ff8abbe0000 - 0x00007ff8abc12000 	C:\WINDOWS\SYSTEM32\dbgcore.DLL
0x00007ff8bc910000 - 0x00007ff8bc98b000 	C:\WINDOWS\System32\bcryptPrimitives.dll
0x00007ff8a9570000 - 0x00007ff8a957f000 	C:\Program Files\Eclipse Adoptium\jdk-21.0.7.6-hotspot\bin\instrument.dll
0x00007ff8a8e10000 - 0x00007ff8a8e2f000 	C:\Program Files\Eclipse Adoptium\jdk-21.0.7.6-hotspot\bin\java.dll
0x00007ff8bd790000 - 0x00007ff8be032000 	C:\WINDOWS\System32\SHELL32.dll
0x00007ff8bcb00000 - 0x00007ff8bcc3f000 	C:\WINDOWS\System32\wintypes.dll
0x00007ff8ba130000 - 0x00007ff8baa4e000 	C:\WINDOWS\SYSTEM32\windows.storage.dll
0x00007ff8bd100000 - 0x00007ff8bd20b000 	C:\WINDOWS\System32\SHCORE.dll
0x00007ff8bd620000 - 0x00007ff8bd689000 	C:\WINDOWS\System32\shlwapi.dll
0x00007ff8bc130000 - 0x00007ff8bc15b000 	C:\WINDOWS\SYSTEM32\profapi.dll
0x00007ff899580000 - 0x00007ff899657000 	C:\Program Files\Eclipse Adoptium\jdk-21.0.7.6-hotspot\bin\jsvml.dll
0x00007ff8a8c60000 - 0x00007ff8a8c78000 	C:\Program Files\Eclipse Adoptium\jdk-21.0.7.6-hotspot\bin\zip.dll
0x00007ff8ae1a0000 - 0x00007ff8ae1b0000 	C:\Program Files\Eclipse Adoptium\jdk-21.0.7.6-hotspot\bin\net.dll
0x00007ff8ad590000 - 0x00007ff8ad6bc000 	C:\WINDOWS\SYSTEM32\WINHTTP.dll
0x00007ff8bb6b0000 - 0x00007ff8bb719000 	C:\WINDOWS\system32\mswsock.dll
0x00007ff8a8d50000 - 0x00007ff8a8d66000 	C:\Program Files\Eclipse Adoptium\jdk-21.0.7.6-hotspot\bin\nio.dll
0x00007ff8a8a80000 - 0x00007ff8a8a90000 	C:\Program Files\Eclipse Adoptium\jdk-21.0.7.6-hotspot\bin\verify.dll
0x00007ff8a9460000 - 0x00007ff8a9487000 	C:\Users\ofatt\.gradle\native\c067742578af261105cb4f569cf0c3c89f3d7b1fecec35dd04571415982c5e48\windows-amd64\native-platform.dll
0x00007ff8a0390000 - 0x00007ff8a04d4000 	C:\Users\ofatt\.gradle\native\100fb08df4bc3b14c8652ba06237920a3bd2aa13389f12d3474272988ae205f9\windows-amd64\native-platform-file-events.dll
0x00007ff8a9270000 - 0x00007ff8a927a000 	C:\Program Files\Eclipse Adoptium\jdk-21.0.7.6-hotspot\bin\management.dll
0x00007ff8a8f00000 - 0x00007ff8a8f0b000 	C:\Program Files\Eclipse Adoptium\jdk-21.0.7.6-hotspot\bin\management_ext.dll
0x00007ff8bd700000 - 0x00007ff8bd708000 	C:\WINDOWS\System32\PSAPI.DLL
0x00007ff8bb900000 - 0x00007ff8bb91b000 	C:\WINDOWS\SYSTEM32\CRYPTSP.dll
0x00007ff8bb190000 - 0x00007ff8bb1c7000 	C:\WINDOWS\system32\rsaenh.dll
0x00007ff8bb7a0000 - 0x00007ff8bb7c8000 	C:\WINDOWS\SYSTEM32\USERENV.dll
0x00007ff8bb920000 - 0x00007ff8bb92c000 	C:\WINDOWS\SYSTEM32\CRYPTBASE.dll
0x00007ff8bacf0000 - 0x00007ff8bad1d000 	C:\WINDOWS\SYSTEM32\IPHLPAPI.DLL
0x00007ff8be790000 - 0x00007ff8be799000 	C:\WINDOWS\System32\NSI.dll
0x00007ff8a8f10000 - 0x00007ff8a8f19000 	C:\Program Files\Eclipse Adoptium\jdk-21.0.7.6-hotspot\bin\extnet.dll
0x00007ff8a8f20000 - 0x00007ff8a8f2e000 	C:\Program Files\Eclipse Adoptium\jdk-21.0.7.6-hotspot\bin\sunmscapi.dll
0x00007ff8bc990000 - 0x00007ff8bcaf7000 	C:\WINDOWS\System32\CRYPT32.dll
0x00007ff8bbaa0000 - 0x00007ff8bbacd000 	C:\WINDOWS\SYSTEM32\ncrypt.dll
0x00007ff8bba60000 - 0x00007ff8bba97000 	C:\WINDOWS\SYSTEM32\NTASN1.dll
0x00007ff8912a0000 - 0x00007ff8912a8000 	C:\WINDOWS\system32\wshunix.dll
0x00007ff8a6680000 - 0x00007ff8a6697000 	C:\WINDOWS\system32\napinsp.dll
0x00007ff89f4b0000 - 0x00007ff89f4cb000 	C:\WINDOWS\system32\pnrpnsp.dll
0x00007ff8bad20000 - 0x00007ff8bae18000 	C:\WINDOWS\SYSTEM32\DNSAPI.dll
0x00007ff89f490000 - 0x00007ff89f4a1000 	C:\WINDOWS\System32\winrnr.dll
0x00007ff8ad570000 - 0x00007ff8ad58f000 	C:\WINDOWS\system32\wshbth.dll
0x00007ff89f460000 - 0x00007ff89f481000 	C:\WINDOWS\system32\nlansp_c.dll
0x00007ff8a90d0000 - 0x00007ff8a90da000 	C:\Windows\System32\rasadhlp.dll
0x00007ff8acdf0000 - 0x00007ff8ace74000 	C:\WINDOWS\System32\fwpuclnt.dll
0x00007ff8b82f0000 - 0x00007ff8b8388000 	C:\WINDOWS\system32\apphelp.dll

dbghelp: loaded successfully - version: 4.0.5 - missing functions: none
symbol engine: initialized successfully - sym options: 0x614 - pdb path: .;C:\Program Files\Eclipse Adoptium\jdk-21.0.7.6-hotspot\bin;C:\WINDOWS\SYSTEM32;C:\Program Files\Avast Software\Avast;C:\WINDOWS\WinSxS\amd64_microsoft.windows.common-controls_6595b64144ccf1df_6.0.22621.5415_none_270d77d17387d7da;C:\Program Files\Eclipse Adoptium\jdk-21.0.7.6-hotspot\bin\server;C:\Users\ofatt\.gradle\native\c067742578af261105cb4f569cf0c3c89f3d7b1fecec35dd04571415982c5e48\windows-amd64;C:\Users\ofatt\.gradle\native\100fb08df4bc3b14c8652ba06237920a3bd2aa13389f12d3474272988ae205f9\windows-amd64

VM Arguments:
jvm_args: --add-opens=java.base/java.util=ALL-UNNAMED --add-opens=java.base/java.lang=ALL-UNNAMED --add-opens=java.base/java.lang.invoke=ALL-UNNAMED --add-opens=java.prefs/java.util.prefs=ALL-UNNAMED --add-exports=jdk.compiler/com.sun.tools.javac.api=ALL-UNNAMED --add-exports=jdk.compiler/com.sun.tools.javac.util=ALL-UNNAMED --add-opens=java.base/java.nio.charset=ALL-UNNAMED --add-opens=java.base/java.net=ALL-UNNAMED --add-opens=java.base/java.util.concurrent.atomic=ALL-UNNAMED -Xmx4096m -Dfile.encoding=UTF-8 -Duser.country=ES -Duser.language=es -Duser.variant -javaagent:C:\Users\ofatt\.gradle\wrapper\dists\gradle-8.9-bin\90cnw93cvbtalezasaz0blq0a\gradle-8.9\lib\agents\gradle-instrumentation-agent-8.9.jar 
java_command: org.gradle.launcher.daemon.bootstrap.GradleDaemon 8.9
java_class_path (initial): C:\Users\ofatt\.gradle\wrapper\dists\gradle-8.9-bin\90cnw93cvbtalezasaz0blq0a\gradle-8.9\lib\gradle-daemon-main-8.9.jar
Launcher Type: SUN_STANDARD

[Global flags]
     intx CICompilerCount                          = 2                                         {product} {ergonomic}
     uint ConcGCThreads                            = 1                                         {product} {ergonomic}
     uint G1ConcRefinementThreads                  = 2                                         {product} {ergonomic}
   size_t G1HeapRegionSize                         = 2097152                                   {product} {ergonomic}
    uintx GCDrainStackTargetSize                   = 64                                        {product} {ergonomic}
   size_t InitialHeapSize                          = 67108864                                  {product} {ergonomic}
   size_t MarkStackSize                            = 4194304                                   {product} {ergonomic}
   size_t MaxHeapSize                              = 4294967296                                {product} {command line}
   size_t MaxNewSize                               = 2575302656                                {product} {ergonomic}
   size_t MinHeapDeltaBytes                        = 2097152                                   {product} {ergonomic}
   size_t MinHeapSize                              = 8388608                                   {product} {ergonomic}
    uintx NonNMethodCodeHeapSize                   = 5826188                                {pd product} {ergonomic}
    uintx NonProfiledCodeHeapSize                  = 122916026                              {pd product} {ergonomic}
    uintx ProfiledCodeHeapSize                     = 122916026                              {pd product} {ergonomic}
    uintx ReservedCodeCacheSize                    = 251658240                              {pd product} {ergonomic}
     bool SegmentedCodeCache                       = true                                      {product} {ergonomic}
   size_t SoftMaxHeapSize                          = 4294967296                             {manageable} {ergonomic}
     bool UseCompressedOops                        = true                           {product lp64_product} {ergonomic}
     bool UseG1GC                                  = true                                      {product} {ergonomic}
     bool UseLargePagesIndividualAllocation        = false                                  {pd product} {ergonomic}

Logging:
Log output configuration:
 #0: stdout all=warning uptime,level,tags foldmultilines=false
 #1: stderr all=off uptime,level,tags foldmultilines=false

Environment Variables:
JAVA_HOME=C:\Program Files\Eclipse Adoptium\jdk-21.0.7.6-hotspot
CLASSPATH=C:\Users\ofatt\AndroidStudioProjects\GameBooster\\gradle\wrapper\gradle-wrapper.jar
PATH=C:\Users\ofatt\AppData\Roaming\Cursor\User\globalStorage\pleiades.java-extension-pack-jdk\gradle\latest\bin;C:\Users\ofatt\AppData\Roaming\Cursor\User\globalStorage\pleiades.java-extension-pack-jdk\maven\latest\bin;C:\Program Files\Eclipse Adoptium\jdk-21.0.7.6-hotspot\bin;C:\Program Files\Eclipse Adoptium\jdk-21.0.7.6-hotspot\bin;C:\Program Files\Common Files\Oracle\Java\javapath;C:\WINDOWS\system32;C:\WINDOWS;C:\WINDOWS\System32\Wbem;C:\WINDOWS\System32\WindowsPowerShell\v1.0\;C:\WINDOWS\System32\OpenSSH\;C:\Program Files (x86)\AutoFirma\AutoFirma;C:\Program Files\GitHub CLI\;C:\Program Files\Git\cmd;C:\Program Files\apache-maven-3.9.9\bin;C:\Program Files\apache-maven-3.9.9;C:\Users\ofatt\AppData\Local\Microsoft\WindowsApps;C:\Users\ofatt\AppData\Local\Microsoft\WinGet\Packages\Schniz.fnm_Microsoft.Winget.Source_8wekyb3d8bbwe;C:\Program Files\heroku\bin;C:\Program Files\Eclipse Adoptium\jdk-21.0.7.6-hotspot\bin;C:\Program Files\Android\Android Studio\jbr\bin;C:\Program Files\apache-maven-3.9.9\apache-maven-3.9.9\bin;C:\Users\ofatt\.gradle\wrapper\dists\gradle-8.9-bin\90cnw93cvbtalezasaz0blq0a

\bin;C:\Users\ofatt\AppData\Local\Programs\cursor\resources\app\bin;C:\Users\ofatt\AppData\Local\Programs\Windsurf\bin
USERNAME=ofatt
LANG=en_US.UTF-8
OS=Windows_NT
PROCESSOR_IDENTIFIER=Intel64 Family 6 Model 142 Stepping 11, GenuineIntel
TMP=C:\Users\ofatt\AppData\Local\Temp
TEMP=C:\Users\ofatt\AppData\Local\Temp




Periodic native trim disabled

---------------  S Y S T E M  ---------------

OS:
 Windows 11 , 64 bit Build 22621 (10.0.22621.5415)
OS uptime: 2 days 13:39 hours

CPU: total 2 (initial active 2) (2 cores per cpu, 1 threads per core) family 6 model 142 stepping 11 microcode 0xde, cx8, cmov, fxsr, mmx, 3dnowpref, sse, sse2, sse3, ssse3, sse4.1, sse4.2, popcnt, lzcnt, tsc, tscinvbit, aes, erms, clmul, clflush, clflushopt, rdtscp
Processor Information for the first 2 processors :
  Max Mhz: 1800, Current Mhz: 1800, Mhz Limit: 1800

Memory: 4k page, system-wide physical 3976M (340M free)
TotalPageFile size 16264M (AvailPageFile size 413M)
current process WorkingSet (physical memory assigned to process): 174M, peak: 355M
current process commit charge ("private bytes"): 557M, peak: 569M

vm_info: OpenJDK 64-Bit Server VM (21.0.7+6-LTS) for windows-amd64 JRE (21.0.7+6-LTS), built on 2025-04-15T00:00:00Z by "admin" with MS VC++ 17.7 (VS2022)

END.
