#
# There is insufficient memory for the Java Runtime Environment to continue.
# Native memory allocation (mmap) failed to map 455081984 bytes. Error detail: G1 virtual space
# Possible reasons:
#   The system is out of physical RAM or swap space
#   This process is running with CompressedOops enabled, and the Java Heap may be blocking the growth of the native heap
# Possible solutions:
#   Reduce memory load on the system
#   Increase physical memory or swap space
#   Check if swap backing store is full
#   Decrease Java heap size (-Xmx/-Xms)
#   Decrease number of Java threads
#   Decrease Java thread stack sizes (-Xss)
#   Set larger code cache with -XX:ReservedCodeCacheSize=
#   JVM is running with Zero Based Compressed Oops mode in which the Java heap is
#     placed in the first 32GB address space. The Java Heap base address is the
#     maximum limit for the native heap growth. Please use -XX:HeapBaseMinAddress
#     to set the Java Heap base and to place the Java Heap above 32GB virtual address.
# This output file may be truncated or incomplete.
#
#  Out of Memory Error (os_windows.cpp:3815), pid=7876, tid=17152
#
# JRE version: OpenJDK Runtime Environment (21.0.3) (build 21.0.3+-12282718-b509.11)
# Java VM: OpenJDK 64-Bit Server VM (21.0.3+-12282718-b509.11, mixed mode, tiered, compressed oops, compressed class ptrs, g1 gc, windows-amd64)
# No core dump will be written. Minidumps are not enabled by default on client versions of Windows
#

---------------  S U M M A R Y ------------

Command Line: --add-opens=java.base/java.util=ALL-UNNAMED --add-opens=java.base/java.lang=ALL-UNNAMED --add-opens=java.base/java.lang.invoke=ALL-UNNAMED --add-opens=java.prefs/java.util.prefs=ALL-UNNAMED --add-exports=jdk.compiler/com.sun.tools.javac.api=ALL-UNNAMED --add-exports=jdk.compiler/com.sun.tools.javac.util=ALL-UNNAMED --add-opens=java.base/java.nio.charset=ALL-UNNAMED --add-opens=java.base/java.net=ALL-UNNAMED --add-opens=java.base/java.util.concurrent.atomic=ALL-UNNAMED -Xmx4096m -Dfile.encoding=UTF-8 -Duser.country=ES -Duser.language=es -Duser.variant -javaagent:C:\Users\ofatt\.gradle\wrapper\dists\gradle-8.9-bin\90cnw93cvbtalezasaz0blq0a\gradle-8.9\lib\agents\gradle-instrumentation-agent-8.9.jar org.gradle.launcher.daemon.bootstrap.GradleDaemon 8.9

Host: Intel(R) Celeron(R) CPU 4205U @ 1.80GHz, 2 cores, 3G,  Windows 11 , 64 bit Build 22621 (10.0.22621.5415)
Time: Tue Sep  2 15:32:28 2025 Hora de verano romance elapsed time: 1138.911968 seconds (0d 0h 18m 58s)

---------------  T H R E A D  ---------------

Current thread (0x0000029e49060c30):  VMThread "VM Thread"          [id=17152, stack(0x000000ae59300000,0x000000ae59400000) (1024K)]

Stack: [0x000000ae59300000,0x000000ae59400000]
Native frames: (J=compiled Java code, j=interpreted, Vv=VM code, C=native code)
V  [jvm.dll+0x6cafb9]
V  [jvm.dll+0x858523]
V  [jvm.dll+0x85aa7e]
V  [jvm.dll+0x85b163]
V  [jvm.dll+0x27d356]
V  [jvm.dll+0x6c7865]
V  [jvm.dll+0x6bbd3a]
V  [jvm.dll+0x35199b]
V  [jvm.dll+0x3595d6]
V  [jvm.dll+0x3aa826]
V  [jvm.dll+0x3aaaf8]
V  [jvm.dll+0x3240bc]
V  [jvm.dll+0x324147]
V  [jvm.dll+0x36a00c]
V  [jvm.dll+0x36879e]
V  [jvm.dll+0x3237c1]
V  [jvm.dll+0x367eb0]
V  [jvm.dll+0x860ac8]
V  [jvm.dll+0x861bc4]
V  [jvm.dll+0x862100]
V  [jvm.dll+0x862393]
V  [jvm.dll+0x800d78]
V  [jvm.dll+0x6c98cd]
C  [ucrtbase.dll+0x29333]
C  [KERNEL32.DLL+0x1259d]
C  [ntdll.dll+0x5af78]

VM_Operation (0x000000ae5b4fb190): G1CollectForAllocation, mode: safepoint, requested by thread 0x0000029e4ed94500


---------------  P R O C E S S  ---------------

Threads class SMR info:
_java_thread_list=0x0000029e50df82d0, length=37, elements={
0x0000029e2dc32aa0, 0x0000029e490ae720, 0x0000029e491ec090, 0x0000029e4920afd0,
0x0000029e4920b640, 0x0000029e4920c840, 0x0000029e4920d2a0, 0x0000029e49213e10,
0x0000029e4927d250, 0x0000029e2fe2c220, 0x0000029e495464a0, 0x0000029e4ec58010,
0x0000029e4ec98870, 0x0000029e4e81b8d0, 0x0000029e49bbb4b0, 0x0000029e4e11ffe0,
0x0000029e4eb90c50, 0x0000029e4edd22e0, 0x0000029e4ee7f380, 0x0000029e4ee7d940,
0x0000029e4ee7e660, 0x0000029e4ee7fa10, 0x0000029e4ee800a0, 0x0000029e4ee80730,
0x0000029e4ee7d2b0, 0x0000029e4ee7dfd0, 0x0000029e4ed965d0, 0x0000029e4ed937e0,
0x0000029e4ed93e70, 0x0000029e4ed96c60, 0x0000029e4ed93150, 0x0000029e4ed95220,
0x0000029e4ed94b90, 0x0000029e4ed972f0, 0x0000029e4ed95f40, 0x0000029e4ed97980,
0x0000029e4ed94500
}

Java Threads: ( => current thread )
  0x0000029e2dc32aa0 JavaThread "main"                              [_thread_blocked, id=13032, stack(0x000000ae58c00000,0x000000ae58d00000) (1024K)]
  0x0000029e490ae720 JavaThread "Reference Handler"          daemon [_thread_blocked, id=16348, stack(0x000000ae59400000,0x000000ae59500000) (1024K)]
  0x0000029e491ec090 JavaThread "Finalizer"                  daemon [_thread_blocked, id=15388, stack(0x000000ae59500000,0x000000ae59600000) (1024K)]
  0x0000029e4920afd0 JavaThread "Signal Dispatcher"          daemon [_thread_blocked, id=11168, stack(0x000000ae59600000,0x000000ae59700000) (1024K)]
  0x0000029e4920b640 JavaThread "Attach Listener"            daemon [_thread_blocked, id=15688, stack(0x000000ae59700000,0x000000ae59800000) (1024K)]
  0x0000029e4920c840 JavaThread "Service Thread"             daemon [_thread_blocked, id=14716, stack(0x000000ae59800000,0x000000ae59900000) (1024K)]
  0x0000029e4920d2a0 JavaThread "Monitor Deflation Thread"   daemon [_thread_blocked, id=17388, stack(0x000000ae59900000,0x000000ae59a00000) (1024K)]
  0x0000029e49213e10 JavaThread "C2 CompilerThread0"         daemon [_thread_blocked, id=7200, stack(0x000000ae59a00000,0x000000ae59b00000) (1024K)]
  0x0000029e4927d250 JavaThread "C1 CompilerThread0"         daemon [_thread_blocked, id=8456, stack(0x000000ae59b00000,0x000000ae59c00000) (1024K)]
  0x0000029e2fe2c220 JavaThread "Common-Cleaner"             daemon [_thread_blocked, id=14428, stack(0x000000ae59c00000,0x000000ae59d00000) (1024K)]
  0x0000029e495464a0 JavaThread "Notification Thread"        daemon [_thread_blocked, id=6020, stack(0x000000ae59d00000,0x000000ae59e00000) (1024K)]
  0x0000029e4ec58010 JavaThread "Daemon health stats"               [_thread_blocked, id=13892, stack(0x000000ae58a00000,0x000000ae58b00000) (1024K)]
  0x0000029e4ec98870 JavaThread "Incoming local TCP Connector on port 52170"        [_thread_in_native, id=7744, stack(0x000000ae58b00000,0x000000ae58c00000) (1024K)]
  0x0000029e4e81b8d0 JavaThread "Daemon periodic checks"            [_thread_blocked, id=14152, stack(0x000000ae59f00000,0x000000ae5a000000) (1024K)]
  0x0000029e49bbb4b0 JavaThread "Daemon"                            [_thread_blocked, id=14708, stack(0x000000ae58900000,0x000000ae58a00000) (1024K)]
  0x0000029e4e11ffe0 JavaThread "Handler for socket connection from /127.0.0.1:52170 to /127.0.0.1:52198"        [_thread_in_native, id=13052, stack(0x000000ae5a000000,0x000000ae5a100000) (1024K)]
  0x0000029e4eb90c50 JavaThread "Cancel handler"                    [_thread_blocked, id=13612, stack(0x000000ae5a100000,0x000000ae5a200000) (1024K)]
  0x0000029e4edd22e0 JavaThread "Daemon worker"                     [_thread_blocked, id=17908, stack(0x000000ae5a200000,0x000000ae5a300000) (1024K)]
  0x0000029e4ee7f380 JavaThread "Asynchronous log dispatcher for DefaultDaemonConnection: socket connection from /127.0.0.1:52170 to /127.0.0.1:52198"        [_thread_blocked, id=9400, stack(0x000000ae5a300000,0x000000ae5a400000) (1024K)]
  0x0000029e4ee7d940 JavaThread "Stdin handler"                     [_thread_blocked, id=5704, stack(0x000000ae5a400000,0x000000ae5a500000) (1024K)]
  0x0000029e4ee7e660 JavaThread "Daemon client event forwarder"        [_thread_blocked, id=11820, stack(0x000000ae5a500000,0x000000ae5a600000) (1024K)]
  0x0000029e4ee7fa10 JavaThread "Cache worker for journal cache (C:\Users\ofatt\.gradle\caches\journal-1)"        [_thread_blocked, id=14520, stack(0x000000ae5a600000,0x000000ae5a700000) (1024K)]
  0x0000029e4ee800a0 JavaThread "File lock request listener"        [_thread_in_native, id=16376, stack(0x000000ae5a700000,0x000000ae5a800000) (1024K)]
  0x0000029e4ee80730 JavaThread "Cache worker for file hash cache (C:\Users\ofatt\.gradle\caches\8.9\fileHashes)"        [_thread_blocked, id=17800, stack(0x000000ae5a800000,0x000000ae5a900000) (1024K)]
  0x0000029e4ee7d2b0 JavaThread "Cache worker for file hash cache (C:\Users\ofatt\AndroidStudioProjects\GameBooster\.gradle\8.9\fileHashes)"        [_thread_blocked, id=8668, stack(0x000000ae5aa00000,0x000000ae5ab00000) (1024K)]
  0x0000029e4ee7dfd0 JavaThread "Cache worker for Build Output Cleanup Cache (C:\Users\ofatt\AndroidStudioProjects\GameBooster\.gradle\buildOutputCleanup)"        [_thread_blocked, id=17572, stack(0x000000ae5ab00000,0x000000ae5ac00000) (1024K)]
  0x0000029e4ed965d0 JavaThread "File watcher server"        daemon [_thread_in_native, id=16200, stack(0x000000ae5ac00000,0x000000ae5ad00000) (1024K)]
  0x0000029e4ed937e0 JavaThread "File watcher consumer"      daemon [_thread_blocked, id=16560, stack(0x000000ae5ad00000,0x000000ae5ae00000) (1024K)]
  0x0000029e4ed93e70 JavaThread "jar transforms"                    [_thread_blocked, id=13524, stack(0x000000ae5ae00000,0x000000ae5af00000) (1024K)]
  0x0000029e4ed96c60 JavaThread "jar transforms Thread 2"           [_thread_blocked, id=14172, stack(0x000000ae5af00000,0x000000ae5b000000) (1024K)]
  0x0000029e4ed93150 JavaThread "Cache worker for checksums cache (C:\Users\ofatt\AndroidStudioProjects\GameBooster\.gradle\8.9\checksums)"        [_thread_blocked, id=13860, stack(0x000000ae5b000000,0x000000ae5b100000) (1024K)]
  0x0000029e4ed95220 JavaThread "Cache worker for file content cache (C:\Users\ofatt\.gradle\caches\8.9\fileContent)"        [_thread_blocked, id=14980, stack(0x000000ae5b100000,0x000000ae5b200000) (1024K)]
  0x0000029e4ed94b90 JavaThread "Cache worker for cache directory md-rule (C:\Users\ofatt\.gradle\caches\8.9\md-rule)"        [_thread_blocked, id=13848, stack(0x000000ae5b200000,0x000000ae5b300000) (1024K)]
  0x0000029e4ed972f0 JavaThread "Cache worker for cache directory md-supplier (C:\Users\ofatt\.gradle\caches\8.9\md-supplier)"        [_thread_blocked, id=17188, stack(0x000000ae5b300000,0x000000ae5b400000) (1024K)]
  0x0000029e4ed95f40 JavaThread "Unconstrained build operations"        [_thread_blocked, id=10368, stack(0x000000ae5a900000,0x000000ae5aa00000) (1024K)]
  0x0000029e4ed97980 JavaThread "Unconstrained build operations Thread 2"        [_thread_blocked, id=17872, stack(0x000000ae5b600000,0x000000ae5b700000) (1024K)]
  0x0000029e4ed94500 JavaThread "Unconstrained build operations Thread 3"        [_thread_blocked, id=14424, stack(0x000000ae5b400000,0x000000ae5b500000) (1024K)]
Total: 37

Other Threads:
=>0x0000029e49060c30 VMThread "VM Thread"                           [id=17152, stack(0x000000ae59300000,0x000000ae59400000) (1024K)]
  0x0000029e2fe2b550 WatcherThread "VM Periodic Task Thread"        [id=17132, stack(0x000000ae59200000,0x000000ae59300000) (1024K)]
  0x0000029e2fdd5430 WorkerThread "GC Thread#0"                     [id=16312, stack(0x000000ae58d00000,0x000000ae58e00000) (1024K)]
  0x0000029e495b7d90 WorkerThread "GC Thread#1"                     [id=11720, stack(0x000000ae59e00000,0x000000ae59f00000) (1024K)]
  0x0000029e2fde6580 ConcurrentGCThread "G1 Main Marker"            [id=14872, stack(0x000000ae58e00000,0x000000ae58f00000) (1024K)]
  0x0000029e2fde7990 WorkerThread "G1 Conc#0"                       [id=2232, stack(0x000000ae58f00000,0x000000ae59000000) (1024K)]
  0x0000029e2fe1c830 ConcurrentGCThread "G1 Refine#0"               [id=5484, stack(0x000000ae59000000,0x000000ae59100000) (1024K)]
  0x0000029e2fe1d3a0 ConcurrentGCThread "G1 Service"                [id=13164, stack(0x000000ae59100000,0x000000ae59200000) (1024K)]
Total: 8

Threads with active compile tasks:
Total: 0

VM state: at safepoint (normal execution)

VM Mutex/Monitor currently owned by a thread:  ([mutex/lock_event])
[0x00007fffcac520c8] Threads_lock - owner thread: 0x0000029e49060c30
[0x00007fffcac521c8] Heap_lock - owner thread: 0x0000029e4ed94500

Heap address: 0x0000000700000000, size: 4096 MB, Compressed Oops mode: Zero based, Oop shift amount: 3

CDS archive(s) not mapped
Compressed class space mapped at: 0x0000000800000000-0x0000000840000000, reserved size: 1073741824
Narrow klass base: 0x0000000800000000, Narrow klass shift: 0, Narrow klass range: 0x40000000

GC Precious Log:
 CardTable entry size: 512
 Card Set container configuration: InlinePtr #cards 4 size 8 Array Of Cards #cards 16 size 48 Howl #buckets 8 coarsen threshold 3686 Howl Bitmap #cards 512 size 80 coarsen threshold 460 Card regions per heap region 1 cards per card region 4096
 CPUs: 2 total, 2 available
 Memory: 3976M
 Large Page Support: Disabled
 NUMA Support: Disabled
 Compressed Oops: Enabled (Zero based)
 Heap Region Size: 2M
 Heap Min Capacity: 8M
 Heap Initial Capacity: 64M
 Heap Max Capacity: 4G
 Pre-touch: Disabled
 Parallel Workers: 2
 Concurrent Workers: 1
 Concurrent Refinement Workers: 2
 Periodic GC: Disabled

Heap:
 garbage-first heap   total 458752K, used 96988K [0x0000000700000000, 0x0000000800000000)
  region size 2048K, 1 young (2048K), 1 survivors (2048K)
 Metaspace       used 64418K, committed 65920K, reserved 1114112K
  class space    used 8742K, committed 9472K, reserved 1048576K

Heap Regions: E=young(eden), S=young(survivor), O=old, HS=humongous(starts), HC=humongous(continues), CS=collection set, F=free, TAMS=top-at-mark-start, PB=parsable bottom
|   0|0x0000000700000000, 0x0000000700200000, 0x0000000700200000|100%| O|  |TAMS 0x0000000700000000| PB 0x0000000700000000| Untracked 
|   1|0x0000000700200000, 0x0000000700400000, 0x0000000700400000|100%| O|  |TAMS 0x0000000700200000| PB 0x0000000700200000| Untracked 
|   2|0x0000000700400000, 0x0000000700600000, 0x0000000700600000|100%|HS|  |TAMS 0x0000000700400000| PB 0x0000000700400000| Complete 
|   3|0x0000000700600000, 0x0000000700800000, 0x0000000700800000|100%|HC|  |TAMS 0x0000000700600000| PB 0x0000000700600000| Complete 
|   4|0x0000000700800000, 0x0000000700a00000, 0x0000000700a00000|100%| O|  |TAMS 0x0000000700800000| PB 0x0000000700800000| Untracked 
|   5|0x0000000700a00000, 0x0000000700c00000, 0x0000000700c00000|100%| O|  |TAMS 0x0000000700a00000| PB 0x0000000700a00000| Untracked 
|   6|0x0000000700c00000, 0x0000000700e00000, 0x0000000700e00000|100%| O|  |TAMS 0x0000000700c00000| PB 0x0000000700c00000| Untracked 
|   7|0x0000000700e00000, 0x0000000701000000, 0x0000000701000000|100%| O|  |TAMS 0x0000000700e00000| PB 0x0000000700e00000| Untracked 
|   8|0x0000000701000000, 0x0000000701200000, 0x0000000701200000|100%| O|  |TAMS 0x0000000701000000| PB 0x0000000701000000| Untracked 
|   9|0x0000000701200000, 0x0000000701400000, 0x0000000701400000|100%| O|  |TAMS 0x0000000701200000| PB 0x0000000701200000| Untracked 
|  10|0x0000000701400000, 0x0000000701600000, 0x0000000701600000|100%| O|  |TAMS 0x0000000701400000| PB 0x0000000701400000| Untracked 
|  11|0x0000000701600000, 0x0000000701800000, 0x0000000701800000|100%| O|  |TAMS 0x0000000701600000| PB 0x0000000701600000| Untracked 
|  12|0x0000000701800000, 0x0000000701a00000, 0x0000000701a00000|100%|HS|  |TAMS 0x0000000701800000| PB 0x0000000701800000| Complete 
|  13|0x0000000701a00000, 0x0000000701c00000, 0x0000000701c00000|100%| O|  |TAMS 0x0000000701a00000| PB 0x0000000701a00000| Untracked 
|  14|0x0000000701c00000, 0x0000000701e00000, 0x0000000701e00000|100%|HS|  |TAMS 0x0000000701c00000| PB 0x0000000701c00000| Complete 
|  15|0x0000000701e00000, 0x0000000702000000, 0x0000000702000000|100%|HC|  |TAMS 0x0000000701e00000| PB 0x0000000701e00000| Complete 
|  16|0x0000000702000000, 0x0000000702200000, 0x0000000702200000|100%| O|  |TAMS 0x0000000702000000| PB 0x0000000702000000| Untracked 
|  17|0x0000000702200000, 0x0000000702400000, 0x0000000702400000|100%|HS|  |TAMS 0x0000000702200000| PB 0x0000000702200000| Complete 
|  18|0x0000000702400000, 0x0000000702600000, 0x0000000702600000|100%|HC|  |TAMS 0x0000000702400000| PB 0x0000000702400000| Complete 
|  19|0x0000000702600000, 0x0000000702800000, 0x0000000702800000|100%|HC|  |TAMS 0x0000000702600000| PB 0x0000000702600000| Complete 
|  20|0x0000000702800000, 0x0000000702a00000, 0x0000000702a00000|100%| O|  |TAMS 0x0000000702800000| PB 0x0000000702800000| Untracked 
|  21|0x0000000702a00000, 0x0000000702c00000, 0x0000000702c00000|100%| O|  |TAMS 0x0000000702a00000| PB 0x0000000702a00000| Untracked 
|  22|0x0000000702c00000, 0x0000000702e00000, 0x0000000702e00000|100%| O|  |TAMS 0x0000000702c00000| PB 0x0000000702c00000| Untracked 
|  23|0x0000000702e00000, 0x0000000703000000, 0x0000000703000000|100%| O|  |TAMS 0x0000000702e00000| PB 0x0000000702e00000| Untracked 
|  24|0x0000000703000000, 0x0000000703200000, 0x0000000703200000|100%| O|  |TAMS 0x0000000703000000| PB 0x0000000703000000| Untracked 
|  25|0x0000000703200000, 0x0000000703400000, 0x0000000703400000|100%| O|  |TAMS 0x0000000703200000| PB 0x0000000703200000| Untracked 
|  26|0x0000000703400000, 0x0000000703600000, 0x0000000703600000|100%| O|  |TAMS 0x0000000703400000| PB 0x0000000703400000| Untracked 
|  27|0x0000000703600000, 0x0000000703800000, 0x0000000703800000|100%| O|  |TAMS 0x0000000703600000| PB 0x0000000703600000| Untracked 
|  28|0x0000000703800000, 0x0000000703a00000, 0x0000000703a00000|100%| O|  |TAMS 0x0000000703800000| PB 0x0000000703800000| Untracked 
|  29|0x0000000703a00000, 0x0000000703c00000, 0x0000000703c00000|100%| O|  |TAMS 0x0000000703a00000| PB 0x0000000703a00000| Untracked 
|  30|0x0000000703c00000, 0x0000000703e00000, 0x0000000703e00000|100%| O|  |TAMS 0x0000000703c00000| PB 0x0000000703c00000| Untracked 
|  31|0x0000000703e00000, 0x0000000704000000, 0x0000000704000000|100%| O|  |TAMS 0x0000000703e00000| PB 0x0000000703e00000| Untracked 
|  32|0x0000000704000000, 0x0000000704200000, 0x0000000704200000|100%| O|  |TAMS 0x0000000704000000| PB 0x0000000704000000| Untracked 
|  33|0x0000000704200000, 0x0000000704400000, 0x0000000704400000|100%| O|  |TAMS 0x0000000704200000| PB 0x0000000704200000| Untracked 
|  34|0x0000000704400000, 0x0000000704600000, 0x0000000704600000|100%| O|  |TAMS 0x0000000704400000| PB 0x0000000704400000| Untracked 
|  35|0x0000000704600000, 0x0000000704800000, 0x0000000704800000|100%|HS|  |TAMS 0x0000000704600000| PB 0x0000000704600000| Complete 
|  36|0x0000000704800000, 0x0000000704a00000, 0x0000000704a00000|100%| O|  |TAMS 0x0000000704800000| PB 0x0000000704800000| Untracked 
|  37|0x0000000704a00000, 0x0000000704c00000, 0x0000000704c00000|100%| O|  |TAMS 0x0000000704a00000| PB 0x0000000704a00000| Untracked 
|  38|0x0000000704c00000, 0x0000000704e00000, 0x0000000704e00000|100%| O|  |TAMS 0x0000000704c00000| PB 0x0000000704c00000| Untracked 
|  39|0x0000000704e00000, 0x0000000705000000, 0x0000000705000000|100%| O|  |TAMS 0x0000000704e00000| PB 0x0000000704e00000| Untracked 
|  40|0x0000000705000000, 0x00000007050f6980, 0x0000000705200000| 48%| O|  |TAMS 0x0000000705000000| PB 0x0000000705000000| Untracked 
|  41|0x0000000705200000, 0x0000000705400000, 0x0000000705400000|100%| O|  |TAMS 0x0000000705200000| PB 0x0000000705200000| Untracked 
|  42|0x0000000705400000, 0x0000000705600000, 0x0000000705600000|100%| O|  |TAMS 0x0000000705400000| PB 0x0000000705400000| Untracked 
|  43|0x0000000705600000, 0x0000000705800000, 0x0000000705800000|100%|HS|  |TAMS 0x0000000705600000| PB 0x0000000705600000| Complete 
|  44|0x0000000705800000, 0x0000000705a00000, 0x0000000705a00000|100%|HC|  |TAMS 0x0000000705800000| PB 0x0000000705800000| Complete 
|  45|0x0000000705a00000, 0x0000000705c00000, 0x0000000705c00000|100%|HC|  |TAMS 0x0000000705a00000| PB 0x0000000705a00000| Complete 
|  46|0x0000000705c00000, 0x0000000705c6b098, 0x0000000705e00000| 20%| O|  |TAMS 0x0000000705c00000| PB 0x0000000705c00000| Untracked 
|  47|0x0000000705e00000, 0x0000000705e00000, 0x0000000706000000|  0%| F|  |TAMS 0x0000000705e00000| PB 0x0000000705e00000| Untracked 
|  48|0x0000000706000000, 0x0000000706000000, 0x0000000706200000|  0%| F|  |TAMS 0x0000000706000000| PB 0x0000000706000000| Untracked 
|  49|0x0000000706200000, 0x0000000706200000, 0x0000000706400000|  0%| F|  |TAMS 0x0000000706200000| PB 0x0000000706200000| Untracked 
|  50|0x0000000706400000, 0x0000000706400000, 0x0000000706600000|  0%| F|  |TAMS 0x0000000706400000| PB 0x0000000706400000| Untracked 
|  51|0x0000000706600000, 0x0000000706600000, 0x0000000706800000|  0%| F|  |TAMS 0x0000000706600000| PB 0x0000000706600000| Untracked 
|  52|0x0000000706800000, 0x0000000706800000, 0x0000000706a00000|  0%| F|  |TAMS 0x0000000706800000| PB 0x0000000706800000| Untracked 
|  53|0x0000000706a00000, 0x0000000706a00000, 0x0000000706c00000|  0%| F|  |TAMS 0x0000000706a00000| PB 0x0000000706a00000| Untracked 
|  54|0x0000000706c00000, 0x0000000706c00000, 0x0000000706e00000|  0%| F|  |TAMS 0x0000000706c00000| PB 0x0000000706c00000| Untracked 
|  55|0x0000000706e00000, 0x0000000706e00000, 0x0000000707000000|  0%| F|  |TAMS 0x0000000706e00000| PB 0x0000000706e00000| Untracked 
|  56|0x0000000707000000, 0x0000000707000000, 0x0000000707200000|  0%| F|  |TAMS 0x0000000707000000| PB 0x0000000707000000| Untracked 
|  57|0x0000000707200000, 0x0000000707200000, 0x0000000707400000|  0%| F|  |TAMS 0x0000000707200000| PB 0x0000000707200000| Untracked 
|  58|0x0000000707400000, 0x0000000707400000, 0x0000000707600000|  0%| F|  |TAMS 0x0000000707400000| PB 0x0000000707400000| Untracked 
|  59|0x0000000707600000, 0x0000000707600000, 0x0000000707800000|  0%| F|  |TAMS 0x0000000707600000| PB 0x0000000707600000| Untracked 
|  60|0x0000000707800000, 0x0000000707800000, 0x0000000707a00000|  0%| F|  |TAMS 0x0000000707800000| PB 0x0000000707800000| Untracked 
|  61|0x0000000707a00000, 0x0000000707a00000, 0x0000000707c00000|  0%| F|  |TAMS 0x0000000707a00000| PB 0x0000000707a00000| Untracked 
|  62|0x0000000707c00000, 0x0000000707c00000, 0x0000000707e00000|  0%| F|  |TAMS 0x0000000707c00000| PB 0x0000000707c00000| Untracked 
|  63|0x0000000707e00000, 0x0000000707e00000, 0x0000000708000000|  0%| F|  |TAMS 0x0000000707e00000| PB 0x0000000707e00000| Untracked 
|  64|0x0000000708000000, 0x0000000708000000, 0x0000000708200000|  0%| F|  |TAMS 0x0000000708000000| PB 0x0000000708000000| Untracked 
|  65|0x0000000708200000, 0x0000000708200000, 0x0000000708400000|  0%| F|  |TAMS 0x0000000708200000| PB 0x0000000708200000| Untracked 
|  66|0x0000000708400000, 0x0000000708400000, 0x0000000708600000|  0%| F|  |TAMS 0x0000000708400000| PB 0x0000000708400000| Untracked 
|  67|0x0000000708600000, 0x0000000708600000, 0x0000000708800000|  0%| F|  |TAMS 0x0000000708600000| PB 0x0000000708600000| Untracked 
|  68|0x0000000708800000, 0x0000000708800000, 0x0000000708a00000|  0%| F|  |TAMS 0x0000000708800000| PB 0x0000000708800000| Untracked 
|  69|0x0000000708a00000, 0x0000000708a00000, 0x0000000708c00000|  0%| F|  |TAMS 0x0000000708a00000| PB 0x0000000708a00000| Untracked 
|  70|0x0000000708c00000, 0x0000000708c00000, 0x0000000708e00000|  0%| F|  |TAMS 0x0000000708c00000| PB 0x0000000708c00000| Untracked 
|  71|0x0000000708e00000, 0x0000000708e00000, 0x0000000709000000|  0%| F|  |TAMS 0x0000000708e00000| PB 0x0000000708e00000| Untracked 
|  72|0x0000000709000000, 0x0000000709000000, 0x0000000709200000|  0%| F|  |TAMS 0x0000000709000000| PB 0x0000000709000000| Untracked 
|  73|0x0000000709200000, 0x0000000709200000, 0x0000000709400000|  0%| F|  |TAMS 0x0000000709200000| PB 0x0000000709200000| Untracked 
|  74|0x0000000709400000, 0x0000000709400000, 0x0000000709600000|  0%| F|  |TAMS 0x0000000709400000| PB 0x0000000709400000| Untracked 
|  75|0x0000000709600000, 0x0000000709600000, 0x0000000709800000|  0%| F|  |TAMS 0x0000000709600000| PB 0x0000000709600000| Untracked 
|  76|0x0000000709800000, 0x0000000709800000, 0x0000000709a00000|  0%| F|  |TAMS 0x0000000709800000| PB 0x0000000709800000| Untracked 
|  77|0x0000000709a00000, 0x0000000709a00000, 0x0000000709c00000|  0%| F|  |TAMS 0x0000000709a00000| PB 0x0000000709a00000| Untracked 
|  78|0x0000000709c00000, 0x0000000709c00000, 0x0000000709e00000|  0%| F|  |TAMS 0x0000000709c00000| PB 0x0000000709c00000| Untracked 
|  79|0x0000000709e00000, 0x0000000709e00000, 0x000000070a000000|  0%| F|  |TAMS 0x0000000709e00000| PB 0x0000000709e00000| Untracked 
|  80|0x000000070a000000, 0x000000070a000000, 0x000000070a200000|  0%| F|  |TAMS 0x000000070a000000| PB 0x000000070a000000| Untracked 
|  81|0x000000070a200000, 0x000000070a200000, 0x000000070a400000|  0%| F|  |TAMS 0x000000070a200000| PB 0x000000070a200000| Untracked 
|  82|0x000000070a400000, 0x000000070a400000, 0x000000070a600000|  0%| F|  |TAMS 0x000000070a400000| PB 0x000000070a400000| Untracked 
|  83|0x000000070a600000, 0x000000070a600000, 0x000000070a800000|  0%| F|  |TAMS 0x000000070a600000| PB 0x000000070a600000| Untracked 
|  84|0x000000070a800000, 0x000000070a800000, 0x000000070aa00000|  0%| F|  |TAMS 0x000000070a800000| PB 0x000000070a800000| Untracked 
|  85|0x000000070aa00000, 0x000000070aa00000, 0x000000070ac00000|  0%| F|  |TAMS 0x000000070aa00000| PB 0x000000070aa00000| Untracked 
|  86|0x000000070ac00000, 0x000000070ac00000, 0x000000070ae00000|  0%| F|  |TAMS 0x000000070ac00000| PB 0x000000070ac00000| Untracked 
|  87|0x000000070ae00000, 0x000000070ae00000, 0x000000070b000000|  0%| F|  |TAMS 0x000000070ae00000| PB 0x000000070ae00000| Untracked 
|  88|0x000000070b000000, 0x000000070b000000, 0x000000070b200000|  0%| F|  |TAMS 0x000000070b000000| PB 0x000000070b000000| Untracked 
|  89|0x000000070b200000, 0x000000070b200000, 0x000000070b400000|  0%| F|  |TAMS 0x000000070b200000| PB 0x000000070b200000| Untracked 
|  90|0x000000070b400000, 0x000000070b400000, 0x000000070b600000|  0%| F|  |TAMS 0x000000070b400000| PB 0x000000070b400000| Untracked 
|  91|0x000000070b600000, 0x000000070b600000, 0x000000070b800000|  0%| F|  |TAMS 0x000000070b600000| PB 0x000000070b600000| Untracked 
|  92|0x000000070b800000, 0x000000070b800000, 0x000000070ba00000|  0%| F|  |TAMS 0x000000070b800000| PB 0x000000070b800000| Untracked 
|  93|0x000000070ba00000, 0x000000070ba00000, 0x000000070bc00000|  0%| F|  |TAMS 0x000000070ba00000| PB 0x000000070ba00000| Untracked 
|  94|0x000000070bc00000, 0x000000070bc00000, 0x000000070be00000|  0%| F|  |TAMS 0x000000070bc00000| PB 0x000000070bc00000| Untracked 
|  95|0x000000070be00000, 0x000000070be00000, 0x000000070c000000|  0%| F|  |TAMS 0x000000070be00000| PB 0x000000070be00000| Untracked 
|  96|0x000000070c000000, 0x000000070c000000, 0x000000070c200000|  0%| F|  |TAMS 0x000000070c000000| PB 0x000000070c000000| Untracked 
|  97|0x000000070c200000, 0x000000070c200000, 0x000000070c400000|  0%| F|  |TAMS 0x000000070c200000| PB 0x000000070c200000| Untracked 
|  98|0x000000070c400000, 0x000000070c400000, 0x000000070c600000|  0%| F|  |TAMS 0x000000070c400000| PB 0x000000070c400000| Untracked 
|  99|0x000000070c600000, 0x000000070c600000, 0x000000070c800000|  0%| F|  |TAMS 0x000000070c600000| PB 0x000000070c600000| Untracked 
| 100|0x000000070c800000, 0x000000070c800000, 0x000000070ca00000|  0%| F|  |TAMS 0x000000070c800000| PB 0x000000070c800000| Untracked 
| 101|0x000000070ca00000, 0x000000070ca00000, 0x000000070cc00000|  0%| F|  |TAMS 0x000000070ca00000| PB 0x000000070ca00000| Untracked 
| 102|0x000000070cc00000, 0x000000070cc00000, 0x000000070ce00000|  0%| F|  |TAMS 0x000000070cc00000| PB 0x000000070cc00000| Untracked 
| 103|0x000000070ce00000, 0x000000070ce00000, 0x000000070d000000|  0%| F|  |TAMS 0x000000070ce00000| PB 0x000000070ce00000| Untracked 
| 104|0x000000070d000000, 0x000000070d000000, 0x000000070d200000|  0%| F|  |TAMS 0x000000070d000000| PB 0x000000070d000000| Untracked 
| 105|0x000000070d200000, 0x000000070d200000, 0x000000070d400000|  0%| F|  |TAMS 0x000000070d200000| PB 0x000000070d200000| Untracked 
| 106|0x000000070d400000, 0x000000070d400000, 0x000000070d600000|  0%| F|  |TAMS 0x000000070d400000| PB 0x000000070d400000| Untracked 
| 107|0x000000070d600000, 0x000000070d600000, 0x000000070d800000|  0%| F|  |TAMS 0x000000070d600000| PB 0x000000070d600000| Untracked 
| 108|0x000000070d800000, 0x000000070d800000, 0x000000070da00000|  0%| F|  |TAMS 0x000000070d800000| PB 0x000000070d800000| Untracked 
| 109|0x000000070da00000, 0x000000070da00000, 0x000000070dc00000|  0%| F|  |TAMS 0x000000070da00000| PB 0x000000070da00000| Untracked 
| 110|0x000000070dc00000, 0x000000070dc00000, 0x000000070de00000|  0%| F|  |TAMS 0x000000070dc00000| PB 0x000000070dc00000| Untracked 
| 111|0x000000070de00000, 0x000000070de00000, 0x000000070e000000|  0%| F|  |TAMS 0x000000070de00000| PB 0x000000070de00000| Untracked 
| 112|0x000000070e000000, 0x000000070e000000, 0x000000070e200000|  0%| F|  |TAMS 0x000000070e000000| PB 0x000000070e000000| Untracked 
| 113|0x000000070e200000, 0x000000070e200000, 0x000000070e400000|  0%| F|  |TAMS 0x000000070e200000| PB 0x000000070e200000| Untracked 
| 114|0x000000070e400000, 0x000000070e400000, 0x000000070e600000|  0%| F|  |TAMS 0x000000070e400000| PB 0x000000070e400000| Untracked 
| 115|0x000000070e600000, 0x000000070e600000, 0x000000070e800000|  0%| F|  |TAMS 0x000000070e600000| PB 0x000000070e600000| Untracked 
| 116|0x000000070e800000, 0x000000070e800000, 0x000000070ea00000|  0%| F|  |TAMS 0x000000070e800000| PB 0x000000070e800000| Untracked 
| 117|0x000000070ea00000, 0x000000070ea00000, 0x000000070ec00000|  0%| F|  |TAMS 0x000000070ea00000| PB 0x000000070ea00000| Untracked 
| 118|0x000000070ec00000, 0x000000070ec00000, 0x000000070ee00000|  0%| F|  |TAMS 0x000000070ec00000| PB 0x000000070ec00000| Untracked 
| 119|0x000000070ee00000, 0x000000070ee00000, 0x000000070f000000|  0%| F|  |TAMS 0x000000070ee00000| PB 0x000000070ee00000| Untracked 
| 120|0x000000070f000000, 0x000000070f000000, 0x000000070f200000|  0%| F|  |TAMS 0x000000070f000000| PB 0x000000070f000000| Untracked 
| 121|0x000000070f200000, 0x000000070f200000, 0x000000070f400000|  0%| F|  |TAMS 0x000000070f200000| PB 0x000000070f200000| Untracked 
| 122|0x000000070f400000, 0x000000070f400000, 0x000000070f600000|  0%| F|  |TAMS 0x000000070f400000| PB 0x000000070f400000| Untracked 
| 123|0x000000070f600000, 0x000000070f600000, 0x000000070f800000|  0%| F|  |TAMS 0x000000070f600000| PB 0x000000070f600000| Untracked 
| 124|0x000000070f800000, 0x000000070f800000, 0x000000070fa00000|  0%| F|  |TAMS 0x000000070f800000| PB 0x000000070f800000| Untracked 
| 125|0x000000070fa00000, 0x000000070fa00000, 0x000000070fc00000|  0%| F|  |TAMS 0x000000070fa00000| PB 0x000000070fa00000| Untracked 
| 126|0x000000070fc00000, 0x000000070fc00000, 0x000000070fe00000|  0%| F|  |TAMS 0x000000070fc00000| PB 0x000000070fc00000| Untracked 
| 127|0x000000070fe00000, 0x000000070fe00000, 0x0000000710000000|  0%| F|  |TAMS 0x000000070fe00000| PB 0x000000070fe00000| Untracked 
| 128|0x0000000710000000, 0x0000000710000000, 0x0000000710200000|  0%| F|  |TAMS 0x0000000710000000| PB 0x0000000710000000| Untracked 
| 129|0x0000000710200000, 0x0000000710200000, 0x0000000710400000|  0%| F|  |TAMS 0x0000000710200000| PB 0x0000000710200000| Untracked 
| 130|0x0000000710400000, 0x0000000710400000, 0x0000000710600000|  0%| F|  |TAMS 0x0000000710400000| PB 0x0000000710400000| Untracked 
| 131|0x0000000710600000, 0x0000000710600000, 0x0000000710800000|  0%| F|  |TAMS 0x0000000710600000| PB 0x0000000710600000| Untracked 
| 132|0x0000000710800000, 0x0000000710800000, 0x0000000710a00000|  0%| F|  |TAMS 0x0000000710800000| PB 0x0000000710800000| Untracked 
| 133|0x0000000710a00000, 0x0000000710a00000, 0x0000000710c00000|  0%| F|  |TAMS 0x0000000710a00000| PB 0x0000000710a00000| Untracked 
| 134|0x0000000710c00000, 0x0000000710c00000, 0x0000000710e00000|  0%| F|  |TAMS 0x0000000710c00000| PB 0x0000000710c00000| Untracked 
| 135|0x0000000710e00000, 0x0000000710e00000, 0x0000000711000000|  0%| F|  |TAMS 0x0000000710e00000| PB 0x0000000710e00000| Untracked 
| 136|0x0000000711000000, 0x0000000711000000, 0x0000000711200000|  0%| F|  |TAMS 0x0000000711000000| PB 0x0000000711000000| Untracked 
| 137|0x0000000711200000, 0x0000000711200000, 0x0000000711400000|  0%| F|  |TAMS 0x0000000711200000| PB 0x0000000711200000| Untracked 
| 138|0x0000000711400000, 0x0000000711400000, 0x0000000711600000|  0%| F|  |TAMS 0x0000000711400000| PB 0x0000000711400000| Untracked 
| 139|0x0000000711600000, 0x0000000711755790, 0x0000000711800000| 66%| S|CS|TAMS 0x0000000711600000| PB 0x0000000711600000| Complete 
| 140|0x0000000711800000, 0x0000000711800000, 0x0000000711a00000|  0%| F|  |TAMS 0x0000000711800000| PB 0x0000000711800000| Untracked 
| 141|0x0000000711a00000, 0x0000000711a00000, 0x0000000711c00000|  0%| F|  |TAMS 0x0000000711a00000| PB 0x0000000711a00000| Untracked 
| 142|0x0000000711c00000, 0x0000000711c00000, 0x0000000711e00000|  0%| F|  |TAMS 0x0000000711c00000| PB 0x0000000711c00000| Untracked 
| 143|0x0000000711e00000, 0x0000000711e00000, 0x0000000712000000|  0%| F|  |TAMS 0x0000000711e00000| PB 0x0000000711e00000| Untracked 
| 144|0x0000000712000000, 0x0000000712000000, 0x0000000712200000|  0%| F|  |TAMS 0x0000000712000000| PB 0x0000000712000000| Untracked 
| 145|0x0000000712200000, 0x0000000712200000, 0x0000000712400000|  0%| F|  |TAMS 0x0000000712200000| PB 0x0000000712200000| Untracked 
| 146|0x0000000712400000, 0x0000000712400000, 0x0000000712600000|  0%| F|  |TAMS 0x0000000712400000| PB 0x0000000712400000| Untracked 
| 147|0x0000000712600000, 0x0000000712600000, 0x0000000712800000|  0%| F|  |TAMS 0x0000000712600000| PB 0x0000000712600000| Untracked 
| 148|0x0000000712800000, 0x0000000712800000, 0x0000000712a00000|  0%| F|  |TAMS 0x0000000712800000| PB 0x0000000712800000| Untracked 
| 149|0x0000000712a00000, 0x0000000712a00000, 0x0000000712c00000|  0%| F|  |TAMS 0x0000000712a00000| PB 0x0000000712a00000| Untracked 
| 150|0x0000000712c00000, 0x0000000712c00000, 0x0000000712e00000|  0%| F|  |TAMS 0x0000000712c00000| PB 0x0000000712c00000| Untracked 
| 151|0x0000000712e00000, 0x0000000712e00000, 0x0000000713000000|  0%| F|  |TAMS 0x0000000712e00000| PB 0x0000000712e00000| Untracked 
| 152|0x0000000713000000, 0x0000000713000000, 0x0000000713200000|  0%| F|  |TAMS 0x0000000713000000| PB 0x0000000713000000| Untracked 
| 153|0x0000000713200000, 0x0000000713200000, 0x0000000713400000|  0%| F|  |TAMS 0x0000000713200000| PB 0x0000000713200000| Untracked 
| 154|0x0000000713400000, 0x0000000713400000, 0x0000000713600000|  0%| F|  |TAMS 0x0000000713400000| PB 0x0000000713400000| Untracked 
| 155|0x0000000713600000, 0x0000000713600000, 0x0000000713800000|  0%| F|  |TAMS 0x0000000713600000| PB 0x0000000713600000| Untracked 
| 156|0x0000000713800000, 0x0000000713800000, 0x0000000713a00000|  0%| F|  |TAMS 0x0000000713800000| PB 0x0000000713800000| Untracked 
| 157|0x0000000713a00000, 0x0000000713a00000, 0x0000000713c00000|  0%| F|  |TAMS 0x0000000713a00000| PB 0x0000000713a00000| Untracked 
| 158|0x0000000713c00000, 0x0000000713c00000, 0x0000000713e00000|  0%| F|  |TAMS 0x0000000713c00000| PB 0x0000000713c00000| Untracked 
| 159|0x0000000713e00000, 0x0000000713e00000, 0x0000000714000000|  0%| F|  |TAMS 0x0000000713e00000| PB 0x0000000713e00000| Untracked 
| 160|0x0000000714000000, 0x0000000714000000, 0x0000000714200000|  0%| F|  |TAMS 0x0000000714000000| PB 0x0000000714000000| Untracked 
| 161|0x0000000714200000, 0x0000000714200000, 0x0000000714400000|  0%| F|  |TAMS 0x0000000714200000| PB 0x0000000714200000| Untracked 
| 162|0x0000000714400000, 0x0000000714400000, 0x0000000714600000|  0%| F|  |TAMS 0x0000000714400000| PB 0x0000000714400000| Untracked 
| 163|0x0000000714600000, 0x0000000714600000, 0x0000000714800000|  0%| F|  |TAMS 0x0000000714600000| PB 0x0000000714600000| Untracked 
| 164|0x0000000714800000, 0x0000000714800000, 0x0000000714a00000|  0%| F|  |TAMS 0x0000000714800000| PB 0x0000000714800000| Untracked 
| 165|0x0000000714a00000, 0x0000000714a00000, 0x0000000714c00000|  0%| F|  |TAMS 0x0000000714a00000| PB 0x0000000714a00000| Untracked 
| 166|0x0000000714c00000, 0x0000000714c00000, 0x0000000714e00000|  0%| F|  |TAMS 0x0000000714c00000| PB 0x0000000714c00000| Untracked 
| 167|0x0000000714e00000, 0x0000000714e00000, 0x0000000715000000|  0%| F|  |TAMS 0x0000000714e00000| PB 0x0000000714e00000| Untracked 
| 168|0x0000000715000000, 0x0000000715000000, 0x0000000715200000|  0%| F|  |TAMS 0x0000000715000000| PB 0x0000000715000000| Untracked 
| 169|0x0000000715200000, 0x0000000715200000, 0x0000000715400000|  0%| F|  |TAMS 0x0000000715200000| PB 0x0000000715200000| Untracked 
| 170|0x0000000715400000, 0x0000000715400000, 0x0000000715600000|  0%| F|  |TAMS 0x0000000715400000| PB 0x0000000715400000| Untracked 
| 171|0x0000000715600000, 0x0000000715600000, 0x0000000715800000|  0%| F|  |TAMS 0x0000000715600000| PB 0x0000000715600000| Untracked 
| 172|0x0000000715800000, 0x0000000715800000, 0x0000000715a00000|  0%| F|  |TAMS 0x0000000715800000| PB 0x0000000715800000| Untracked 
| 173|0x0000000715a00000, 0x0000000715a00000, 0x0000000715c00000|  0%| F|  |TAMS 0x0000000715a00000| PB 0x0000000715a00000| Untracked 
| 174|0x0000000715c00000, 0x0000000715c00000, 0x0000000715e00000|  0%| F|  |TAMS 0x0000000715c00000| PB 0x0000000715c00000| Untracked 
| 175|0x0000000715e00000, 0x0000000715e00000, 0x0000000716000000|  0%| F|  |TAMS 0x0000000715e00000| PB 0x0000000715e00000| Untracked 
| 176|0x0000000716000000, 0x0000000716000000, 0x0000000716200000|  0%| F|  |TAMS 0x0000000716000000| PB 0x0000000716000000| Untracked 
| 177|0x0000000716200000, 0x0000000716200000, 0x0000000716400000|  0%| F|  |TAMS 0x0000000716200000| PB 0x0000000716200000| Untracked 
| 178|0x0000000716400000, 0x0000000716400000, 0x0000000716600000|  0%| F|  |TAMS 0x0000000716400000| PB 0x0000000716400000| Untracked 
| 179|0x0000000716600000, 0x0000000716600000, 0x0000000716800000|  0%| F|  |TAMS 0x0000000716600000| PB 0x0000000716600000| Untracked 
| 180|0x0000000716800000, 0x0000000716800000, 0x0000000716a00000|  0%| F|  |TAMS 0x0000000716800000| PB 0x0000000716800000| Untracked 
| 181|0x0000000716a00000, 0x0000000716a00000, 0x0000000716c00000|  0%| F|  |TAMS 0x0000000716a00000| PB 0x0000000716a00000| Untracked 
| 182|0x0000000716c00000, 0x0000000716c00000, 0x0000000716e00000|  0%| F|  |TAMS 0x0000000716c00000| PB 0x0000000716c00000| Untracked 
| 183|0x0000000716e00000, 0x0000000716e00000, 0x0000000717000000|  0%| F|  |TAMS 0x0000000716e00000| PB 0x0000000716e00000| Untracked 
| 184|0x0000000717000000, 0x0000000717000000, 0x0000000717200000|  0%| F|  |TAMS 0x0000000717000000| PB 0x0000000717000000| Untracked 
| 185|0x0000000717200000, 0x0000000717200000, 0x0000000717400000|  0%| F|  |TAMS 0x0000000717200000| PB 0x0000000717200000| Untracked 
| 186|0x0000000717400000, 0x0000000717400000, 0x0000000717600000|  0%| F|  |TAMS 0x0000000717400000| PB 0x0000000717400000| Untracked 
| 187|0x0000000717600000, 0x0000000717600000, 0x0000000717800000|  0%| F|  |TAMS 0x0000000717600000| PB 0x0000000717600000| Untracked 
| 188|0x0000000717800000, 0x0000000717800000, 0x0000000717a00000|  0%| F|  |TAMS 0x0000000717800000| PB 0x0000000717800000| Untracked 
| 189|0x0000000717a00000, 0x0000000717a00000, 0x0000000717c00000|  0%| F|  |TAMS 0x0000000717a00000| PB 0x0000000717a00000| Untracked 
| 190|0x0000000717c00000, 0x0000000717c00000, 0x0000000717e00000|  0%| F|  |TAMS 0x0000000717c00000| PB 0x0000000717c00000| Untracked 
| 191|0x0000000717e00000, 0x0000000717e00000, 0x0000000718000000|  0%| F|  |TAMS 0x0000000717e00000| PB 0x0000000717e00000| Untracked 
| 192|0x0000000718000000, 0x0000000718000000, 0x0000000718200000|  0%| F|  |TAMS 0x0000000718000000| PB 0x0000000718000000| Untracked 
| 193|0x0000000718200000, 0x0000000718200000, 0x0000000718400000|  0%| F|  |TAMS 0x0000000718200000| PB 0x0000000718200000| Untracked 
| 194|0x0000000718400000, 0x0000000718400000, 0x0000000718600000|  0%| F|  |TAMS 0x0000000718400000| PB 0x0000000718400000| Untracked 
| 195|0x0000000718600000, 0x0000000718600000, 0x0000000718800000|  0%| F|  |TAMS 0x0000000718600000| PB 0x0000000718600000| Untracked 
| 196|0x0000000718800000, 0x0000000718800000, 0x0000000718a00000|  0%| F|  |TAMS 0x0000000718800000| PB 0x0000000718800000| Untracked 
| 197|0x0000000718a00000, 0x0000000718a00000, 0x0000000718c00000|  0%| F|  |TAMS 0x0000000718a00000| PB 0x0000000718a00000| Untracked 
| 198|0x0000000718c00000, 0x0000000718c00000, 0x0000000718e00000|  0%| F|  |TAMS 0x0000000718c00000| PB 0x0000000718c00000| Untracked 
| 199|0x0000000718e00000, 0x0000000718e00000, 0x0000000719000000|  0%| F|  |TAMS 0x0000000718e00000| PB 0x0000000718e00000| Untracked 
| 200|0x0000000719000000, 0x0000000719000000, 0x0000000719200000|  0%| F|  |TAMS 0x0000000719000000| PB 0x0000000719000000| Untracked 
| 201|0x0000000719200000, 0x0000000719200000, 0x0000000719400000|  0%| F|  |TAMS 0x0000000719200000| PB 0x0000000719200000| Untracked 
| 202|0x0000000719400000, 0x0000000719400000, 0x0000000719600000|  0%| F|  |TAMS 0x0000000719400000| PB 0x0000000719400000| Untracked 
| 203|0x0000000719600000, 0x0000000719600000, 0x0000000719800000|  0%| F|  |TAMS 0x0000000719600000| PB 0x0000000719600000| Untracked 
| 204|0x0000000719800000, 0x0000000719800000, 0x0000000719a00000|  0%| F|  |TAMS 0x0000000719800000| PB 0x0000000719800000| Untracked 
| 205|0x0000000719a00000, 0x0000000719a00000, 0x0000000719c00000|  0%| F|  |TAMS 0x0000000719a00000| PB 0x0000000719a00000| Untracked 
| 206|0x0000000719c00000, 0x0000000719c00000, 0x0000000719e00000|  0%| F|  |TAMS 0x0000000719c00000| PB 0x0000000719c00000| Untracked 
| 207|0x0000000719e00000, 0x0000000719e00000, 0x000000071a000000|  0%| F|  |TAMS 0x0000000719e00000| PB 0x0000000719e00000| Untracked 
| 208|0x000000071a000000, 0x000000071a000000, 0x000000071a200000|  0%| F|  |TAMS 0x000000071a000000| PB 0x000000071a000000| Untracked 
| 209|0x000000071a200000, 0x000000071a200000, 0x000000071a400000|  0%| F|  |TAMS 0x000000071a200000| PB 0x000000071a200000| Untracked 
| 210|0x000000071a400000, 0x000000071a400000, 0x000000071a600000|  0%| F|  |TAMS 0x000000071a400000| PB 0x000000071a400000| Untracked 
| 211|0x000000071a600000, 0x000000071a600000, 0x000000071a800000|  0%| F|  |TAMS 0x000000071a600000| PB 0x000000071a600000| Untracked 
| 212|0x000000071a800000, 0x000000071a800000, 0x000000071aa00000|  0%| F|  |TAMS 0x000000071a800000| PB 0x000000071a800000| Untracked 
| 213|0x000000071aa00000, 0x000000071aa00000, 0x000000071ac00000|  0%| F|  |TAMS 0x000000071aa00000| PB 0x000000071aa00000| Untracked 
| 214|0x000000071ac00000, 0x000000071ac00000, 0x000000071ae00000|  0%| F|  |TAMS 0x000000071ac00000| PB 0x000000071ac00000| Untracked 
| 215|0x000000071ae00000, 0x000000071ae00000, 0x000000071b000000|  0%| F|  |TAMS 0x000000071ae00000| PB 0x000000071ae00000| Untracked 
| 216|0x000000071b000000, 0x000000071b000000, 0x000000071b200000|  0%| F|  |TAMS 0x000000071b000000| PB 0x000000071b000000| Untracked 
| 217|0x000000071b200000, 0x000000071b200000, 0x000000071b400000|  0%| F|  |TAMS 0x000000071b200000| PB 0x000000071b200000| Untracked 
| 218|0x000000071b400000, 0x000000071b400000, 0x000000071b600000|  0%| F|  |TAMS 0x000000071b400000| PB 0x000000071b400000| Untracked 
| 219|0x000000071b600000, 0x000000071b600000, 0x000000071b800000|  0%| F|  |TAMS 0x000000071b600000| PB 0x000000071b600000| Untracked 
| 220|0x000000071b800000, 0x000000071b800000, 0x000000071ba00000|  0%| F|  |TAMS 0x000000071b800000| PB 0x000000071b800000| Untracked 
| 221|0x000000071ba00000, 0x000000071ba00000, 0x000000071bc00000|  0%| F|  |TAMS 0x000000071ba00000| PB 0x000000071ba00000| Untracked 
| 222|0x000000071bc00000, 0x000000071bc00000, 0x000000071be00000|  0%| F|  |TAMS 0x000000071bc00000| PB 0x000000071bc00000| Untracked 
|2047|0x00000007ffe00000, 0x0000000800000000, 0x0000000800000000|100%| O|  |TAMS 0x00000007ffe00000| PB 0x00000007ffe00000| Untracked 

Card table byte_map: [0x0000029e426b0000,0x0000029e42eb0000] _byte_map_base: 0x0000029e3eeb0000

Marking Bits: (CMBitMap*) 0x0000029e2fdd5b30
 Bits: [0x0000029e42eb0000, 0x0000029e46eb0000)

Polling page: 0x0000029e2df00000

Metaspace:

Usage:
  Non-class:     54.37 MB used.
      Class:      8.54 MB used.
       Both:     62.91 MB used.

Virtual space:
  Non-class space:       64.00 MB reserved,      55.12 MB ( 86%) committed,  1 nodes.
      Class space:        1.00 GB reserved,       9.25 MB ( <1%) committed,  1 nodes.
             Both:        1.06 GB reserved,      64.38 MB (  6%) committed. 

Chunk freelists:
   Non-Class:  8.91 MB
       Class:  6.72 MB
        Both:  15.62 MB

MaxMetaspaceSize: unlimited
CompressedClassSpaceSize: 1.00 GB
Initial GC threshold: 21.00 MB
Current GC threshold: 106.88 MB
CDS: off
 - commit_granule_bytes: 65536.
 - commit_granule_words: 8192.
 - virtual_space_node_default_size: 8388608.
 - enlarge_chunks_in_place: 1.
 - use_allocation_guard: 0.


Internal statistics:

num_allocs_failed_limit: 3.
num_arena_births: 2740.
num_arena_deaths: 6.
num_vsnodes_births: 2.
num_vsnodes_deaths: 0.
num_space_committed: 1030.
num_space_uncommitted: 0.
num_chunks_returned_to_freelist: 13.
num_chunks_taken_from_freelist: 5253.
num_chunk_merges: 0.
num_chunk_splits: 3405.
num_chunks_enlarged: 2145.
num_inconsistent_stats: 0.

CodeHeap 'non-profiled nmethods': size=120064Kb used=5988Kb max_used=5988Kb free=114075Kb
 bounds [0x0000029e3a970000, 0x0000029e3af50000, 0x0000029e41eb0000]
CodeHeap 'profiled nmethods': size=120000Kb used=12348Kb max_used=13523Kb free=107652Kb
 bounds [0x0000029e32eb0000, 0x0000029e33bf0000, 0x0000029e3a3e0000]
CodeHeap 'non-nmethods': size=5696Kb used=2727Kb max_used=2820Kb free=2969Kb
 bounds [0x0000029e3a3e0000, 0x0000029e3a6c0000, 0x0000029e3a970000]
 total_blobs=7625 nmethods=6757 adapters=773
 compilation: enabled
              stopped_count=0, restarted_count=0
 full_count=0

Compilation events (20 events):
Event: 1133.679 Thread 0x0000029e4927d250 8803       3       org.gradle.internal.service.DefaultServiceRegistry::serviceRequested (42 bytes)
Event: 1133.687 Thread 0x0000029e4927d250 nmethod 8803 0x0000029e33bd7490 code [0x0000029e33bd7860, 0x0000029e33bd9160]
Event: 1133.687 Thread 0x0000029e4927d250 8804       3       org.gradle.internal.service.DefaultServiceRegistry::noLongerMutable (15 bytes)
Event: 1133.690 Thread 0x0000029e4927d250 nmethod 8804 0x0000029e3365b710 code [0x0000029e3365b9c0, 0x0000029e3365c6b0]
Event: 1133.807 Thread 0x0000029e49213e10 8805       4       java.util.TimSort::sort (229 bytes)
Event: 1133.963 Thread 0x0000029e49213e10 nmethod 8805 0x0000029e3af44590 code [0x0000029e3af44880, 0x0000029e3af46b20]
Event: 1134.477 Thread 0x0000029e4927d250 8806       3       org.gradle.api.file.RelativePath::<init> (197 bytes)
Event: 1134.535 Thread 0x0000029e4927d250 nmethod 8806 0x0000029e3365a410 code [0x0000029e3365a680, 0x0000029e3365b2e0]
Event: 1136.155 Thread 0x0000029e4927d250 8807       3       java.util.ArrayDeque::removeLast (19 bytes)
Event: 1136.156 Thread 0x0000029e4927d250 nmethod 8807 0x0000029e33bd6f10 code [0x0000029e33bd70e0, 0x0000029e33bd7348]
Event: 1136.530 Thread 0x0000029e49213e10 8808       4       java.lang.management.ManagementFactory$PlatformMBeanFinder$$Lambda/0x0000000800179f98::test (12 bytes)
Event: 1136.770 Thread 0x0000029e49213e10 nmethod 8808 0x0000029e3af47d90 code [0x0000029e3af48000, 0x0000029e3af48c38]
Event: 1136.952 Thread 0x0000029e4927d250 8809       3       org.gradle.internal.hash.Hashing::newHasher (9 bytes)
Event: 1136.954 Thread 0x0000029e4927d250 nmethod 8809 0x0000029e33659410 code [0x0000029e33659660, 0x0000029e3365a030]
Event: 1136.957 Thread 0x0000029e4927d250 8810       3       org.gradle.internal.Try::successful (9 bytes)
Event: 1136.996 Thread 0x0000029e4927d250 nmethod 8810 0x0000029e33bd6790 code [0x0000029e33bd6960, 0x0000029e33bd6c80]
Event: 1136.996 Thread 0x0000029e4927d250 8811       3       org.gradle.internal.Try::<init> (5 bytes)
Event: 1136.997 Thread 0x0000029e4927d250 nmethod 8811 0x0000029e33658f90 code [0x0000029e33659140, 0x0000029e33659308]
Event: 1136.997 Thread 0x0000029e4927d250 8812       3       org.gradle.internal.Try::<init> (5 bytes)
Event: 1136.997 Thread 0x0000029e4927d250 nmethod 8812 0x0000029e33658b90 code [0x0000029e33658d40, 0x0000029e33658ea8]

GC Heap History (20 events):
Event: 1039.122 GC heap after
{Heap after GC invocations=69 (full 0):
 garbage-first heap   total 229376K, used 85752K [0x0000000700000000, 0x0000000800000000)
  region size 2048K, 1 young (2048K), 1 survivors (2048K)
 Metaspace       used 64132K, committed 65664K, reserved 1114112K
  class space    used 8716K, committed 9472K, reserved 1048576K
}
Event: 1040.494 GC heap before
{Heap before GC invocations=69 (full 0):
 garbage-first heap   total 229376K, used 93944K [0x0000000700000000, 0x0000000800000000)
  region size 2048K, 5 young (10240K), 1 survivors (2048K)
 Metaspace       used 64132K, committed 65664K, reserved 1114112K
  class space    used 8716K, committed 9472K, reserved 1048576K
}
Event: 1040.570 GC heap after
{Heap after GC invocations=70 (full 0):
 garbage-first heap   total 458752K, used 86081K [0x0000000700000000, 0x0000000800000000)
  region size 2048K, 1 young (2048K), 1 survivors (2048K)
 Metaspace       used 64132K, committed 65664K, reserved 1114112K
  class space    used 8716K, committed 9472K, reserved 1048576K
}
Event: 1048.437 GC heap before
{Heap before GC invocations=70 (full 0):
 garbage-first heap   total 301056K, used 98369K [0x0000000700000000, 0x0000000800000000)
  region size 2048K, 7 young (14336K), 1 survivors (2048K)
 Metaspace       used 64120K, committed 65664K, reserved 1114112K
  class space    used 8713K, committed 9472K, reserved 1048576K
}
Event: 1048.453 GC heap after
{Heap after GC invocations=71 (full 0):
 garbage-first heap   total 301056K, used 86056K [0x0000000700000000, 0x0000000800000000)
  region size 2048K, 1 young (2048K), 1 survivors (2048K)
 Metaspace       used 64120K, committed 65664K, reserved 1114112K
  class space    used 8713K, committed 9472K, reserved 1048576K
}
Event: 1096.888 GC heap before
{Heap before GC invocations=72 (full 0):
 garbage-first heap   total 301056K, used 98344K [0x0000000700000000, 0x0000000800000000)
  region size 2048K, 7 young (14336K), 1 survivors (2048K)
 Metaspace       used 64384K, committed 65856K, reserved 1114112K
  class space    used 8741K, committed 9472K, reserved 1048576K
}
Event: 1096.971 GC heap after
{Heap after GC invocations=73 (full 0):
 garbage-first heap   total 301056K, used 87392K [0x0000000700000000, 0x0000000800000000)
  region size 2048K, 1 young (2048K), 1 survivors (2048K)
 Metaspace       used 64384K, committed 65856K, reserved 1114112K
  class space    used 8741K, committed 9472K, reserved 1048576K
}
Event: 1110.651 GC heap before
{Heap before GC invocations=73 (full 0):
 garbage-first heap   total 301056K, used 99680K [0x0000000700000000, 0x0000000800000000)
  region size 2048K, 7 young (14336K), 1 survivors (2048K)
 Metaspace       used 64385K, committed 65856K, reserved 1114112K
  class space    used 8741K, committed 9472K, reserved 1048576K
}
Event: 1112.557 GC heap after
{Heap after GC invocations=74 (full 0):
 garbage-first heap   total 301056K, used 86605K [0x0000000700000000, 0x0000000800000000)
  region size 2048K, 1 young (2048K), 1 survivors (2048K)
 Metaspace       used 64385K, committed 65856K, reserved 1114112K
  class space    used 8741K, committed 9472K, reserved 1048576K
}
Event: 1115.434 GC heap before
{Heap before GC invocations=74 (full 0):
 garbage-first heap   total 301056K, used 98893K [0x0000000700000000, 0x0000000800000000)
  region size 2048K, 7 young (14336K), 1 survivors (2048K)
 Metaspace       used 64387K, committed 65856K, reserved 1114112K
  class space    used 8741K, committed 9472K, reserved 1048576K
}
Event: 1115.441 GC heap after
{Heap after GC invocations=75 (full 0):
 garbage-first heap   total 301056K, used 86862K [0x0000000700000000, 0x0000000800000000)
  region size 2048K, 1 young (2048K), 1 survivors (2048K)
 Metaspace       used 64387K, committed 65856K, reserved 1114112K
  class space    used 8741K, committed 9472K, reserved 1048576K
}
Event: 1128.979 GC heap before
{Heap before GC invocations=75 (full 0):
 garbage-first heap   total 301056K, used 105294K [0x0000000700000000, 0x0000000800000000)
  region size 2048K, 7 young (14336K), 1 survivors (2048K)
 Metaspace       used 64409K, committed 65920K, reserved 1114112K
  class space    used 8741K, committed 9472K, reserved 1048576K
}
Event: 1129.048 GC heap after
{Heap after GC invocations=76 (full 0):
 garbage-first heap   total 301056K, used 94115K [0x0000000700000000, 0x0000000800000000)
  region size 2048K, 1 young (2048K), 1 survivors (2048K)
 Metaspace       used 64409K, committed 65920K, reserved 1114112K
  class space    used 8741K, committed 9472K, reserved 1048576K
}
Event: 1131.824 GC heap before
{Heap before GC invocations=76 (full 0):
 garbage-first heap   total 301056K, used 106403K [0x0000000700000000, 0x0000000800000000)
  region size 2048K, 7 young (14336K), 1 survivors (2048K)
 Metaspace       used 64415K, committed 65920K, reserved 1114112K
  class space    used 8742K, committed 9472K, reserved 1048576K
}
Event: 1133.037 GC heap after
{Heap after GC invocations=77 (full 0):
 garbage-first heap   total 301056K, used 95045K [0x0000000700000000, 0x0000000800000000)
  region size 2048K, 1 young (2048K), 1 survivors (2048K)
 Metaspace       used 64415K, committed 65920K, reserved 1114112K
  class space    used 8742K, committed 9472K, reserved 1048576K
}
Event: 1135.906 GC heap before
{Heap before GC invocations=77 (full 0):
 garbage-first heap   total 301056K, used 107333K [0x0000000700000000, 0x0000000800000000)
  region size 2048K, 7 young (14336K), 1 survivors (2048K)
 Metaspace       used 64416K, committed 65920K, reserved 1114112K
  class space    used 8742K, committed 9472K, reserved 1048576K
}
Event: 1135.915 GC heap after
{Heap after GC invocations=78 (full 0):
 garbage-first heap   total 301056K, used 95736K [0x0000000700000000, 0x0000000800000000)
  region size 2048K, 1 young (2048K), 1 survivors (2048K)
 Metaspace       used 64416K, committed 65920K, reserved 1114112K
  class space    used 8742K, committed 9472K, reserved 1048576K
}
Event: 1138.146 GC heap before
{Heap before GC invocations=78 (full 0):
 garbage-first heap   total 301056K, used 108024K [0x0000000700000000, 0x0000000800000000)
  region size 2048K, 7 young (14336K), 1 survivors (2048K)
 Metaspace       used 64418K, committed 65920K, reserved 1114112K
  class space    used 8742K, committed 9472K, reserved 1048576K
}
Event: 1138.455 GC heap after
{Heap after GC invocations=79 (full 0):
 garbage-first heap   total 301056K, used 96317K [0x0000000700000000, 0x0000000800000000)
  region size 2048K, 1 young (2048K), 1 survivors (2048K)
 Metaspace       used 64418K, committed 65920K, reserved 1114112K
  class space    used 8742K, committed 9472K, reserved 1048576K
}
Event: 1138.749 GC heap before
{Heap before GC invocations=79 (full 0):
 garbage-first heap   total 301056K, used 108605K [0x0000000700000000, 0x0000000800000000)
  region size 2048K, 7 young (14336K), 1 survivors (2048K)
 Metaspace       used 64418K, committed 65920K, reserved 1114112K
  class space    used 8742K, committed 9472K, reserved 1048576K
}

Dll operation events (3 events):
Event: 0.137 Loaded shared library C:\Program Files\Android\Android Studio\jbr\bin\java.dll
Event: 0.188 Loaded shared library C:\Program Files\Android\Android Studio\jbr\bin\zip.dll
Event: 26.795 Loaded shared library C:\Program Files\Android\Android Studio\jbr\bin\verify.dll

Deoptimization events (20 events):
Event: 1100.557 Thread 0x0000029e4edd22e0 Uncommon trap: trap_request=0xffffff45 fr.pc=0x0000029e3abc5808 relative=0x0000000000000328
Event: 1100.557 Thread 0x0000029e4edd22e0 Uncommon trap: reason=unstable_if action=reinterpret pc=0x0000029e3abc5808 method=org.gradle.util.internal.JarUtil.getVersionedDirectoryMajorVersion(Ljava/lang/String;)Ljava/util/OptionalInt; @ 12 c2
Event: 1100.557 Thread 0x0000029e4edd22e0 DEOPT PACKING pc=0x0000029e3abc5808 sp=0x000000ae5a2f23a0
Event: 1100.558 Thread 0x0000029e4edd22e0 DEOPT UNPACKING pc=0x0000029e3a43469c sp=0x000000ae5a2f2338 mode 2
Event: 1116.758 Thread 0x0000029e4edd22e0 Uncommon trap: trap_request=0xffffffd6 fr.pc=0x0000029e3af38830 relative=0x0000000000002130
Event: 1116.758 Thread 0x0000029e4edd22e0 Uncommon trap: reason=array_check action=maybe_recompile pc=0x0000029e3af38830 method=java.util.TimSort.reverseRange([Ljava/lang/Object;II)V @ 20 c2
Event: 1116.758 Thread 0x0000029e4edd22e0 DEOPT PACKING pc=0x0000029e3af38830 sp=0x000000ae5a2f3580
Event: 1116.758 Thread 0x0000029e4edd22e0 DEOPT UNPACKING pc=0x0000029e3a43469c sp=0x000000ae5a2f3438 mode 2
Event: 1121.217 Thread 0x0000029e4ed94500 Uncommon trap: trap_request=0xffffffd6 fr.pc=0x0000029e3af38830 relative=0x0000000000002130
Event: 1121.217 Thread 0x0000029e4ed94500 Uncommon trap: reason=array_check action=maybe_recompile pc=0x0000029e3af38830 method=java.util.TimSort.reverseRange([Ljava/lang/Object;II)V @ 20 c2
Event: 1121.217 Thread 0x0000029e4ed94500 DEOPT PACKING pc=0x0000029e3af38830 sp=0x000000ae5b4fc590
Event: 1121.217 Thread 0x0000029e4ed94500 DEOPT UNPACKING pc=0x0000029e3a43469c sp=0x000000ae5b4fc448 mode 2
Event: 1126.008 Thread 0x0000029e4edd22e0 Uncommon trap: trap_request=0xffffffd6 fr.pc=0x0000029e3af38830 relative=0x0000000000002130
Event: 1126.008 Thread 0x0000029e4edd22e0 Uncommon trap: reason=array_check action=maybe_recompile pc=0x0000029e3af38830 method=java.util.TimSort.reverseRange([Ljava/lang/Object;II)V @ 20 c2
Event: 1126.008 Thread 0x0000029e4edd22e0 DEOPT PACKING pc=0x0000029e3af38830 sp=0x000000ae5a2f3580
Event: 1126.008 Thread 0x0000029e4edd22e0 DEOPT UNPACKING pc=0x0000029e3a43469c sp=0x000000ae5a2f3438 mode 2
Event: 1133.463 Thread 0x0000029e4edd22e0 Uncommon trap: trap_request=0xffffffd6 fr.pc=0x0000029e3af38830 relative=0x0000000000002130
Event: 1133.463 Thread 0x0000029e4edd22e0 Uncommon trap: reason=array_check action=maybe_recompile pc=0x0000029e3af38830 method=java.util.TimSort.reverseRange([Ljava/lang/Object;II)V @ 20 c2
Event: 1133.463 Thread 0x0000029e4edd22e0 DEOPT PACKING pc=0x0000029e3af38830 sp=0x000000ae5a2f3580
Event: 1133.463 Thread 0x0000029e4edd22e0 DEOPT UNPACKING pc=0x0000029e3a43469c sp=0x000000ae5a2f3438 mode 2

Classes loaded (20 events):
Event: 636.361 Loading class java/util/zip/Deflater
Event: 636.364 Loading class java/util/zip/Deflater done
Event: 636.381 Loading class java/util/zip/Deflater$DeflaterZStreamRef
Event: 636.391 Loading class java/util/zip/Deflater$DeflaterZStreamRef done
Event: 640.475 Loading class java/nio/StringCharBuffer
Event: 640.825 Loading class java/nio/StringCharBuffer done
Event: 641.389 Loading class java/security/Key
Event: 641.393 Loading class java/security/Key done
Event: 653.127 Loading class java/lang/foreign/MemorySegment
Event: 653.343 Loading class java/lang/foreign/MemorySegment done
Event: 921.049 Loading class java/util/stream/SortedOps$OfRef
Event: 923.928 Loading class java/util/stream/SortedOps$OfRef done
Event: 925.340 Loading class java/util/stream/SortedOps$SizedRefSortingSink
Event: 927.893 Loading class java/util/stream/SortedOps$AbstractRefSortingSink
Event: 929.475 Loading class java/util/stream/SortedOps$AbstractRefSortingSink done
Event: 929.475 Loading class java/util/stream/SortedOps$SizedRefSortingSink done
Event: 964.627 Loading class java/lang/ThreadDeath
Event: 964.674 Loading class java/lang/ThreadDeath done
Event: 964.692 Loading class sun/misc/SharedSecrets
Event: 964.701 Loading class sun/misc/SharedSecrets done

Classes unloaded (8 events):
Event: 551.643 Thread 0x0000029e49060c30 Unloading class 0x00000008007a4000 '_BuildScript_$_run_closure1'
Event: 551.645 Thread 0x0000029e49060c30 Unloading class 0x000000080079c000 '_BuildScript_'
Event: 602.371 Thread 0x0000029e49060c30 Unloading class 0x000000080083c958 '_BuildScript_$_run_closure1$_closure2'
Event: 602.371 Thread 0x0000029e49060c30 Unloading class 0x000000080083c550 '_BuildScript_$_run_closure1'
Event: 602.374 Thread 0x0000029e49060c30 Unloading class 0x000000080083c000 '_BuildScript_'
Event: 1041.333 Thread 0x0000029e49060c30 Unloading class 0x000000080093c958 '_BuildScript_$_run_closure2'
Event: 1041.334 Thread 0x0000029e49060c30 Unloading class 0x000000080093c550 '_BuildScript_$_run_closure1'
Event: 1041.334 Thread 0x0000029e49060c30 Unloading class 0x000000080093c000 '_BuildScript_'

Classes redefined (0 events):
No events

Internal exceptions (20 events):
Event: 967.907 Thread 0x0000029e4edd22e0 Exception <a 'java/lang/ClassNotFoundException'{0x000000070d8a0828}: org/gradle/util/internal/DefaultGradleVersionBeanInfo> (0x000000070d8a0828) 
thrown [s\src\hotspot\share\classfile\systemDictionary.cpp, line 312]
Event: 967.937 Thread 0x0000029e4edd22e0 Exception <a 'java/lang/ClassNotFoundException'{0x000000070d8b11e8}: org/gradle/util/internal/DefaultGradleVersionCustomizer> (0x000000070d8b11e8) 
thrown [s\src\hotspot\share\classfile\systemDictionary.cpp, line 312]
Event: 971.148 Thread 0x0000029e4edd22e0 Exception <a 'java/lang/ClassNotFoundException'{0x000000070d93fb68}: org/gradle/invocation/DefaultGradle$DefaultGradleLifecycle_DecoratedBeanInfo> (0x000000070d93fb68) 
thrown [s\src\hotspot\share\classfile\systemDictionary.cpp, line 312]
Event: 971.187 Thread 0x0000029e4edd22e0 Exception <a 'java/lang/ClassNotFoundException'{0x000000070d950680}: org/gradle/invocation/DefaultGradle$DefaultGradleLifecycleBeanInfo> (0x000000070d950680) 
thrown [s\src\hotspot\share\classfile\systemDictionary.cpp, line 312]
Event: 971.249 Thread 0x0000029e4edd22e0 Exception <a 'java/lang/ClassNotFoundException'{0x000000070d9611c0}: org/gradle/invocation/DefaultGradle$DefaultGradleLifecycleCustomizer> (0x000000070d9611c0) 
thrown [s\src\hotspot\share\classfile\systemDictionary.cpp, line 312]
Event: 971.272 Thread 0x0000029e4edd22e0 Exception <a 'java/lang/ClassNotFoundException'{0x000000070d9763e0}: org/gradle/invocation/DefaultGradle$DefaultGradleLifecycle_DecoratedCustomizer> (0x000000070d9763e0) 
thrown [s\src\hotspot\share\classfile\systemDictionary.cpp, line 312]
Event: 1072.754 Thread 0x0000029e4edd22e0 Exception <a 'sun/nio/fs/WindowsException'{0x0000000711fd7638}> (0x0000000711fd7638) 
thrown [s\src\hotspot\share\prims\jni.cpp, line 535]
Event: 1074.221 Thread 0x0000029e4edd22e0 Exception <a 'sun/nio/fs/WindowsException'{0x0000000711fd8fe8}> (0x0000000711fd8fe8) 
thrown [s\src\hotspot\share\prims\jni.cpp, line 535]
Event: 1077.824 Thread 0x0000029e4edd22e0 Exception <a 'sun/nio/fs/WindowsException'{0x0000000711fed5f8}> (0x0000000711fed5f8) 
thrown [s\src\hotspot\share\prims\jni.cpp, line 535]
Event: 1080.631 Thread 0x0000029e4edd22e0 Exception <a 'sun/nio/fs/WindowsException'{0x0000000711c45638}> (0x0000000711c45638) 
thrown [s\src\hotspot\share\prims\jni.cpp, line 535]
Event: 1080.814 Thread 0x0000029e4edd22e0 Exception <a 'sun/nio/fs/WindowsException'{0x0000000711c50220}> (0x0000000711c50220) 
thrown [s\src\hotspot\share\prims\jni.cpp, line 535]
Event: 1085.892 Thread 0x0000029e4ed93e70 Exception <a 'sun/nio/fs/WindowsException'{0x0000000711cd13f8}> (0x0000000711cd13f8) 
thrown [s\src\hotspot\share\prims\jni.cpp, line 535]
Event: 1085.893 Thread 0x0000029e4ed93e70 Exception <a 'sun/nio/fs/WindowsException'{0x0000000711cd7130}> (0x0000000711cd7130) 
thrown [s\src\hotspot\share\prims\jni.cpp, line 535]
Event: 1085.906 Thread 0x0000029e4ed93e70 Exception <a 'sun/nio/fs/WindowsException'{0x0000000711ce7f20}> (0x0000000711ce7f20) 
thrown [s\src\hotspot\share\prims\jni.cpp, line 535]
Event: 1085.909 Thread 0x0000029e4ed93e70 Exception <a 'sun/nio/fs/WindowsException'{0x0000000711cfb3d8}> (0x0000000711cfb3d8) 
thrown [s\src\hotspot\share\prims\jni.cpp, line 535]
Event: 1085.915 Thread 0x0000029e4ed93e70 Exception <a 'sun/nio/fs/WindowsException'{0x0000000711d06dd0}> (0x0000000711d06dd0) 
thrown [s\src\hotspot\share\prims\jni.cpp, line 535]
Event: 1089.151 Thread 0x0000029e4edd22e0 Exception <a 'java/lang/ClassNotFoundException'{0x0000000711d6ad88}: ijInit1_26h1dpjaott9ve14j810zytezBeanInfo> (0x0000000711d6ad88) 
thrown [s\src\hotspot\share\classfile\systemDictionary.cpp, line 312]
Event: 1089.201 Thread 0x0000029e4edd22e0 Exception <a 'java/lang/ClassNotFoundException'{0x0000000711d71758}: ijInit1_26h1dpjaott9ve14j810zytezCustomizer> (0x0000000711d71758) 
thrown [s\src\hotspot\share\classfile\systemDictionary.cpp, line 312]
Event: 1090.486 Thread 0x0000029e4edd22e0 Exception <a 'java/lang/ClassNotFoundException'{0x0000000711db6f80}: ijInit1_26h1dpjaott9ve14j810zytez$_run_closure1BeanInfo> (0x0000000711db6f80) 
thrown [s\src\hotspot\share\classfile\systemDictionary.cpp, line 312]
Event: 1090.499 Thread 0x0000029e4edd22e0 Exception <a 'java/lang/ClassNotFoundException'{0x0000000711dbe340}: ijInit1_26h1dpjaott9ve14j810zytez$_run_closure1Customizer> (0x0000000711dbe340) 
thrown [s\src\hotspot\share\classfile\systemDictionary.cpp, line 312]

ZGC Phase Switch (0 events):
No events

VM Operations (20 events):
Event: 1126.007 Executing VM operation: Cleanup done
Event: 1127.007 Executing VM operation: Cleanup
Event: 1127.007 Executing VM operation: Cleanup done
Event: 1128.979 Executing VM operation: G1CollectForAllocation (G1 Evacuation Pause)
Event: 1129.051 Executing VM operation: G1CollectForAllocation (G1 Evacuation Pause) done
Event: 1130.057 Executing VM operation: Cleanup
Event: 1130.105 Executing VM operation: Cleanup done
Event: 1131.824 Executing VM operation: G1CollectForAllocation (G1 Evacuation Pause)
Event: 1133.046 Executing VM operation: G1CollectForAllocation (G1 Evacuation Pause) done
Event: 1134.050 Executing VM operation: Cleanup
Event: 1134.051 Executing VM operation: Cleanup done
Event: 1135.906 Executing VM operation: G1CollectForAllocation (G1 Evacuation Pause)
Event: 1135.915 Executing VM operation: G1CollectForAllocation (G1 Evacuation Pause) done
Event: 1136.926 Executing VM operation: Cleanup
Event: 1136.926 Executing VM operation: Cleanup done
Event: 1137.934 Executing VM operation: Cleanup
Event: 1137.935 Executing VM operation: Cleanup done
Event: 1138.146 Executing VM operation: G1CollectForAllocation (G1 Evacuation Pause)
Event: 1138.485 Executing VM operation: G1CollectForAllocation (G1 Evacuation Pause) done
Event: 1138.749 Executing VM operation: G1CollectForAllocation (G1 Evacuation Pause)

Events (20 events):
Event: 1044.492 Thread 0x0000029e49060c30 flushing nmethod 0x0000029e337b0c10
Event: 1044.493 Thread 0x0000029e49060c30 flushing nmethod 0x0000029e3373cb10
Event: 1044.493 Thread 0x0000029e49060c30 flushing nmethod 0x0000029e33670610
Event: 1044.493 Thread 0x0000029e49060c30 flushing nmethod 0x0000029e335bb710
Event: 1044.493 Thread 0x0000029e49060c30 flushing nmethod 0x0000029e3356e510
Event: 1044.493 Thread 0x0000029e49060c30 flushing nmethod 0x0000029e334e4790
Event: 1044.493 Thread 0x0000029e49060c30 flushing nmethod 0x0000029e333c9890
Event: 1044.493 Thread 0x0000029e49060c30 flushing nmethod 0x0000029e333c5410
Event: 1044.494 Thread 0x0000029e49060c30 flushing nmethod 0x0000029e333a2710
Event: 1044.494 Thread 0x0000029e49060c30 flushing nmethod 0x0000029e33359710
Event: 1044.494 Thread 0x0000029e49060c30 flushing nmethod 0x0000029e3333d110
Event: 1044.496 Thread 0x0000029e49060c30 flushing nmethod 0x0000029e3333ba90
Event: 1044.499 Thread 0x0000029e49060c30 flushing nmethod 0x0000029e33337210
Event: 1044.499 Thread 0x0000029e49060c30 flushing nmethod 0x0000029e330af590
Event: 1044.499 Thread 0x0000029e49060c30 flushing nmethod 0x0000029e3ae44f10
Event: 1044.502 Thread 0x0000029e49060c30 flushing nmethod 0x0000029e3af08210
Event: 1044.502 Thread 0x0000029e49060c30 flushing nmethod 0x0000029e3aee6e90
Event: 1044.503 Thread 0x0000029e49060c30 flushing nmethod 0x0000029e3adc2810
Event: 1044.504 Thread 0x0000029e49060c30 flushing nmethod 0x0000029e3ad69990
Event: 1094.393 Thread 0x0000029e4ed94500 Thread added: 0x0000029e4ed94500


Dynamic libraries:
0x00007ff6586d0000 - 0x00007ff6586da000 	C:\Program Files\Android\Android Studio\jbr\bin\java.exe
0x00007ff84a450000 - 0x00007ff84a667000 	C:\WINDOWS\SYSTEM32\ntdll.dll
0x00007ff820160000 - 0x00007ff820180000 	C:\Program Files\Avast Software\Avast\aswhook.dll
0x00007ff848de0000 - 0x00007ff848ea4000 	C:\WINDOWS\System32\KERNEL32.DLL
0x00007ff847c80000 - 0x00007ff848052000 	C:\WINDOWS\System32\KERNELBASE.dll
0x00007ff847890000 - 0x00007ff8479a1000 	C:\WINDOWS\System32\ucrtbase.dll
0x00007ff839170000 - 0x00007ff83918b000 	C:\Program Files\Android\Android Studio\jbr\bin\VCRUNTIME140.dll
0x00007ff8411f0000 - 0x00007ff841208000 	C:\Program Files\Android\Android Studio\jbr\bin\jli.dll
0x00007ff848490000 - 0x00007ff848641000 	C:\WINDOWS\System32\USER32.dll
0x00007ff847860000 - 0x00007ff847886000 	C:\WINDOWS\System32\win32u.dll
0x00007ff8496d0000 - 0x00007ff8496f9000 	C:\WINDOWS\System32\GDI32.dll
0x00007ff8476b0000 - 0x00007ff8477d3000 	C:\WINDOWS\System32\gdi32full.dll
0x00007ff847be0000 - 0x00007ff847c7a000 	C:\WINDOWS\System32\msvcp_win.dll
0x00007ff834b30000 - 0x00007ff834dcb000 	C:\WINDOWS\WinSxS\amd64_microsoft.windows.common-controls_6595b64144ccf1df_6.0.22621.5697_none_27154c497380d676\COMCTL32.dll
0x00007ff8480e0000 - 0x00007ff848187000 	C:\WINDOWS\System32\msvcrt.dll
0x00007ff848a10000 - 0x00007ff848a41000 	C:\WINDOWS\System32\IMM32.DLL
0x00007ff830f40000 - 0x00007ff830f4c000 	C:\Program Files\Android\Android Studio\jbr\bin\vcruntime140_1.dll
0x00007ff834440000 - 0x00007ff8344cd000 	C:\Program Files\Android\Android Studio\jbr\bin\msvcp140.dll
0x00007fffca0b0000 - 0x00007fffcad2d000 	C:\Program Files\Android\Android Studio\jbr\bin\server\jvm.dll
0x00007ff848cd0000 - 0x00007ff848d81000 	C:\WINDOWS\System32\ADVAPI32.dll
0x00007ff848850000 - 0x00007ff8488f8000 	C:\WINDOWS\System32\sechost.dll
0x00007ff847540000 - 0x00007ff847568000 	C:\WINDOWS\System32\bcrypt.dll
0x00007ff848730000 - 0x00007ff848847000 	C:\WINDOWS\System32\RPCRT4.dll
0x00007ff84a390000 - 0x00007ff84a401000 	C:\WINDOWS\System32\WS2_32.dll
0x00007ff847410000 - 0x00007ff84745d000 	C:\WINDOWS\SYSTEM32\POWRPROF.dll
0x00007ff835400000 - 0x00007ff83540a000 	C:\WINDOWS\SYSTEM32\VERSION.dll
0x00007ff8375f0000 - 0x00007ff837624000 	C:\WINDOWS\SYSTEM32\WINMM.dll
0x00007ff847340000 - 0x00007ff847353000 	C:\WINDOWS\SYSTEM32\UMPDC.dll
0x00007ff846520000 - 0x00007ff846538000 	C:\WINDOWS\SYSTEM32\kernel.appcore.dll
0x00007ff830bc0000 - 0x00007ff830bca000 	C:\Program Files\Android\Android Studio\jbr\bin\jimage.dll
0x00007ff8450f0000 - 0x00007ff845323000 	C:\WINDOWS\SYSTEM32\DBGHELP.DLL
0x00007ff849330000 - 0x00007ff8496c2000 	C:\WINDOWS\System32\combase.dll
0x00007ff848650000 - 0x00007ff848728000 	C:\WINDOWS\System32\OLEAUT32.dll
0x00007ff832b10000 - 0x00007ff832b42000 	C:\WINDOWS\SYSTEM32\dbgcore.DLL
0x00007ff8477e0000 - 0x00007ff84785b000 	C:\WINDOWS\System32\bcryptPrimitives.dll
0x00007ff841800000 - 0x00007ff84180e000 	C:\Program Files\Android\Android Studio\jbr\bin\instrument.dll
0x00007ff830470000 - 0x00007ff83048f000 	C:\Program Files\Android\Android Studio\jbr\bin\java.dll
0x00007ff830080000 - 0x00007ff830098000 	C:\Program Files\Android\Android Studio\jbr\bin\zip.dll
0x00007ff849750000 - 0x00007ff849ff1000 	C:\WINDOWS\System32\SHELL32.dll
0x00007ff847570000 - 0x00007ff8476af000 	C:\WINDOWS\System32\wintypes.dll
0x00007ff845420000 - 0x00007ff845d3a000 	C:\WINDOWS\SYSTEM32\windows.storage.dll
0x00007ff84a010000 - 0x00007ff84a11b000 	C:\WINDOWS\System32\SHCORE.dll
0x00007ff84a280000 - 0x00007ff84a2e9000 	C:\WINDOWS\System32\shlwapi.dll
0x00007ff847470000 - 0x00007ff84749b000 	C:\WINDOWS\SYSTEM32\profapi.dll
0x00007ff830440000 - 0x00007ff830450000 	C:\Program Files\Android\Android Studio\jbr\bin\net.dll
0x00007ff836850000 - 0x00007ff83697c000 	C:\WINDOWS\SYSTEM32\WINHTTP.dll
0x00007ff8469f0000 - 0x00007ff846a59000 	C:\WINDOWS\system32\mswsock.dll
0x00007ff82ff50000 - 0x00007ff82ff66000 	C:\Program Files\Android\Android Studio\jbr\bin\nio.dll
0x00007ff842f70000 - 0x00007ff842f80000 	C:\Program Files\Android\Android Studio\jbr\bin\verify.dll
0x00007ff82f910000 - 0x00007ff82f937000 	C:\Users\ofatt\.gradle\native\c067742578af261105cb4f569cf0c3c89f3d7b1fecec35dd04571415982c5e48\windows-amd64\native-platform.dll
0x00007ff815270000 - 0x00007ff8153b4000 	C:\Users\ofatt\.gradle\native\100fb08df4bc3b14c8652ba06237920a3bd2aa13389f12d3474272988ae205f9\windows-amd64\native-platform-file-events.dll
0x00007ff830580000 - 0x00007ff830589000 	C:\Program Files\Android\Android Studio\jbr\bin\management.dll
0x00007ff830570000 - 0x00007ff83057b000 	C:\Program Files\Android\Android Studio\jbr\bin\management_ext.dll
0x00007ff849720000 - 0x00007ff849728000 	C:\WINDOWS\System32\PSAPI.DLL
0x00007ff846c50000 - 0x00007ff846c6b000 	C:\WINDOWS\SYSTEM32\CRYPTSP.dll
0x00007ff846480000 - 0x00007ff8464b7000 	C:\WINDOWS\system32\rsaenh.dll
0x00007ff846ae0000 - 0x00007ff846b08000 	C:\WINDOWS\SYSTEM32\USERENV.dll
0x00007ff846c40000 - 0x00007ff846c4c000 	C:\WINDOWS\SYSTEM32\CRYPTBASE.dll
0x00007ff846030000 - 0x00007ff84605d000 	C:\WINDOWS\SYSTEM32\IPHLPAPI.DLL
0x00007ff8482e0000 - 0x00007ff8482e9000 	C:\WINDOWS\System32\NSI.dll
0x00007ff830300000 - 0x00007ff830309000 	C:\Program Files\Android\Android Studio\jbr\bin\extnet.dll
0x00007fffe11d0000 - 0x00007fffe11d8000 	C:\WINDOWS\system32\wshunix.dll
0x00007ff846630000 - 0x00007ff846664000 	C:\WINDOWS\SYSTEM32\ntmarta.dll

dbghelp: loaded successfully - version: 4.0.5 - missing functions: none
symbol engine: initialized successfully - sym options: 0x614 - pdb path: .;C:\Program Files\Android\Android Studio\jbr\bin;C:\WINDOWS\SYSTEM32;C:\Program Files\Avast Software\Avast;C:\WINDOWS\WinSxS\amd64_microsoft.windows.common-controls_6595b64144ccf1df_6.0.22621.5697_none_27154c497380d676;C:\Program Files\Android\Android Studio\jbr\bin\server;C:\Users\ofatt\.gradle\native\c067742578af261105cb4f569cf0c3c89f3d7b1fecec35dd04571415982c5e48\windows-amd64;C:\Users\ofatt\.gradle\native\100fb08df4bc3b14c8652ba06237920a3bd2aa13389f12d3474272988ae205f9\windows-amd64

VM Arguments:
jvm_args: --add-opens=java.base/java.util=ALL-UNNAMED --add-opens=java.base/java.lang=ALL-UNNAMED --add-opens=java.base/java.lang.invoke=ALL-UNNAMED --add-opens=java.prefs/java.util.prefs=ALL-UNNAMED --add-exports=jdk.compiler/com.sun.tools.javac.api=ALL-UNNAMED --add-exports=jdk.compiler/com.sun.tools.javac.util=ALL-UNNAMED --add-opens=java.base/java.nio.charset=ALL-UNNAMED --add-opens=java.base/java.net=ALL-UNNAMED --add-opens=java.base/java.util.concurrent.atomic=ALL-UNNAMED -Xmx4096m -Dfile.encoding=UTF-8 -Duser.country=ES -Duser.language=es -Duser.variant -javaagent:C:\Users\ofatt\.gradle\wrapper\dists\gradle-8.9-bin\90cnw93cvbtalezasaz0blq0a\gradle-8.9\lib\agents\gradle-instrumentation-agent-8.9.jar 
java_command: org.gradle.launcher.daemon.bootstrap.GradleDaemon 8.9
java_class_path (initial): C:\Users\ofatt\.gradle\wrapper\dists\gradle-8.9-bin\90cnw93cvbtalezasaz0blq0a\gradle-8.9\lib\gradle-daemon-main-8.9.jar
Launcher Type: SUN_STANDARD

[Global flags]
     intx CICompilerCount                          = 2                                         {product} {ergonomic}
     uint ConcGCThreads                            = 1                                         {product} {ergonomic}
     uint G1ConcRefinementThreads                  = 2                                         {product} {ergonomic}
   size_t G1HeapRegionSize                         = 2097152                                   {product} {ergonomic}
    uintx GCDrainStackTargetSize                   = 64                                        {product} {ergonomic}
   size_t InitialHeapSize                          = 67108864                                  {product} {ergonomic}
   size_t MarkStackSize                            = 4194304                                   {product} {ergonomic}
   size_t MaxHeapSize                              = 4294967296                                {product} {command line}
   size_t MaxNewSize                               = 2575302656                                {product} {ergonomic}
   size_t MinHeapDeltaBytes                        = 2097152                                   {product} {ergonomic}
   size_t MinHeapSize                              = 8388608                                   {product} {ergonomic}
    uintx NonNMethodCodeHeapSize                   = 5826188                                {pd product} {ergonomic}
    uintx NonProfiledCodeHeapSize                  = 122916026                              {pd product} {ergonomic}
    uintx ProfiledCodeHeapSize                     = 122916026                              {pd product} {ergonomic}
    uintx ReservedCodeCacheSize                    = 251658240                              {pd product} {ergonomic}
     bool SegmentedCodeCache                       = true                                      {product} {ergonomic}
   size_t SoftMaxHeapSize                          = 4294967296                             {manageable} {ergonomic}
     bool UseCompressedOops                        = true                           {product lp64_product} {ergonomic}
     bool UseG1GC                                  = true                                      {product} {ergonomic}
     bool UseLargePagesIndividualAllocation        = false                                  {pd product} {ergonomic}

Logging:
Log output configuration:
 #0: stdout all=warning uptime,level,tags foldmultilines=false
 #1: stderr all=off uptime,level,tags foldmultilines=false

Environment Variables:
PATH=C:\Program Files\Eclipse Adoptium\jdk-21.0.7.6-hotspot\bin;C:\Program Files\Common Files\Oracle\Java\javapath;C:\WINDOWS\system32;C:\WINDOWS;C:\WINDOWS\System32\Wbem;C:\WINDOWS\System32\WindowsPowerShell\v1.0\;C:\WINDOWS\System32\OpenSSH\;C:\Program Files (x86)\AutoFirma\AutoFirma;C:\Program Files\GitHub CLI\;C:\Program Files\Git\cmd;C:\Program Files\apache-maven-3.9.9\bin;C:\Program Files\apache-maven-3.9.9;C:\Users\ofatt\AppData\Local\Microsoft\WindowsApps;C:\Users\ofatt\AppData\Local\Microsoft\WinGet\Packages\Schniz.fnm_Microsoft.Winget.Source_8wekyb3d8bbwe;C:\Program Files\heroku\bin;C:\Program Files\Eclipse Adoptium\jdk-21.0.7.6-hotspot\bin;C:\Program Files\Android\Android Studio\jbr\bin;C:\Program Files\apache-maven-3.9.9\apache-maven-3.9.9\bin;C:\Users\ofatt\.gradle\wrapper\dists\gradle-8.9-bin\90cnw93cvbtalezasaz0blq0a

\bin;C:\Users\ofatt\AppData\Local\Programs\cursor\resources\app\bin;C:\Users\ofatt\AppData\Local\Programs\Windsurf\bin
USERNAME=ofatt
OS=Windows_NT
PROCESSOR_IDENTIFIER=Intel64 Family 6 Model 142 Stepping 11, GenuineIntel
TMP=C:\Users\ofatt\AppData\Local\Temp
TEMP=C:\Users\ofatt\AppData\Local\Temp




Periodic native trim disabled

JNI global refs:
JNI global refs: 25, weak refs: 0

JNI global refs memory usage: 835, weak refs: 201

Process memory usage:
Resident Set Size: 113652K (2% of 4071668K total physical memory with 916820K free physical memory)

OOME stack traces (most recent first):
Classloader memory used:
Loader org.gradle.internal.classloader.VisitableURLClassLoader                         : 33424K
Loader bootstrap                                                                       : 22837K
Loader org.gradle.initialization.MixInLegacyTypesClassLoader                           : 6425K
Loader org.gradle.internal.classloader.VisitableURLClassLoader                         : 715K
Loader jdk.internal.loader.ClassLoaders$PlatformClassLoader                            : 525K
Loader jdk.internal.loader.ClassLoaders$AppClassLoader                                 : 230K
Loader jdk.internal.reflect.DelegatingClassLoader                                      : 157K
Loader org.gradle.groovy.scripts.internal.DefaultScriptCompilationHandler$ScriptClassLoader: 73496B
Loader org.codehaus.groovy.runtime.callsite.CallSiteClassLoader                        : 18504B
Loader groovy.lang.GroovyClassLoader$InnerLoader                                       : 12272B

Classes loaded by more than one classloader:
Class org.gradle.api.GradleException                                                  : loaded 3 times (x 79B)
Class org.gradle.internal.classloader.ClassLoaderHierarchy                            : loaded 2 times (x 67B)
Class org.gradle.api.internal.classpath.ManifestUtil                                  : loaded 2 times (x 68B)
Class org.gradle.internal.operations.MultipleBuildOperationFailures                   : loaded 2 times (x 92B)
Class org.gradle.internal.classloader.DefaultClassLoaderFactory                       : loaded 2 times (x 79B)
Class kotlin.collections.AbstractList$Companion                                       : loaded 2 times (x 68B)
Class org.gradle.internal.classloader.ClassLoaderVisitor                              : loaded 2 times (x 73B)
Class org.gradle.api.internal.classpath.EffectiveClassPath                            : loaded 2 times (x 87B)
Class org.gradle.api.internal.DefaultClassPathProvider                                : loaded 2 times (x 73B)
Class [Lorg.gradle.api.internal.ClassPathProvider;                                    : loaded 2 times (x 66B)
Class org.gradle.api.internal.ClassPathProvider                                       : loaded 2 times (x 67B)
Class org.gradle.internal.service.UnknownServiceException                             : loaded 2 times (x 80B)
Class org.gradle.internal.classpath.TransformedClassPath                              : loaded 2 times (x 93B)
Class kotlin.enums.EnumEntriesList                                                    : loaded 2 times (x 220B)
Class org.gradle.internal.service.ServiceLocator                                      : loaded 2 times (x 67B)
Class org.gradle.internal.InternalTransformer                                         : loaded 2 times (x 67B)
Class org.gradle.internal.time.DefaultTimer                                           : loaded 2 times (x 77B)
Class org.gradle.internal.classloader.ClasspathUtil$1                                 : loaded 2 times (x 73B)
Class org.gradle.api.internal.classpath.DefaultModuleRegistry$DefaultModule           : loaded 2 times (x 83B)
Class org.gradle.internal.time.DefaultCountdownTimer                                  : loaded 2 times (x 85B)
Class kotlin.Function                                                                 : loaded 2 times (x 67B)
Class org.gradle.api.internal.classpath.Module                                        : loaded 2 times (x 67B)
Class org.gradle.api.internal.classpath.UnknownModuleException                        : loaded 2 times (x 79B)
Class org.gradle.api.internal.DefaultClassPathRegistry                                : loaded 2 times (x 73B)
Class org.gradle.api.internal.ClassPathRegistry                                       : loaded 2 times (x 67B)
Class org.gradle.internal.classpath.DefaultClassPath$ImmutableUniqueList              : loaded 2 times (x 196B)
Class org.gradle.internal.classpath.ClassPath                                         : loaded 2 times (x 67B)
Class org.gradle.api.UncheckedIOException                                             : loaded 2 times (x 79B)
Class kotlin.UninitializedPropertyAccessException                                     : loaded 2 times (x 79B)
Class org.gradle.internal.installation.GradleInstallation$1                           : loaded 2 times (x 72B)
Class org.gradle.api.internal.classpath.ModuleRegistry                                : loaded 2 times (x 67B)
Class org.gradle.api.internal.classpath.DefaultModuleRegistry                         : loaded 2 times (x 80B)
Class org.gradle.internal.time.MonotonicClock                                         : loaded 2 times (x 74B)
Class org.gradle.internal.service.ServiceLookupException                              : loaded 2 times (x 79B)
Class org.gradle.internal.classloader.ClassLoaderFactory                              : loaded 2 times (x 67B)
Class org.gradle.internal.service.CachingServiceLocator                               : loaded 2 times (x 79B)
Class org.gradle.internal.time.TimeSource                                             : loaded 2 times (x 67B)
Class kotlin.enums.EnumEntries                                                        : loaded 2 times (x 67B)
Class org.gradle.internal.exceptions.ResolutionProvider                               : loaded 2 times (x 67B)
Class org.gradle.internal.classloader.ClasspathUtil                                   : loaded 2 times (x 68B)
Class org.gradle.internal.time.TimeSource$1                                           : loaded 2 times (x 74B)
Class org.gradle.api.specs.Spec                                                       : loaded 2 times (x 67B)
Class org.gradle.internal.time.Clock                                                  : loaded 2 times (x 67B)
Class kotlin.collections.AbstractList                                                 : loaded 2 times (x 194B)
Class kotlin.collections.AbstractCollection                                           : loaded 2 times (x 114B)
Class org.gradle.internal.classloader.VisitableURLClassLoader$InstrumentingVisitableURLClassLoader: loaded 2 times (x 120B)
Class org.gradle.internal.classloader.VisitableURLClassLoader$Spec                    : loaded 2 times (x 71B)
Class org.gradle.internal.classpath.DefaultClassPath                                  : loaded 2 times (x 87B)
Class org.gradle.internal.classloader.ClassLoaderSpec                                 : loaded 2 times (x 68B)
Class org.gradle.internal.classloader.VisitableURLClassLoader                         : loaded 2 times (x 114B)
Class org.gradle.internal.Cast                                                        : loaded 2 times (x 68B)
Class org.gradle.api.Action                                                           : loaded 2 times (x 67B)
Class org.gradle.internal.agents.InstrumentingClassLoader                             : loaded 2 times (x 67B)
Class org.gradle.internal.classpath.DefaultClassPath$ImmutableUniqueList$Builder      : loaded 2 times (x 72B)
Class org.gradle.internal.classloader.FilteringClassLoader                            : loaded 2 times (x 102B)
Class org.gradle.internal.exceptions.NonGradleCauseExceptionsHolder                   : loaded 2 times (x 67B)
Class kotlin.enums.EnumEntriesKt                                                      : loaded 2 times (x 68B)
Class org.gradle.internal.IoActions                                                   : loaded 2 times (x 68B)
Class org.gradle.internal.classloader.SystemClassLoaderSpec                           : loaded 2 times (x 68B)
Class org.gradle.internal.exceptions.MultiCauseException                              : loaded 2 times (x 67B)
Class org.gradle.internal.time.CountdownTimer                                         : loaded 2 times (x 67B)
Class kotlin.jvm.internal.Intrinsics                                                  : loaded 2 times (x 68B)
Class org.gradle.tooling.model.ProjectModel                                           : loaded 2 times (x 67B)
Class kotlin.KotlinNullPointerException                                               : loaded 2 times (x 80B)
Class org.gradle.internal.exceptions.DefaultMultiCauseException                       : loaded 2 times (x 92B)
Class org.gradle.internal.time.Time                                                   : loaded 2 times (x 68B)
Class org.gradle.internal.time.Timer                                                  : loaded 2 times (x 67B)
Class kotlin.jvm.internal.markers.KMappedMarker                                       : loaded 2 times (x 67B)
Class org.gradle.internal.installation.CurrentGradleInstallationLocator               : loaded 2 times (x 68B)
Class org.gradle.internal.service.DefaultServiceLocator                               : loaded 2 times (x 80B)
Class org.gradle.util.GradleVersion                                                   : loaded 2 times (x 80B)
Class org.gradle.internal.installation.CurrentGradleInstallation                      : loaded 2 times (x 70B)
Class org.gradle.util.internal.GUtil                                                  : loaded 2 times (x 68B)
Class org.gradle.internal.installation.GradleInstallation                             : loaded 2 times (x 72B)
Class sync_studio_tooling_3hw53anqbkwetkryuj4ojq8ww                                   : loaded 2 times (x 176B)

---------------  S Y S T E M  ---------------

OS:
 Windows 11 , 64 bit Build 22621 (10.0.22621.5415)
OS uptime: 1 days 5:32 hours

CPU: total 2 (initial active 2) (2 cores per cpu, 1 threads per core) family 6 model 142 stepping 11 microcode 0xde, cx8, cmov, fxsr, mmx, 3dnowpref, sse, sse2, sse3, ssse3, sse4.1, sse4.2, popcnt, lzcnt, tsc, tscinvbit, aes, erms, clmul, clflush, clflushopt, rdtscp
Processor Information for all 2 processors :
  Max Mhz: 1800, Current Mhz: 1800, Mhz Limit: 1800

Memory: 4k page, system-wide physical 3976M (862M free)
TotalPageFile size 16169M (AvailPageFile size 301M)
current process WorkingSet (physical memory assigned to process): 122M, peak: 252M
current process commit charge ("private bytes"): 659M, peak: 1094M

vm_info: OpenJDK 64-Bit Server VM (21.0.3+-12282718-b509.11) for windows-amd64 JRE (21.0.3+-12282718-b509.11), built on 2024-08-27T17:34:15Z by "builder" with MS VC++ 16.10 / 16.11 (VS2019)

END.
